#
# There is insufficient memory for the Java Runtime Environment to continue.
# Native memory allocation (malloc) failed to allocate 1084656 bytes for Chunk::new
# Possible reasons:
#   The system is out of physical RAM or swap space
#   The process is running with CompressedOops enabled, and the Java Heap may be blocking the growth of the native heap
# Possible solutions:
#   Reduce memory load on the system
#   Increase physical memory or swap space
#   Check if swap backing store is full
#   Decrease Java heap size (-Xmx/-Xms)
#   Decrease number of Java threads
#   Decrease Java thread stack sizes (-Xss)
#   Set larger code cache with -XX:ReservedCodeCacheSize=
#   JVM is running with Unscaled Compressed Oops mode in which the Java heap is
#     placed in the first 4GB address space. The Java Heap base address is the
#     maximum limit for the native heap growth. Please use -XX:HeapBaseMinAddress
#     to set the Java Heap base and to place the Java Heap above 4GB virtual address.
# This output file may be truncated or incomplete.
#
#  Out of Memory Error (./src/hotspot/share/memory/arena.cpp:197), pid=11708, tid=2464
#
# JRE version: OpenJDK Runtime Environment (11.0.10) (build 11.0.10+0-b96-7249189)
# Java VM: OpenJDK 64-Bit Server VM (11.0.10+0-b96-7249189, mixed mode, tiered, compressed oops, g1 gc, windows-amd64)
# No core dump will be written. Minidumps are not enabled by default on client versions of Windows
#

---------------  S U M M A R Y ------------

Command Line: --add-opens=java.base/java.util=ALL-UNNAMED --add-opens=java.base/java.lang=ALL-UNNAMED --add-opens=java.base/java.lang.invoke=ALL-UNNAMED --add-opens=java.prefs/java.util.prefs=ALL-UNNAMED -Xmx2048m -Dfile.encoding=UTF-8 -Duser.country=US -Duser.language=en -Duser.variant org.gradle.launcher.daemon.bootstrap.GradleDaemon 6.5

Host: Intel(R) Core(TM) i5-4200M CPU @ 2.50GHz, 4 cores, 7G,  Windows 10 , 64 bit Build 19041 (10.0.19041.1741)
Time: Mon Jul 18 21:38:39 2022 Pakistan Standard Time elapsed time: 10.269692 seconds (0d 0h 0m 10s)

---------------  T H R E A D  ---------------

Current thread (0x000002712c38c000):  JavaThread "C2 CompilerThread1" daemon [_thread_in_native, id=2464, stack(0x000000cafba00000,0x000000cafbb00000)]


Current CompileTask:
C2:  10269 3857       4       java.lang.invoke.MethodType::makeImpl (108 bytes)

Stack: [0x000000cafba00000,0x000000cafbb00000]
Native frames: (J=compiled Java code, j=interpreted, Vv=VM code, C=native code)
V  [jvm.dll+0x5ecfaa]
V  [jvm.dll+0x722bd5]
V  [jvm.dll+0x72412d]
V  [jvm.dll+0x7247e3]
V  [jvm.dll+0x242928]
V  [jvm.dll+0xbc4fc]
V  [jvm.dll+0xbca0c]
V  [jvm.dll+0x352d7d]
V  [jvm.dll+0x19800c]
V  [jvm.dll+0x1fb70e]
V  [jvm.dll+0x1fa7f4]
V  [jvm.dll+0x18354c]
V  [jvm.dll+0x208ee7]
V  [jvm.dll+0x207731]
V  [jvm.dll+0x6eb1cf]
V  [jvm.dll+0x6e3d45]
V  [jvm.dll+0x5ebe96]
C  [ucrtbase.dll+0x21bb2]
C  [KERNEL32.DLL+0x17034]
C  [ntdll.dll+0x52651]


---------------  P R O C E S S  ---------------

Threads class SMR info:
_java_thread_list=0x000002712fd43710, length=150, elements={
0x000002710f17e800, 0x000002712acaf800, 0x000002712acb2800, 0x000002712b652800,
0x000002712acc7000, 0x000002712acc8800, 0x000002712accf000, 0x000002712acd5000,
0x000002712acd9000, 0x000002712b78e800, 0x000002712c749800, 0x000002712d537800,
0x000002712ca3c000, 0x000002712ca2d000, 0x000002712bc56000, 0x000002712cef8800,
0x000002712cf63800, 0x000002712d56b000, 0x000002712c88f000, 0x000002712d0a1000,
0x000002712d0a7000, 0x000002712d0a6000, 0x000002712d0a8000, 0x000002712d0a2000,
0x000002712d0a3000, 0x000002712d0a5800, 0x000002712c38c000, 0x000002712d0a3800,
0x000002712d0a4800, 0x00000271306ad800, 0x00000271306ac000, 0x00000271306a8000,
0x00000271306ae800, 0x00000271306ab000, 0x00000271306a8800, 0x00000271306af000,
0x00000271306a9800, 0x00000271306b6000, 0x00000271306b0000, 0x00000271306b3800,
0x00000271306b6800, 0x00000271306b1800, 0x00000271306b2800, 0x00000271306b1000,
0x00000271306b4000, 0x00000271306b5000, 0x000002712fb71000, 0x000002712fb6e800,
0x000002712fb6b000, 0x000002712fb70000, 0x000002712fb6c000, 0x000002712fb6d800,
0x000002712fb72800, 0x000002712fb6c800, 0x000002712fb71800, 0x000002712fb75000,
0x000002712fb73000, 0x000002712fb74000, 0x000002712fb6f000, 0x000002712fb75800,
0x000002712fb76800, 0x000002712fb79000, 0x000002712fb77800, 0x000002712fb78000,
0x000002712fb79800, 0x000002712fbc7800, 0x000002712fbc5000, 0x000002712fbc8800,
0x000002712fbc9000, 0x000002712fbca000, 0x000002712fbc4000, 0x000002712fbcb800,
0x000002712fbca800, 0x000002712fbc6000, 0x000002712fbc6800, 0x000002712fbd2000,
0x000002712fbcc800, 0x000002712fbcd000, 0x000002712fbce000, 0x000002712fbd3000,
0x000002712fbcf000, 0x000002712fbcf800, 0x000002712fbd0800, 0x000002712fbd1000,
0x00000271314c9000, 0x00000271314c7000, 0x00000271314cb800, 0x00000271314c9800,
0x00000271314c8000, 0x00000271314ca800, 0x00000271314cc000, 0x00000271314c6800,
0x00000271314ce000, 0x00000271314d1000, 0x00000271314cd000, 0x00000271314d2800,
0x00000271314cf800, 0x00000271314d3800, 0x00000271314d4800, 0x00000271314d0000,
0x00000271314d2000, 0x00000271314ce800, 0x00000271314d5000, 0x00000271313af000,
0x00000271313ad800, 0x00000271313b0000, 0x00000271313ae800, 0x00000271313b1000,
0x00000271313b1800, 0x00000271313ac000, 0x00000271313ad000, 0x00000271313b2800,
0x00000271313b5000, 0x00000271313b6000, 0x00000271313b6800, 0x00000271313b4000,
0x00000271313b7800, 0x00000271313b8000, 0x00000271313b9000, 0x00000271313b3800,
0x00000271313ba000, 0x00000271313ba800, 0x000002712dc41800, 0x000002712dc3e800,
0x000002712dc42800, 0x000002712dc41000, 0x000002712dc3c800, 0x000002712dc43800,
0x000002712dc3d800, 0x000002712dc45000, 0x000002712dc40000, 0x000002712dc44000,
0x000002712dc3f000, 0x000002712dc4a000, 0x000002712dc45800, 0x000002712dc46800,
0x000002712dc4b800, 0x000002712dc47800, 0x000002712dc4a800, 0x000002712dc48000,
0x000002712dc49000, 0x0000027130397000, 0x0000027130396800, 0x000002713039e000,
0x0000027130398000, 0x0000027130399800, 0x0000027130399000, 0x000002713039d000,
0x000002713039a800, 0x000002713039e800
}

Java Threads: ( => current thread )
  0x000002710f17e800 JavaThread "main" [_thread_blocked, id=14840, stack(0x000000caf9400000,0x000000caf9500000)]
  0x000002712acaf800 JavaThread "Reference Handler" daemon [_thread_blocked, id=10724, stack(0x000000caf9b00000,0x000000caf9c00000)]
  0x000002712acb2800 JavaThread "Finalizer" daemon [_thread_blocked, id=7392, stack(0x000000caf9c00000,0x000000caf9d00000)]
  0x000002712b652800 JavaThread "Signal Dispatcher" daemon [_thread_blocked, id=17188, stack(0x000000caf9d00000,0x000000caf9e00000)]
  0x000002712acc7000 JavaThread "Attach Listener" daemon [_thread_blocked, id=16584, stack(0x000000caf9e00000,0x000000caf9f00000)]
  0x000002712acc8800 JavaThread "Service Thread" daemon [_thread_blocked, id=2324, stack(0x000000caf9f00000,0x000000cafa000000)]
  0x000002712accf000 JavaThread "C2 CompilerThread0" daemon [_thread_blocked, id=11252, stack(0x000000cafa000000,0x000000cafa100000)]
  0x000002712acd5000 JavaThread "C1 CompilerThread0" daemon [_thread_blocked, id=11356, stack(0x000000cafa100000,0x000000cafa200000)]
  0x000002712acd9000 JavaThread "Sweeper thread" daemon [_thread_blocked, id=16476, stack(0x000000cafa200000,0x000000cafa300000)]
  0x000002712b78e800 JavaThread "Common-Cleaner" daemon [_thread_blocked, id=17248, stack(0x000000cafa300000,0x000000cafa400000)]
  0x000002712c749800 JavaThread "Daemon health stats" [_thread_blocked, id=5548, stack(0x000000cafa800000,0x000000cafa900000)]
  0x000002712d537800 JavaThread "Incoming local TCP Connector on port 61693" [_thread_in_native, id=676, stack(0x000000cafaa00000,0x000000cafab00000)]
  0x000002712ca3c000 JavaThread "Daemon periodic checks" [_thread_blocked, id=8824, stack(0x000000cafab00000,0x000000cafac00000)]
  0x000002712ca2d000 JavaThread "Daemon" [_thread_blocked, id=3068, stack(0x000000cafac00000,0x000000cafad00000)]
  0x000002712bc56000 JavaThread "Handler for socket connection from /127.0.0.1:61693 to /127.0.0.1:61694" [_thread_in_native, id=14416, stack(0x000000cafad00000,0x000000cafae00000)]
  0x000002712cef8800 JavaThread "Cancel handler" [_thread_blocked, id=14296, stack(0x000000cafae00000,0x000000cafaf00000)]
  0x000002712cf63800 JavaThread "Daemon worker" [_thread_in_Java, id=13964, stack(0x000000cafaf00000,0x000000cafb000000)]
  0x000002712d56b000 JavaThread "Asynchronous log dispatcher for DefaultDaemonConnection: socket connection from /127.0.0.1:61693 to /127.0.0.1:61694" [_thread_blocked, id=16316, stack(0x000000cafb000000,0x000000cafb100000)]
  0x000002712c88f000 JavaThread "Stdin handler" [_thread_blocked, id=14420, stack(0x000000cafb100000,0x000000cafb200000)]
  0x000002712d0a1000 JavaThread "Thread-8" [_thread_blocked, id=7288, stack(0x000000cafb200000,0x000000cafb300000)]
  0x000002712d0a7000 JavaThread "Cache worker for journal cache (C:\Users\as\.gradle\caches\journal-1)" [_thread_blocked, id=7652, stack(0x000000cafb300000,0x000000cafb400000)]
  0x000002712d0a6000 JavaThread "File lock request listener" [_thread_in_native, id=15956, stack(0x000000cafb400000,0x000000cafb500000)]
  0x000002712d0a8000 JavaThread "Cache worker for file hash cache (C:\Users\as\.gradle\caches\6.5\fileHashes)" [_thread_blocked, id=2752, stack(0x000000cafb600000,0x000000cafb700000)]
  0x000002712d0a2000 JavaThread "Cache worker for file hash cache (F:\MVVMTodo-Part-14_Restoring-the-Fragment-SearchView\.gradle\6.5\fileHashes)" [_thread_blocked, id=12724, stack(0x000000cafb800000,0x000000cafb900000)]
  0x000002712d0a3000 JavaThread "Cache worker for checksums cache (F:\MVVMTodo-Part-14_Restoring-the-Fragment-SearchView\.gradle\checksums)" [_thread_blocked, id=16844, stack(0x000000cafb700000,0x000000cafb800000)]
  0x000002712d0a5800 JavaThread "Cache worker for cache directory md-supplier (C:\Users\as\.gradle\caches\6.5\md-supplier)" [_thread_blocked, id=11592, stack(0x000000cafb900000,0x000000cafba00000)]
=>0x000002712c38c000 JavaThread "C2 CompilerThread1" daemon [_thread_in_native, id=2464, stack(0x000000cafba00000,0x000000cafbb00000)]
  0x000002712d0a3800 JavaThread "Cache worker for cache directory md-rule (C:\Users\as\.gradle\caches\6.5\md-rule)" [_thread_blocked, id=9168, stack(0x000000cafbb00000,0x000000cafbc00000)]
  0x000002712d0a4800 JavaThread "Cache worker for execution history cache (C:\Users\as\.gradle\caches\6.5\executionHistory)" [_thread_blocked, id=6740, stack(0x000000cafbc00000,0x000000cafbd00000)]
  0x00000271306ad800 JavaThread "jar transforms" [_thread_blocked, id=16632, stack(0x000000cafbd00000,0x000000cafbe00000)]
  0x00000271306ac000 JavaThread "Cache worker for file content cache (C:\Users\as\.gradle\caches\6.5\fileContent)" [_thread_blocked, id=11144, stack(0x000000cafbe00000,0x000000cafbf00000)]
  0x00000271306a8000 JavaThread "Build operations" [_thread_blocked, id=2484, stack(0x000000cafbf00000,0x000000cafc000000)]
  0x00000271306ae800 JavaThread "Build operations Thread 2" [_thread_blocked, id=6192, stack(0x000000cafc000000,0x000000cafc100000)]
  0x00000271306ab000 JavaThread "Build operations Thread 3" [_thread_blocked, id=9272, stack(0x000000cafc100000,0x000000cafc200000)]
  0x00000271306a8800 JavaThread "Build operations Thread 4" [_thread_blocked, id=12244, stack(0x000000cafc200000,0x000000cafc300000)]
  0x00000271306af000 JavaThread "jar transforms Thread 2" [_thread_blocked, id=15540, stack(0x000000cafc300000,0x000000cafc400000)]
  0x00000271306a9800 JavaThread "jar transforms Thread 3" [_thread_blocked, id=15924, stack(0x000000cafc400000,0x000000cafc500000)]
  0x00000271306b6000 JavaThread "jar transforms Thread 4" [_thread_blocked, id=8648, stack(0x000000cafc500000,0x000000cafc600000)]
  0x00000271306b0000 JavaThread "jar transforms Thread 5" [_thread_blocked, id=15236, stack(0x000000cafc600000,0x000000cafc700000)]
  0x00000271306b3800 JavaThread "jar transforms Thread 6" [_thread_blocked, id=7560, stack(0x000000cafc700000,0x000000cafc800000)]
  0x00000271306b6800 JavaThread "jar transforms Thread 7" [_thread_blocked, id=10996, stack(0x000000cafc800000,0x000000cafc900000)]
  0x00000271306b1800 JavaThread "jar transforms Thread 8" [_thread_blocked, id=16972, stack(0x000000cafc900000,0x000000cafca00000)]
  0x00000271306b2800 JavaThread "jar transforms Thread 9" [_thread_blocked, id=3876, stack(0x000000cafca00000,0x000000cafcb00000)]
  0x00000271306b1000 JavaThread "jar transforms Thread 10" [_thread_blocked, id=14724, stack(0x000000cafcb00000,0x000000cafcc00000)]
  0x00000271306b4000 JavaThread "jar transforms Thread 11" [_thread_blocked, id=8140, stack(0x000000cafcc00000,0x000000cafcd00000)]
  0x00000271306b5000 JavaThread "jar transforms Thread 12" [_thread_blocked, id=15608, stack(0x000000cafcd00000,0x000000cafce00000)]
  0x000002712fb71000 JavaThread "jar transforms Thread 13" [_thread_blocked, id=7912, stack(0x000000cafce00000,0x000000cafcf00000)]
  0x000002712fb6e800 JavaThread "jar transforms Thread 14" [_thread_blocked, id=1736, stack(0x000000cafcf00000,0x000000cafd000000)]
  0x000002712fb6b000 JavaThread "jar transforms Thread 15" [_thread_blocked, id=10156, stack(0x000000cafd000000,0x000000cafd100000)]
  0x000002712fb70000 JavaThread "jar transforms Thread 16" [_thread_blocked, id=13724, stack(0x000000cafd100000,0x000000cafd200000)]
  0x000002712fb6c000 JavaThread "jar transforms Thread 17" [_thread_blocked, id=4420, stack(0x000000cafd200000,0x000000cafd300000)]
  0x000002712fb6d800 JavaThread "jar transforms Thread 18" [_thread_blocked, id=5512, stack(0x000000cafd300000,0x000000cafd400000)]
  0x000002712fb72800 JavaThread "jar transforms Thread 19" [_thread_blocked, id=6724, stack(0x000000cafd400000,0x000000cafd500000)]
  0x000002712fb6c800 JavaThread "jar transforms Thread 20" [_thread_blocked, id=13804, stack(0x000000cafd500000,0x000000cafd600000)]
  0x000002712fb71800 JavaThread "jar transforms Thread 21" [_thread_blocked, id=4136, stack(0x000000cafd600000,0x000000cafd700000)]
  0x000002712fb75000 JavaThread "jar transforms Thread 22" [_thread_blocked, id=548, stack(0x000000cafd700000,0x000000cafd800000)]
  0x000002712fb73000 JavaThread "jar transforms Thread 23" [_thread_blocked, id=11088, stack(0x000000cafd800000,0x000000cafd900000)]
  0x000002712fb74000 JavaThread "jar transforms Thread 24" [_thread_blocked, id=4564, stack(0x000000cafd900000,0x000000cafda00000)]
  0x000002712fb6f000 JavaThread "jar transforms Thread 25" [_thread_blocked, id=6768, stack(0x000000cafda00000,0x000000cafdb00000)]
  0x000002712fb75800 JavaThread "jar transforms Thread 26" [_thread_blocked, id=12916, stack(0x000000cafdb00000,0x000000cafdc00000)]
  0x000002712fb76800 JavaThread "jar transforms Thread 27" [_thread_blocked, id=7504, stack(0x000000cafdc00000,0x000000cafdd00000)]
  0x000002712fb79000 JavaThread "jar transforms Thread 28" [_thread_blocked, id=12528, stack(0x000000cafdd00000,0x000000cafde00000)]
  0x000002712fb77800 JavaThread "jar transforms Thread 29" [_thread_blocked, id=6512, stack(0x000000cafde00000,0x000000cafdf00000)]
  0x000002712fb78000 JavaThread "jar transforms Thread 30" [_thread_blocked, id=14928, stack(0x000000cafdf00000,0x000000cafe000000)]
  0x000002712fb79800 JavaThread "jar transforms Thread 31" [_thread_blocked, id=16404, stack(0x000000cafe000000,0x000000cafe100000)]
  0x000002712fbc7800 JavaThread "jar transforms Thread 32" [_thread_blocked, id=15432, stack(0x000000cafe100000,0x000000cafe200000)]
  0x000002712fbc5000 JavaThread "jar transforms Thread 33" [_thread_blocked, id=14064, stack(0x000000cafe200000,0x000000cafe300000)]
  0x000002712fbc8800 JavaThread "jar transforms Thread 34" [_thread_blocked, id=16160, stack(0x000000cafe300000,0x000000cafe400000)]
  0x000002712fbc9000 JavaThread "jar transforms Thread 35" [_thread_blocked, id=8592, stack(0x000000cafe400000,0x000000cafe500000)]
  0x000002712fbca000 JavaThread "jar transforms Thread 36" [_thread_blocked, id=5600, stack(0x000000cafe500000,0x000000cafe600000)]
  0x000002712fbc4000 JavaThread "jar transforms Thread 37" [_thread_blocked, id=13960, stack(0x000000cafe600000,0x000000cafe700000)]
  0x000002712fbcb800 JavaThread "jar transforms Thread 38" [_thread_blocked, id=17276, stack(0x000000cafe700000,0x000000cafe800000)]
  0x000002712fbca800 JavaThread "jar transforms Thread 39" [_thread_blocked, id=15732, stack(0x000000cafe800000,0x000000cafe900000)]
  0x000002712fbc6000 JavaThread "jar transforms Thread 40" [_thread_blocked, id=2644, stack(0x000000cafe900000,0x000000cafea00000)]
  0x000002712fbc6800 JavaThread "jar transforms Thread 41" [_thread_blocked, id=1012, stack(0x000000cafea00000,0x000000cafeb00000)]
  0x000002712fbd2000 JavaThread "jar transforms Thread 42" [_thread_blocked, id=16564, stack(0x000000cafeb00000,0x000000cafec00000)]
  0x000002712fbcc800 JavaThread "jar transforms Thread 43" [_thread_blocked, id=6388, stack(0x000000cafec00000,0x000000cafed00000)]
  0x000002712fbcd000 JavaThread "jar transforms Thread 44" [_thread_blocked, id=6496, stack(0x000000cafed00000,0x000000cafee00000)]
  0x000002712fbce000 JavaThread "jar transforms Thread 45" [_thread_blocked, id=16932, stack(0x000000cafee00000,0x000000cafef00000)]
  0x000002712fbd3000 JavaThread "jar transforms Thread 46" [_thread_blocked, id=1860, stack(0x000000cafef00000,0x000000caff000000)]
  0x000002712fbcf000 JavaThread "jar transforms Thread 47" [_thread_blocked, id=14688, stack(0x000000caff000000,0x000000caff100000)]
  0x000002712fbcf800 JavaThread "jar transforms Thread 48" [_thread_blocked, id=2344, stack(0x000000caff100000,0x000000caff200000)]
  0x000002712fbd0800 JavaThread "jar transforms Thread 49" [_thread_blocked, id=16852, stack(0x000000caff200000,0x000000caff300000)]
  0x000002712fbd1000 JavaThread "jar transforms Thread 50" [_thread_blocked, id=9684, stack(0x000000caff300000,0x000000caff400000)]
  0x00000271314c9000 JavaThread "jar transforms Thread 51" [_thread_blocked, id=10580, stack(0x000000caff400000,0x000000caff500000)]
  0x00000271314c7000 JavaThread "jar transforms Thread 52" [_thread_blocked, id=7948, stack(0x000000caff500000,0x000000caff600000)]
  0x00000271314cb800 JavaThread "jar transforms Thread 53" [_thread_blocked, id=11108, stack(0x000000caff600000,0x000000caff700000)]
  0x00000271314c9800 JavaThread "jar transforms Thread 54" [_thread_blocked, id=14380, stack(0x000000caff700000,0x000000caff800000)]
  0x00000271314c8000 JavaThread "jar transforms Thread 55" [_thread_blocked, id=16252, stack(0x000000caff800000,0x000000caff900000)]
  0x00000271314ca800 JavaThread "jar transforms Thread 56" [_thread_blocked, id=17356, stack(0x000000caff900000,0x000000caffa00000)]
  0x00000271314cc000 JavaThread "jar transforms Thread 57" [_thread_blocked, id=14796, stack(0x000000caffa00000,0x000000caffb00000)]
  0x00000271314c6800 JavaThread "jar transforms Thread 58" [_thread_blocked, id=13072, stack(0x000000caffb00000,0x000000caffc00000)]
  0x00000271314ce000 JavaThread "jar transforms Thread 59" [_thread_blocked, id=11180, stack(0x000000caffc00000,0x000000caffd00000)]
  0x00000271314d1000 JavaThread "jar transforms Thread 60" [_thread_blocked, id=7400, stack(0x000000caffd00000,0x000000caffe00000)]
  0x00000271314cd000 JavaThread "jar transforms Thread 61" [_thread_blocked, id=2852, stack(0x000000caffe00000,0x000000cafff00000)]
  0x00000271314d2800 JavaThread "jar transforms Thread 62" [_thread_blocked, id=12912, stack(0x000000cafff00000,0x000000cb00000000)]
  0x00000271314cf800 JavaThread "jar transforms Thread 63" [_thread_blocked, id=17112, stack(0x000000ca80000000,0x000000ca80100000)]
  0x00000271314d3800 JavaThread "jar transforms Thread 64" [_thread_blocked, id=17040, stack(0x000000ca80100000,0x000000ca80200000)]
  0x00000271314d4800 JavaThread "jar transforms Thread 65" [_thread_blocked, id=12320, stack(0x000000ca80200000,0x000000ca80300000)]
  0x00000271314d0000 JavaThread "jar transforms Thread 66" [_thread_blocked, id=11752, stack(0x000000ca80300000,0x000000ca80400000)]
  0x00000271314d2000 JavaThread "jar transforms Thread 67" [_thread_blocked, id=11076, stack(0x000000ca80400000,0x000000ca80500000)]
  0x00000271314ce800 JavaThread "jar transforms Thread 68" [_thread_blocked, id=14216, stack(0x000000ca80500000,0x000000ca80600000)]
  0x00000271314d5000 JavaThread "jar transforms Thread 69" [_thread_blocked, id=16660, stack(0x000000ca80600000,0x000000ca80700000)]
  0x00000271313af000 JavaThread "jar transforms Thread 70" [_thread_blocked, id=7256, stack(0x000000ca80700000,0x000000ca80800000)]
  0x00000271313ad800 JavaThread "jar transforms Thread 71" [_thread_blocked, id=4060, stack(0x000000ca80800000,0x000000ca80900000)]
  0x00000271313b0000 JavaThread "jar transforms Thread 72" [_thread_blocked, id=15744, stack(0x000000ca80900000,0x000000ca80a00000)]
  0x00000271313ae800 JavaThread "jar transforms Thread 73" [_thread_blocked, id=13480, stack(0x000000ca80a00000,0x000000ca80b00000)]
  0x00000271313b1000 JavaThread "jar transforms Thread 74" [_thread_blocked, id=16164, stack(0x000000ca80b00000,0x000000ca80c00000)]
  0x00000271313b1800 JavaThread "jar transforms Thread 75" [_thread_blocked, id=8732, stack(0x000000ca80c00000,0x000000ca80d00000)]
  0x00000271313ac000 JavaThread "jar transforms Thread 76" [_thread_blocked, id=10764, stack(0x000000ca80d00000,0x000000ca80e00000)]
  0x00000271313ad000 JavaThread "jar transforms Thread 77" [_thread_blocked, id=15376, stack(0x000000ca80e00000,0x000000ca80f00000)]
  0x00000271313b2800 JavaThread "jar transforms Thread 78" [_thread_blocked, id=10224, stack(0x000000ca80f00000,0x000000ca81000000)]
  0x00000271313b5000 JavaThread "jar transforms Thread 79" [_thread_blocked, id=15072, stack(0x000000ca81000000,0x000000ca81100000)]
  0x00000271313b6000 JavaThread "jar transforms Thread 80" [_thread_blocked, id=2120, stack(0x000000ca81100000,0x000000ca81200000)]
  0x00000271313b6800 JavaThread "jar transforms Thread 81" [_thread_blocked, id=11288, stack(0x000000ca81200000,0x000000ca81300000)]
  0x00000271313b4000 JavaThread "jar transforms Thread 82" [_thread_blocked, id=10168, stack(0x000000ca81300000,0x000000ca81400000)]
  0x00000271313b7800 JavaThread "jar transforms Thread 83" [_thread_blocked, id=16328, stack(0x000000ca81400000,0x000000ca81500000)]
  0x00000271313b8000 JavaThread "jar transforms Thread 84" [_thread_blocked, id=7264, stack(0x000000ca81500000,0x000000ca81600000)]
  0x00000271313b9000 JavaThread "jar transforms Thread 85" [_thread_blocked, id=15380, stack(0x000000ca81600000,0x000000ca81700000)]
  0x00000271313b3800 JavaThread "jar transforms Thread 86" [_thread_blocked, id=16132, stack(0x000000ca81700000,0x000000ca81800000)]
  0x00000271313ba000 JavaThread "jar transforms Thread 87" [_thread_blocked, id=17280, stack(0x000000ca81800000,0x000000ca81900000)]
  0x00000271313ba800 JavaThread "jar transforms Thread 88" [_thread_blocked, id=11876, stack(0x000000ca81900000,0x000000ca81a00000)]
  0x000002712dc41800 JavaThread "jar transforms Thread 89" [_thread_blocked, id=7468, stack(0x000000ca81a00000,0x000000ca81b00000)]
  0x000002712dc3e800 JavaThread "jar transforms Thread 90" [_thread_blocked, id=11304, stack(0x000000ca81b00000,0x000000ca81c00000)]
  0x000002712dc42800 JavaThread "jar transforms Thread 91" [_thread_blocked, id=10136, stack(0x000000ca81c00000,0x000000ca81d00000)]
  0x000002712dc41000 JavaThread "jar transforms Thread 92" [_thread_blocked, id=16920, stack(0x000000ca81d00000,0x000000ca81e00000)]
  0x000002712dc3c800 JavaThread "jar transforms Thread 93" [_thread_blocked, id=15676, stack(0x000000ca81e00000,0x000000ca81f00000)]
  0x000002712dc43800 JavaThread "jar transforms Thread 94" [_thread_blocked, id=15336, stack(0x000000ca81f00000,0x000000ca82000000)]
  0x000002712dc3d800 JavaThread "jar transforms Thread 95" [_thread_blocked, id=936, stack(0x000000ca82000000,0x000000ca82100000)]
  0x000002712dc45000 JavaThread "jar transforms Thread 96" [_thread_blocked, id=11524, stack(0x000000ca82100000,0x000000ca82200000)]
  0x000002712dc40000 JavaThread "jar transforms Thread 97" [_thread_blocked, id=10916, stack(0x000000ca82200000,0x000000ca82300000)]
  0x000002712dc44000 JavaThread "jar transforms Thread 98" [_thread_blocked, id=12236, stack(0x000000ca82300000,0x000000ca82400000)]
  0x000002712dc3f000 JavaThread "jar transforms Thread 99" [_thread_blocked, id=9348, stack(0x000000ca82400000,0x000000ca82500000)]
  0x000002712dc4a000 JavaThread "jar transforms Thread 100" [_thread_blocked, id=7768, stack(0x000000ca82500000,0x000000ca82600000)]
  0x000002712dc45800 JavaThread "jar transforms Thread 101" [_thread_blocked, id=13136, stack(0x000000ca82600000,0x000000ca82700000)]
  0x000002712dc46800 JavaThread "jar transforms Thread 102" [_thread_blocked, id=15320, stack(0x000000ca82700000,0x000000ca82800000)]
  0x000002712dc4b800 JavaThread "jar transforms Thread 103" [_thread_blocked, id=14316, stack(0x000000ca82800000,0x000000ca82900000)]
  0x000002712dc47800 JavaThread "jar transforms Thread 104" [_thread_blocked, id=9476, stack(0x000000ca82900000,0x000000ca82a00000)]
  0x000002712dc4a800 JavaThread "jar transforms Thread 105" [_thread_blocked, id=12060, stack(0x000000ca82a00000,0x000000ca82b00000)]
  0x000002712dc48000 JavaThread "jar transforms Thread 106" [_thread_blocked, id=15712, stack(0x000000ca82b00000,0x000000ca82c00000)]
  0x000002712dc49000 JavaThread "jar transforms Thread 107" [_thread_blocked, id=15768, stack(0x000000ca82c00000,0x000000ca82d00000)]
  0x0000027130397000 JavaThread "jar transforms Thread 108" [_thread_blocked, id=16732, stack(0x000000ca82d00000,0x000000ca82e00000)]
  0x0000027130396800 JavaThread "jar transforms Thread 109" [_thread_blocked, id=5964, stack(0x000000ca82e00000,0x000000ca82f00000)]
  0x000002713039e000 JavaThread "jar transforms Thread 110" [_thread_blocked, id=816, stack(0x000000ca82f00000,0x000000ca83000000)]
  0x0000027130398000 JavaThread "jar transforms Thread 111" [_thread_blocked, id=12016, stack(0x000000ca83000000,0x000000ca83100000)]
  0x0000027130399800 JavaThread "jar transforms Thread 112" [_thread_blocked, id=15568, stack(0x000000ca83100000,0x000000ca83200000)]
  0x0000027130399000 JavaThread "jar transforms Thread 113" [_thread_blocked, id=10084, stack(0x000000ca83200000,0x000000ca83300000)]
  0x000002713039d000 JavaThread "jar transforms Thread 114" [_thread_blocked, id=2276, stack(0x000000ca83300000,0x000000ca83400000)]
  0x000002713039a800 JavaThread "jar transforms Thread 115" [_thread_blocked, id=13624, stack(0x000000ca83400000,0x000000ca83500000)]
  0x000002713039e800 JavaThread "jar transforms Thread 116" [_thread_blocked, id=12996, stack(0x000000ca83500000,0x000000ca83600000)]

Other Threads:
  0x000002712acab000 VMThread "VM Thread" [stack: 0x000000caf9a00000,0x000000caf9b00000] [id=4588]
  0x000002712b79b800 WatcherThread [stack: 0x000000cafa400000,0x000000cafa500000] [id=9244]
  0x000002710f194000 GCTaskThread "GC Thread#0" [stack: 0x000000caf9500000,0x000000caf9600000] [id=12740]
  0x000002712bfca000 GCTaskThread "GC Thread#1" [stack: 0x000000cafa600000,0x000000cafa700000] [id=14748]
  0x000002712c00a800 GCTaskThread "GC Thread#2" [stack: 0x000000cafa700000,0x000000cafa800000] [id=15024]
  0x000002712d04f000 GCTaskThread "GC Thread#3" [stack: 0x000000cafb500000,0x000000cafb600000] [id=17200]
  0x000002710f1c3000 ConcurrentGCThread "G1 Main Marker" [stack: 0x000000caf9600000,0x000000caf9700000] [id=6796]
  0x000002710f1c7000 ConcurrentGCThread "G1 Conc#0" [stack: 0x000000caf9700000,0x000000caf9800000] [id=4696]
  0x000002710f259800 ConcurrentGCThread "G1 Refine#0" [stack: 0x000000caf9800000,0x000000caf9900000] [id=9648]
  0x000002710f25a800 ConcurrentGCThread "G1 Young RemSet Sampling" [stack: 0x000000caf9900000,0x000000caf9a00000] [id=10748]

Threads with active compile tasks:
C2 CompilerThread1  10337 3857       4       java.lang.invoke.MethodType::makeImpl (108 bytes)

VM state:not at safepoint (normal execution)

VM Mutex/Monitor currently owned by a thread: None

OutOfMemory and StackOverflow Exception counts:
OutOfMemoryError java_heap_errors=1
LinkageErrors=76

Heap address: 0x0000000080000000, size: 2048 MB, Compressed Oops mode: 32-bit
Narrow klass base: 0x0000000000000000, Narrow klass shift: 3
Compressed class space size: 1073741824 Address: 0x0000000100000000

Heap:
 garbage-first heap   total 157696K, used 88252K [0x0000000080000000, 0x0000000100000000)
  region size 1024K, 70 young (71680K), 7 survivors (7168K)
 Metaspace       used 43607K, capacity 44662K, committed 44920K, reserved 1087488K
  class space    used 5570K, capacity 5991K, committed 6092K, reserved 1048576K
Heap Regions: E=young(eden), S=young(survivor), O=old, HS=humongous(starts), HC=humongous(continues), CS=collection set, F=free, A=archive, TAMS=top-at-mark-start (previous, next)
|   0|0x0000000080000000, 0x0000000080100000, 0x0000000080100000|100%| O|  |TAMS 0x0000000080100000, 0x0000000080000000| Untracked 
|   1|0x0000000080100000, 0x0000000080200000, 0x0000000080200000|100%| O|  |TAMS 0x0000000080200000, 0x0000000080100000| Untracked 
|   2|0x0000000080200000, 0x0000000080300000, 0x0000000080300000|100%| O|  |TAMS 0x0000000080300000, 0x0000000080200000| Untracked 
|   3|0x0000000080300000, 0x0000000080400000, 0x0000000080400000|100%|HS|  |TAMS 0x0000000080400000, 0x0000000080300000| Complete 
|   4|0x0000000080400000, 0x0000000080500000, 0x0000000080500000|100%|HC|  |TAMS 0x0000000080500000, 0x0000000080400000| Complete 
|   5|0x0000000080500000, 0x0000000080600000, 0x0000000080600000|100%|HC|  |TAMS 0x0000000080600000, 0x0000000080500000| Complete 
|   6|0x0000000080600000, 0x0000000080700000, 0x0000000080700000|100%| O|  |TAMS 0x0000000080700000, 0x0000000080600000| Untracked 
|   7|0x0000000080700000, 0x0000000080800000, 0x0000000080800000|100%| O|  |TAMS 0x0000000080800000, 0x0000000080700000| Untracked 
|   8|0x0000000080800000, 0x0000000080900000, 0x0000000080900000|100%| O|  |TAMS 0x0000000080900000, 0x0000000080800000| Untracked 
|   9|0x0000000080900000, 0x0000000080a00000, 0x0000000080a00000|100%| O|  |TAMS 0x0000000080a00000, 0x0000000080900000| Untracked 
|  10|0x0000000080a00000, 0x0000000080b00000, 0x0000000080b00000|100%| O|  |TAMS 0x0000000080b00000, 0x0000000080a00000| Untracked 
|  11|0x0000000080b00000, 0x0000000080c00000, 0x0000000080c00000|100%| O|  |TAMS 0x0000000080c00000, 0x0000000080b00000| Untracked 
|  12|0x0000000080c00000, 0x0000000080d00000, 0x0000000080d00000|100%| O|  |TAMS 0x0000000080d00000, 0x0000000080c00000| Untracked 
|  13|0x0000000080d00000, 0x0000000080e00000, 0x0000000080e00000|100%| O|  |TAMS 0x0000000080e00000, 0x0000000080d00000| Untracked 
|  14|0x0000000080e00000, 0x0000000080f00000, 0x0000000080f00000|100%| O|  |TAMS 0x0000000080f00000, 0x0000000080e00000| Untracked 
|  15|0x0000000080f00000, 0x0000000081000000, 0x0000000081000000|100%| O|  |TAMS 0x0000000080f12a00, 0x0000000080f00000| Untracked 
|  16|0x0000000081000000, 0x0000000081000000, 0x0000000081100000|  0%| F|  |TAMS 0x0000000081000000, 0x0000000081000000| Untracked 
|  17|0x0000000081100000, 0x0000000081100000, 0x0000000081200000|  0%| F|  |TAMS 0x0000000081100000, 0x0000000081100000| Untracked 
|  18|0x0000000081200000, 0x0000000081200000, 0x0000000081300000|  0%| F|  |TAMS 0x0000000081200000, 0x0000000081200000| Untracked 
|  19|0x0000000081300000, 0x0000000081400000, 0x0000000081400000|100%| O|  |TAMS 0x0000000081300000, 0x0000000081300000| Untracked 
|  20|0x0000000081400000, 0x000000008142f200, 0x0000000081500000| 18%| O|  |TAMS 0x0000000081400000, 0x0000000081400000| Untracked 
|  21|0x0000000081500000, 0x0000000081500000, 0x0000000081600000|  0%| F|  |TAMS 0x0000000081500000, 0x0000000081500000| Untracked 
|  22|0x0000000081600000, 0x0000000081600000, 0x0000000081700000|  0%| F|  |TAMS 0x0000000081600000, 0x0000000081600000| Untracked 
|  23|0x0000000081700000, 0x0000000081700000, 0x0000000081800000|  0%| F|  |TAMS 0x0000000081700000, 0x0000000081700000| Untracked 
|  24|0x0000000081800000, 0x0000000081800000, 0x0000000081900000|  0%| F|  |TAMS 0x0000000081800000, 0x0000000081800000| Untracked 
|  25|0x0000000081900000, 0x0000000081900000, 0x0000000081a00000|  0%| F|  |TAMS 0x0000000081900000, 0x0000000081900000| Untracked 
|  26|0x0000000081a00000, 0x0000000081a00000, 0x0000000081b00000|  0%| F|  |TAMS 0x0000000081a00000, 0x0000000081a00000| Untracked 
|  27|0x0000000081b00000, 0x0000000081b00000, 0x0000000081c00000|  0%| F|  |TAMS 0x0000000081b00000, 0x0000000081b00000| Untracked 
|  28|0x0000000081c00000, 0x0000000081c00000, 0x0000000081d00000|  0%| F|  |TAMS 0x0000000081c00000, 0x0000000081c00000| Untracked 
|  29|0x0000000081d00000, 0x0000000081d00000, 0x0000000081e00000|  0%| F|  |TAMS 0x0000000081d00000, 0x0000000081d00000| Untracked 
|  30|0x0000000081e00000, 0x0000000081e00000, 0x0000000081f00000|  0%| F|  |TAMS 0x0000000081e00000, 0x0000000081e00000| Untracked 
|  31|0x0000000081f00000, 0x0000000081f00000, 0x0000000082000000|  0%| F|  |TAMS 0x0000000081f00000, 0x0000000081f00000| Untracked 
|  32|0x0000000082000000, 0x0000000082000000, 0x0000000082100000|  0%| F|  |TAMS 0x0000000082000000, 0x0000000082000000| Untracked 
|  33|0x0000000082100000, 0x0000000082100000, 0x0000000082200000|  0%| F|  |TAMS 0x0000000082100000, 0x0000000082100000| Untracked 
|  34|0x0000000082200000, 0x0000000082200000, 0x0000000082300000|  0%| F|  |TAMS 0x0000000082200000, 0x0000000082200000| Untracked 
|  35|0x0000000082300000, 0x0000000082300000, 0x0000000082400000|  0%| F|  |TAMS 0x0000000082300000, 0x0000000082300000| Untracked 
|  36|0x0000000082400000, 0x0000000082400000, 0x0000000082500000|  0%| F|  |TAMS 0x0000000082400000, 0x0000000082400000| Untracked 
|  37|0x0000000082500000, 0x0000000082500000, 0x0000000082600000|  0%| F|  |TAMS 0x0000000082500000, 0x0000000082500000| Untracked 
|  38|0x0000000082600000, 0x0000000082600000, 0x0000000082700000|  0%| F|  |TAMS 0x0000000082600000, 0x0000000082600000| Untracked 
|  39|0x0000000082700000, 0x0000000082700000, 0x0000000082800000|  0%| F|  |TAMS 0x0000000082700000, 0x0000000082700000| Untracked 
|  40|0x0000000082800000, 0x0000000082800000, 0x0000000082900000|  0%| F|  |TAMS 0x0000000082800000, 0x0000000082800000| Untracked 
|  41|0x0000000082900000, 0x0000000082900000, 0x0000000082a00000|  0%| F|  |TAMS 0x0000000082900000, 0x0000000082900000| Untracked 
|  42|0x0000000082a00000, 0x0000000082a00000, 0x0000000082b00000|  0%| F|  |TAMS 0x0000000082a00000, 0x0000000082a00000| Untracked 
|  43|0x0000000082b00000, 0x0000000082b00000, 0x0000000082c00000|  0%| F|  |TAMS 0x0000000082b00000, 0x0000000082b00000| Untracked 
|  44|0x0000000082c00000, 0x0000000082c00000, 0x0000000082d00000|  0%| F|  |TAMS 0x0000000082c00000, 0x0000000082c00000| Untracked 
|  45|0x0000000082d00000, 0x0000000082d00000, 0x0000000082e00000|  0%| F|  |TAMS 0x0000000082d00000, 0x0000000082d00000| Untracked 
|  46|0x0000000082e00000, 0x0000000082e00000, 0x0000000082f00000|  0%| F|  |TAMS 0x0000000082e00000, 0x0000000082e00000| Untracked 
|  47|0x0000000082f00000, 0x0000000082f00000, 0x0000000083000000|  0%| F|  |TAMS 0x0000000082f00000, 0x0000000082f00000| Untracked 
|  48|0x0000000083000000, 0x0000000083000000, 0x0000000083100000|  0%| F|  |TAMS 0x0000000083000000, 0x0000000083000000| Untracked 
|  49|0x0000000083100000, 0x0000000083100000, 0x0000000083200000|  0%| F|  |TAMS 0x0000000083100000, 0x0000000083100000| Untracked 
|  50|0x0000000083200000, 0x0000000083200000, 0x0000000083300000|  0%| F|  |TAMS 0x0000000083200000, 0x0000000083200000| Untracked 
|  51|0x0000000083300000, 0x0000000083300000, 0x0000000083400000|  0%| F|  |TAMS 0x0000000083300000, 0x0000000083300000| Untracked 
|  52|0x0000000083400000, 0x0000000083400000, 0x0000000083500000|  0%| F|  |TAMS 0x0000000083400000, 0x0000000083400000| Untracked 
|  53|0x0000000083500000, 0x0000000083500000, 0x0000000083600000|  0%| F|  |TAMS 0x0000000083500000, 0x0000000083500000| Untracked 
|  54|0x0000000083600000, 0x0000000083600000, 0x0000000083700000|  0%| F|  |TAMS 0x0000000083600000, 0x0000000083600000| Untracked 
|  55|0x0000000083700000, 0x0000000083700000, 0x0000000083800000|  0%| F|  |TAMS 0x0000000083700000, 0x0000000083700000| Untracked 
|  56|0x0000000083800000, 0x0000000083800000, 0x0000000083900000|  0%| F|  |TAMS 0x0000000083800000, 0x0000000083800000| Untracked 
|  57|0x0000000083900000, 0x0000000083900000, 0x0000000083a00000|  0%| F|  |TAMS 0x0000000083900000, 0x0000000083900000| Untracked 
|  58|0x0000000083a00000, 0x0000000083a00000, 0x0000000083b00000|  0%| F|  |TAMS 0x0000000083a00000, 0x0000000083a00000| Untracked 
|  59|0x0000000083b00000, 0x0000000083b00000, 0x0000000083c00000|  0%| F|  |TAMS 0x0000000083b00000, 0x0000000083b00000| Untracked 
|  60|0x0000000083c00000, 0x0000000083c00000, 0x0000000083d00000|  0%| F|  |TAMS 0x0000000083c00000, 0x0000000083c00000| Untracked 
|  61|0x0000000083d00000, 0x0000000083d00000, 0x0000000083e00000|  0%| F|  |TAMS 0x0000000083d00000, 0x0000000083d00000| Untracked 
|  62|0x0000000083e00000, 0x0000000083e00000, 0x0000000083f00000|  0%| F|  |TAMS 0x0000000083e00000, 0x0000000083e00000| Untracked 
|  63|0x0000000083f00000, 0x0000000083f00000, 0x0000000084000000|  0%| F|  |TAMS 0x0000000083f00000, 0x0000000083f00000| Untracked 
|  64|0x0000000084000000, 0x0000000084000000, 0x0000000084100000|  0%| F|  |TAMS 0x0000000084000000, 0x0000000084000000| Untracked 
|  65|0x0000000084100000, 0x0000000084100000, 0x0000000084200000|  0%| F|  |TAMS 0x0000000084100000, 0x0000000084100000| Untracked 
|  66|0x0000000084200000, 0x0000000084200000, 0x0000000084300000|  0%| F|  |TAMS 0x0000000084200000, 0x0000000084200000| Untracked 
|  67|0x0000000084300000, 0x0000000084300000, 0x0000000084400000|  0%| F|  |TAMS 0x0000000084300000, 0x0000000084300000| Untracked 
|  68|0x0000000084400000, 0x0000000084400000, 0x0000000084500000|  0%| F|  |TAMS 0x0000000084400000, 0x0000000084400000| Untracked 
|  69|0x0000000084500000, 0x0000000084500000, 0x0000000084600000|  0%| F|  |TAMS 0x0000000084500000, 0x0000000084500000| Untracked 
|  70|0x0000000084600000, 0x0000000084600000, 0x0000000084700000|  0%| F|  |TAMS 0x0000000084600000, 0x0000000084600000| Untracked 
|  71|0x0000000084700000, 0x0000000084700000, 0x0000000084800000|  0%| F|  |TAMS 0x0000000084700000, 0x0000000084700000| Untracked 
|  72|0x0000000084800000, 0x0000000084800000, 0x0000000084900000|  0%| F|  |TAMS 0x0000000084800000, 0x0000000084800000| Untracked 
|  73|0x0000000084900000, 0x0000000084900000, 0x0000000084a00000|  0%| F|  |TAMS 0x0000000084900000, 0x0000000084900000| Untracked 
|  74|0x0000000084a00000, 0x0000000084a00000, 0x0000000084b00000|  0%| F|  |TAMS 0x0000000084a00000, 0x0000000084a00000| Untracked 
|  75|0x0000000084b00000, 0x0000000084b00000, 0x0000000084c00000|  0%| F|  |TAMS 0x0000000084b00000, 0x0000000084b00000| Untracked 
|  76|0x0000000084c00000, 0x0000000084c00000, 0x0000000084d00000|  0%| F|  |TAMS 0x0000000084c00000, 0x0000000084c00000| Untracked 
|  77|0x0000000084d00000, 0x0000000084d00000, 0x0000000084e00000|  0%| F|  |TAMS 0x0000000084d00000, 0x0000000084d00000| Untracked 
|  78|0x0000000084e00000, 0x0000000084e00000, 0x0000000084f00000|  0%| F|  |TAMS 0x0000000084e00000, 0x0000000084e00000| Untracked 
|  79|0x0000000084f00000, 0x0000000084f00000, 0x0000000085000000|  0%| F|  |TAMS 0x0000000084f00000, 0x0000000084f00000| Untracked 
|  80|0x0000000085000000, 0x0000000085000000, 0x0000000085100000|  0%| F|  |TAMS 0x0000000085000000, 0x0000000085000000| Untracked 
|  81|0x0000000085100000, 0x0000000085100000, 0x0000000085200000|  0%| F|  |TAMS 0x0000000085100000, 0x0000000085100000| Untracked 
|  82|0x0000000085200000, 0x0000000085200000, 0x0000000085300000|  0%| F|  |TAMS 0x0000000085200000, 0x0000000085200000| Untracked 
|  83|0x0000000085300000, 0x0000000085300000, 0x0000000085400000|  0%| F|  |TAMS 0x0000000085300000, 0x0000000085300000| Untracked 
|  84|0x0000000085400000, 0x00000000854b7238, 0x0000000085500000| 71%| E|  |TAMS 0x0000000085400000, 0x0000000085400000| Complete 
|  85|0x0000000085500000, 0x0000000085600000, 0x0000000085600000|100%| E|CS|TAMS 0x0000000085500000, 0x0000000085500000| Complete 
|  86|0x0000000085600000, 0x0000000085700000, 0x0000000085700000|100%| E|CS|TAMS 0x0000000085600000, 0x0000000085600000| Complete 
|  87|0x0000000085700000, 0x0000000085800000, 0x0000000085800000|100%| E|CS|TAMS 0x0000000085700000, 0x0000000085700000| Complete 
|  88|0x0000000085800000, 0x0000000085900000, 0x0000000085900000|100%| E|CS|TAMS 0x0000000085800000, 0x0000000085800000| Complete 
|  89|0x0000000085900000, 0x0000000085a00000, 0x0000000085a00000|100%| S|CS|TAMS 0x0000000085900000, 0x0000000085900000| Complete 
|  90|0x0000000085a00000, 0x0000000085b00000, 0x0000000085b00000|100%| S|CS|TAMS 0x0000000085a00000, 0x0000000085a00000| Complete 
|  91|0x0000000085b00000, 0x0000000085c00000, 0x0000000085c00000|100%| S|CS|TAMS 0x0000000085b00000, 0x0000000085b00000| Complete 
|  92|0x0000000085c00000, 0x0000000085d00000, 0x0000000085d00000|100%| S|CS|TAMS 0x0000000085c00000, 0x0000000085c00000| Complete 
|  93|0x0000000085d00000, 0x0000000085e00000, 0x0000000085e00000|100%| S|CS|TAMS 0x0000000085d00000, 0x0000000085d00000| Complete 
|  94|0x0000000085e00000, 0x0000000085f00000, 0x0000000085f00000|100%| S|CS|TAMS 0x0000000085e00000, 0x0000000085e00000| Complete 
|  95|0x0000000085f00000, 0x0000000086000000, 0x0000000086000000|100%| S|CS|TAMS 0x0000000085f00000, 0x0000000085f00000| Complete 
|  96|0x0000000086000000, 0x0000000086100000, 0x0000000086100000|100%| E|CS|TAMS 0x0000000086000000, 0x0000000086000000| Complete 
|  97|0x0000000086100000, 0x0000000086200000, 0x0000000086200000|100%| E|CS|TAMS 0x0000000086100000, 0x0000000086100000| Complete 
|  98|0x0000000086200000, 0x0000000086300000, 0x0000000086300000|100%| E|CS|TAMS 0x0000000086200000, 0x0000000086200000| Complete 
|  99|0x0000000086300000, 0x0000000086400000, 0x0000000086400000|100%| E|CS|TAMS 0x0000000086300000, 0x0000000086300000| Complete 
| 100|0x0000000086400000, 0x0000000086500000, 0x0000000086500000|100%| E|CS|TAMS 0x0000000086400000, 0x0000000086400000| Complete 
| 101|0x0000000086500000, 0x0000000086600000, 0x0000000086600000|100%| E|CS|TAMS 0x0000000086500000, 0x0000000086500000| Complete 
| 102|0x0000000086600000, 0x0000000086700000, 0x0000000086700000|100%| E|CS|TAMS 0x0000000086600000, 0x0000000086600000| Complete 
| 103|0x0000000086700000, 0x0000000086800000, 0x0000000086800000|100%| E|CS|TAMS 0x0000000086700000, 0x0000000086700000| Complete 
| 104|0x0000000086800000, 0x0000000086900000, 0x0000000086900000|100%| E|CS|TAMS 0x0000000086800000, 0x0000000086800000| Complete 
| 105|0x0000000086900000, 0x0000000086a00000, 0x0000000086a00000|100%| E|CS|TAMS 0x0000000086900000, 0x0000000086900000| Complete 
| 106|0x0000000086a00000, 0x0000000086b00000, 0x0000000086b00000|100%| E|CS|TAMS 0x0000000086a00000, 0x0000000086a00000| Complete 
| 107|0x0000000086b00000, 0x0000000086c00000, 0x0000000086c00000|100%| E|CS|TAMS 0x0000000086b00000, 0x0000000086b00000| Complete 
| 108|0x0000000086c00000, 0x0000000086d00000, 0x0000000086d00000|100%| E|CS|TAMS 0x0000000086c00000, 0x0000000086c00000| Complete 
| 109|0x0000000086d00000, 0x0000000086e00000, 0x0000000086e00000|100%| E|CS|TAMS 0x0000000086d00000, 0x0000000086d00000| Complete 
| 110|0x0000000086e00000, 0x0000000086f00000, 0x0000000086f00000|100%| E|CS|TAMS 0x0000000086e00000, 0x0000000086e00000| Complete 
| 111|0x0000000086f00000, 0x0000000087000000, 0x0000000087000000|100%| E|CS|TAMS 0x0000000086f00000, 0x0000000086f00000| Complete 
| 112|0x0000000087000000, 0x0000000087100000, 0x0000000087100000|100%| E|CS|TAMS 0x0000000087000000, 0x0000000087000000| Complete 
| 113|0x0000000087100000, 0x0000000087200000, 0x0000000087200000|100%| E|CS|TAMS 0x0000000087100000, 0x0000000087100000| Complete 
| 114|0x0000000087200000, 0x0000000087300000, 0x0000000087300000|100%| E|CS|TAMS 0x0000000087200000, 0x0000000087200000| Complete 
| 115|0x0000000087300000, 0x0000000087400000, 0x0000000087400000|100%| E|CS|TAMS 0x0000000087300000, 0x0000000087300000| Complete 
| 116|0x0000000087400000, 0x0000000087500000, 0x0000000087500000|100%| E|CS|TAMS 0x0000000087400000, 0x0000000087400000| Complete 
| 117|0x0000000087500000, 0x0000000087600000, 0x0000000087600000|100%| E|CS|TAMS 0x0000000087500000, 0x0000000087500000| Complete 
| 118|0x0000000087600000, 0x0000000087700000, 0x0000000087700000|100%| E|CS|TAMS 0x0000000087600000, 0x0000000087600000| Complete 
| 119|0x0000000087700000, 0x0000000087800000, 0x0000000087800000|100%| E|CS|TAMS 0x0000000087700000, 0x0000000087700000| Complete 
| 120|0x0000000087800000, 0x0000000087900000, 0x0000000087900000|100%| E|CS|TAMS 0x0000000087800000, 0x0000000087800000| Complete 
| 121|0x0000000087900000, 0x0000000087a00000, 0x0000000087a00000|100%| E|CS|TAMS 0x0000000087900000, 0x0000000087900000| Complete 
| 122|0x0000000087a00000, 0x0000000087b00000, 0x0000000087b00000|100%| E|CS|TAMS 0x0000000087a00000, 0x0000000087a00000| Complete 
| 123|0x0000000087b00000, 0x0000000087c00000, 0x0000000087c00000|100%| E|CS|TAMS 0x0000000087b00000, 0x0000000087b00000| Complete 
| 124|0x0000000087c00000, 0x0000000087d00000, 0x0000000087d00000|100%| E|CS|TAMS 0x0000000087c00000, 0x0000000087c00000| Complete 
| 125|0x0000000087d00000, 0x0000000087e00000, 0x0000000087e00000|100%| E|CS|TAMS 0x0000000087d00000, 0x0000000087d00000| Complete 
| 126|0x0000000087e00000, 0x0000000087f00000, 0x0000000087f00000|100%| E|CS|TAMS 0x0000000087e00000, 0x0000000087e00000| Complete 
| 127|0x0000000087f00000, 0x0000000088000000, 0x0000000088000000|100%| E|CS|TAMS 0x0000000087f00000, 0x0000000087f00000| Complete 
| 128|0x0000000088000000, 0x0000000088100000, 0x0000000088100000|100%| E|CS|TAMS 0x0000000088000000, 0x0000000088000000| Complete 
| 129|0x0000000088100000, 0x0000000088200000, 0x0000000088200000|100%| E|CS|TAMS 0x0000000088100000, 0x0000000088100000| Complete 
| 130|0x0000000088200000, 0x0000000088300000, 0x0000000088300000|100%| E|CS|TAMS 0x0000000088200000, 0x0000000088200000| Complete 
| 131|0x0000000088300000, 0x0000000088400000, 0x0000000088400000|100%| E|CS|TAMS 0x0000000088300000, 0x0000000088300000| Complete 
| 132|0x0000000088400000, 0x0000000088500000, 0x0000000088500000|100%| E|CS|TAMS 0x0000000088400000, 0x0000000088400000| Complete 
| 133|0x0000000088500000, 0x0000000088600000, 0x0000000088600000|100%| E|CS|TAMS 0x0000000088500000, 0x0000000088500000| Complete 
| 134|0x0000000088600000, 0x0000000088700000, 0x0000000088700000|100%| E|CS|TAMS 0x0000000088600000, 0x0000000088600000| Complete 
| 135|0x0000000088700000, 0x0000000088800000, 0x0000000088800000|100%| E|CS|TAMS 0x0000000088700000, 0x0000000088700000| Complete 
| 136|0x0000000088800000, 0x0000000088900000, 0x0000000088900000|100%| E|CS|TAMS 0x0000000088800000, 0x0000000088800000| Complete 
| 137|0x0000000088900000, 0x0000000088a00000, 0x0000000088a00000|100%| E|CS|TAMS 0x0000000088900000, 0x0000000088900000| Complete 
| 138|0x0000000088a00000, 0x0000000088b00000, 0x0000000088b00000|100%| E|CS|TAMS 0x0000000088a00000, 0x0000000088a00000| Complete 
| 139|0x0000000088b00000, 0x0000000088c00000, 0x0000000088c00000|100%| E|CS|TAMS 0x0000000088b00000, 0x0000000088b00000| Complete 
| 140|0x0000000088c00000, 0x0000000088d00000, 0x0000000088d00000|100%| E|CS|TAMS 0x0000000088c00000, 0x0000000088c00000| Complete 
| 141|0x0000000088d00000, 0x0000000088e00000, 0x0000000088e00000|100%| E|CS|TAMS 0x0000000088d00000, 0x0000000088d00000| Complete 
| 142|0x0000000088e00000, 0x0000000088f00000, 0x0000000088f00000|100%| E|CS|TAMS 0x0000000088e00000, 0x0000000088e00000| Complete 
| 143|0x0000000088f00000, 0x0000000089000000, 0x0000000089000000|100%| E|CS|TAMS 0x0000000088f00000, 0x0000000088f00000| Complete 
| 144|0x0000000089000000, 0x0000000089100000, 0x0000000089100000|100%| E|CS|TAMS 0x0000000089000000, 0x0000000089000000| Complete 
| 145|0x0000000089100000, 0x0000000089200000, 0x0000000089200000|100%| E|CS|TAMS 0x0000000089100000, 0x0000000089100000| Complete 
| 146|0x0000000089200000, 0x0000000089300000, 0x0000000089300000|100%| E|CS|TAMS 0x0000000089200000, 0x0000000089200000| Complete 
| 147|0x0000000089300000, 0x0000000089400000, 0x0000000089400000|100%| E|CS|TAMS 0x0000000089300000, 0x0000000089300000| Complete 
| 148|0x0000000089400000, 0x0000000089500000, 0x0000000089500000|100%| E|CS|TAMS 0x0000000089400000, 0x0000000089400000| Complete 
| 149|0x0000000089500000, 0x0000000089600000, 0x0000000089600000|100%| E|CS|TAMS 0x0000000089500000, 0x0000000089500000| Complete 
| 150|0x0000000089600000, 0x0000000089700000, 0x0000000089700000|100%| E|CS|TAMS 0x0000000089600000, 0x0000000089600000| Complete 
| 151|0x0000000089700000, 0x0000000089800000, 0x0000000089800000|100%| E|CS|TAMS 0x0000000089700000, 0x0000000089700000| Complete 
| 152|0x0000000089800000, 0x0000000089900000, 0x0000000089900000|100%| E|CS|TAMS 0x0000000089800000, 0x0000000089800000| Complete 
| 153|0x0000000089900000, 0x0000000089a00000, 0x0000000089a00000|100%| E|CS|TAMS 0x0000000089900000, 0x0000000089900000| Complete 

Card table byte_map: [0x0000027123e70000,0x0000027124270000] _byte_map_base: 0x0000027123a70000

Marking Bits (Prev, Next): (CMBitMap*) 0x000002710f1ba2a8, (CMBitMap*) 0x000002710f1ba2e0
 Prev Bits: [0x0000027124670000, 0x0000027126670000)
 Next Bits: [0x0000027126670000, 0x0000027128670000)

Polling page: 0x000002710f260000

Metaspace:

Usage:
  Non-class:     37.77 MB capacity,    37.16 MB ( 98%) used,   532.01 KB (  1%) free+waste,    93.13 KB ( <1%) overhead. 
      Class:      5.85 MB capacity,     5.44 MB ( 93%) used,   374.35 KB (  6%) free+waste,    44.56 KB ( <1%) overhead. 
       Both:     43.63 MB capacity,    42.61 MB ( 98%) used,   906.36 KB (  2%) free+waste,   137.69 KB ( <1%) overhead. 

Virtual space:
  Non-class space:       38.00 MB reserved,      37.92 MB (>99%) committed 
      Class space:        1.00 GB reserved,       5.95 MB ( <1%) committed 
             Both:        1.04 GB reserved,      43.87 MB (  4%) committed 

Chunk freelists:
   Non-Class:  19.00 KB
       Class:  23.00 KB
        Both:  42.00 KB

MaxMetaspaceSize: 17179869184.00 GB
CompressedClassSpaceSize: 1.00 GB

CodeHeap 'non-profiled nmethods': size=120064Kb used=2098Kb max_used=2098Kb free=117966Kb
 bounds [0x000002711bf10000, 0x000002711c180000, 0x0000027123450000]
CodeHeap 'profiled nmethods': size=120000Kb used=8688Kb max_used=8688Kb free=111311Kb
 bounds [0x00000271149e0000, 0x0000027115260000, 0x000002711bf10000]
CodeHeap 'non-nmethods': size=5696Kb used=2195Kb max_used=2232Kb free=3500Kb
 bounds [0x0000027114450000, 0x00000271146c0000, 0x00000271149e0000]
 total_blobs=4995 nmethods=4239 adapters=667
 compilation: enabled
              stopped_count=0, restarted_count=0
 full_count=0

Compilation events (20 events):
Event: 10.246 Thread 0x000002712acd5000 4186       3       com.google.common.cache.LongAdder::add (108 bytes)
Event: 10.247 Thread 0x000002712acd5000 nmethod 4186 0x000002711523d910 code [0x000002711523db20, 0x000002711523e228]
Event: 10.247 Thread 0x000002712acd5000 4185       3       kotlin.jvm.internal.Intrinsics::checkExpressionValueIsNotNull (38 bytes)
Event: 10.247 Thread 0x000002712acd5000 nmethod 4185 0x000002711523e490 code [0x000002711523e6e0, 0x000002711523ec88]
Event: 10.250 Thread 0x000002712acd5000 4189       3       java.util.concurrent.locks.AbstractQueuedSynchronizer::acquire (27 bytes)
Event: 10.250 Thread 0x000002712acd5000 nmethod 4189 0x000002711523ef10 code [0x000002711523f100, 0x000002711523f4d8]
Event: 10.250 Thread 0x000002712acd5000 4190       1       java.lang.ThreadGroup::getMaxPriority (5 bytes)
Event: 10.250 Thread 0x000002712acd5000 nmethod 4190 0x000002711c117e10 code [0x000002711c117fc0, 0x000002711c118078]
Event: 10.254 Thread 0x000002712acd5000 4191       1       java.lang.Thread::isDaemon (5 bytes)
Event: 10.254 Thread 0x000002712acd5000 nmethod 4191 0x000002711c118110 code [0x000002711c1182c0, 0x000002711c118378]
Event: 10.254 Thread 0x000002712acd5000 4192       1       java.lang.Thread::getPriority (5 bytes)
Event: 10.254 Thread 0x000002712acd5000 nmethod 4192 0x000002711c118410 code [0x000002711c1185c0, 0x000002711c118678]
Event: 10.257 Thread 0x000002712acd5000 4193       3       java.util.regex.Pattern::family (638 bytes)
Event: 10.265 Thread 0x000002712acd5000 nmethod 4193 0x000002711523f610 code [0x000002711523fe00, 0x0000027115243a58]
Event: 10.265 Thread 0x000002712acd5000 4195       1       com.google.common.cache.LocalCache$1::isActive (2 bytes)
Event: 10.265 Thread 0x000002712acd5000 nmethod 4195 0x000002711c118710 code [0x000002711c1188c0, 0x000002711c118978]
Event: 10.265 Thread 0x000002712acd5000 4194       1       org.gradle.internal.snapshot.AbstractCompleteFileSystemLocationSnapshot::getName (5 bytes)
Event: 10.265 Thread 0x000002712acd5000 nmethod 4194 0x000002711c118a10 code [0x000002711c118bc0, 0x000002711c118c78]
Event: 10.266 Thread 0x000002712acd5000 4196       3       java.lang.StringLatin1::toBytes (46 bytes)
Event: 10.266 Thread 0x000002712acd5000 nmethod 4196 0x0000027115245090 code [0x0000027115245260, 0x00000271152455d8]

GC Heap History (16 events):
Event: 0.979 GC heap before
{Heap before GC invocations=0 (full 0):
 garbage-first heap   total 131072K, used 19456K [0x0000000080000000, 0x0000000100000000)
  region size 1024K, 14 young (14336K), 0 survivors (0K)
 Metaspace       used 7576K, capacity 7729K, committed 7936K, reserved 1056768K
  class space    used 706K, capacity 749K, committed 768K, reserved 1048576K
}
Event: 0.985 GC heap after
{Heap after GC invocations=1 (full 0):
 garbage-first heap   total 131072K, used 7677K [0x0000000080000000, 0x0000000100000000)
  region size 1024K, 2 young (2048K), 2 survivors (2048K)
 Metaspace       used 7576K, capacity 7729K, committed 7936K, reserved 1056768K
  class space    used 706K, capacity 749K, committed 768K, reserved 1048576K
}
Event: 1.506 GC heap before
{Heap before GC invocations=1 (full 0):
 garbage-first heap   total 131072K, used 19965K [0x0000000080000000, 0x0000000100000000)
  region size 1024K, 14 young (14336K), 2 survivors (2048K)
 Metaspace       used 10494K, capacity 10757K, committed 11008K, reserved 1058816K
  class space    used 1101K, capacity 1164K, committed 1280K, reserved 1048576K
}
Event: 1.511 GC heap after
{Heap after GC invocations=2 (full 0):
 garbage-first heap   total 131072K, used 8528K [0x0000000080000000, 0x0000000100000000)
  region size 1024K, 1 young (1024K), 1 survivors (1024K)
 Metaspace       used 10494K, capacity 10757K, committed 11008K, reserved 1058816K
  class space    used 1101K, capacity 1164K, committed 1280K, reserved 1048576K
}
Event: 2.078 GC heap before
{Heap before GC invocations=2 (full 0):
 garbage-first heap   total 131072K, used 37200K [0x0000000080000000, 0x0000000100000000)
  region size 1024K, 30 young (30720K), 1 survivors (1024K)
 Metaspace       used 10762K, capacity 11037K, committed 11264K, reserved 1058816K
  class space    used 1133K, capacity 1236K, committed 1280K, reserved 1048576K
}
Event: 2.083 GC heap after
{Heap after GC invocations=3 (full 0):
 garbage-first heap   total 131072K, used 12721K [0x0000000080000000, 0x0000000100000000)
  region size 1024K, 4 young (4096K), 4 survivors (4096K)
 Metaspace       used 10762K, capacity 11037K, committed 11264K, reserved 1058816K
  class space    used 1133K, capacity 1236K, committed 1280K, reserved 1048576K
}
Event: 3.954 GC heap before
{Heap before GC invocations=3 (full 0):
 garbage-first heap   total 131072K, used 54705K [0x0000000080000000, 0x0000000100000000)
  region size 1024K, 45 young (46080K), 4 survivors (4096K)
 Metaspace       used 19471K, capacity 19903K, committed 19968K, reserved 1067008K
  class space    used 2360K, capacity 2500K, committed 2560K, reserved 1048576K
}
Event: 3.965 GC heap after
{Heap after GC invocations=4 (full 0):
 garbage-first heap   total 131072K, used 15680K [0x0000000080000000, 0x0000000100000000)
  region size 1024K, 3 young (3072K), 3 survivors (3072K)
 Metaspace       used 19471K, capacity 19903K, committed 19968K, reserved 1067008K
  class space    used 2360K, capacity 2500K, committed 2560K, reserved 1048576K
}
Event: 4.070 GC heap before
{Heap before GC invocations=4 (full 0):
 garbage-first heap   total 131072K, used 20800K [0x0000000080000000, 0x0000000100000000)
  region size 1024K, 8 young (8192K), 3 survivors (3072K)
 Metaspace       used 20614K, capacity 21038K, committed 21248K, reserved 1069056K
  class space    used 2424K, capacity 2541K, committed 2560K, reserved 1048576K
}
Event: 4.078 GC heap after
{Heap after GC invocations=5 (full 0):
 garbage-first heap   total 131072K, used 15859K [0x0000000080000000, 0x0000000100000000)
  region size 1024K, 3 young (3072K), 3 survivors (3072K)
 Metaspace       used 20614K, capacity 21038K, committed 21248K, reserved 1069056K
  class space    used 2424K, capacity 2541K, committed 2560K, reserved 1048576K
}
Event: 5.305 GC heap before
{Heap before GC invocations=6 (full 0):
 garbage-first heap   total 131072K, used 62963K [0x0000000080000000, 0x0000000100000000)
  region size 1024K, 49 young (50176K), 3 survivors (3072K)
 Metaspace       used 26327K, capacity 26873K, committed 27136K, reserved 1073152K
  class space    used 3365K, capacity 3553K, committed 3584K, reserved 1048576K
}
Event: 5.314 GC heap after
{Heap after GC invocations=7 (full 0):
 garbage-first heap   total 131072K, used 17718K [0x0000000080000000, 0x0000000100000000)
  region size 1024K, 5 young (5120K), 5 survivors (5120K)
 Metaspace       used 26327K, capacity 26873K, committed 27136K, reserved 1073152K
  class space    used 3365K, capacity 3553K, committed 3584K, reserved 1048576K
}
Event: 6.783 GC heap before
{Heap before GC invocations=7 (full 0):
 garbage-first heap   total 131072K, used 60726K [0x0000000080000000, 0x0000000100000000)
  region size 1024K, 49 young (50176K), 5 survivors (5120K)
 Metaspace       used 34820K, capacity 35495K, committed 35628K, reserved 1081344K
  class space    used 4448K, capacity 4706K, committed 4736K, reserved 1048576K
}
Event: 6.802 GC heap after
{Heap after GC invocations=8 (full 0):
 garbage-first heap   total 157696K, used 20974K [0x0000000080000000, 0x0000000100000000)
  region size 1024K, 6 young (6144K), 6 survivors (6144K)
 Metaspace       used 34820K, capacity 35495K, committed 35628K, reserved 1081344K
  class space    used 4448K, capacity 4706K, committed 4736K, reserved 1048576K
}
Event: 8.671 GC heap before
{Heap before GC invocations=9 (full 0):
 garbage-first heap   total 157696K, used 83438K [0x0000000080000000, 0x0000000100000000)
  region size 1024K, 64 young (65536K), 6 survivors (6144K)
 Metaspace       used 40109K, capacity 41064K, committed 41336K, reserved 1085440K
  class space    used 5124K, capacity 5486K, committed 5580K, reserved 1048576K
}
Event: 8.688 GC heap after
{Heap after GC invocations=10 (full 0):
 garbage-first heap   total 157696K, used 24764K [0x0000000080000000, 0x0000000100000000)
  region size 1024K, 7 young (7168K), 7 survivors (7168K)
 Metaspace       used 40109K, capacity 41064K, committed 41336K, reserved 1085440K
  class space    used 5124K, capacity 5486K, committed 5580K, reserved 1048576K
}

Deoptimization events (20 events):
Event: 9.919 Thread 0x00000271306ab000 Uncommon trap: trap_request=0xffffff4d fr.pc=0x000002711c0f51e8 relative=0x0000000000000b48
Event: 9.919 Thread 0x00000271306ab000 Uncommon trap: reason=unstable_if action=reinterpret pc=0x000002711c0f51e8 method=com.esotericsoftware.kryo.io.Input.readUtf8Length(I)I @ 9 c2
Event: 9.919 Thread 0x00000271306ab000 DEOPT PACKING pc=0x000002711c0f51e8 sp=0x000000cafc1fdc90
Event: 9.919 Thread 0x00000271306ab000 DEOPT UNPACKING pc=0x00000271144778af sp=0x000000cafc1fdbe8 mode 2
Event: 9.924 Thread 0x00000271306ae800 Uncommon trap: trap_request=0xffffff4d fr.pc=0x000002711c0f2908 relative=0x0000000000000068
Event: 9.924 Thread 0x00000271306ae800 Uncommon trap: reason=unstable_if action=reinterpret pc=0x000002711c0f2908 method=com.esotericsoftware.kryo.io.Input.readUtf8Length(I)I @ 9 c2
Event: 9.924 Thread 0x00000271306ae800 DEOPT PACKING pc=0x000002711c0f2908 sp=0x000000cafc0fd6c0
Event: 9.924 Thread 0x00000271306ae800 DEOPT UNPACKING pc=0x00000271144778af sp=0x000000cafc0fd650 mode 2
Event: 9.928 Thread 0x00000271306a8800 DEOPT PACKING pc=0x0000027114a96c4c sp=0x000000cafc2fdf90
Event: 9.928 Thread 0x00000271306a8800 DEOPT UNPACKING pc=0x00000271144776ce sp=0x000000cafc2fd530 mode 0
Event: 9.969 Thread 0x00000271306a8800 DEOPT PACKING pc=0x0000027114a96c4c sp=0x000000cafc2fd700
Event: 9.969 Thread 0x00000271306a8800 DEOPT UNPACKING pc=0x00000271144776ce sp=0x000000cafc2fcca0 mode 0
Event: 10.032 Thread 0x00000271306ab000 Uncommon trap: trap_request=0xffffffcc fr.pc=0x000002711c107eb0 relative=0x00000000000010f0
Event: 10.032 Thread 0x00000271306ab000 Uncommon trap: reason=intrinsic_or_type_checked_inlining action=make_not_entrant pc=0x000002711c107eb0 method=java.util.ArrayList.toArray([Ljava/lang/Object;)[Ljava/lang/Object; @ 36 c2
Event: 10.032 Thread 0x00000271306ab000 DEOPT PACKING pc=0x000002711c107eb0 sp=0x000000cafc1fe420
Event: 10.032 Thread 0x00000271306ab000 DEOPT UNPACKING pc=0x00000271144778af sp=0x000000cafc1fe378 mode 2
Event: 10.265 Thread 0x000002712cf63800 Uncommon trap: trap_request=0xffffff4d fr.pc=0x000002711c114f64 relative=0x00000000000001a4
Event: 10.265 Thread 0x000002712cf63800 Uncommon trap: reason=unstable_if action=reinterpret pc=0x000002711c114f64 method=org.gradle.internal.snapshot.PathUtil.equalChars(CCLorg/gradle/internal/snapshot/CaseSensitivity;)Z @ 11 c2
Event: 10.265 Thread 0x000002712cf63800 DEOPT PACKING pc=0x000002711c114f64 sp=0x000000cafaff9dc0
Event: 10.265 Thread 0x000002712cf63800 DEOPT UNPACKING pc=0x00000271144778af sp=0x000000cafaff9d58 mode 2

Classes redefined (0 events):
No events

Internal exceptions (20 events):
Event: 8.371 Thread 0x000002712cf63800 Exception <a 'java/lang/ClassNotFoundException'{0x0000000086dce188}: org/gradle/api/internal/artifacts/dsl/DefaultRepositoryHandlerCustomizer> (0x0000000086dce188) thrown at [./src/hotspot/share/classfile/systemDictionary.cpp, line 231]
Event: 8.377 Thread 0x000002712cf63800 Exception <a 'java/lang/ClassNotFoundException'{0x0000000086c1d658}: org/gradle/api/internal/artifacts/dsl/DefaultRepositoryHandler_DecoratedCustomizer> (0x0000000086c1d658) thrown at [./src/hotspot/share/classfile/systemDictionary.cpp, line 231]
Event: 8.447 Thread 0x000002712cf63800 Exception <a 'java/lang/NoSuchMethodError'{0x00000000869450c8}: 'int java.lang.invoke.DirectMethodHandle$Holder.invokeStaticInit(java.lang.Object, java.lang.Object, java.lang.Object, java.lang.Object)'> (0x00000000869450c8) thrown at [./src/hotspot/share/interpreter/linkResolver.cpp, line 773]
Event: 8.601 Thread 0x000002712cf63800 Exception <a 'java/lang/ClassNotFoundException'{0x0000000086371e10}: groovy/lang/GString$1BeanInfo> (0x0000000086371e10) thrown at [./src/hotspot/share/classfile/systemDictionary.cpp, line 231]
Event: 8.603 Thread 0x000002712cf63800 Exception <a 'java/lang/ClassNotFoundException'{0x000000008638bd98}: groovy/lang/GStringBeanInfo> (0x000000008638bd98) thrown at [./src/hotspot/share/classfile/systemDictionary.cpp, line 231]
Event: 8.604 Thread 0x000002712cf63800 Exception <a 'java/lang/ClassNotFoundException'{0x00000000863a5dc8}: groovy/lang/GStringCustomizer> (0x00000000863a5dc8) thrown at [./src/hotspot/share/classfile/systemDictionary.cpp, line 231]
Event: 8.607 Thread 0x000002712cf63800 Exception <a 'java/lang/ClassNotFoundException'{0x00000000863c9a78}: groovy/lang/GString$1Customizer> (0x00000000863c9a78) thrown at [./src/hotspot/share/classfile/systemDictionary.cpp, line 231]
Event: 8.615 Thread 0x000002712cf63800 Exception <a 'java/lang/ClassNotFoundException'{0x0000000086233cc0}: org/gradle/api/internal/artifacts/dsl/dependencies/DefaultDependencyHandler_DecoratedBeanInfo> (0x0000000086233cc0) thrown at [./src/hotspot/share/classfile/systemDictionary.cpp, line 231]
Event: 8.617 Thread 0x000002712cf63800 Exception <a 'java/lang/ClassNotFoundException'{0x0000000086264b28}: org/gradle/api/internal/artifacts/dsl/dependencies/DefaultDependencyHandlerBeanInfo> (0x0000000086264b28) thrown at [./src/hotspot/share/classfile/systemDictionary.cpp, line 231]
Event: 8.618 Thread 0x000002712cf63800 Exception <a 'java/lang/ClassNotFoundException'{0x0000000086295c58}: org/gradle/api/internal/artifacts/dsl/dependencies/DefaultDependencyHandlerCustomizer> (0x0000000086295c58) thrown at [./src/hotspot/share/classfile/systemDictionary.cpp, line 231]
Event: 8.623 Thread 0x000002712cf63800 Exception <a 'java/lang/ClassNotFoundException'{0x00000000862e55c8}: org/gradle/api/internal/artifacts/dsl/dependencies/DefaultDependencyHandler_DecoratedCustomizer> (0x00000000862e55c8) thrown at [./src/hotspot/share/classfile/systemDictionary.cpp, line 231]
Event: 8.631 Thread 0x000002712cf63800 Exception <a 'java/lang/ClassNotFoundException'{0x0000000086196728}: org/codehaus/groovy/runtime/GStringImplBeanInfo> (0x0000000086196728) thrown at [./src/hotspot/share/classfile/systemDictionary.cpp, line 231]
Event: 8.632 Thread 0x000002712cf63800 Exception <a 'java/lang/ClassNotFoundException'{0x00000000861b35d8}: org/codehaus/groovy/runtime/GStringImplCustomizer> (0x00000000861b35d8) thrown at [./src/hotspot/share/classfile/systemDictionary.cpp, line 231]
Event: 9.071 Thread 0x000002712cf63800 Exception <a 'java/lang/NoSuchMethodError'{0x0000000088b3c438}: 'int java.lang.invoke.DirectMethodHandle$Holder.invokeInterface(java.lang.Object, java.lang.Object)'> (0x0000000088b3c438) thrown at [./src/hotspot/share/interpreter/linkResolver.cpp, line 773]
Event: 9.071 Thread 0x000002712cf63800 Exception <a 'java/lang/IncompatibleClassChangeError'{0x0000000088b3fc70}: Found class java.lang.Object, but interface was expected> (0x0000000088b3fc70) thrown at [./src/hotspot/share/interpreter/linkResolver.cpp, line 839]
Event: 9.138 Thread 0x000002712cf63800 Exception <a 'java/lang/NoSuchMethodError'{0x0000000088ae1ba0}: 'java.lang.Object java.lang.invoke.DirectMethodHandle$Holder.invokeStatic(java.lang.Object, java.lang.Object, java.lang.Object, int)'> (0x0000000088ae1ba0) thrown at [./src/hotspot/share/interpreter/linkResolver.cpp, line 773]
Event: 9.140 Thread 0x000002712cf63800 Exception <a 'java/lang/NoSuchMethodError'{0x0000000088ae61b8}: 'java.lang.Object java.lang.invoke.DirectMethodHandle$Holder.invokeSpecial(java.lang.Object, java.lang.Object, java.lang.Object, java.lang.Object, int)'> (0x0000000088ae61b8) thrown at [./src/hotspot/share/interpreter/linkResolver.cpp, line 773]
Event: 9.141 Thread 0x000002712cf63800 Exception <a 'java/lang/NoSuchMethodError'{0x0000000088aea0f0}: 'java.lang.Object java.lang.invoke.Invokers$Holder.linkToTargetMethod(java.lang.Object, java.lang.Object, int, java.lang.Object)'> (0x0000000088aea0f0) thrown at [./src/hotspot/share/interpreter/linkResolver.cpp, line 773]
Event: 9.313 Thread 0x000002712cf63800 Exception <a 'java/lang/NoSuchMethodError'{0x00000000885f4900}: 'int java.lang.invoke.DirectMethodHandle$Holder.invokeStaticInit(java.lang.Object)'> (0x00000000885f4900) thrown at [./src/hotspot/share/interpreter/linkResolver.cpp, line 773]
Event: 9.842 Thread 0x000002712cf63800 Exception <a 'java/lang/NoSuchMethodError'{0x0000000087b4ca28}: 'void java.lang.invoke.DirectMethodHandle$Holder.invokeStatic(java.lang.Object, java.lang.Object, java.lang.Object, int, java.lang.Object)'> (0x0000000087b4ca28) thrown at [./src/hotspot/share/interpreter/linkResolver.cpp, line 773]

Events (20 events):
Event: 10.246 Thread 0x00000271313b7800 Thread added: 0x00000271313b7800
Event: 10.247 Thread 0x00000271313b8000 Thread added: 0x00000271313b8000
Event: 10.248 Thread 0x00000271313b9000 Thread added: 0x00000271313b9000
Event: 10.249 Thread 0x00000271313b3800 Thread added: 0x00000271313b3800
Event: 10.249 Thread 0x00000271313ba000 Thread added: 0x00000271313ba000
Event: 10.250 Thread 0x00000271313ba800 Thread added: 0x00000271313ba800
Event: 10.251 Thread 0x000002712dc41800 Thread added: 0x000002712dc41800
Event: 10.252 Thread 0x000002712dc3e800 Thread added: 0x000002712dc3e800
Event: 10.255 Thread 0x000002712dc42800 Thread added: 0x000002712dc42800
Event: 10.256 Thread 0x000002712dc41000 Thread added: 0x000002712dc41000
Event: 10.257 Thread 0x000002712dc3c800 Thread added: 0x000002712dc3c800
Event: 10.258 Thread 0x000002712dc43800 Thread added: 0x000002712dc43800
Event: 10.258 Thread 0x000002712dc3d800 Thread added: 0x000002712dc3d800
Event: 10.259 Thread 0x000002712dc45000 Thread added: 0x000002712dc45000
Event: 10.260 Thread 0x000002712dc40000 Thread added: 0x000002712dc40000
Event: 10.261 Thread 0x000002712dc44000 Thread added: 0x000002712dc44000
Event: 10.263 Thread 0x000002712dc3f000 Thread added: 0x000002712dc3f000
Event: 10.263 Thread 0x000002712dc4a000 Thread added: 0x000002712dc4a000
Event: 10.264 Thread 0x000002712dc45800 Thread added: 0x000002712dc45800
Event: 10.266 Thread 0x000002712dc46800 Thread added: 0x000002712dc46800


Dynamic libraries:
0x00007ff641f50000 - 0x00007ff641f5a000 	C:\Program Files\Android\Android Studio\jre\bin\java.exe
0x00007ffb26310000 - 0x00007ffb26507000 	C:\WINDOWS\SYSTEM32\ntdll.dll
0x00007ffb24370000 - 0x00007ffb2442d000 	C:\WINDOWS\System32\KERNEL32.DLL
0x00007ffb23b30000 - 0x00007ffb23dfd000 	C:\WINDOWS\System32\KERNELBASE.dll
0x00007ffb23a30000 - 0x00007ffb23b30000 	C:\WINDOWS\System32\ucrtbase.dll
0x00007ffb05790000 - 0x00007ffb057a7000 	C:\Program Files\Android\Android Studio\jre\bin\VCRUNTIME140.dll
0x00007ffaf5270000 - 0x00007ffaf5289000 	C:\Program Files\Android\Android Studio\jre\bin\jli.dll
0x00007ffb26130000 - 0x00007ffb262d0000 	C:\WINDOWS\System32\USER32.dll
0x00007ffb23f10000 - 0x00007ffb23f32000 	C:\WINDOWS\System32\win32u.dll
0x00007ffb244b0000 - 0x00007ffb244da000 	C:\WINDOWS\System32\GDI32.dll
0x00007ffb165f0000 - 0x00007ffb1688a000 	C:\WINDOWS\WinSxS\amd64_microsoft.windows.common-controls_6595b64144ccf1df_6.0.19041.1110_none_60b5254171f9507e\COMCTL32.dll
0x00007ffb23e00000 - 0x00007ffb23f0b000 	C:\WINDOWS\System32\gdi32full.dll
0x00007ffb25af0000 - 0x00007ffb25b8e000 	C:\WINDOWS\System32\msvcrt.dll
0x00007ffb24000000 - 0x00007ffb2409d000 	C:\WINDOWS\System32\msvcp_win.dll
0x00007ffb24a60000 - 0x00007ffb24a90000 	C:\WINDOWS\System32\IMM32.DLL
0x00007ffab3670000 - 0x00007ffab370d000 	C:\Program Files\Android\Android Studio\jre\bin\msvcp140.dll
0x00007ffad7e50000 - 0x00007ffad891f000 	C:\Program Files\Android\Android Studio\jre\bin\server\jvm.dll
0x00007ffb25530000 - 0x00007ffb255de000 	C:\WINDOWS\System32\ADVAPI32.dll
0x00007ffb255e0000 - 0x00007ffb2567c000 	C:\WINDOWS\System32\sechost.dll
0x00007ffb24930000 - 0x00007ffb24a55000 	C:\WINDOWS\System32\RPCRT4.dll
0x00007ffb25350000 - 0x00007ffb25358000 	C:\WINDOWS\System32\PSAPI.DLL
0x00007ffb1f650000 - 0x00007ffb1f659000 	C:\WINDOWS\SYSTEM32\WSOCK32.dll
0x00007ffb12320000 - 0x00007ffb12347000 	C:\WINDOWS\SYSTEM32\WINMM.dll
0x00007ffb171f0000 - 0x00007ffb171fa000 	C:\WINDOWS\SYSTEM32\VERSION.dll
0x00007ffb25360000 - 0x00007ffb253cb000 	C:\WINDOWS\System32\WS2_32.dll
0x00007ffb22310000 - 0x00007ffb22322000 	C:\WINDOWS\SYSTEM32\kernel.appcore.dll
0x00007ffb1e5d0000 - 0x00007ffb1e5e1000 	C:\Program Files\Android\Android Studio\jre\bin\verify.dll
0x00007ffb220a0000 - 0x00007ffb22284000 	C:\WINDOWS\SYSTEM32\DBGHELP.DLL
0x00007ffb174b0000 - 0x00007ffb174dc000 	C:\WINDOWS\SYSTEM32\dbgcore.DLL
0x00007ffb24180000 - 0x00007ffb24202000 	C:\WINDOWS\System32\bcryptPrimitives.dll
0x00007ffb1e5a0000 - 0x00007ffb1e5c9000 	C:\Program Files\Android\Android Studio\jre\bin\java.dll
0x00007ffb1f5f0000 - 0x00007ffb1f5fb000 	C:\Program Files\Android\Android Studio\jre\bin\jimage.dll
0x00007ffb1e4e0000 - 0x00007ffb1e4f8000 	C:\Program Files\Android\Android Studio\jre\bin\zip.dll
0x00007ffb24c00000 - 0x00007ffb25344000 	C:\WINDOWS\System32\SHELL32.dll
0x00007ffb21840000 - 0x00007ffb21fd4000 	C:\WINDOWS\SYSTEM32\windows.storage.dll
0x00007ffb25c40000 - 0x00007ffb25f94000 	C:\WINDOWS\System32\combase.dll
0x00007ffb23490000 - 0x00007ffb234bc000 	C:\WINDOWS\SYSTEM32\Wldp.dll
0x00007ffb25b90000 - 0x00007ffb25c3d000 	C:\WINDOWS\System32\SHCORE.dll
0x00007ffb245b0000 - 0x00007ffb24605000 	C:\WINDOWS\System32\shlwapi.dll
0x00007ffb23970000 - 0x00007ffb2398f000 	C:\WINDOWS\SYSTEM32\profapi.dll
0x00007ffb1d1a0000 - 0x00007ffb1d1ba000 	C:\Program Files\Android\Android Studio\jre\bin\net.dll
0x00007ffb15380000 - 0x00007ffb1548a000 	C:\WINDOWS\SYSTEM32\WINHTTP.dll
0x00007ffb231f0000 - 0x00007ffb2325a000 	C:\WINDOWS\system32\mswsock.dll
0x00007ffb1c750000 - 0x00007ffb1c764000 	C:\Program Files\Android\Android Studio\jre\bin\nio.dll
0x00007ffb11c50000 - 0x00007ffb11c77000 	C:\Users\as\.gradle\native\f6784746aeab05261644944871eae4fe03e0ef1612fff0a4a95f87b438bc6780\windows-amd64\native-platform.dll
0x00007ffb1f5b0000 - 0x00007ffb1f5ba000 	C:\Program Files\Android\Android Studio\jre\bin\management.dll
0x00007ffb1f4f0000 - 0x00007ffb1f4fc000 	C:\Program Files\Android\Android Studio\jre\bin\management_ext.dll
0x00007ffb233e0000 - 0x00007ffb233f8000 	C:\WINDOWS\SYSTEM32\CRYPTSP.dll
0x00007ffb22b00000 - 0x00007ffb22b34000 	C:\WINDOWS\system32\rsaenh.dll
0x00007ffb240a0000 - 0x00007ffb240c7000 	C:\WINDOWS\System32\bcrypt.dll
0x00007ffb23930000 - 0x00007ffb2395e000 	C:\WINDOWS\SYSTEM32\USERENV.dll
0x00007ffb23400000 - 0x00007ffb2340c000 	C:\WINDOWS\SYSTEM32\CRYPTBASE.dll
0x00007ffb22e90000 - 0x00007ffb22ecb000 	C:\WINDOWS\SYSTEM32\IPHLPAPI.DLL
0x00007ffb253e0000 - 0x00007ffb253e8000 	C:\WINDOWS\System32\NSI.dll
0x00007ffb1add0000 - 0x00007ffb1ade7000 	C:\WINDOWS\SYSTEM32\dhcpcsvc6.DLL
0x00007ffb1af60000 - 0x00007ffb1af7d000 	C:\WINDOWS\SYSTEM32\dhcpcsvc.DLL
0x00007ffb22ed0000 - 0x00007ffb22f9b000 	C:\WINDOWS\SYSTEM32\DNSAPI.dll
0x00007ffb1b720000 - 0x00007ffb1b72b000 	C:\WINDOWS\SYSTEM32\WINNSI.DLL

dbghelp: loaded successfully - version: 4.0.5 - missing functions: none
symbol engine: initialized successfully - sym options: 0x614 - pdb path: .;C:\Program Files\Android\Android Studio\jre\bin;C:\WINDOWS\SYSTEM32;C:\WINDOWS\WinSxS\amd64_microsoft.windows.common-controls_6595b64144ccf1df_6.0.19041.1110_none_60b5254171f9507e;C:\Program Files\Android\Android Studio\jre\bin\server;C:\Users\as\.gradle\native\f6784746aeab05261644944871eae4fe03e0ef1612fff0a4a95f87b438bc6780\windows-amd64

VM Arguments:
jvm_args: --add-opens=java.base/java.util=ALL-UNNAMED --add-opens=java.base/java.lang=ALL-UNNAMED --add-opens=java.base/java.lang.invoke=ALL-UNNAMED --add-opens=java.prefs/java.util.prefs=ALL-UNNAMED -Xmx2048m -Dfile.encoding=UTF-8 -Duser.country=US -Duser.language=en -Duser.variant 
java_command: org.gradle.launcher.daemon.bootstrap.GradleDaemon 6.5
java_class_path (initial): C:\Users\as\.gradle\wrapper\dists\gradle-6.5-all\2oz4ud9k3tuxjg84bbf55q0tn\gradle-6.5\lib\gradle-launcher-6.5.jar
Launcher Type: SUN_STANDARD

[Global flags]
     intx CICompilerCount                          = 3                                         {product} {ergonomic}
     uint ConcGCThreads                            = 1                                         {product} {ergonomic}
     uint G1ConcRefinementThreads                  = 4                                         {product} {ergonomic}
   size_t G1HeapRegionSize                         = 1048576                                   {product} {ergonomic}
    uintx GCDrainStackTargetSize                   = 64                                        {product} {ergonomic}
   size_t InitialHeapSize                          = 134217728                                 {product} {ergonomic}
   size_t MarkStackSize                            = 4194304                                   {product} {ergonomic}
   size_t MaxHeapSize                              = 2147483648                                {product} {command line}
   size_t MaxNewSize                               = 1287651328                                {product} {ergonomic}
   size_t MinHeapDeltaBytes                        = 1048576                                   {product} {ergonomic}
    uintx NonNMethodCodeHeapSize                   = 5830732                                {pd product} {ergonomic}
    uintx NonProfiledCodeHeapSize                  = 122913754                              {pd product} {ergonomic}
    uintx ProfiledCodeHeapSize                     = 122913754                              {pd product} {ergonomic}
    uintx ReservedCodeCacheSize                    = 251658240                              {pd product} {ergonomic}
     bool SegmentedCodeCache                       = true                                      {product} {ergonomic}
     bool UseCompressedClassPointers               = true                                 {lp64_product} {ergonomic}
     bool UseCompressedOops                        = true                                 {lp64_product} {ergonomic}
     bool UseG1GC                                  = true                                      {product} {ergonomic}
     bool UseLargePagesIndividualAllocation        = false                                  {pd product} {ergonomic}

Logging:
Log output configuration:
 #0: stdout all=warning uptime,level,tags
 #1: stderr all=off uptime,level,tags

Environment Variables:
JAVA_HOME=C:\Program Files\Java\jdk-15.0.2
PATH=C:\Program Files\Common Files\Oracle\Java\javapath;C:\WINDOWS\system32;C:\WINDOWS;C:\WINDOWS\System32\Wbem;C:\WINDOWS\System32\WindowsPowerShell\v1.0\;C:\WINDOWS\System32\OpenSSH\;C:\Program Files\Git\cmd;C:\Program Files\Java\jdk-15.0.2\bin;C:\Program Files\nodejs\;C:\Program Files (x86)\Microsoft SQL Server\100\Tools\Binn\;C:\Program Files\Microsoft SQL Server\100\Tools\Binn\;C:\Program Files\Microsoft SQL Server\100\DTS\Binn\;C:\Program Files\dotnet\;C:\Users\as\AppData\Local\Microsoft\WindowsApps;C:\Users\as\AppData\Local\Android\Sdk\platform-tools;C:\src\flutter\bin;C:\Users\as\AppData\Local\Programs\Microsoft VS Code\bin;C:\Users\as\AppData\Roaming\npm;;E:\IntelliJ IDEA Community Edition 2022.1.3\bin;;C:\Users\as\.dotnet\tools
USERNAME=as
OS=Windows_NT
PROCESSOR_IDENTIFIER=Intel64 Family 6 Model 60 Stepping 3, GenuineIntel



---------------  S Y S T E M  ---------------

OS: Windows 10 , 64 bit Build 19041 (10.0.19041.1741)
OS uptime: 13 days 7:02 hours

CPU:total 4 (initial active 4) (2 cores per cpu, 2 threads per core) family 6 model 60 stepping 3 microcode 0x27, cmov, cx8, fxsr, mmx, sse, sse2, sse3, ssse3, sse4.1, sse4.2, popcnt, avx, avx2, aes, clmul, erms, lzcnt, ht, tsc, tscinvbit, bmi1, bmi2, fma

Memory: 4k page, system-wide physical 8105M (1178M free)
TotalPageFile size 11004M (AvailPageFile size 1M)
current process WorkingSet (physical memory assigned to process): 262M, peak: 262M
current process commit charge ("private bytes"): 349M, peak: 349M

vm_info: OpenJDK 64-Bit Server VM (11.0.10+0-b96-7249189) for windows-amd64 JRE (11.0.10+0-b96-7249189), built on Mar 31 2021 21:44:00 by "builder" with MS VC++ 14.0 (VS2015)

END.
