#
# There is insufficient memory for the Java Runtime Environment to continue.
# Native memory allocation (mmap) failed to map 27262976 bytes for Failed to commit area from 0x0000000088000000 to 0x0000000089a00000 of length 27262976.
# Possible reasons:
#   The system is out of physical RAM or swap space
#   The process is running with CompressedOops enabled, and the Java Heap may be blocking the growth of the native heap
# Possible solutions:
#   Reduce memory load on the system
#   Increase physical memory or swap space
#   Check if swap backing store is full
#   Decrease Java heap size (-Xmx/-Xms)
#   Decrease number of Java threads
#   Decrease Java thread stack sizes (-Xss)
#   Set larger code cache with -XX:ReservedCodeCacheSize=
#   JVM is running with Unscaled Compressed Oops mode in which the Java heap is
#     placed in the first 4GB address space. The Java Heap base address is the
#     maximum limit for the native heap growth. Please use -XX:HeapBaseMinAddress
#     to set the Java Heap base and to place the Java Heap above 4GB virtual address.
# This output file may be truncated or incomplete.
#
#  Out of Memory Error (./src/hotspot/os/windows/os_windows.cpp:3301), pid=12528, tid=13176
#
# JRE version: OpenJDK Runtime Environment (11.0.10) (build 11.0.10+0-b96-7249189)
# Java VM: OpenJDK 64-Bit Server VM (11.0.10+0-b96-7249189, mixed mode, tiered, compressed oops, g1 gc, windows-amd64)
# No core dump will be written. Minidumps are not enabled by default on client versions of Windows
#

---------------  S U M M A R Y ------------

Command Line: --add-opens=java.base/java.util=ALL-UNNAMED --add-opens=java.base/java.lang=ALL-UNNAMED --add-opens=java.base/java.lang.invoke=ALL-UNNAMED --add-opens=java.prefs/java.util.prefs=ALL-UNNAMED -Xmx2048m -Dfile.encoding=UTF-8 -Duser.country=US -Duser.language=en -Duser.variant org.gradle.launcher.daemon.bootstrap.GradleDaemon 6.5

Host: Intel(R) Core(TM) i5-4200M CPU @ 2.50GHz, 4 cores, 7G,  Windows 10 , 64 bit Build 19041 (10.0.19041.1741)
Time: Mon Jul 18 21:42:52 2022 Pakistan Standard Time elapsed time: 6.859804 seconds (0d 0h 0m 6s)

---------------  T H R E A D  ---------------

Current thread (0x000001e6c608b000):  VMThread "VM Thread" [stack: 0x00000026f6200000,0x00000026f6300000] [id=13176]

Stack: [0x00000026f6200000,0x00000026f6300000]
[error occurred during error reporting (printing stack bounds), id 0xc0000005, EXCEPTION_ACCESS_VIOLATION (0xc0000005) at pc=0x000001e6af880f2d]

Native frames: (J=compiled Java code, j=interpreted, Vv=VM code, C=native code)
V  [jvm.dll+0x5ecfaa]
V  [jvm.dll+0x722bd5]
V  [jvm.dll+0x72412d]
V  [jvm.dll+0x724745]
V  [jvm.dll+0x7246fb]
V  [jvm.dll+0x5ec348]
V  [jvm.dll+0x5ecad8]
C  [ntdll.dll+0xa209f]
C  [ntdll.dll+0x51454]
C  [ntdll.dll+0xa0bce]
C  0x000001e6af880f2d

VM_Operation (0x00000026f77f7580): CollectForMetadataAllocation, mode: safepoint, requested by thread 0x000001e6c7eda800


---------------  P R O C E S S  ---------------

Threads class SMR info:
_java_thread_list=0x000001e6c8d8b760, length=49, elements={
0x000001e6abd8a800, 0x000001e6c608d800, 0x000001e6c6091000, 0x000001e6c6a22800,
0x000001e6c6a23800, 0x000001e6c60aa800, 0x000001e6c60b0000, 0x000001e6c60b5800,
0x000001e6c60c4000, 0x000001e6c6b75000, 0x000001e6c84f2000, 0x000001e6c77b1000,
0x000001e6c744e800, 0x000001e6c830b800, 0x000001e6c774d000, 0x000001e6c887e000,
0x000001e6c7eda800, 0x000001e6c8432000, 0x000001e6c8346800, 0x000001e6c8347800,
0x000001e6c8346000, 0x000001e6c834b000, 0x000001e6c834b800, 0x000001e6c88c3800,
0x000001e6c8348800, 0x000001e6c8349000, 0x000001e6c834a000, 0x000001e6c834c800,
0x000001e6cad14000, 0x000001e6cad12800, 0x000001e6cad15000, 0x000001e6cad16000,
0x000001e6cad16800, 0x000001e6cad11000, 0x000001e6cad12000, 0x000001e6cad17800,
0x000001e6cad19000, 0x000001e6cad13800, 0x000001e6cad1a000, 0x000001e6cad18800,
0x000001e6cad1d000, 0x000001e6cad1b000, 0x000001e6cad1f800, 0x000001e6cad1e000,
0x000001e6cad1b800, 0x000001e6cad1c800, 0x000001e6cad1f000, 0x000001e6cad4a800,
0x000001e6cad4a000
}

Java Threads: ( => current thread )
  0x000001e6abd8a800 JavaThread "main" [_thread_blocked, id=15720, stack(0x00000026f5c00000,0x00000026f5d00000)]
  0x000001e6c608d800 JavaThread "Reference Handler" daemon [_thread_blocked, id=2284, stack(0x00000026f6300000,0x00000026f6400000)]
  0x000001e6c6091000 JavaThread "Finalizer" daemon [_thread_blocked, id=14224, stack(0x00000026f6400000,0x00000026f6500000)]
  0x000001e6c6a22800 JavaThread "Signal Dispatcher" daemon [_thread_blocked, id=14136, stack(0x00000026f6500000,0x00000026f6600000)]
  0x000001e6c6a23800 JavaThread "Attach Listener" daemon [_thread_blocked, id=13396, stack(0x00000026f6600000,0x00000026f6700000)]
  0x000001e6c60aa800 JavaThread "Service Thread" daemon [_thread_blocked, id=11064, stack(0x00000026f6700000,0x00000026f6800000)]
  0x000001e6c60b0000 JavaThread "C2 CompilerThread0" daemon [_thread_blocked, id=2480, stack(0x00000026f6800000,0x00000026f6900000)]
  0x000001e6c60b5800 JavaThread "C1 CompilerThread0" daemon [_thread_blocked, id=5588, stack(0x00000026f6900000,0x00000026f6a00000)]
  0x000001e6c60c4000 JavaThread "Sweeper thread" daemon [_thread_blocked, id=14420, stack(0x00000026f6a00000,0x00000026f6b00000)]
  0x000001e6c6b75000 JavaThread "Common-Cleaner" daemon [_thread_blocked, id=16928, stack(0x00000026f6b00000,0x00000026f6c00000)]
  0x000001e6c84f2000 JavaThread "Daemon health stats" [_thread_blocked, id=10764, stack(0x00000026f7000000,0x00000026f7100000)]
  0x000001e6c77b1000 JavaThread "Incoming local TCP Connector on port 61823" [_thread_in_native, id=14060, stack(0x00000026f7200000,0x00000026f7300000)]
  0x000001e6c744e800 JavaThread "Daemon periodic checks" [_thread_blocked, id=17272, stack(0x00000026f7300000,0x00000026f7400000)]
  0x000001e6c830b800 JavaThread "Daemon" [_thread_blocked, id=6580, stack(0x00000026f7400000,0x00000026f7500000)]
  0x000001e6c774d000 JavaThread "Handler for socket connection from /127.0.0.1:61823 to /127.0.0.1:61824" [_thread_in_native, id=2428, stack(0x00000026f7500000,0x00000026f7600000)]
  0x000001e6c887e000 JavaThread "Cancel handler" [_thread_blocked, id=15300, stack(0x00000026f7600000,0x00000026f7700000)]
  0x000001e6c7eda800 JavaThread "Daemon worker" [_thread_blocked, id=12588, stack(0x00000026f7700000,0x00000026f7800000)]
  0x000001e6c8432000 JavaThread "Asynchronous log dispatcher for DefaultDaemonConnection: socket connection from /127.0.0.1:61823 to /127.0.0.1:61824" [_thread_blocked, id=12768, stack(0x00000026f7800000,0x00000026f7900000)]
  0x000001e6c8346800 JavaThread "Stdin handler" [_thread_blocked, id=5600, stack(0x00000026f7900000,0x00000026f7a00000)]
  0x000001e6c8347800 JavaThread "Thread-8" [_thread_blocked, id=2996, stack(0x00000026f7a00000,0x00000026f7b00000)]
  0x000001e6c8346000 JavaThread "Cache worker for journal cache (C:\Users\as\.gradle\caches\journal-1)" [_thread_blocked, id=11356, stack(0x00000026f7c00000,0x00000026f7d00000)]
  0x000001e6c834b000 JavaThread "File lock request listener" [_thread_in_native, id=15060, stack(0x00000026f7d00000,0x00000026f7e00000)]
  0x000001e6c834b800 JavaThread "Cache worker for file hash cache (C:\Users\as\.gradle\caches\6.5\fileHashes)" [_thread_blocked, id=11144, stack(0x00000026f7e00000,0x00000026f7f00000)]
  0x000001e6c88c3800 JavaThread "C2 CompilerThread1" daemon [_thread_blocked, id=2852, stack(0x00000026f7f00000,0x00000026f8000000)]
  0x000001e6c8348800 JavaThread "Cache worker for file hash cache (F:\MVVMTodo-Part-14_Restoring-the-Fragment-SearchView\.gradle\6.5\fileHashes)" [_thread_blocked, id=2344, stack(0x00000026f8000000,0x00000026f8100000)]
  0x000001e6c8349000 JavaThread "jar transforms" [_thread_blocked, id=11212, stack(0x00000026f8100000,0x00000026f8200000)]
  0x000001e6c834a000 JavaThread "jar transforms Thread 2" [_thread_blocked, id=10780, stack(0x00000026f8200000,0x00000026f8300000)]
  0x000001e6c834c800 JavaThread "jar transforms Thread 3" [_thread_blocked, id=1920, stack(0x00000026f8300000,0x00000026f8400000)]
  0x000001e6cad14000 JavaThread "jar transforms Thread 4" [_thread_blocked, id=10460, stack(0x00000026f8400000,0x00000026f8500000)]
  0x000001e6cad12800 JavaThread "jar transforms Thread 5" [_thread_blocked, id=3320, stack(0x00000026f8500000,0x00000026f8600000)]
  0x000001e6cad15000 JavaThread "jar transforms Thread 6" [_thread_blocked, id=11416, stack(0x00000026f8600000,0x00000026f8700000)]
  0x000001e6cad16000 JavaThread "jar transforms Thread 7" [_thread_blocked, id=824, stack(0x00000026f8700000,0x00000026f8800000)]
  0x000001e6cad16800 JavaThread "jar transforms Thread 8" [_thread_blocked, id=8448, stack(0x00000026f8800000,0x00000026f8900000)]
  0x000001e6cad11000 JavaThread "jar transforms Thread 9" [_thread_blocked, id=4756, stack(0x00000026f8900000,0x00000026f8a00000)]
  0x000001e6cad12000 JavaThread "jar transforms Thread 10" [_thread_blocked, id=11088, stack(0x00000026f8a00000,0x00000026f8b00000)]
  0x000001e6cad17800 JavaThread "jar transforms Thread 11" [_thread_blocked, id=6396, stack(0x00000026f8b00000,0x00000026f8c00000)]
  0x000001e6cad19000 JavaThread "jar transforms Thread 12" [_thread_blocked, id=13308, stack(0x00000026f8c00000,0x00000026f8d00000)]
  0x000001e6cad13800 JavaThread "jar transforms Thread 13" [_thread_blocked, id=1860, stack(0x00000026f8d00000,0x00000026f8e00000)]
  0x000001e6cad1a000 JavaThread "jar transforms Thread 14" [_thread_blocked, id=7504, stack(0x00000026f8e00000,0x00000026f8f00000)]
  0x000001e6cad18800 JavaThread "jar transforms Thread 15" [_thread_blocked, id=2920, stack(0x00000026f8f00000,0x00000026f9000000)]
  0x000001e6cad1d000 JavaThread "jar transforms Thread 16" [_thread_blocked, id=14736, stack(0x00000026f9000000,0x00000026f9100000)]
  0x000001e6cad1b000 JavaThread "jar transforms Thread 17" [_thread_blocked, id=14996, stack(0x00000026f9100000,0x00000026f9200000)]
  0x000001e6cad1f800 JavaThread "jar transforms Thread 18" [_thread_blocked, id=15540, stack(0x00000026f9200000,0x00000026f9300000)]
  0x000001e6cad1e000 JavaThread "jar transforms Thread 19" [_thread_blocked, id=3296, stack(0x00000026f9300000,0x00000026f9400000)]
  0x000001e6cad1b800 JavaThread "jar transforms Thread 20" [_thread_blocked, id=14500, stack(0x00000026f9400000,0x00000026f9500000)]
  0x000001e6cad1c800 JavaThread "Cache worker for checksums cache (F:\MVVMTodo-Part-14_Restoring-the-Fragment-SearchView\.gradle\checksums)" [_thread_blocked, id=9140, stack(0x00000026f9500000,0x00000026f9600000)]
  0x000001e6cad1f000 JavaThread "Cache worker for cache directory md-supplier (C:\Users\as\.gradle\caches\6.5\md-supplier)" [_thread_blocked, id=16660, stack(0x00000026f9600000,0x00000026f9700000)]
  0x000001e6cad4a800 JavaThread "Cache worker for cache directory md-rule (C:\Users\as\.gradle\caches\6.5\md-rule)" [_thread_blocked, id=5916, stack(0x00000026f9700000,0x00000026f9800000)]
  0x000001e6cad4a000 JavaThread "Cache worker for execution history cache (C:\Users\as\.gradle\caches\6.5\executionHistory)" [_thread_blocked, id=15928, stack(0x00000026f9800000,0x00000026f9900000)]

Other Threads:
=>0x000001e6c608b000 VMThread "VM Thread" [stack: 0x00000026f6200000,0x00000026f6300000] [id=13176]
  0x000001e6c6b9a000 WatcherThread [stack: 0x00000026f6c00000,0x00000026f6d00000] [id=7380]
  0x000001e6abda4000 GCTaskThread "GC Thread#0" [stack: 0x00000026f5d00000,0x00000026f5e00000] [id=16392]
  0x000001e6c6f13000 GCTaskThread "GC Thread#1" [stack: 0x00000026f6e00000,0x00000026f6f00000] [id=13480]
  0x000001e6c6f62000 GCTaskThread "GC Thread#2" [stack: 0x00000026f6f00000,0x00000026f7000000] [id=8732]
  0x000001e6c8838800 GCTaskThread "GC Thread#3" [stack: 0x00000026f7b00000,0x00000026f7c00000] [id=17136]
  0x000001e6abdd3800 ConcurrentGCThread "G1 Main Marker" [stack: 0x00000026f5e00000,0x00000026f5f00000] [id=10372]
  0x000001e6abdd7000 ConcurrentGCThread "G1 Conc#0" [stack: 0x00000026f5f00000,0x00000026f6000000] [id=17240]
  0x000001e6abe68000 ConcurrentGCThread "G1 Refine#0" [stack: 0x00000026f6000000,0x00000026f6100000] [id=1396]
  0x000001e6abe69000 ConcurrentGCThread "G1 Young RemSet Sampling" [stack: 0x00000026f6100000,0x00000026f6200000] [id=4544]

Threads with active compile tasks:

VM state:at safepoint (normal execution)

VM Mutex/Monitor currently owned by a thread:  ([mutex/lock_event])
[0x000001e6abd86660] Threads_lock - owner thread: 0x000001e6c608b000
[0x000001e6abd87860] Heap_lock - owner thread: 0x000001e6c7eda800

Heap address: 0x0000000080000000, size: 2048 MB, Compressed Oops mode: 32-bit
Narrow klass base: 0x0000000000000000, Narrow klass shift: 3
Compressed class space size: 1073741824 Address: 0x0000000100000000

Heap:
 garbage-first heap   total 157696K, used 33837K [0x0000000080000000, 0x0000000100000000)
  region size 1024K, 8 young (8192K), 8 survivors (8192K)
 Metaspace       used 34805K, capacity 35540K, committed 35628K, reserved 1081344K
  class space    used 4441K, capacity 4730K, committed 4736K, reserved 1048576K
Heap Regions: E=young(eden), S=young(survivor), O=old, HS=humongous(starts), HC=humongous(continues), CS=collection set, F=free, A=archive, TAMS=top-at-mark-start (previous, next)
|   0|0x0000000080000000, 0x0000000080100000, 0x0000000080100000|100%| O|  |TAMS 0x0000000080100000, 0x0000000080100000| Untracked 
|   1|0x0000000080100000, 0x0000000080200000, 0x0000000080200000|100%| O|  |TAMS 0x0000000080200000, 0x0000000080200000| Untracked 
|   2|0x0000000080200000, 0x0000000080300000, 0x0000000080300000|100%| O|  |TAMS 0x0000000080300000, 0x0000000080300000| Untracked 
|   3|0x0000000080300000, 0x0000000080400000, 0x0000000080400000|100%|HS|  |TAMS 0x0000000080400000, 0x0000000080400000| Complete 
|   4|0x0000000080400000, 0x0000000080500000, 0x0000000080500000|100%|HC|  |TAMS 0x0000000080500000, 0x0000000080500000| Complete 
|   5|0x0000000080500000, 0x0000000080600000, 0x0000000080600000|100%|HC|  |TAMS 0x0000000080600000, 0x0000000080600000| Complete 
|   6|0x0000000080600000, 0x0000000080700000, 0x0000000080700000|100%| O|  |TAMS 0x0000000080700000, 0x0000000080700000| Untracked 
|   7|0x0000000080700000, 0x0000000080800000, 0x0000000080800000|100%| O|  |TAMS 0x0000000080800000, 0x0000000080800000| Untracked 
|   8|0x0000000080800000, 0x0000000080900000, 0x0000000080900000|100%| O|  |TAMS 0x0000000080900000, 0x0000000080900000| Untracked 
|   9|0x0000000080900000, 0x0000000080a00000, 0x0000000080a00000|100%| O|  |TAMS 0x0000000080a00000, 0x0000000080a00000| Untracked 
|  10|0x0000000080a00000, 0x0000000080b00000, 0x0000000080b00000|100%| O|  |TAMS 0x0000000080b00000, 0x0000000080b00000| Untracked 
|  11|0x0000000080b00000, 0x0000000080c00000, 0x0000000080c00000|100%| O|  |TAMS 0x0000000080c00000, 0x0000000080c00000| Untracked 
|  12|0x0000000080c00000, 0x0000000080d00000, 0x0000000080d00000|100%| O|  |TAMS 0x0000000080c42400, 0x0000000080d00000| Untracked 
|  13|0x0000000080d00000, 0x0000000080e00000, 0x0000000080e00000|100%|HS|  |TAMS 0x0000000080d00000, 0x0000000080e00000| Complete 
|  14|0x0000000080e00000, 0x0000000080f00000, 0x0000000080f00000|100%|HC|  |TAMS 0x0000000080e00000, 0x0000000080f00000| Complete 
|  15|0x0000000080f00000, 0x0000000081000000, 0x0000000081000000|100%|HS|  |TAMS 0x0000000080f00000, 0x0000000081000000| Complete 
|  16|0x0000000081000000, 0x0000000081100000, 0x0000000081100000|100%|HC|  |TAMS 0x0000000081000000, 0x0000000081100000| Complete 
|  17|0x0000000081100000, 0x0000000081200000, 0x0000000081200000|100%|HC|  |TAMS 0x0000000081100000, 0x0000000081200000| Complete 
|  18|0x0000000081200000, 0x0000000081300000, 0x0000000081300000|100%|HS|  |TAMS 0x0000000081200000, 0x0000000081300000| Complete 
|  19|0x0000000081300000, 0x0000000081400000, 0x0000000081400000|100%|HC|  |TAMS 0x0000000081300000, 0x0000000081400000| Complete 
|  20|0x0000000081400000, 0x0000000081500000, 0x0000000081500000|100%|HC|  |TAMS 0x0000000081400000, 0x0000000081500000| Complete 
|  21|0x0000000081500000, 0x0000000081600000, 0x0000000081600000|100%|HC|  |TAMS 0x0000000081500000, 0x0000000081600000| Complete 
|  22|0x0000000081600000, 0x0000000081700000, 0x0000000081700000|100%|HC|  |TAMS 0x0000000081600000, 0x0000000081700000| Complete 
|  23|0x0000000081700000, 0x0000000081800000, 0x0000000081800000|100%| O|  |TAMS 0x0000000081700000, 0x0000000081800000| Untracked 
|  24|0x0000000081800000, 0x0000000081900000, 0x0000000081900000|100%| O|  |TAMS 0x0000000081800000, 0x0000000081900000| Untracked 
|  25|0x0000000081900000, 0x000000008190b400, 0x0000000081a00000|  4%| O|  |TAMS 0x0000000081900000, 0x000000008190b400| Untracked 
|  26|0x0000000081a00000, 0x0000000081a00000, 0x0000000081b00000|  0%| F|  |TAMS 0x0000000081a00000, 0x0000000081a00000| Untracked 
|  27|0x0000000081b00000, 0x0000000081b00000, 0x0000000081c00000|  0%| F|  |TAMS 0x0000000081b00000, 0x0000000081b00000| Untracked 
|  28|0x0000000081c00000, 0x0000000081c00000, 0x0000000081d00000|  0%| F|  |TAMS 0x0000000081c00000, 0x0000000081c00000| Untracked 
|  29|0x0000000081d00000, 0x0000000081d00000, 0x0000000081e00000|  0%| F|  |TAMS 0x0000000081d00000, 0x0000000081d00000| Untracked 
|  30|0x0000000081e00000, 0x0000000081e00000, 0x0000000081f00000|  0%| F|  |TAMS 0x0000000081e00000, 0x0000000081e00000| Untracked 
|  31|0x0000000081f00000, 0x0000000081f00000, 0x0000000082000000|  0%| F|  |TAMS 0x0000000081f00000, 0x0000000081f00000| Untracked 
|  32|0x0000000082000000, 0x0000000082000000, 0x0000000082100000|  0%| F|  |TAMS 0x0000000082000000, 0x0000000082000000| Untracked 
|  33|0x0000000082100000, 0x0000000082100000, 0x0000000082200000|  0%| F|  |TAMS 0x0000000082100000, 0x0000000082100000| Untracked 
|  34|0x0000000082200000, 0x0000000082200000, 0x0000000082300000|  0%| F|  |TAMS 0x0000000082200000, 0x0000000082200000| Untracked 
|  35|0x0000000082300000, 0x0000000082300000, 0x0000000082400000|  0%| F|  |TAMS 0x0000000082300000, 0x0000000082300000| Untracked 
|  36|0x0000000082400000, 0x0000000082400000, 0x0000000082500000|  0%| F|  |TAMS 0x0000000082400000, 0x0000000082400000| Untracked 
|  37|0x0000000082500000, 0x0000000082500000, 0x0000000082600000|  0%| F|  |TAMS 0x0000000082500000, 0x0000000082500000| Untracked 
|  38|0x0000000082600000, 0x0000000082600000, 0x0000000082700000|  0%| F|  |TAMS 0x0000000082600000, 0x0000000082600000| Untracked 
|  39|0x0000000082700000, 0x0000000082700000, 0x0000000082800000|  0%| F|  |TAMS 0x0000000082700000, 0x0000000082700000| Untracked 
|  40|0x0000000082800000, 0x0000000082800000, 0x0000000082900000|  0%| F|  |TAMS 0x0000000082800000, 0x0000000082800000| Untracked 
|  41|0x0000000082900000, 0x0000000082900000, 0x0000000082a00000|  0%| F|  |TAMS 0x0000000082900000, 0x0000000082900000| Untracked 
|  42|0x0000000082a00000, 0x0000000082a00000, 0x0000000082b00000|  0%| F|  |TAMS 0x0000000082a00000, 0x0000000082a00000| Untracked 
|  43|0x0000000082b00000, 0x0000000082b00000, 0x0000000082c00000|  0%| F|  |TAMS 0x0000000082b00000, 0x0000000082b00000| Untracked 
|  44|0x0000000082c00000, 0x0000000082c00000, 0x0000000082d00000|  0%| F|  |TAMS 0x0000000082c00000, 0x0000000082c00000| Untracked 
|  45|0x0000000082d00000, 0x0000000082d00000, 0x0000000082e00000|  0%| F|  |TAMS 0x0000000082d00000, 0x0000000082d00000| Untracked 
|  46|0x0000000082e00000, 0x0000000082e00000, 0x0000000082f00000|  0%| F|  |TAMS 0x0000000082e00000, 0x0000000082e00000| Untracked 
|  47|0x0000000082f00000, 0x0000000082f00000, 0x0000000083000000|  0%| F|  |TAMS 0x0000000082f00000, 0x0000000082f00000| Untracked 
|  48|0x0000000083000000, 0x0000000083000000, 0x0000000083100000|  0%| F|  |TAMS 0x0000000083000000, 0x0000000083000000| Untracked 
|  49|0x0000000083100000, 0x0000000083100000, 0x0000000083200000|  0%| F|  |TAMS 0x0000000083100000, 0x0000000083100000| Untracked 
|  50|0x0000000083200000, 0x0000000083200000, 0x0000000083300000|  0%| F|  |TAMS 0x0000000083200000, 0x0000000083200000| Untracked 
|  51|0x0000000083300000, 0x0000000083300000, 0x0000000083400000|  0%| F|  |TAMS 0x0000000083300000, 0x0000000083300000| Untracked 
|  52|0x0000000083400000, 0x0000000083400000, 0x0000000083500000|  0%| F|  |TAMS 0x0000000083400000, 0x0000000083400000| Untracked 
|  53|0x0000000083500000, 0x0000000083500000, 0x0000000083600000|  0%| F|  |TAMS 0x0000000083500000, 0x0000000083500000| Untracked 
|  54|0x0000000083600000, 0x0000000083600000, 0x0000000083700000|  0%| F|  |TAMS 0x0000000083600000, 0x0000000083600000| Untracked 
|  55|0x0000000083700000, 0x0000000083700000, 0x0000000083800000|  0%| F|  |TAMS 0x0000000083700000, 0x0000000083700000| Untracked 
|  56|0x0000000083800000, 0x0000000083800000, 0x0000000083900000|  0%| F|  |TAMS 0x0000000083800000, 0x0000000083800000| Untracked 
|  57|0x0000000083900000, 0x0000000083900000, 0x0000000083a00000|  0%| F|  |TAMS 0x0000000083900000, 0x0000000083900000| Untracked 
|  58|0x0000000083a00000, 0x0000000083a00000, 0x0000000083b00000|  0%| F|  |TAMS 0x0000000083a00000, 0x0000000083a00000| Untracked 
|  59|0x0000000083b00000, 0x0000000083b00000, 0x0000000083c00000|  0%| F|  |TAMS 0x0000000083b00000, 0x0000000083b00000| Untracked 
|  60|0x0000000083c00000, 0x0000000083c00000, 0x0000000083d00000|  0%| F|  |TAMS 0x0000000083c00000, 0x0000000083c00000| Untracked 
|  61|0x0000000083d00000, 0x0000000083d00000, 0x0000000083e00000|  0%| F|  |TAMS 0x0000000083d00000, 0x0000000083d00000| Untracked 
|  62|0x0000000083e00000, 0x0000000083f00000, 0x0000000083f00000|100%| S|CS|TAMS 0x0000000083e00000, 0x0000000083e00000| Complete 
|  63|0x0000000083f00000, 0x0000000084000000, 0x0000000084000000|100%| S|CS|TAMS 0x0000000083f00000, 0x0000000083f00000| Complete 
|  64|0x0000000084000000, 0x0000000084100000, 0x0000000084100000|100%| S|CS|TAMS 0x0000000084000000, 0x0000000084000000| Complete 
|  65|0x0000000084100000, 0x0000000084200000, 0x0000000084200000|100%| S|CS|TAMS 0x0000000084100000, 0x0000000084100000| Complete 
|  66|0x0000000084200000, 0x0000000084300000, 0x0000000084300000|100%| S|CS|TAMS 0x0000000084200000, 0x0000000084200000| Complete 
|  67|0x0000000084300000, 0x0000000084400000, 0x0000000084400000|100%| S|CS|TAMS 0x0000000084300000, 0x0000000084300000| Complete 
|  68|0x0000000084400000, 0x0000000084500000, 0x0000000084500000|100%| S|CS|TAMS 0x0000000084400000, 0x0000000084400000| Complete 
|  69|0x0000000084500000, 0x0000000084600000, 0x0000000084600000|100%| S|CS|TAMS 0x0000000084500000, 0x0000000084500000| Complete 
|  70|0x0000000084600000, 0x0000000084600000, 0x0000000084700000|  0%| F|  |TAMS 0x0000000084600000, 0x0000000084600000| Untracked 
|  71|0x0000000084700000, 0x0000000084700000, 0x0000000084800000|  0%| F|  |TAMS 0x0000000084700000, 0x0000000084700000| Untracked 
|  72|0x0000000084800000, 0x0000000084800000, 0x0000000084900000|  0%| F|  |TAMS 0x0000000084800000, 0x0000000084800000| Untracked 
|  73|0x0000000084900000, 0x0000000084900000, 0x0000000084a00000|  0%| F|  |TAMS 0x0000000084900000, 0x0000000084900000| Untracked 
|  74|0x0000000084a00000, 0x0000000084a00000, 0x0000000084b00000|  0%| F|  |TAMS 0x0000000084a00000, 0x0000000084a00000| Untracked 
|  75|0x0000000084b00000, 0x0000000084b00000, 0x0000000084c00000|  0%| F|  |TAMS 0x0000000084b00000, 0x0000000084b00000| Untracked 
|  76|0x0000000084c00000, 0x0000000084c00000, 0x0000000084d00000|  0%| F|  |TAMS 0x0000000084c00000, 0x0000000084c00000| Untracked 
|  77|0x0000000084d00000, 0x0000000084d00000, 0x0000000084e00000|  0%| F|  |TAMS 0x0000000084d00000, 0x0000000084d00000| Untracked 
|  78|0x0000000084e00000, 0x0000000084e00000, 0x0000000084f00000|  0%| F|  |TAMS 0x0000000084e00000, 0x0000000084e00000| Untracked 
|  79|0x0000000084f00000, 0x0000000084f00000, 0x0000000085000000|  0%| F|  |TAMS 0x0000000084f00000, 0x0000000084f00000| Untracked 
|  80|0x0000000085000000, 0x0000000085000000, 0x0000000085100000|  0%| F|  |TAMS 0x0000000085000000, 0x0000000085000000| Untracked 
|  81|0x0000000085100000, 0x0000000085100000, 0x0000000085200000|  0%| F|  |TAMS 0x0000000085100000, 0x0000000085100000| Untracked 
|  82|0x0000000085200000, 0x0000000085200000, 0x0000000085300000|  0%| F|  |TAMS 0x0000000085200000, 0x0000000085200000| Untracked 
|  83|0x0000000085300000, 0x0000000085300000, 0x0000000085400000|  0%| F|  |TAMS 0x0000000085300000, 0x0000000085300000| Untracked 
|  84|0x0000000085400000, 0x0000000085400000, 0x0000000085500000|  0%| F|  |TAMS 0x0000000085400000, 0x0000000085400000| Untracked 
|  85|0x0000000085500000, 0x0000000085500000, 0x0000000085600000|  0%| F|  |TAMS 0x0000000085500000, 0x0000000085500000| Untracked 
|  86|0x0000000085600000, 0x0000000085600000, 0x0000000085700000|  0%| F|  |TAMS 0x0000000085600000, 0x0000000085600000| Untracked 
|  87|0x0000000085700000, 0x0000000085700000, 0x0000000085800000|  0%| F|  |TAMS 0x0000000085700000, 0x0000000085700000| Untracked 
|  88|0x0000000085800000, 0x0000000085800000, 0x0000000085900000|  0%| F|  |TAMS 0x0000000085800000, 0x0000000085800000| Untracked 
|  89|0x0000000085900000, 0x0000000085900000, 0x0000000085a00000|  0%| F|  |TAMS 0x0000000085900000, 0x0000000085900000| Untracked 
|  90|0x0000000085a00000, 0x0000000085a00000, 0x0000000085b00000|  0%| F|  |TAMS 0x0000000085a00000, 0x0000000085a00000| Untracked 
|  91|0x0000000085b00000, 0x0000000085b00000, 0x0000000085c00000|  0%| F|  |TAMS 0x0000000085b00000, 0x0000000085b00000| Untracked 
|  92|0x0000000085c00000, 0x0000000085c00000, 0x0000000085d00000|  0%| F|  |TAMS 0x0000000085c00000, 0x0000000085c00000| Untracked 
|  93|0x0000000085d00000, 0x0000000085d00000, 0x0000000085e00000|  0%| F|  |TAMS 0x0000000085d00000, 0x0000000085d00000| Untracked 
|  94|0x0000000085e00000, 0x0000000085e00000, 0x0000000085f00000|  0%| F|  |TAMS 0x0000000085e00000, 0x0000000085e00000| Untracked 
|  95|0x0000000085f00000, 0x0000000085f00000, 0x0000000086000000|  0%| F|  |TAMS 0x0000000085f00000, 0x0000000085f00000| Untracked 
|  96|0x0000000086000000, 0x0000000086000000, 0x0000000086100000|  0%| F|  |TAMS 0x0000000086000000, 0x0000000086000000| Untracked 
|  97|0x0000000086100000, 0x0000000086100000, 0x0000000086200000|  0%| F|  |TAMS 0x0000000086100000, 0x0000000086100000| Untracked 
|  98|0x0000000086200000, 0x0000000086200000, 0x0000000086300000|  0%| F|  |TAMS 0x0000000086200000, 0x0000000086200000| Untracked 
|  99|0x0000000086300000, 0x0000000086300000, 0x0000000086400000|  0%| F|  |TAMS 0x0000000086300000, 0x0000000086300000| Untracked 
| 100|0x0000000086400000, 0x0000000086400000, 0x0000000086500000|  0%| F|  |TAMS 0x0000000086400000, 0x0000000086400000| Untracked 
| 101|0x0000000086500000, 0x0000000086500000, 0x0000000086600000|  0%| F|  |TAMS 0x0000000086500000, 0x0000000086500000| Untracked 
| 102|0x0000000086600000, 0x0000000086600000, 0x0000000086700000|  0%| F|  |TAMS 0x0000000086600000, 0x0000000086600000| Untracked 
| 103|0x0000000086700000, 0x0000000086700000, 0x0000000086800000|  0%| F|  |TAMS 0x0000000086700000, 0x0000000086700000| Untracked 
| 104|0x0000000086800000, 0x0000000086800000, 0x0000000086900000|  0%| F|  |TAMS 0x0000000086800000, 0x0000000086800000| Untracked 
| 105|0x0000000086900000, 0x0000000086900000, 0x0000000086a00000|  0%| F|  |TAMS 0x0000000086900000, 0x0000000086900000| Untracked 
| 106|0x0000000086a00000, 0x0000000086a00000, 0x0000000086b00000|  0%| F|  |TAMS 0x0000000086a00000, 0x0000000086a00000| Untracked 
| 107|0x0000000086b00000, 0x0000000086b00000, 0x0000000086c00000|  0%| F|  |TAMS 0x0000000086b00000, 0x0000000086b00000| Untracked 
| 108|0x0000000086c00000, 0x0000000086c00000, 0x0000000086d00000|  0%| F|  |TAMS 0x0000000086c00000, 0x0000000086c00000| Untracked 
| 109|0x0000000086d00000, 0x0000000086d00000, 0x0000000086e00000|  0%| F|  |TAMS 0x0000000086d00000, 0x0000000086d00000| Untracked 
| 110|0x0000000086e00000, 0x0000000086e00000, 0x0000000086f00000|  0%| F|  |TAMS 0x0000000086e00000, 0x0000000086e00000| Untracked 
| 111|0x0000000086f00000, 0x0000000086f00000, 0x0000000087000000|  0%| F|  |TAMS 0x0000000086f00000, 0x0000000086f00000| Untracked 
| 112|0x0000000087000000, 0x0000000087000000, 0x0000000087100000|  0%| F|  |TAMS 0x0000000087000000, 0x0000000087000000| Untracked 
| 113|0x0000000087100000, 0x0000000087100000, 0x0000000087200000|  0%| F|  |TAMS 0x0000000087100000, 0x0000000087100000| Untracked 
| 114|0x0000000087200000, 0x0000000087200000, 0x0000000087300000|  0%| F|  |TAMS 0x0000000087200000, 0x0000000087200000| Untracked 
| 115|0x0000000087300000, 0x0000000087300000, 0x0000000087400000|  0%| F|  |TAMS 0x0000000087300000, 0x0000000087300000| Untracked 
| 116|0x0000000087400000, 0x0000000087400000, 0x0000000087500000|  0%| F|  |TAMS 0x0000000087400000, 0x0000000087400000| Untracked 
| 117|0x0000000087500000, 0x0000000087500000, 0x0000000087600000|  0%| F|  |TAMS 0x0000000087500000, 0x0000000087500000| Untracked 
| 118|0x0000000087600000, 0x0000000087600000, 0x0000000087700000|  0%| F|  |TAMS 0x0000000087600000, 0x0000000087600000| Untracked 
| 119|0x0000000087700000, 0x0000000087700000, 0x0000000087800000|  0%| F|  |TAMS 0x0000000087700000, 0x0000000087700000| Untracked 
| 120|0x0000000087800000, 0x0000000087800000, 0x0000000087900000|  0%| F|  |TAMS 0x0000000087800000, 0x0000000087800000| Untracked 
| 121|0x0000000087900000, 0x0000000087900000, 0x0000000087a00000|  0%| F|  |TAMS 0x0000000087900000, 0x0000000087900000| Untracked 
| 122|0x0000000087a00000, 0x0000000087a00000, 0x0000000087b00000|  0%| F|  |TAMS 0x0000000087a00000, 0x0000000087a00000| Untracked 
| 123|0x0000000087b00000, 0x0000000087b00000, 0x0000000087c00000|  0%| F|  |TAMS 0x0000000087b00000, 0x0000000087b00000| Untracked 
| 124|0x0000000087c00000, 0x0000000087c00000, 0x0000000087d00000|  0%| F|  |TAMS 0x0000000087c00000, 0x0000000087c00000| Untracked 
| 125|0x0000000087d00000, 0x0000000087d00000, 0x0000000087e00000|  0%| F|  |TAMS 0x0000000087d00000, 0x0000000087d00000| Untracked 
| 126|0x0000000087e00000, 0x0000000087e00000, 0x0000000087f00000|  0%| F|  |TAMS 0x0000000087e00000, 0x0000000087e00000| Untracked 
| 127|0x0000000087f00000, 0x0000000087f00000, 0x0000000088000000|  0%| F|  |TAMS 0x0000000087f00000, 0x0000000087f00000| Untracked 

Card table byte_map: [0x000001e6bf2a0000,0x000001e6bf6a0000] _byte_map_base: 0x000001e6beea0000

Marking Bits (Prev, Next): (CMBitMap*) 0x000001e6abdcad80, (CMBitMap*) 0x000001e6abdcad48
 Prev Bits: [0x000001e6c1aa0000, 0x000001e6c3aa0000)
 Next Bits: [0x000001e6bfaa0000, 0x000001e6c1aa0000)

Polling page: 0x000001e6aa4e0000

Metaspace:

Usage:
  Non-class:     30.09 MB capacity,    29.65 MB ( 99%) used,   376.88 KB (  1%) free+waste,    68.44 KB ( <1%) overhead. 
      Class:      4.62 MB capacity,     4.34 MB ( 94%) used,   255.48 KB (  5%) free+waste,    33.50 KB ( <1%) overhead. 
       Both:     34.71 MB capacity,    33.99 MB ( 98%) used,   632.37 KB (  2%) free+waste,   101.94 KB ( <1%) overhead. 

Virtual space:
  Non-class space:       32.00 MB reserved,      30.17 MB ( 94%) committed 
      Class space:        1.00 GB reserved,       4.63 MB ( <1%) committed 
             Both:        1.03 GB reserved,      34.79 MB (  3%) committed 

Chunk freelists:
   Non-Class:  38.00 KB
       Class:  6.00 KB
        Both:  44.00 KB

MaxMetaspaceSize: 17179869184.00 GB
CompressedClassSpaceSize: 1.00 GB

CodeHeap 'non-profiled nmethods': size=120064Kb used=1374Kb max_used=1374Kb free=118689Kb
 bounds [0x000001e6b7340000, 0x000001e6b75b0000, 0x000001e6be880000]
CodeHeap 'profiled nmethods': size=120000Kb used=5744Kb max_used=5744Kb free=114256Kb
 bounds [0x000001e6afe10000, 0x000001e6b03b0000, 0x000001e6b7340000]
CodeHeap 'non-nmethods': size=5696Kb used=1161Kb max_used=1223Kb free=4534Kb
 bounds [0x000001e6af880000, 0x000001e6afaf0000, 0x000001e6afe10000]
 total_blobs=3306 nmethods=2803 adapters=414
 compilation: enabled
              stopped_count=0, restarted_count=0
 full_count=0

Compilation events (20 events):
Event: 6.821 Thread 0x000001e6c60b5800 nmethod 2789 0x000001e6b03a7e90 code [0x000001e6b03a8080, 0x000001e6b03a8558]
Event: 6.821 Thread 0x000001e6c60b5800 2790   !   3       java.util.ImmutableCollections$ListItr::next (34 bytes)
Event: 6.821 Thread 0x000001e6c60b5800 nmethod 2790 0x000001e6b03a8790 code [0x000001e6b03a8960, 0x000001e6b03a8c38]
Event: 6.821 Thread 0x000001e6c60b5800 2791       3       java.util.Arrays$ArrayItr::hasNext (18 bytes)
Event: 6.821 Thread 0x000001e6c60b5800 nmethod 2791 0x000001e6b03a8d90 code [0x000001e6b03a8f40, 0x000001e6b03a90b8]
Event: 6.823 Thread 0x000001e6c88c3800 nmethod 2786 0x000001e6b7496c90 code [0x000001e6b7496e40, 0x000001e6b7496fd8]
Event: 6.824 Thread 0x000001e6c60b5800 2794       3       java.lang.invoke.ClassSpecializer$Factory$1Var::slotSize (8 bytes)
Event: 6.824 Thread 0x000001e6c60b5800 nmethod 2794 0x000001e6b03a9190 code [0x000001e6b03a9340, 0x000001e6b03a9518]
Event: 6.825 Thread 0x000001e6c60b5800 2796       3       jdk.internal.org.objectweb.asm.ClassWriter::addType (103 bytes)
Event: 6.826 Thread 0x000001e6c60b5800 nmethod 2796 0x000001e6b03a9610 code [0x000001e6b03a9820, 0x000001e6b03a9ee8]
Event: 6.826 Thread 0x000001e6c60b5800 2798       3       jdk.internal.org.objectweb.asm.AnnotationWriter::put (109 bytes)
Event: 6.827 Thread 0x000001e6c60b5800 nmethod 2798 0x000001e6b03aa110 code [0x000001e6b03aa320, 0x000001e6b03aa758]
Event: 6.827 Thread 0x000001e6c60b5800 2799       3       jdk.internal.org.objectweb.asm.ClassWriter::visitField (16 bytes)
Event: 6.827 Thread 0x000001e6c60b5800 nmethod 2799 0x000001e6b03aa990 code [0x000001e6b03aab40, 0x000001e6b03aad08]
Event: 6.827 Thread 0x000001e6c60b5800 2800       3       jdk.internal.org.objectweb.asm.FieldWriter::<init> (97 bytes)
Event: 6.828 Thread 0x000001e6c60b5800 nmethod 2800 0x000001e6b03aae10 code [0x000001e6b03ab040, 0x000001e6b03ab5c8]
Event: 6.828 Thread 0x000001e6c60b5800 2801       3       java.lang.invoke.ClassSpecializer$Factory$1Var::isInHeap (13 bytes)
Event: 6.828 Thread 0x000001e6c60b5800 nmethod 2801 0x000001e6b03ab810 code [0x000001e6b03ab9c0, 0x000001e6b03abb18]
Event: 6.828 Thread 0x000001e6c60b5800 2802       3       java.lang.invoke.ClassSpecializer$Factory$1Var::emitFieldInsn (18 bytes)
Event: 6.828 Thread 0x000001e6c60b5800 nmethod 2802 0x000001e6b03abb90 code [0x000001e6b03abd40, 0x000001e6b03abf08]

GC Heap History (13 events):
Event: 0.878 GC heap before
{Heap before GC invocations=0 (full 0):
 garbage-first heap   total 131072K, used 19456K [0x0000000080000000, 0x0000000100000000)
  region size 1024K, 14 young (14336K), 0 survivors (0K)
 Metaspace       used 7580K, capacity 7729K, committed 7936K, reserved 1056768K
  class space    used 706K, capacity 749K, committed 768K, reserved 1048576K
}
Event: 0.883 GC heap after
{Heap after GC invocations=1 (full 0):
 garbage-first heap   total 131072K, used 7920K [0x0000000080000000, 0x0000000100000000)
  region size 1024K, 2 young (2048K), 2 survivors (2048K)
 Metaspace       used 7580K, capacity 7729K, committed 7936K, reserved 1056768K
  class space    used 706K, capacity 749K, committed 768K, reserved 1048576K
}
Event: 1.401 GC heap before
{Heap before GC invocations=1 (full 0):
 garbage-first heap   total 131072K, used 19184K [0x0000000080000000, 0x0000000100000000)
  region size 1024K, 13 young (13312K), 2 survivors (2048K)
 Metaspace       used 10487K, capacity 10757K, committed 11008K, reserved 1058816K
  class space    used 1101K, capacity 1164K, committed 1280K, reserved 1048576K
}
Event: 1.405 GC heap after
{Heap after GC invocations=2 (full 0):
 garbage-first heap   total 131072K, used 8464K [0x0000000080000000, 0x0000000100000000)
  region size 1024K, 1 young (1024K), 1 survivors (1024K)
 Metaspace       used 10487K, capacity 10757K, committed 11008K, reserved 1058816K
  class space    used 1101K, capacity 1164K, committed 1280K, reserved 1048576K
}
Event: 2.195 GC heap before
{Heap before GC invocations=2 (full 0):
 garbage-first heap   total 131072K, used 36112K [0x0000000080000000, 0x0000000100000000)
  region size 1024K, 29 young (29696K), 1 survivors (1024K)
 Metaspace       used 10710K, capacity 10973K, committed 11264K, reserved 1058816K
  class space    used 1120K, capacity 1236K, committed 1280K, reserved 1048576K
}
Event: 2.199 GC heap after
{Heap after GC invocations=3 (full 0):
 garbage-first heap   total 131072K, used 12821K [0x0000000080000000, 0x0000000100000000)
  region size 1024K, 4 young (4096K), 4 survivors (4096K)
 Metaspace       used 10710K, capacity 10973K, committed 11264K, reserved 1058816K
  class space    used 1120K, capacity 1236K, committed 1280K, reserved 1048576K
}
Event: 4.072 GC heap before
{Heap before GC invocations=3 (full 0):
 garbage-first heap   total 131072K, used 53781K [0x0000000080000000, 0x0000000100000000)
  region size 1024K, 44 young (45056K), 4 survivors (4096K)
 Metaspace       used 19175K, capacity 19588K, committed 19712K, reserved 1067008K
  class space    used 2320K, capacity 2469K, committed 2560K, reserved 1048576K
}
Event: 4.084 GC heap after
{Heap after GC invocations=4 (full 0):
 garbage-first heap   total 131072K, used 15486K [0x0000000080000000, 0x0000000100000000)
  region size 1024K, 3 young (3072K), 3 survivors (3072K)
 Metaspace       used 19175K, capacity 19588K, committed 19712K, reserved 1067008K
  class space    used 2320K, capacity 2469K, committed 2560K, reserved 1048576K
}
Event: 4.242 GC heap before
{Heap before GC invocations=4 (full 0):
 garbage-first heap   total 131072K, used 22654K [0x0000000080000000, 0x0000000100000000)
  region size 1024K, 10 young (10240K), 3 survivors (3072K)
 Metaspace       used 20643K, capacity 21095K, committed 21248K, reserved 1069056K
  class space    used 2424K, capacity 2545K, committed 2560K, reserved 1048576K
}
Event: 4.250 GC heap after
{Heap after GC invocations=5 (full 0):
 garbage-first heap   total 131072K, used 15745K [0x0000000080000000, 0x0000000100000000)
  region size 1024K, 4 young (4096K), 4 survivors (4096K)
 Metaspace       used 20643K, capacity 21095K, committed 21248K, reserved 1069056K
  class space    used 2424K, capacity 2545K, committed 2560K, reserved 1048576K
}
Event: 5.342 GC heap before
{Heap before GC invocations=6 (full 0):
 garbage-first heap   total 131072K, used 65921K [0x0000000080000000, 0x0000000100000000)
  region size 1024K, 49 young (50176K), 4 survivors (4096K)
 Metaspace       used 25957K, capacity 26535K, committed 26880K, reserved 1073152K
  class space    used 3289K, capacity 3490K, committed 3584K, reserved 1048576K
}
Event: 5.352 GC heap after
{Heap after GC invocations=7 (full 0):
 garbage-first heap   total 131072K, used 23669K [0x0000000080000000, 0x0000000100000000)
  region size 1024K, 6 young (6144K), 6 survivors (6144K)
 Metaspace       used 25957K, capacity 26535K, committed 26880K, reserved 1073152K
  class space    used 3289K, capacity 3490K, committed 3584K, reserved 1048576K
}
Event: 6.839 GC heap before
{Heap before GC invocations=7 (full 0):
 garbage-first heap   total 131072K, used 79989K [0x0000000080000000, 0x0000000100000000)
  region size 1024K, 58 young (59392K), 6 survivors (6144K)
 Metaspace       used 34805K, capacity 35540K, committed 35628K, reserved 1081344K
  class space    used 4441K, capacity 4730K, committed 4736K, reserved 1048576K
}

Deoptimization events (20 events):
Event: 6.461 Thread 0x000001e6c7eda800 Uncommon trap: trap_request=0xffffffc6 fr.pc=0x000001e6b7459e50 relative=0x0000000000000850
Event: 6.461 Thread 0x000001e6c7eda800 Uncommon trap: reason=bimorphic_or_optimized_type_check action=maybe_recompile pc=0x000001e6b7459e50 method=java.io.BufferedInputStream.read([BII)I @ 101 c2
Event: 6.461 Thread 0x000001e6c7eda800 DEOPT PACKING pc=0x000001e6b7459e50 sp=0x00000026f77f9760
Event: 6.461 Thread 0x000001e6c7eda800 DEOPT UNPACKING pc=0x000001e6af8a78af sp=0x00000026f77f9718 mode 2
Event: 6.462 Thread 0x000001e6c7eda800 Uncommon trap: trap_request=0xffffffc6 fr.pc=0x000001e6b7459e50 relative=0x0000000000000850
Event: 6.462 Thread 0x000001e6c7eda800 Uncommon trap: reason=bimorphic_or_optimized_type_check action=maybe_recompile pc=0x000001e6b7459e50 method=java.io.BufferedInputStream.read([BII)I @ 101 c2
Event: 6.462 Thread 0x000001e6c7eda800 DEOPT PACKING pc=0x000001e6b7459e50 sp=0x00000026f77f9760
Event: 6.462 Thread 0x000001e6c7eda800 DEOPT UNPACKING pc=0x000001e6af8a78af sp=0x00000026f77f9718 mode 2
Event: 6.463 Thread 0x000001e6c7eda800 Uncommon trap: trap_request=0xffffffc6 fr.pc=0x000001e6b7459e50 relative=0x0000000000000850
Event: 6.463 Thread 0x000001e6c7eda800 Uncommon trap: reason=bimorphic_or_optimized_type_check action=maybe_recompile pc=0x000001e6b7459e50 method=java.io.BufferedInputStream.read([BII)I @ 101 c2
Event: 6.463 Thread 0x000001e6c7eda800 DEOPT PACKING pc=0x000001e6b7459e50 sp=0x00000026f77f9760
Event: 6.463 Thread 0x000001e6c7eda800 DEOPT UNPACKING pc=0x000001e6af8a78af sp=0x00000026f77f9718 mode 2
Event: 6.464 Thread 0x000001e6c7eda800 Uncommon trap: trap_request=0xffffffc6 fr.pc=0x000001e6b7459e50 relative=0x0000000000000850
Event: 6.464 Thread 0x000001e6c7eda800 Uncommon trap: reason=bimorphic_or_optimized_type_check action=maybe_recompile pc=0x000001e6b7459e50 method=java.io.BufferedInputStream.read([BII)I @ 101 c2
Event: 6.464 Thread 0x000001e6c7eda800 DEOPT PACKING pc=0x000001e6b7459e50 sp=0x00000026f77f9760
Event: 6.464 Thread 0x000001e6c7eda800 DEOPT UNPACKING pc=0x000001e6af8a78af sp=0x00000026f77f9718 mode 2
Event: 6.735 Thread 0x000001e6c7eda800 DEOPT PACKING pc=0x000001e6b000a1f0 sp=0x00000026f77f97e0
Event: 6.735 Thread 0x000001e6c7eda800 DEOPT UNPACKING pc=0x000001e6af8a76ce sp=0x00000026f77f8cc0 mode 0
Event: 6.814 Thread 0x000001e6c7eda800 DEOPT PACKING pc=0x000001e6b02e526d sp=0x00000026f77f63e0
Event: 6.814 Thread 0x000001e6c7eda800 DEOPT UNPACKING pc=0x000001e6af8a76ce sp=0x00000026f77f5928 mode 0

Classes redefined (0 events):
No events

Internal exceptions (20 events):
Event: 5.820 Thread 0x000001e6c7eda800 Exception <a 'java/lang/NoSuchMethodError'{0x0000000086f43698}: 'java.lang.Object java.lang.invoke.DirectMethodHandle$Holder.invokeSpecial(java.lang.Object, java.lang.Object, java.lang.Object, java.lang.Object, java.lang.Object, java.lang.Object, java.lang.Object, java.lang.Object, java.lang.Object, java.lang.Object, java.lang.Object, java.lang.Object, java.lang.Object)'> (0x0000000086f43698) thrown at [./src/hotspot/share/interpreter/linkResolver.cpp, line 773]
Event: 5.832 Thread 0x000001e6c7eda800 Exception <a 'java/lang/NoSuchMethodError'{0x0000000086f54678}: 'java.lang.Object java.lang.invoke.DirectMethodHandle$Holder.invokeSpecial(java.lang.Object, java.lang.Object, java.lang.Object, java.lang.Object, java.lang.Object, java.lang.Object, java.lang.Object, java.lang.Object, java.lang.Object, java.lang.Object, java.lang.Object, java.lang.Object)'> (0x0000000086f54678) thrown at [./src/hotspot/share/interpreter/linkResolver.cpp, line 773]
Event: 5.837 Thread 0x000001e6c7eda800 Exception <a 'java/lang/NoSuchMethodError'{0x0000000086f594f8}: 'java.lang.Object java.lang.invoke.Invokers$Holder.linkToTargetMethod(java.lang.Object, java.lang.Object, java.lang.Object, java.lang.Object, java.lang.Object, java.lang.Object, java.lang.Object, java.lang.Object, java.lang.Object, java.lang.Object, java.lang.Object)'> (0x0000000086f594f8) thrown at [./src/hotspot/share/interpreter/linkResolver.cpp, line 773]
Event: 5.847 Thread 0x000001e6c7eda800 Exception <a 'java/lang/NoSuchMethodError'{0x0000000086e379f0}: 'java.lang.Object java.lang.invoke.DirectMethodHandle$Holder.invokeSpecial(java.lang.Object, java.lang.Object, java.lang.Object, java.lang.Object, java.lang.Object, java.lang.Object, java.lang.Object, java.lang.Object, java.lang.Object, java.lang.Object, java.lang.Object, java.lang.Object, java.lang.Object, java.lang.Object)'> (0x0000000086e379f0) thrown at [./src/hotspot/share/interpreter/linkResolver.cpp, line 773]
Event: 5.848 Thread 0x000001e6c7eda800 Exception <a 'java/lang/NoSuchMethodError'{0x0000000086e48d40}: 'java.lang.Object java.lang.invoke.Invokers$Holder.linkToTargetMethod(java.lang.Object, java.lang.Object, java.lang.Object, java.lang.Object, java.lang.Object, java.lang.Object, java.lang.Object, java.lang.Object, java.lang.Object, java.lang.Object, java.lang.Object, java.lang.Object)'> (0x0000000086e48d40) thrown at [./src/hotspot/share/interpreter/linkResolver.cpp, line 773]
Event: 5.859 Thread 0x000001e6c7eda800 Exception <a 'java/lang/NoSuchMethodError'{0x0000000086eb8130}: 'java.lang.Object java.lang.invoke.DirectMethodHandle$Holder.invokeStaticInit(java.lang.Object, java.lang.Object, java.lang.Object, java.lang.Object)'> (0x0000000086eb8130) thrown at [./src/hotspot/share/interpreter/linkResolver.cpp, line 773]
Event: 6.298 Thread 0x000001e6c7eda800 Exception <a 'java/lang/NoSuchMethodError'{0x0000000085cf7ca8}: 'java.lang.Object java.lang.invoke.DirectMethodHandle$Holder.invokeSpecial(java.lang.Object, java.lang.Object, java.lang.Object, java.lang.Object, java.lang.Object, java.lang.Object, java.lang.Object, java.lang.Object, java.lang.Object)'> (0x0000000085cf7ca8) thrown at [./src/hotspot/share/interpreter/linkResolver.cpp, line 773]
Event: 6.299 Thread 0x000001e6c7eda800 Exception <a 'java/lang/NoSuchMethodError'{0x0000000085cfc3f0}: 'java.lang.Object java.lang.invoke.Invokers$Holder.linkToTargetMethod(java.lang.Object, java.lang.Object, java.lang.Object, java.lang.Object, java.lang.Object, java.lang.Object, java.lang.Object, java.lang.Object)'> (0x0000000085cfc3f0) thrown at [./src/hotspot/share/interpreter/linkResolver.cpp, line 773]
Event: 6.307 Thread 0x000001e6c7eda800 Exception <a 'java/lang/NoSuchMethodError'{0x0000000085b611e0}: 'void java.lang.invoke.DirectMethodHandle$Holder.invokeStaticInit(java.lang.Object, java.lang.Object)'> (0x0000000085b611e0) thrown at [./src/hotspot/share/interpreter/linkResolver.cpp, line 773]
Event: 6.390 Thread 0x000001e6c7eda800 Exception <a 'java/lang/NoSuchMethodError'{0x000000008599cfd8}: 'int java.lang.invoke.DirectMethodHandle$Holder.invokeStatic(java.lang.Object, java.lang.Object, java.lang.Object, java.lang.Object, java.lang.Object)'> (0x000000008599cfd8) thrown at [./src/hotspot/share/interpreter/linkResolver.cpp, line 773]
Event: 6.430 Thread 0x000001e6c7eda800 Exception <a 'java/lang/NoSuchMethodError'{0x00000000858e67a8}: 'void java.lang.invoke.DirectMethodHandle$Holder.invokeStatic(java.lang.Object, java.lang.Object, java.lang.Object, java.lang.Object)'> (0x00000000858e67a8) thrown at [./src/hotspot/share/interpreter/linkResolver.cpp, line 773]
Event: 6.430 Thread 0x000001e6c7eda800 Exception <a 'java/lang/NoSuchMethodError'{0x00000000858ea0f0}: 'void java.lang.invoke.DirectMethodHandle$Holder.invokeStaticInit(java.lang.Object, java.lang.Object, java.lang.Object, java.lang.Object)'> (0x00000000858ea0f0) thrown at [./src/hotspot/share/interpreter/linkResolver.cpp, line 773]
Event: 6.819 Thread 0x000001e6c7eda800 Exception <a 'java/lang/NoSuchMethodError'{0x000000008460c910}: 'java.lang.Object java.lang.invoke.DirectMethodHandle$Holder.invokeStatic(java.lang.Object, java.lang.Object, java.lang.Object, java.lang.Object, java.lang.Object, java.lang.Object, java.lang.Object, java.lang.Object, java.lang.Object, java.lang.Object, java.lang.Object, int)'> (0x000000008460c910) thrown at [./src/hotspot/share/interpreter/linkResolver.cpp, line 773]
Event: 6.823 Thread 0x000001e6c7eda800 Exception <a 'java/lang/NoSuchMethodError'{0x000000008462b2b0}: 'java.lang.Object java.lang.invoke.DirectMethodHandle$Holder.invokeStatic(java.lang.Object, java.lang.Object, java.lang.Object, java.lang.Object, java.lang.Object, java.lang.Object, java.lang.Object, java.lang.Object, java.lang.Object, java.lang.Object, java.lang.Object, int, int)'> (0x000000008462b2b0) thrown at [./src/hotspot/share/interpreter/linkResolver.cpp, line 773]
Event: 6.825 Thread 0x000001e6c7eda800 Exception <a 'java/lang/NoSuchMethodError'{0x000000008464aae0}: 'java.lang.Object java.lang.invoke.DirectMethodHandle$Holder.invokeStatic(java.lang.Object, java.lang.Object, java.lang.Object, java.lang.Object, java.lang.Object, java.lang.Object, java.lang.Object, java.lang.Object, java.lang.Object, java.lang.Object, java.lang.Object, int, int, java.lang.Object)'> (0x000000008464aae0) thrown at [./src/hotspot/share/interpreter/linkResolver.cpp, line 773]
Event: 6.829 Thread 0x000001e6c7eda800 Exception <a 'java/lang/NoSuchMethodError'{0x000000008466ba38}: 'java.lang.Object java.lang.invoke.DirectMethodHandle$Holder.invokeStatic(java.lang.Object, java.lang.Object, java.lang.Object, java.lang.Object, java.lang.Object, java.lang.Object, java.lang.Object, java.lang.Object, java.lang.Object, java.lang.Object, java.lang.Object, int, int, java.lang.Object, java.lang.Object)'> (0x000000008466ba38) thrown at [./src/hotspot/share/interpreter/linkResolver.cpp, line 773]
Event: 6.831 Thread 0x000001e6c7eda800 Exception <a 'java/lang/ClassNotFoundException'{0x0000000084683ac8}: groovy/lang/ExpandoMetaClassBeanInfo> (0x0000000084683ac8) thrown at [./src/hotspot/share/classfile/systemDictionary.cpp, line 231]
Event: 6.832 Thread 0x000001e6c7eda800 Exception <a 'java/lang/ClassNotFoundException'{0x000000008468f5e8}: groovy/lang/MetaClassImplBeanInfo> (0x000000008468f5e8) thrown at [./src/hotspot/share/classfile/systemDictionary.cpp, line 231]
Event: 6.832 Thread 0x000001e6c7eda800 Exception <a 'java/lang/ClassNotFoundException'{0x0000000084695498}: java/lang/ObjectBeanInfo> (0x0000000084695498) thrown at [./src/hotspot/share/classfile/systemDictionary.cpp, line 231]
Event: 6.833 Thread 0x000001e6c7eda800 Exception <a 'java/lang/ClassNotFoundException'{0x000000008469d668}: java/lang/ObjectCustomizer> (0x000000008469d668) thrown at [./src/hotspot/share/classfile/systemDictionary.cpp, line 231]

Events (20 events):
Event: 6.834 loading class com/sun/beans/util/Cache$Kind$Soft done
Event: 6.834 loading class com/sun/beans/introspect/MethodInfo
Event: 6.834 loading class com/sun/beans/introspect/MethodInfo done
Event: 6.835 loading class com/sun/beans/introspect/MethodInfo$MethodOrder
Event: 6.835 loading class com/sun/beans/introspect/MethodInfo$MethodOrder done
Event: 6.835 loading class java/beans/MethodDescriptor
Event: 6.836 loading class java/beans/MethodDescriptor done
Event: 6.836 loading class java/beans/MethodRef
Event: 6.836 loading class java/beans/MethodRef done
Event: 6.836 loading class com/sun/beans/TypeResolver
Event: 6.836 loading class com/sun/beans/TypeResolver done
Event: 6.837 loading class com/sun/beans/introspect/EventSetInfo
Event: 6.837 loading class com/sun/beans/introspect/EventSetInfo done
Event: 6.838 loading class com/sun/beans/introspect/PropertyInfo
Event: 6.838 loading class com/sun/beans/introspect/PropertyInfo done
Event: 6.838 loading class com/sun/beans/WildcardTypeImpl
Event: 6.838 loading class com/sun/beans/WildcardTypeImpl done
Event: 6.839 loading class java/beans/BeanProperty
Event: 6.839 loading class java/beans/BeanProperty done
Event: 6.839 Executing VM operation: CollectForMetadataAllocation


Dynamic libraries:
0x00007ff641f50000 - 0x00007ff641f5a000 	C:\Program Files\Android\Android Studio\jre\bin\java.exe
0x00007ffb26310000 - 0x00007ffb26507000 	C:\WINDOWS\SYSTEM32\ntdll.dll
0x00007ffb24370000 - 0x00007ffb2442d000 	C:\WINDOWS\System32\KERNEL32.DLL
0x00007ffb23b30000 - 0x00007ffb23dfd000 	C:\WINDOWS\System32\KERNELBASE.dll
0x00007ffb23a30000 - 0x00007ffb23b30000 	C:\WINDOWS\System32\ucrtbase.dll
0x00007ffb0bb80000 - 0x00007ffb0bb99000 	C:\Program Files\Android\Android Studio\jre\bin\jli.dll
0x00007ffb05b90000 - 0x00007ffb05ba7000 	C:\Program Files\Android\Android Studio\jre\bin\VCRUNTIME140.dll
0x00007ffb26130000 - 0x00007ffb262d0000 	C:\WINDOWS\System32\USER32.dll
0x00007ffb23f10000 - 0x00007ffb23f32000 	C:\WINDOWS\System32\win32u.dll
0x00007ffb165f0000 - 0x00007ffb1688a000 	C:\WINDOWS\WinSxS\amd64_microsoft.windows.common-controls_6595b64144ccf1df_6.0.19041.1110_none_60b5254171f9507e\COMCTL32.dll
0x00007ffb244b0000 - 0x00007ffb244da000 	C:\WINDOWS\System32\GDI32.dll
0x00007ffb25af0000 - 0x00007ffb25b8e000 	C:\WINDOWS\System32\msvcrt.dll
0x00007ffb23e00000 - 0x00007ffb23f0b000 	C:\WINDOWS\System32\gdi32full.dll
0x00007ffb24000000 - 0x00007ffb2409d000 	C:\WINDOWS\System32\msvcp_win.dll
0x00007ffb24a60000 - 0x00007ffb24a90000 	C:\WINDOWS\System32\IMM32.DLL
0x00007ffab3670000 - 0x00007ffab370d000 	C:\Program Files\Android\Android Studio\jre\bin\msvcp140.dll
0x00007ffad7e50000 - 0x00007ffad891f000 	C:\Program Files\Android\Android Studio\jre\bin\server\jvm.dll
0x00007ffb25530000 - 0x00007ffb255de000 	C:\WINDOWS\System32\ADVAPI32.dll
0x00007ffb255e0000 - 0x00007ffb2567c000 	C:\WINDOWS\System32\sechost.dll
0x00007ffb24930000 - 0x00007ffb24a55000 	C:\WINDOWS\System32\RPCRT4.dll
0x00007ffb25350000 - 0x00007ffb25358000 	C:\WINDOWS\System32\PSAPI.DLL
0x00007ffb1f650000 - 0x00007ffb1f659000 	C:\WINDOWS\SYSTEM32\WSOCK32.dll
0x00007ffb12320000 - 0x00007ffb12347000 	C:\WINDOWS\SYSTEM32\WINMM.dll
0x00007ffb171f0000 - 0x00007ffb171fa000 	C:\WINDOWS\SYSTEM32\VERSION.dll
0x00007ffb25360000 - 0x00007ffb253cb000 	C:\WINDOWS\System32\WS2_32.dll
0x00007ffb22310000 - 0x00007ffb22322000 	C:\WINDOWS\SYSTEM32\kernel.appcore.dll
0x00007ffb1f5a0000 - 0x00007ffb1f5b1000 	C:\Program Files\Android\Android Studio\jre\bin\verify.dll
0x00007ffb220a0000 - 0x00007ffb22284000 	C:\WINDOWS\SYSTEM32\DBGHELP.DLL
0x00007ffb174b0000 - 0x00007ffb174dc000 	C:\WINDOWS\SYSTEM32\dbgcore.DLL
0x00007ffb24180000 - 0x00007ffb24202000 	C:\WINDOWS\System32\bcryptPrimitives.dll
0x00007ffb1e5c0000 - 0x00007ffb1e5e9000 	C:\Program Files\Android\Android Studio\jre\bin\java.dll
0x00007ffb1f5f0000 - 0x00007ffb1f5fb000 	C:\Program Files\Android\Android Studio\jre\bin\jimage.dll
0x00007ffb1e5a0000 - 0x00007ffb1e5b8000 	C:\Program Files\Android\Android Studio\jre\bin\zip.dll
0x00007ffb24c00000 - 0x00007ffb25344000 	C:\WINDOWS\System32\SHELL32.dll
0x00007ffb21840000 - 0x00007ffb21fd4000 	C:\WINDOWS\SYSTEM32\windows.storage.dll
0x00007ffb25c40000 - 0x00007ffb25f94000 	C:\WINDOWS\System32\combase.dll
0x00007ffb23490000 - 0x00007ffb234bc000 	C:\WINDOWS\SYSTEM32\Wldp.dll
0x00007ffb25b90000 - 0x00007ffb25c3d000 	C:\WINDOWS\System32\SHCORE.dll
0x00007ffb245b0000 - 0x00007ffb24605000 	C:\WINDOWS\System32\shlwapi.dll
0x00007ffb23970000 - 0x00007ffb2398f000 	C:\WINDOWS\SYSTEM32\profapi.dll
0x00007ffb1e4e0000 - 0x00007ffb1e4fa000 	C:\Program Files\Android\Android Studio\jre\bin\net.dll
0x00007ffb15380000 - 0x00007ffb1548a000 	C:\WINDOWS\SYSTEM32\WINHTTP.dll
0x00007ffb231f0000 - 0x00007ffb2325a000 	C:\WINDOWS\system32\mswsock.dll
0x00007ffb1d1a0000 - 0x00007ffb1d1b4000 	C:\Program Files\Android\Android Studio\jre\bin\nio.dll
0x00007ffb11c60000 - 0x00007ffb11c87000 	C:\Users\as\.gradle\native\f6784746aeab05261644944871eae4fe03e0ef1612fff0a4a95f87b438bc6780\windows-amd64\native-platform.dll
0x00007ffb1f4f0000 - 0x00007ffb1f4fa000 	C:\Program Files\Android\Android Studio\jre\bin\management.dll
0x00007ffb1c760000 - 0x00007ffb1c76c000 	C:\Program Files\Android\Android Studio\jre\bin\management_ext.dll
0x00007ffb233e0000 - 0x00007ffb233f8000 	C:\WINDOWS\SYSTEM32\CRYPTSP.dll
0x00007ffb22b00000 - 0x00007ffb22b34000 	C:\WINDOWS\system32\rsaenh.dll
0x00007ffb240a0000 - 0x00007ffb240c7000 	C:\WINDOWS\System32\bcrypt.dll
0x00007ffb23930000 - 0x00007ffb2395e000 	C:\WINDOWS\SYSTEM32\USERENV.dll
0x00007ffb23400000 - 0x00007ffb2340c000 	C:\WINDOWS\SYSTEM32\CRYPTBASE.dll
0x00007ffb22e90000 - 0x00007ffb22ecb000 	C:\WINDOWS\SYSTEM32\IPHLPAPI.DLL
0x00007ffb253e0000 - 0x00007ffb253e8000 	C:\WINDOWS\System32\NSI.dll
0x00007ffb1add0000 - 0x00007ffb1ade7000 	C:\WINDOWS\SYSTEM32\dhcpcsvc6.DLL
0x00007ffb1af60000 - 0x00007ffb1af7d000 	C:\WINDOWS\SYSTEM32\dhcpcsvc.DLL
0x00007ffb22ed0000 - 0x00007ffb22f9b000 	C:\WINDOWS\SYSTEM32\DNSAPI.dll
0x00007ffb1b720000 - 0x00007ffb1b72b000 	C:\WINDOWS\SYSTEM32\WINNSI.DLL

dbghelp: loaded successfully - version: 4.0.5 - missing functions: none
symbol engine: initialized successfully - sym options: 0x614 - pdb path: .;C:\Program Files\Android\Android Studio\jre\bin;C:\WINDOWS\SYSTEM32;C:\WINDOWS\WinSxS\amd64_microsoft.windows.common-controls_6595b64144ccf1df_6.0.19041.1110_none_60b5254171f9507e;C:\Program Files\Android\Android Studio\jre\bin\server;C:\Users\as\.gradle\native\f6784746aeab05261644944871eae4fe03e0ef1612fff0a4a95f87b438bc6780\windows-amd64

VM Arguments:
jvm_args: --add-opens=java.base/java.util=ALL-UNNAMED --add-opens=java.base/java.lang=ALL-UNNAMED --add-opens=java.base/java.lang.invoke=ALL-UNNAMED --add-opens=java.prefs/java.util.prefs=ALL-UNNAMED -Xmx2048m -Dfile.encoding=UTF-8 -Duser.country=US -Duser.language=en -Duser.variant 
java_command: org.gradle.launcher.daemon.bootstrap.GradleDaemon 6.5
java_class_path (initial): C:\Users\as\.gradle\wrapper\dists\gradle-6.5-all\2oz4ud9k3tuxjg84bbf55q0tn\gradle-6.5\lib\gradle-launcher-6.5.jar
Launcher Type: SUN_STANDARD

[Global flags]
     intx CICompilerCount                          = 3                                         {product} {ergonomic}
     uint ConcGCThreads                            = 1                                         {product} {ergonomic}
     uint G1ConcRefinementThreads                  = 4                                         {product} {ergonomic}
   size_t G1HeapRegionSize                         = 1048576                                   {product} {ergonomic}
    uintx GCDrainStackTargetSize                   = 64                                        {product} {ergonomic}
   size_t InitialHeapSize                          = 134217728                                 {product} {ergonomic}
   size_t MarkStackSize                            = 4194304                                   {product} {ergonomic}
   size_t MaxHeapSize                              = 2147483648                                {product} {command line}
   size_t MaxNewSize                               = 1287651328                                {product} {ergonomic}
   size_t MinHeapDeltaBytes                        = 1048576                                   {product} {ergonomic}
    uintx NonNMethodCodeHeapSize                   = 5830732                                {pd product} {ergonomic}
    uintx NonProfiledCodeHeapSize                  = 122913754                              {pd product} {ergonomic}
    uintx ProfiledCodeHeapSize                     = 122913754                              {pd product} {ergonomic}
    uintx ReservedCodeCacheSize                    = 251658240                              {pd product} {ergonomic}
     bool SegmentedCodeCache                       = true                                      {product} {ergonomic}
     bool UseCompressedClassPointers               = true                                 {lp64_product} {ergonomic}
     bool UseCompressedOops                        = true                                 {lp64_product} {ergonomic}
     bool UseG1GC                                  = true                                      {product} {ergonomic}
     bool UseLargePagesIndividualAllocation        = false                                  {pd product} {ergonomic}

Logging:
Log output configuration:
 #0: stdout all=warning uptime,level,tags
 #1: stderr all=off uptime,level,tags

Environment Variables:
JAVA_HOME=C:\Program Files\Java\jdk-15.0.2
PATH=C:\Program Files\Common Files\Oracle\Java\javapath;C:\WINDOWS\system32;C:\WINDOWS;C:\WINDOWS\System32\Wbem;C:\WINDOWS\System32\WindowsPowerShell\v1.0\;C:\WINDOWS\System32\OpenSSH\;C:\Program Files\Git\cmd;C:\Program Files\Java\jdk-15.0.2\bin;C:\Program Files\nodejs\;C:\Program Files (x86)\Microsoft SQL Server\100\Tools\Binn\;C:\Program Files\Microsoft SQL Server\100\Tools\Binn\;C:\Program Files\Microsoft SQL Server\100\DTS\Binn\;C:\Program Files\dotnet\;C:\Users\as\AppData\Local\Microsoft\WindowsApps;C:\Users\as\AppData\Local\Android\Sdk\platform-tools;C:\src\flutter\bin;C:\Users\as\AppData\Local\Programs\Microsoft VS Code\bin;C:\Users\as\AppData\Roaming\npm;;E:\IntelliJ IDEA Community Edition 2022.1.3\bin;;C:\Users\as\.dotnet\tools
USERNAME=as
OS=Windows_NT
PROCESSOR_IDENTIFIER=Intel64 Family 6 Model 60 Stepping 3, GenuineIntel



---------------  S Y S T E M  ---------------

OS: Windows 10 , 64 bit Build 19041 (10.0.19041.1741)
OS uptime: 13 days 7:06 hours

CPU:total 4 (initial active 4) (2 cores per cpu, 2 threads per core) family 6 model 60 stepping 3 microcode 0x27, cmov, cx8, fxsr, mmx, sse, sse2, sse3, ssse3, sse4.1, sse4.2, popcnt, avx, avx2, aes, clmul, erms, lzcnt, ht, tsc, tscinvbit, bmi1, bmi2, fma

Memory: 4k page, system-wide physical 8105M (716M free)
TotalPageFile size 11004M (AvailPageFile size 25M)
current process WorkingSet (physical memory assigned to process): 234M, peak: 234M
current process commit charge ("private bytes"): 303M, peak: 329M

vm_info: OpenJDK 64-Bit Server VM (11.0.10+0-b96-7249189) for windows-amd64 JRE (11.0.10+0-b96-7249189), built on Mar 31 2021 21:44:00 by "builder" with MS VC++ 14.0 (VS2015)

END.
