#
# There is insufficient memory for the Java Runtime Environment to continue.
# Native memory allocation (mmap) failed to map 59768832 bytes for Failed to commit area from 0x0000000090b00000 to 0x0000000094400000 of length 59768832.
# Possible reasons:
#   The system is out of physical RAM or swap space
#   The process is running with CompressedOops enabled, and the Java Heap may be blocking the growth of the native heap
# Possible solutions:
#   Reduce memory load on the system
#   Increase physical memory or swap space
#   Check if swap backing store is full
#   Decrease Java heap size (-Xmx/-Xms)
#   Decrease number of Java threads
#   Decrease Java thread stack sizes (-Xss)
#   Set larger code cache with -XX:ReservedCodeCacheSize=
#   JVM is running with Unscaled Compressed Oops mode in which the Java heap is
#     placed in the first 4GB address space. The Java Heap base address is the
#     maximum limit for the native heap growth. Please use -XX:HeapBaseMinAddress
#     to set the Java Heap base and to place the Java Heap above 4GB virtual address.
# This output file may be truncated or incomplete.
#
#  Out of Memory Error (./src/hotspot/os/windows/os_windows.cpp:3301), pid=11336, tid=10944
#
# JRE version: OpenJDK Runtime Environment (11.0.10) (build 11.0.10+0-b96-7249189)
# Java VM: OpenJDK 64-Bit Server VM (11.0.10+0-b96-7249189, mixed mode, tiered, compressed oops, g1 gc, windows-amd64)
# No core dump will be written. Minidumps are not enabled by default on client versions of Windows
#

---------------  S U M M A R Y ------------

Command Line: --add-opens=java.base/java.util=ALL-UNNAMED --add-opens=java.base/java.lang=ALL-UNNAMED --add-opens=java.base/java.lang.invoke=ALL-UNNAMED --add-opens=java.prefs/java.util.prefs=ALL-UNNAMED -Xmx2048m -Dfile.encoding=UTF-8 -Duser.country=US -Duser.language=en -Duser.variant org.gradle.launcher.daemon.bootstrap.GradleDaemon 6.5

Host: Intel(R) Core(TM) i5-4200M CPU @ 2.50GHz, 4 cores, 7G,  Windows 10 , 64 bit Build 19041 (10.0.19041.1741)
Time: Mon Jul 18 21:52:58 2022 Pakistan Standard Time elapsed time: 580.582953 seconds (0d 0h 9m 40s)

---------------  T H R E A D  ---------------

Current thread (0x000001bbead07000):  VMThread "VM Thread" [stack: 0x0000008336100000,0x0000008336200000] [id=10944]

Stack: [0x0000008336100000,0x0000008336200000]
[error occurred during error reporting (printing stack bounds), id 0xc0000005, EXCEPTION_ACCESS_VIOLATION (0xc0000005) at pc=0x000001bbd4c30f2d]

Native frames: (J=compiled Java code, j=interpreted, Vv=VM code, C=native code)
V  [jvm.dll+0x5ecfaa]
V  [jvm.dll+0x722bd5]
V  [jvm.dll+0x72412d]
V  [jvm.dll+0x724745]
V  [jvm.dll+0x7246fb]
V  [jvm.dll+0x5ec348]
V  [jvm.dll+0x5ecad8]
C  [ntdll.dll+0xa209f]
C  [ntdll.dll+0x51454]
C  [ntdll.dll+0xa0bce]
C  0x000001bbd4c30f2d

VM_Operation (0x000000833fefbda0): G1CollectForAllocation, mode: safepoint, requested by thread 0x000001bbf5748000


---------------  P R O C E S S  ---------------

Threads class SMR info:
_java_thread_list=0x000001bbf13e0480, length=168, elements={
0x000001bbd1139800, 0x000001bbead10000, 0x000001bbead11800, 0x000001bbeb6a2800,
0x000001bbead28800, 0x000001bbead29000, 0x000001bbead2f000, 0x000001bbead35800,
0x000001bbead39000, 0x000001bbeb7d0800, 0x000001bbeda66800, 0x000001bbed0a9800,
0x000001bbed705800, 0x000001bbed810000, 0x000001bbed811000, 0x000001bbed80f000,
0x000001bbed80e800, 0x000001bbec74d000, 0x000001bbf07bd000, 0x000001bbef946800,
0x000001bbef942800, 0x000001bbf3db6800, 0x000001bbf3db7000, 0x000001bbf3db5800,
0x000001bbf3db8000, 0x000001bbf3db4000, 0x000001bbf3db9000, 0x000001bbf3db3000,
0x000001bbf3db9800, 0x000001bbf3dba800, 0x000001bbf3db4800, 0x000001bbf3dbc000,
0x000001bbf3dc0000, 0x000001bbf3dbe800, 0x000001bbf3dc1000, 0x000001bbf3dc2000,
0x000001bbf3dc2800, 0x000001bbf3dbd000, 0x000001bbf3dc3800, 0x000001bbf3dbd800,
0x000001bbf3dc4000, 0x000001bbf3dc5000, 0x000001bbf3dbf800, 0x000001bbf3dc7800,
0x000001bbf3dcb800, 0x000001bbf3dcb000, 0x000001bbf3dc6000, 0x000001bbf3dca000,
0x000001bbf3dc8800, 0x000001bbf3dcc800, 0x000001bbf3dc6800, 0x000001bbf3dc9000,
0x000001bbf3dcd000, 0x000001bbf3dd1800, 0x000001bbf3dcf800, 0x000001bbf3dd0800,
0x000001bbf3dce000, 0x000001bbec171000, 0x000001bbec173800, 0x000001bbec174800,
0x000001bbec177000, 0x000001bbec176000, 0x000001bbec177800, 0x000001bbec175000,
0x000001bbec172000, 0x000001bbec179000, 0x000001bbec17d800, 0x000001bbec17a000,
0x000001bbec17e000, 0x000001bbec178800, 0x000001bbec17c800, 0x000001bbec17b800,
0x000001bbec180000, 0x000001bbec17b000, 0x000001bbef938800, 0x000001bbef93d800,
0x000001bbef93e800, 0x000001bbef93f000, 0x000001bbef93c000, 0x000001bbef939800,
0x000001bbef940000, 0x000001bbef93b000, 0x000001bbef93c800, 0x000001bbef93a000,
0x000001bbef945800, 0x000001bbef941000, 0x000001bbef945000, 0x000001bbef947800,
0x000001bbef941800, 0x000001bbef943000, 0x000001bbef944000, 0x000001bbf07b6800,
0x000001bbf07b7000, 0x000001bbf07b8000, 0x000001bbf07b9000, 0x000001bbf07b5800,
0x000001bbf07b3000, 0x000001bbf07b9800, 0x000001bbf07b4000, 0x000001bbf07ba800,
0x000001bbf07b4800, 0x000001bbf07c0000, 0x000001bbf07bc000, 0x000001bbf07c2000,
0x000001bbf07bd800, 0x000001bbf07be800, 0x000001bbf07c1000, 0x000001bbf07bf800,
0x000001bbec74c000, 0x000001bbec74f800, 0x000001bbec74b800, 0x000001bbec753800,
0x000001bbec754000, 0x000001bbec752000, 0x000001bbec752800, 0x000001bbec755000,
0x000001bbec750000, 0x000001bbec756000, 0x000001bbec756800, 0x000001bbec751000,
0x000001bbec758800, 0x000001bbec757800, 0x000001bbec759000, 0x000001bbec75a000,
0x000001bbed80d800, 0x000001bbed80c800, 0x000001bbed811800, 0x000001bbed812800,
0x000001bbed813000, 0x000001bbeb94c000, 0x000001bbeb94d800, 0x000001bbeb94a800,
0x000001bbeb94d000, 0x000001bbeb948000, 0x000001bbeb949800, 0x000001bbeb94b000,
0x000001bbeb94e800, 0x000001bbeb948800, 0x000001bbeb951000, 0x000001bbeb94f000,
0x000001bbeb953800, 0x000001bbeb955000, 0x000001bbeb951800, 0x000001bbeb956000,
0x000001bbeb950000, 0x000001bbeb952800, 0x000001bbeb956800, 0x000001bbeb954000,
0x000001bbec0a8000, 0x000001bbec0a2800, 0x000001bbec0a3000, 0x000001bbec0a4800,
0x000001bbec0a9000, 0x000001bbec0a5800, 0x000001bbec0a7000, 0x000001bbec0a4000,
0x000001bbec0a9800, 0x000001bbec0ab800, 0x000001bbec0a6800, 0x000001bbec0b0000,
0x000001bbec0ae800, 0x000001bbec0aa800, 0x000001bbec0ad000, 0x000001bbec0af800,
0x000001bbec0ad800, 0x000001bbf574c800, 0x000001bbf5748000, 0x000001bbf574a000
}

Java Threads: ( => current thread )
  0x000001bbd1139800 JavaThread "main" [_thread_blocked, id=1736, stack(0x0000008335b00000,0x0000008335c00000)]
  0x000001bbead10000 JavaThread "Reference Handler" daemon [_thread_blocked, id=9900, stack(0x0000008336200000,0x0000008336300000)]
  0x000001bbead11800 JavaThread "Finalizer" daemon [_thread_blocked, id=7904, stack(0x0000008336300000,0x0000008336400000)]
  0x000001bbeb6a2800 JavaThread "Signal Dispatcher" daemon [_thread_blocked, id=14808, stack(0x0000008336400000,0x0000008336500000)]
  0x000001bbead28800 JavaThread "Attach Listener" daemon [_thread_blocked, id=11680, stack(0x0000008336500000,0x0000008336600000)]
  0x000001bbead29000 JavaThread "Service Thread" daemon [_thread_blocked, id=248, stack(0x0000008336600000,0x0000008336700000)]
  0x000001bbead2f000 JavaThread "C2 CompilerThread0" daemon [_thread_blocked, id=5920, stack(0x0000008336700000,0x0000008336800000)]
  0x000001bbead35800 JavaThread "C1 CompilerThread0" daemon [_thread_blocked, id=15444, stack(0x0000008336800000,0x0000008336900000)]
  0x000001bbead39000 JavaThread "Sweeper thread" daemon [_thread_blocked, id=10984, stack(0x0000008336900000,0x0000008336a00000)]
  0x000001bbeb7d0800 JavaThread "Common-Cleaner" daemon [_thread_blocked, id=3356, stack(0x0000008336a00000,0x0000008336b00000)]
  0x000001bbeda66800 JavaThread "Daemon health stats" [_thread_blocked, id=10312, stack(0x0000008336f00000,0x0000008337000000)]
  0x000001bbed0a9800 JavaThread "Incoming local TCP Connector on port 61829" [_thread_in_native, id=13464, stack(0x0000008337100000,0x0000008337200000)]
  0x000001bbed705800 JavaThread "Daemon periodic checks" [_thread_blocked, id=13724, stack(0x0000008337200000,0x0000008337300000)]
  0x000001bbed810000 JavaThread "Cache worker for journal cache (C:\Users\as\.gradle\caches\journal-1)" [_thread_blocked, id=11296, stack(0x0000008337b00000,0x0000008337c00000)]
  0x000001bbed811000 JavaThread "File lock request listener" [_thread_in_native, id=1852, stack(0x0000008337c00000,0x0000008337d00000)]
  0x000001bbed80f000 JavaThread "Cache worker for file hash cache (C:\Users\as\.gradle\caches\6.5\fileHashes)" [_thread_blocked, id=2652, stack(0x0000008337d00000,0x0000008337e00000)]
  0x000001bbed80e800 JavaThread "Cache worker for execution history cache (C:\Users\as\.gradle\caches\6.5\executionHistory)" [_thread_blocked, id=2132, stack(0x0000008338300000,0x0000008338400000)]
  0x000001bbec74d000 JavaThread "Cache worker for file content cache (C:\Users\as\.gradle\caches\6.5\fileContent)" [_thread_blocked, id=17284, stack(0x0000008338500000,0x0000008338600000)]
  0x000001bbf07bd000 JavaThread "Memory manager" [_thread_blocked, id=13260, stack(0x0000008340300000,0x0000008340400000)]
  0x000001bbef946800 JavaThread "RMI Scheduler(0)" daemon [_thread_blocked, id=12952, stack(0x0000008340200000,0x0000008340300000)]
  0x000001bbef942800 JavaThread "RMI GC Daemon" daemon [_thread_blocked, id=2704, stack(0x0000008341a00000,0x0000008341b00000)]
  0x000001bbf3db6800 JavaThread "RMI TCP Accept-0" daemon [_thread_in_native, id=11440, stack(0x0000008341b00000,0x0000008341c00000)]
  0x000001bbf3db7000 JavaThread "RMI Reaper" [_thread_blocked, id=15152, stack(0x0000008341c00000,0x0000008341d00000)]
  0x000001bbf3db5800 JavaThread "Daemon Thread 3" [_thread_blocked, id=1536, stack(0x0000008335900000,0x0000008335a00000)]
  0x000001bbf3db8000 JavaThread "Handler for socket connection from /127.0.0.1:61829 to /127.0.0.1:61990" [_thread_in_native, id=7560, stack(0x0000008335a00000,0x0000008335b00000)]
  0x000001bbf3db4000 JavaThread "Cancel handler" [_thread_blocked, id=17028, stack(0x0000008336c00000,0x0000008336d00000)]
  0x000001bbf3db9000 JavaThread "Daemon worker Thread 3" [_thread_blocked, id=6960, stack(0x0000008337000000,0x0000008337100000)]
  0x000001bbf3db3000 JavaThread "Asynchronous log dispatcher for DefaultDaemonConnection: socket connection from /127.0.0.1:61829 to /127.0.0.1:61990" [_thread_blocked, id=15480, stack(0x0000008337300000,0x0000008337400000)]
  0x000001bbf3db9800 JavaThread "Stdin handler" [_thread_blocked, id=9428, stack(0x0000008337400000,0x0000008337500000)]
  0x000001bbf3dba800 JavaThread "Thread-463" [_thread_blocked, id=10732, stack(0x0000008337500000,0x0000008337600000)]
  0x000001bbf3db4800 JavaThread "Cache worker for file hash cache (F:\MVVMTodo-Part-14_Restoring-the-Fragment-SearchView\.gradle\6.5\fileHashes)" [_thread_blocked, id=13796, stack(0x0000008337600000,0x0000008337700000)]
  0x000001bbf3dbc000 JavaThread "Cache worker for checksums cache (F:\MVVMTodo-Part-14_Restoring-the-Fragment-SearchView\.gradle\checksums)" [_thread_blocked, id=17100, stack(0x0000008337700000,0x0000008337800000)]
  0x000001bbf3dc0000 JavaThread "Cache worker for cache directory md-supplier (C:\Users\as\.gradle\caches\6.5\md-supplier)" [_thread_blocked, id=15088, stack(0x0000008337800000,0x0000008337900000)]
  0x000001bbf3dbe800 JavaThread "Cache worker for cache directory md-rule (C:\Users\as\.gradle\caches\6.5\md-rule)" [_thread_blocked, id=7148, stack(0x0000008337900000,0x0000008337a00000)]
  0x000001bbf3dc1000 JavaThread "Build operations" [_thread_blocked, id=9592, stack(0x0000008337e00000,0x0000008337f00000)]
  0x000001bbf3dc2000 JavaThread "Build operations Thread 2" [_thread_blocked, id=6420, stack(0x0000008337f00000,0x0000008338000000)]
  0x000001bbf3dc2800 JavaThread "Build operations Thread 3" [_thread_blocked, id=12512, stack(0x0000008338000000,0x0000008338100000)]
  0x000001bbf3dbd000 JavaThread "Build operations Thread 4" [_thread_blocked, id=11480, stack(0x0000008338100000,0x0000008338200000)]
  0x000001bbf3dc3800 JavaThread "jar transforms Thread 364" [_thread_blocked, id=2284, stack(0x0000008338200000,0x0000008338300000)]
  0x000001bbf3dbd800 JavaThread "jar transforms Thread 365" [_thread_blocked, id=14060, stack(0x0000008338400000,0x0000008338500000)]
  0x000001bbf3dc4000 JavaThread "jar transforms Thread 366" [_thread_blocked, id=12256, stack(0x0000008338600000,0x0000008338700000)]
  0x000001bbf3dc5000 JavaThread "jar transforms Thread 367" [_thread_blocked, id=1220, stack(0x0000008338700000,0x0000008338800000)]
  0x000001bbf3dbf800 JavaThread "jar transforms Thread 368" [_thread_blocked, id=17340, stack(0x0000008338800000,0x0000008338900000)]
  0x000001bbf3dc7800 JavaThread "jar transforms Thread 369" [_thread_blocked, id=4740, stack(0x0000008338900000,0x0000008338a00000)]
  0x000001bbf3dcb800 JavaThread "jar transforms Thread 370" [_thread_blocked, id=16120, stack(0x0000008338a00000,0x0000008338b00000)]
  0x000001bbf3dcb000 JavaThread "jar transforms Thread 371" [_thread_blocked, id=15596, stack(0x0000008338b00000,0x0000008338c00000)]
  0x000001bbf3dc6000 JavaThread "jar transforms Thread 372" [_thread_blocked, id=6872, stack(0x0000008338c00000,0x0000008338d00000)]
  0x000001bbf3dca000 JavaThread "jar transforms Thread 373" [_thread_blocked, id=2752, stack(0x0000008338d00000,0x0000008338e00000)]
  0x000001bbf3dc8800 JavaThread "jar transforms Thread 374" [_thread_blocked, id=5068, stack(0x0000008338e00000,0x0000008338f00000)]
  0x000001bbf3dcc800 JavaThread "jar transforms Thread 375" [_thread_blocked, id=8372, stack(0x0000008338f00000,0x0000008339000000)]
  0x000001bbf3dc6800 JavaThread "jar transforms Thread 376" [_thread_blocked, id=12224, stack(0x0000008339000000,0x0000008339100000)]
  0x000001bbf3dc9000 JavaThread "jar transforms Thread 377" [_thread_blocked, id=13964, stack(0x0000008339100000,0x0000008339200000)]
  0x000001bbf3dcd000 JavaThread "jar transforms Thread 378" [_thread_blocked, id=7380, stack(0x0000008339200000,0x0000008339300000)]
  0x000001bbf3dd1800 JavaThread "jar transforms Thread 379" [_thread_blocked, id=10344, stack(0x0000008339300000,0x0000008339400000)]
  0x000001bbf3dcf800 JavaThread "jar transforms Thread 380" [_thread_blocked, id=14420, stack(0x0000008339400000,0x0000008339500000)]
  0x000001bbf3dd0800 JavaThread "jar transforms Thread 381" [_thread_blocked, id=14224, stack(0x0000008339500000,0x0000008339600000)]
  0x000001bbf3dce000 JavaThread "jar transforms Thread 382" [_thread_blocked, id=15432, stack(0x0000008339600000,0x0000008339700000)]
  0x000001bbec171000 JavaThread "jar transforms Thread 383" [_thread_blocked, id=3860, stack(0x0000008339700000,0x0000008339800000)]
  0x000001bbec173800 JavaThread "jar transforms Thread 384" [_thread_blocked, id=2628, stack(0x0000008339800000,0x0000008339900000)]
  0x000001bbec174800 JavaThread "jar transforms Thread 385" [_thread_blocked, id=9960, stack(0x0000008339900000,0x0000008339a00000)]
  0x000001bbec177000 JavaThread "jar transforms Thread 386" [_thread_blocked, id=9636, stack(0x0000008339a00000,0x0000008339b00000)]
  0x000001bbec176000 JavaThread "jar transforms Thread 387" [_thread_blocked, id=16200, stack(0x0000008339b00000,0x0000008339c00000)]
  0x000001bbec177800 JavaThread "jar transforms Thread 388" [_thread_blocked, id=10680, stack(0x0000008339c00000,0x0000008339d00000)]
  0x000001bbec175000 JavaThread "jar transforms Thread 389" [_thread_blocked, id=8232, stack(0x0000008339d00000,0x0000008339e00000)]
  0x000001bbec172000 JavaThread "jar transforms Thread 390" [_thread_blocked, id=6732, stack(0x0000008339e00000,0x0000008339f00000)]
  0x000001bbec179000 JavaThread "jar transforms Thread 391" [_thread_blocked, id=16776, stack(0x0000008339f00000,0x000000833a000000)]
  0x000001bbec17d800 JavaThread "jar transforms Thread 392" [_thread_blocked, id=11080, stack(0x000000833a000000,0x000000833a100000)]
  0x000001bbec17a000 JavaThread "jar transforms Thread 393" [_thread_blocked, id=4236, stack(0x000000833a100000,0x000000833a200000)]
  0x000001bbec17e000 JavaThread "jar transforms Thread 394" [_thread_blocked, id=11340, stack(0x000000833a200000,0x000000833a300000)]
  0x000001bbec178800 JavaThread "jar transforms Thread 395" [_thread_blocked, id=7796, stack(0x000000833a300000,0x000000833a400000)]
  0x000001bbec17c800 JavaThread "jar transforms Thread 396" [_thread_blocked, id=564, stack(0x000000833a400000,0x000000833a500000)]
  0x000001bbec17b800 JavaThread "jar transforms Thread 397" [_thread_blocked, id=3348, stack(0x000000833a500000,0x000000833a600000)]
  0x000001bbec180000 JavaThread "jar transforms Thread 398" [_thread_blocked, id=3552, stack(0x000000833a600000,0x000000833a700000)]
  0x000001bbec17b000 JavaThread "jar transforms Thread 399" [_thread_blocked, id=13692, stack(0x000000833a700000,0x000000833a800000)]
  0x000001bbef938800 JavaThread "jar transforms Thread 400" [_thread_blocked, id=244, stack(0x000000833a800000,0x000000833a900000)]
  0x000001bbef93d800 JavaThread "jar transforms Thread 401" [_thread_blocked, id=8768, stack(0x000000833a900000,0x000000833aa00000)]
  0x000001bbef93e800 JavaThread "jar transforms Thread 402" [_thread_blocked, id=14424, stack(0x000000833aa00000,0x000000833ab00000)]
  0x000001bbef93f000 JavaThread "jar transforms Thread 403" [_thread_blocked, id=1244, stack(0x000000833ab00000,0x000000833ac00000)]
  0x000001bbef93c000 JavaThread "jar transforms Thread 404" [_thread_blocked, id=14112, stack(0x000000833ac00000,0x000000833ad00000)]
  0x000001bbef939800 JavaThread "jar transforms Thread 405" [_thread_blocked, id=10664, stack(0x000000833ad00000,0x000000833ae00000)]
  0x000001bbef940000 JavaThread "jar transforms Thread 406" [_thread_blocked, id=9688, stack(0x000000833ae00000,0x000000833af00000)]
  0x000001bbef93b000 JavaThread "jar transforms Thread 407" [_thread_blocked, id=11020, stack(0x000000833af00000,0x000000833b000000)]
  0x000001bbef93c800 JavaThread "jar transforms Thread 408" [_thread_blocked, id=15952, stack(0x000000833b000000,0x000000833b100000)]
  0x000001bbef93a000 JavaThread "jar transforms Thread 409" [_thread_blocked, id=15936, stack(0x000000833b100000,0x000000833b200000)]
  0x000001bbef945800 JavaThread "jar transforms Thread 410" [_thread_blocked, id=15856, stack(0x000000833b200000,0x000000833b300000)]
  0x000001bbef941000 JavaThread "jar transforms Thread 411" [_thread_blocked, id=17104, stack(0x000000833b300000,0x000000833b400000)]
  0x000001bbef945000 JavaThread "jar transforms Thread 412" [_thread_blocked, id=16760, stack(0x000000833b400000,0x000000833b500000)]
  0x000001bbef947800 JavaThread "jar transforms Thread 413" [_thread_blocked, id=9876, stack(0x000000833b500000,0x000000833b600000)]
  0x000001bbef941800 JavaThread "jar transforms Thread 414" [_thread_blocked, id=16188, stack(0x000000833b600000,0x000000833b700000)]
  0x000001bbef943000 JavaThread "jar transforms Thread 415" [_thread_blocked, id=1916, stack(0x000000833b700000,0x000000833b800000)]
  0x000001bbef944000 JavaThread "jar transforms Thread 416" [_thread_blocked, id=15200, stack(0x000000833b800000,0x000000833b900000)]
  0x000001bbf07b6800 JavaThread "jar transforms Thread 417" [_thread_blocked, id=12676, stack(0x000000833b900000,0x000000833ba00000)]
  0x000001bbf07b7000 JavaThread "jar transforms Thread 418" [_thread_blocked, id=17136, stack(0x000000833ba00000,0x000000833bb00000)]
  0x000001bbf07b8000 JavaThread "jar transforms Thread 419" [_thread_blocked, id=9376, stack(0x000000833bb00000,0x000000833bc00000)]
  0x000001bbf07b9000 JavaThread "jar transforms Thread 420" [_thread_blocked, id=7872, stack(0x000000833bc00000,0x000000833bd00000)]
  0x000001bbf07b5800 JavaThread "jar transforms Thread 421" [_thread_blocked, id=14820, stack(0x000000833bd00000,0x000000833be00000)]
  0x000001bbf07b3000 JavaThread "jar transforms Thread 422" [_thread_blocked, id=15084, stack(0x000000833be00000,0x000000833bf00000)]
  0x000001bbf07b9800 JavaThread "jar transforms Thread 423" [_thread_blocked, id=16476, stack(0x000000833bf00000,0x000000833c000000)]
  0x000001bbf07b4000 JavaThread "jar transforms Thread 424" [_thread_blocked, id=16596, stack(0x000000833c000000,0x000000833c100000)]
  0x000001bbf07ba800 JavaThread "jar transforms Thread 425" [_thread_blocked, id=13180, stack(0x000000833c100000,0x000000833c200000)]
  0x000001bbf07b4800 JavaThread "jar transforms Thread 426" [_thread_blocked, id=5504, stack(0x000000833c200000,0x000000833c300000)]
  0x000001bbf07c0000 JavaThread "jar transforms Thread 427" [_thread_blocked, id=3464, stack(0x000000833c300000,0x000000833c400000)]
  0x000001bbf07bc000 JavaThread "jar transforms Thread 428" [_thread_blocked, id=12704, stack(0x000000833c400000,0x000000833c500000)]
  0x000001bbf07c2000 JavaThread "jar transforms Thread 429" [_thread_blocked, id=15148, stack(0x000000833c500000,0x000000833c600000)]
  0x000001bbf07bd800 JavaThread "jar transforms Thread 430" [_thread_blocked, id=16132, stack(0x000000833c600000,0x000000833c700000)]
  0x000001bbf07be800 JavaThread "jar transforms Thread 431" [_thread_blocked, id=792, stack(0x000000833c700000,0x000000833c800000)]
  0x000001bbf07c1000 JavaThread "jar transforms Thread 432" [_thread_blocked, id=9224, stack(0x000000833c800000,0x000000833c900000)]
  0x000001bbf07bf800 JavaThread "jar transforms Thread 433" [_thread_blocked, id=13232, stack(0x000000833c900000,0x000000833ca00000)]
  0x000001bbec74c000 JavaThread "jar transforms Thread 434" [_thread_blocked, id=13120, stack(0x000000833ca00000,0x000000833cb00000)]
  0x000001bbec74f800 JavaThread "jar transforms Thread 435" [_thread_blocked, id=10336, stack(0x000000833cb00000,0x000000833cc00000)]
  0x000001bbec74b800 JavaThread "jar transforms Thread 436" [_thread_blocked, id=15092, stack(0x000000833cc00000,0x000000833cd00000)]
  0x000001bbec753800 JavaThread "jar transforms Thread 437" [_thread_blocked, id=4844, stack(0x000000833cd00000,0x000000833ce00000)]
  0x000001bbec754000 JavaThread "jar transforms Thread 438" [_thread_blocked, id=15676, stack(0x000000833ce00000,0x000000833cf00000)]
  0x000001bbec752000 JavaThread "jar transforms Thread 439" [_thread_blocked, id=11524, stack(0x000000833cf00000,0x000000833d000000)]
  0x000001bbec752800 JavaThread "jar transforms Thread 440" [_thread_blocked, id=10916, stack(0x000000833d000000,0x000000833d100000)]
  0x000001bbec755000 JavaThread "jar transforms Thread 441" [_thread_blocked, id=936, stack(0x000000833d100000,0x000000833d200000)]
  0x000001bbec750000 JavaThread "jar transforms Thread 442" [_thread_blocked, id=10476, stack(0x000000833d200000,0x000000833d300000)]
  0x000001bbec756000 JavaThread "jar transforms Thread 443" [_thread_blocked, id=16904, stack(0x000000833d300000,0x000000833d400000)]
  0x000001bbec756800 JavaThread "jar transforms Thread 444" [_thread_blocked, id=8032, stack(0x000000833d400000,0x000000833d500000)]
  0x000001bbec751000 JavaThread "jar transforms Thread 445" [_thread_blocked, id=12560, stack(0x000000833d500000,0x000000833d600000)]
  0x000001bbec758800 JavaThread "jar transforms Thread 446" [_thread_blocked, id=12900, stack(0x000000833d600000,0x000000833d700000)]
  0x000001bbec757800 JavaThread "jar transforms Thread 447" [_thread_blocked, id=9348, stack(0x000000833d700000,0x000000833d800000)]
  0x000001bbec759000 JavaThread "jar transforms Thread 448" [_thread_blocked, id=11368, stack(0x000000833d800000,0x000000833d900000)]
  0x000001bbec75a000 JavaThread "jar transforms Thread 449" [_thread_blocked, id=15380, stack(0x000000833d900000,0x000000833da00000)]
  0x000001bbed80d800 JavaThread "jar transforms Thread 450" [_thread_blocked, id=11456, stack(0x000000833da00000,0x000000833db00000)]
  0x000001bbed80c800 JavaThread "jar transforms Thread 451" [_thread_blocked, id=15900, stack(0x000000833db00000,0x000000833dc00000)]
  0x000001bbed811800 JavaThread "jar transforms Thread 452" [_thread_blocked, id=1264, stack(0x000000833dc00000,0x000000833dd00000)]
  0x000001bbed812800 JavaThread "jar transforms Thread 453" [_thread_blocked, id=11312, stack(0x000000833dd00000,0x000000833de00000)]
  0x000001bbed813000 JavaThread "jar transforms Thread 454" [_thread_blocked, id=14880, stack(0x000000833de00000,0x000000833df00000)]
  0x000001bbeb94c000 JavaThread "jar transforms Thread 455" [_thread_blocked, id=3124, stack(0x000000833df00000,0x000000833e000000)]
  0x000001bbeb94d800 JavaThread "jar transforms Thread 456" [_thread_blocked, id=14500, stack(0x000000833e000000,0x000000833e100000)]
  0x000001bbeb94a800 JavaThread "jar transforms Thread 457" [_thread_blocked, id=4828, stack(0x000000833e100000,0x000000833e200000)]
  0x000001bbeb94d000 JavaThread "jar transforms Thread 458" [_thread_blocked, id=2788, stack(0x000000833e200000,0x000000833e300000)]
  0x000001bbeb948000 JavaThread "jar transforms Thread 459" [_thread_blocked, id=2408, stack(0x000000833e300000,0x000000833e400000)]
  0x000001bbeb949800 JavaThread "jar transforms Thread 460" [_thread_blocked, id=12252, stack(0x000000833e400000,0x000000833e500000)]
  0x000001bbeb94b000 JavaThread "jar transforms Thread 461" [_thread_blocked, id=11772, stack(0x000000833e500000,0x000000833e600000)]
  0x000001bbeb94e800 JavaThread "jar transforms Thread 462" [_thread_blocked, id=2304, stack(0x000000833e600000,0x000000833e700000)]
  0x000001bbeb948800 JavaThread "jar transforms Thread 463" [_thread_blocked, id=4840, stack(0x000000833e700000,0x000000833e800000)]
  0x000001bbeb951000 JavaThread "jar transforms Thread 464" [_thread_blocked, id=15924, stack(0x000000833e800000,0x000000833e900000)]
  0x000001bbeb94f000 JavaThread "jar transforms Thread 465" [_thread_blocked, id=10016, stack(0x000000833e900000,0x000000833ea00000)]
  0x000001bbeb953800 JavaThread "jar transforms Thread 466" [_thread_blocked, id=1904, stack(0x000000833ea00000,0x000000833eb00000)]
  0x000001bbeb955000 JavaThread "jar transforms Thread 467" [_thread_blocked, id=1236, stack(0x000000833eb00000,0x000000833ec00000)]
  0x000001bbeb951800 JavaThread "jar transforms Thread 468" [_thread_blocked, id=2044, stack(0x000000833ec00000,0x000000833ed00000)]
  0x000001bbeb956000 JavaThread "jar transforms Thread 469" [_thread_blocked, id=3848, stack(0x000000833ed00000,0x000000833ee00000)]
  0x000001bbeb950000 JavaThread "jar transforms Thread 470" [_thread_blocked, id=8440, stack(0x000000833ee00000,0x000000833ef00000)]
  0x000001bbeb952800 JavaThread "jar transforms Thread 471" [_thread_blocked, id=16012, stack(0x000000833ef00000,0x000000833f000000)]
  0x000001bbeb956800 JavaThread "jar transforms Thread 472" [_thread_blocked, id=10708, stack(0x000000833f000000,0x000000833f100000)]
  0x000001bbeb954000 JavaThread "jar transforms Thread 473" [_thread_blocked, id=1940, stack(0x000000833f100000,0x000000833f200000)]
  0x000001bbec0a8000 JavaThread "jar transforms Thread 474" [_thread_blocked, id=14140, stack(0x000000833f200000,0x000000833f300000)]
  0x000001bbec0a2800 JavaThread "jar transforms Thread 475" [_thread_blocked, id=10192, stack(0x000000833f300000,0x000000833f400000)]
  0x000001bbec0a3000 JavaThread "jar transforms Thread 476" [_thread_blocked, id=11108, stack(0x000000833f400000,0x000000833f500000)]
  0x000001bbec0a4800 JavaThread "jar transforms Thread 477" [_thread_blocked, id=6004, stack(0x000000833f500000,0x000000833f600000)]
  0x000001bbec0a9000 JavaThread "jar transforms Thread 478" [_thread_blocked, id=10952, stack(0x000000833f600000,0x000000833f700000)]
  0x000001bbec0a5800 JavaThread "jar transforms Thread 479" [_thread_blocked, id=16164, stack(0x000000833f700000,0x000000833f800000)]
  0x000001bbec0a7000 JavaThread "jar transforms Thread 480" [_thread_blocked, id=4380, stack(0x000000833f800000,0x000000833f900000)]
  0x000001bbec0a4000 JavaThread "jar transforms Thread 481" [_thread_blocked, id=1684, stack(0x000000833f900000,0x000000833fa00000)]
  0x000001bbec0a9800 JavaThread "jar transforms Thread 482" [_thread_blocked, id=12268, stack(0x000000833fa00000,0x000000833fb00000)]
  0x000001bbec0ab800 JavaThread "jar transforms Thread 483" [_thread_blocked, id=14548, stack(0x000000833fb00000,0x000000833fc00000)]
  0x000001bbec0a6800 JavaThread "jar transforms Thread 484" [_thread_blocked, id=13624, stack(0x000000833fc00000,0x000000833fd00000)]
  0x000001bbec0b0000 JavaThread "Cache worker for Build Output Cleanup Cache (F:\MVVMTodo-Part-14_Restoring-the-Fragment-SearchView\.gradle\buildOutputCleanup)" [_thread_blocked, id=2716, stack(0x000000833fd00000,0x000000833fe00000)]
  0x000001bbec0ae800 JavaThread "Cache worker for file content cache (F:\MVVMTodo-Part-14_Restoring-the-Fragment-SearchView\.gradle\6.5\fileContent)" [_thread_blocked, id=16812, stack(0x000000833ff00000,0x0000008340000000)]
  0x000001bbec0aa800 JavaThread "Execution worker for ':'" [_thread_blocked, id=16264, stack(0x0000008340000000,0x0000008340100000)]
  0x000001bbec0ad000 JavaThread "Execution worker for ':' Thread 2" [_thread_blocked, id=15736, stack(0x0000008340100000,0x0000008340200000)]
  0x000001bbec0af800 JavaThread "Execution worker for ':' Thread 3" [_thread_blocked, id=10456, stack(0x0000008340400000,0x0000008340500000)]
  0x000001bbec0ad800 JavaThread "Cache worker for execution history cache (F:\MVVMTodo-Part-14_Restoring-the-Fragment-SearchView\.gradle\6.5\executionHistory)" [_thread_blocked, id=8732, stack(0x0000008340500000,0x0000008340600000)]
  0x000001bbf574c800 JavaThread "RMI TCP Connection(2)-127.0.0.1" daemon [_thread_in_native, id=1428, stack(0x0000008340600000,0x0000008340700000)]
  0x000001bbf5748000 JavaThread "WorkerExecutor Queue" [_thread_blocked, id=16292, stack(0x000000833fe00000,0x000000833ff00000)]
  0x000001bbf574a000 JavaThread "C2 CompilerThread1" daemon [_thread_blocked, id=13436, stack(0x0000008340700000,0x0000008340800000)]

Other Threads:
=>0x000001bbead07000 VMThread "VM Thread" [stack: 0x0000008336100000,0x0000008336200000] [id=10944]
  0x000001bbeb81d800 WatcherThread [stack: 0x0000008336b00000,0x0000008336c00000] [id=14568]
  0x000001bbd1155000 GCTaskThread "GC Thread#0" [stack: 0x0000008335c00000,0x0000008335d00000] [id=15032]
  0x000001bbebe4e000 GCTaskThread "GC Thread#1" [stack: 0x0000008336d00000,0x0000008336e00000] [id=11412]
  0x000001bbebe4e800 GCTaskThread "GC Thread#2" [stack: 0x0000008336e00000,0x0000008336f00000] [id=5468]
  0x000001bbece0c000 GCTaskThread "GC Thread#3" [stack: 0x0000008337a00000,0x0000008337b00000] [id=12048]
  0x000001bbd1184800 ConcurrentGCThread "G1 Main Marker" [stack: 0x0000008335d00000,0x0000008335e00000] [id=8876]
  0x000001bbd1188000 ConcurrentGCThread "G1 Conc#0" [stack: 0x0000008335e00000,0x0000008335f00000] [id=15116]
  0x000001bbd1214800 ConcurrentGCThread "G1 Refine#0" [stack: 0x0000008335f00000,0x0000008336000000] [id=5240]
  0x000001bbf0ebf000 ConcurrentGCThread "G1 Refine#1" [stack: 0x0000008340b00000,0x0000008340c00000] [id=7744]
  0x000001bbf0ebc000 ConcurrentGCThread "G1 Refine#2" [stack: 0x0000008340d00000,0x0000008340e00000] [id=10260]
  0x000001bbd1216000 ConcurrentGCThread "G1 Young RemSet Sampling" [stack: 0x0000008336000000,0x0000008336100000] [id=14028]

Threads with active compile tasks:
C2 CompilerThread0 580607 23077       4       java.util.regex.Pattern::escape (1323 bytes)

VM state:at safepoint (normal execution)

VM Mutex/Monitor currently owned by a thread:  ([mutex/lock_event])
[0x000001bbd1137460] Threads_lock - owner thread: 0x000001bbead07000
[0x000001bbd1138a50] Heap_lock - owner thread: 0x000001bbf5748000

Heap address: 0x0000000080000000, size: 2048 MB, Compressed Oops mode: 32-bit
Narrow klass base: 0x0000000000000000, Narrow klass shift: 3
Compressed class space size: 1073741824 Address: 0x0000000100000000

Heap:
 garbage-first heap   total 331776K, used 229737K [0x0000000080000000, 0x0000000100000000)
  region size 1024K, 2 young (2048K), 2 survivors (2048K)
 Metaspace       used 158327K, capacity 162882K, committed 163016K, reserved 1191936K
  class space    used 19106K, capacity 20689K, committed 20736K, reserved 1048576K
Heap Regions: E=young(eden), S=young(survivor), O=old, HS=humongous(starts), HC=humongous(continues), CS=collection set, F=free, A=archive, TAMS=top-at-mark-start (previous, next)
|   0|0x0000000080000000, 0x0000000080100000, 0x0000000080100000|100%| O|  |TAMS 0x0000000080100000, 0x0000000080000000| Untracked 
|   1|0x0000000080100000, 0x0000000080200000, 0x0000000080200000|100%| O|  |TAMS 0x0000000080200000, 0x0000000080100000| Untracked 
|   2|0x0000000080200000, 0x0000000080300000, 0x0000000080300000|100%| O|  |TAMS 0x0000000080300000, 0x0000000080200000| Complete 
|   3|0x0000000080300000, 0x0000000080400000, 0x0000000080400000|100%|HS|  |TAMS 0x0000000080400000, 0x0000000080300000| Complete 
|   4|0x0000000080400000, 0x0000000080500000, 0x0000000080500000|100%|HC|  |TAMS 0x0000000080500000, 0x0000000080400000| Complete 
|   5|0x0000000080500000, 0x0000000080600000, 0x0000000080600000|100%|HC|  |TAMS 0x0000000080600000, 0x0000000080500000| Complete 
|   6|0x0000000080600000, 0x0000000080700000, 0x0000000080700000|100%| O|  |TAMS 0x0000000080700000, 0x0000000080600000| Untracked 
|   7|0x0000000080700000, 0x0000000080800000, 0x0000000080800000|100%| O|  |TAMS 0x0000000080800000, 0x0000000080700000| Untracked 
|   8|0x0000000080800000, 0x0000000080900000, 0x0000000080900000|100%| O|  |TAMS 0x0000000080900000, 0x0000000080800000| Untracked 
|   9|0x0000000080900000, 0x0000000080a00000, 0x0000000080a00000|100%| O|  |TAMS 0x0000000080a00000, 0x0000000080900000| Untracked 
|  10|0x0000000080a00000, 0x0000000080b00000, 0x0000000080b00000|100%| O|  |TAMS 0x0000000080b00000, 0x0000000080a00000| Untracked 
|  11|0x0000000080b00000, 0x0000000080c00000, 0x0000000080c00000|100%| O|  |TAMS 0x0000000080c00000, 0x0000000080b00000| Untracked 
|  12|0x0000000080c00000, 0x0000000080d00000, 0x0000000080d00000|100%| O|  |TAMS 0x0000000080d00000, 0x0000000080c00000| Untracked 
|  13|0x0000000080d00000, 0x0000000080e00000, 0x0000000080e00000|100%| O|  |TAMS 0x0000000080e00000, 0x0000000080d00000| Untracked 
|  14|0x0000000080e00000, 0x0000000080f00000, 0x0000000080f00000|100%| O|  |TAMS 0x0000000080f00000, 0x0000000080e00000| Untracked 
|  15|0x0000000080f00000, 0x0000000081000000, 0x0000000081000000|100%| O|  |TAMS 0x0000000081000000, 0x0000000080f00000| Untracked 
|  16|0x0000000081000000, 0x0000000081100000, 0x0000000081100000|100%|HS|  |TAMS 0x0000000081100000, 0x0000000081000000| Complete 
|  17|0x0000000081100000, 0x0000000081200000, 0x0000000081200000|100%|HS|  |TAMS 0x0000000081200000, 0x0000000081100000| Complete 
|  18|0x0000000081200000, 0x0000000081300000, 0x0000000081300000|100%|HC|  |TAMS 0x0000000081300000, 0x0000000081200000| Complete 
|  19|0x0000000081300000, 0x0000000081400000, 0x0000000081400000|100%| O|  |TAMS 0x0000000081400000, 0x0000000081300000| Complete 
|  20|0x0000000081400000, 0x0000000081500000, 0x0000000081500000|100%| O|  |TAMS 0x0000000081500000, 0x0000000081400000| Complete 
|  21|0x0000000081500000, 0x0000000081600000, 0x0000000081600000|100%|HS|  |TAMS 0x0000000081600000, 0x0000000081500000| Complete 
|  22|0x0000000081600000, 0x0000000081700000, 0x0000000081700000|100%|HC|  |TAMS 0x0000000081700000, 0x0000000081600000| Complete 
|  23|0x0000000081700000, 0x0000000081800000, 0x0000000081800000|100%|HC|  |TAMS 0x0000000081800000, 0x0000000081700000| Complete 
|  24|0x0000000081800000, 0x0000000081900000, 0x0000000081900000|100%| O|  |TAMS 0x0000000081900000, 0x0000000081800000| Untracked 
|  25|0x0000000081900000, 0x0000000081a00000, 0x0000000081a00000|100%| O|  |TAMS 0x0000000081a00000, 0x0000000081900000| Untracked 
|  26|0x0000000081a00000, 0x0000000081b00000, 0x0000000081b00000|100%| O|  |TAMS 0x0000000081b00000, 0x0000000081a00000| Untracked 
|  27|0x0000000081b00000, 0x0000000081c00000, 0x0000000081c00000|100%| O|  |TAMS 0x0000000081c00000, 0x0000000081b00000| Complete 
|  28|0x0000000081c00000, 0x0000000081d00000, 0x0000000081d00000|100%| O|  |TAMS 0x0000000081d00000, 0x0000000081c00000| Untracked 
|  29|0x0000000081d00000, 0x0000000081e00000, 0x0000000081e00000|100%| O|  |TAMS 0x0000000081e00000, 0x0000000081d00000| Untracked 
|  30|0x0000000081e00000, 0x0000000081f00000, 0x0000000081f00000|100%| O|  |TAMS 0x0000000081f00000, 0x0000000081e00000| Untracked 
|  31|0x0000000081f00000, 0x0000000082000000, 0x0000000082000000|100%| O|  |TAMS 0x0000000082000000, 0x0000000081f00000| Complete 
|  32|0x0000000082000000, 0x0000000082100000, 0x0000000082100000|100%| O|  |TAMS 0x0000000082100000, 0x0000000082000000| Untracked 
|  33|0x0000000082100000, 0x0000000082200000, 0x0000000082200000|100%| O|  |TAMS 0x0000000082200000, 0x0000000082100000| Untracked 
|  34|0x0000000082200000, 0x0000000082300000, 0x0000000082300000|100%| O|  |TAMS 0x0000000082300000, 0x0000000082200000| Untracked 
|  35|0x0000000082300000, 0x0000000082400000, 0x0000000082400000|100%| O|  |TAMS 0x0000000082400000, 0x0000000082300000| Untracked 
|  36|0x0000000082400000, 0x0000000082500000, 0x0000000082500000|100%| O|  |TAMS 0x0000000082500000, 0x0000000082400000| Untracked 
|  37|0x0000000082500000, 0x0000000082600000, 0x0000000082600000|100%| O|  |TAMS 0x0000000082600000, 0x0000000082500000| Untracked 
|  38|0x0000000082600000, 0x0000000082700000, 0x0000000082700000|100%| O|  |TAMS 0x0000000082700000, 0x0000000082600000| Untracked 
|  39|0x0000000082700000, 0x0000000082800000, 0x0000000082800000|100%| O|  |TAMS 0x0000000082800000, 0x0000000082700000| Untracked 
|  40|0x0000000082800000, 0x0000000082900000, 0x0000000082900000|100%| O|  |TAMS 0x0000000082900000, 0x0000000082800000| Untracked 
|  41|0x0000000082900000, 0x0000000082a00000, 0x0000000082a00000|100%| O|  |TAMS 0x0000000082a00000, 0x0000000082900000| Untracked 
|  42|0x0000000082a00000, 0x0000000082b00000, 0x0000000082b00000|100%| O|  |TAMS 0x0000000082b00000, 0x0000000082a00000| Untracked 
|  43|0x0000000082b00000, 0x0000000082c00000, 0x0000000082c00000|100%| O|  |TAMS 0x0000000082c00000, 0x0000000082b00000| Untracked 
|  44|0x0000000082c00000, 0x0000000082d00000, 0x0000000082d00000|100%| O|  |TAMS 0x0000000082d00000, 0x0000000082c00000| Untracked 
|  45|0x0000000082d00000, 0x0000000082e00000, 0x0000000082e00000|100%| O|  |TAMS 0x0000000082e00000, 0x0000000082d00000| Untracked 
|  46|0x0000000082e00000, 0x0000000082f00000, 0x0000000082f00000|100%| O|  |TAMS 0x0000000082f00000, 0x0000000082e00000| Untracked 
|  47|0x0000000082f00000, 0x0000000083000000, 0x0000000083000000|100%| O|  |TAMS 0x0000000083000000, 0x0000000082f00000| Complete 
|  48|0x0000000083000000, 0x0000000083100000, 0x0000000083100000|100%| O|  |TAMS 0x0000000083100000, 0x0000000083000000| Untracked 
|  49|0x0000000083100000, 0x0000000083200000, 0x0000000083200000|100%| O|  |TAMS 0x0000000083200000, 0x0000000083100000| Complete 
|  50|0x0000000083200000, 0x0000000083300000, 0x0000000083300000|100%| O|  |TAMS 0x0000000083300000, 0x0000000083200000| Complete 
|  51|0x0000000083300000, 0x0000000083400000, 0x0000000083400000|100%| O|  |TAMS 0x0000000083400000, 0x0000000083300000| Complete 
|  52|0x0000000083400000, 0x0000000083500000, 0x0000000083500000|100%| O|  |TAMS 0x0000000083500000, 0x0000000083400000| Complete 
|  53|0x0000000083500000, 0x0000000083600000, 0x0000000083600000|100%| O|  |TAMS 0x0000000083600000, 0x0000000083500000| Complete 
|  54|0x0000000083600000, 0x0000000083700000, 0x0000000083700000|100%| O|  |TAMS 0x0000000083700000, 0x0000000083600000| Complete 
|  55|0x0000000083700000, 0x0000000083800000, 0x0000000083800000|100%| O|  |TAMS 0x0000000083800000, 0x0000000083700000| Complete 
|  56|0x0000000083800000, 0x0000000083900000, 0x0000000083900000|100%| O|  |TAMS 0x0000000083900000, 0x0000000083800000| Complete 
|  57|0x0000000083900000, 0x0000000083a00000, 0x0000000083a00000|100%| O|  |TAMS 0x0000000083a00000, 0x0000000083900000| Complete 
|  58|0x0000000083a00000, 0x0000000083b00000, 0x0000000083b00000|100%| O|  |TAMS 0x0000000083b00000, 0x0000000083a00000| Complete 
|  59|0x0000000083b00000, 0x0000000083c00000, 0x0000000083c00000|100%| O|  |TAMS 0x0000000083c00000, 0x0000000083b00000| Untracked 
|  60|0x0000000083c00000, 0x0000000083d00000, 0x0000000083d00000|100%| O|  |TAMS 0x0000000083d00000, 0x0000000083c00000| Untracked 
|  61|0x0000000083d00000, 0x0000000083e00000, 0x0000000083e00000|100%|HS|  |TAMS 0x0000000083e00000, 0x0000000083d00000| Complete 
|  62|0x0000000083e00000, 0x0000000083f00000, 0x0000000083f00000|100%|HC|  |TAMS 0x0000000083f00000, 0x0000000083e00000| Complete 
|  63|0x0000000083f00000, 0x0000000084000000, 0x0000000084000000|100%|HS|  |TAMS 0x0000000084000000, 0x0000000083f00000| Complete 
|  64|0x0000000084000000, 0x0000000084100000, 0x0000000084100000|100%|HC|  |TAMS 0x0000000084100000, 0x0000000084000000| Complete 
|  65|0x0000000084100000, 0x0000000084200000, 0x0000000084200000|100%|HC|  |TAMS 0x0000000084200000, 0x0000000084100000| Complete 
|  66|0x0000000084200000, 0x0000000084300000, 0x0000000084300000|100%| O|  |TAMS 0x0000000084300000, 0x0000000084200000| Untracked 
|  67|0x0000000084300000, 0x0000000084400000, 0x0000000084400000|100%| O|  |TAMS 0x0000000084400000, 0x0000000084300000| Complete 
|  68|0x0000000084400000, 0x0000000084500000, 0x0000000084500000|100%| O|  |TAMS 0x0000000084500000, 0x0000000084400000| Untracked 
|  69|0x0000000084500000, 0x0000000084600000, 0x0000000084600000|100%| O|  |TAMS 0x0000000084600000, 0x0000000084500000| Complete 
|  70|0x0000000084600000, 0x0000000084700000, 0x0000000084700000|100%| O|  |TAMS 0x0000000084700000, 0x0000000084600000| Complete 
|  71|0x0000000084700000, 0x0000000084800000, 0x0000000084800000|100%| O|  |TAMS 0x0000000084800000, 0x0000000084700000| Untracked 
|  72|0x0000000084800000, 0x0000000084900000, 0x0000000084900000|100%| O|  |TAMS 0x0000000084900000, 0x0000000084800000| Untracked 
|  73|0x0000000084900000, 0x0000000084a00000, 0x0000000084a00000|100%| O|  |TAMS 0x0000000084a00000, 0x0000000084900000| Complete 
|  74|0x0000000084a00000, 0x0000000084b00000, 0x0000000084b00000|100%|HS|  |TAMS 0x0000000084b00000, 0x0000000084a00000| Complete 
|  75|0x0000000084b00000, 0x0000000084c00000, 0x0000000084c00000|100%|HC|  |TAMS 0x0000000084c00000, 0x0000000084b00000| Complete 
|  76|0x0000000084c00000, 0x0000000084d00000, 0x0000000084d00000|100%| O|  |TAMS 0x0000000084d00000, 0x0000000084c00000| Untracked 
|  77|0x0000000084d00000, 0x0000000084e00000, 0x0000000084e00000|100%| O|  |TAMS 0x0000000084e00000, 0x0000000084d00000| Untracked 
|  78|0x0000000084e00000, 0x0000000084f00000, 0x0000000084f00000|100%| O|  |TAMS 0x0000000084f00000, 0x0000000084e00000| Untracked 
|  79|0x0000000084f00000, 0x0000000085000000, 0x0000000085000000|100%| O|  |TAMS 0x0000000085000000, 0x0000000084f00000| Untracked 
|  80|0x0000000085000000, 0x0000000085100000, 0x0000000085100000|100%| O|  |TAMS 0x0000000085100000, 0x0000000085000000| Untracked 
|  81|0x0000000085100000, 0x0000000085200000, 0x0000000085200000|100%| O|  |TAMS 0x0000000085200000, 0x0000000085100000| Untracked 
|  82|0x0000000085200000, 0x0000000085300000, 0x0000000085300000|100%| O|  |TAMS 0x0000000085300000, 0x0000000085200000| Untracked 
|  83|0x0000000085300000, 0x0000000085400000, 0x0000000085400000|100%| O|  |TAMS 0x0000000085400000, 0x0000000085300000| Untracked 
|  84|0x0000000085400000, 0x0000000085500000, 0x0000000085500000|100%| O|  |TAMS 0x0000000085500000, 0x0000000085400000| Complete 
|  85|0x0000000085500000, 0x0000000085600000, 0x0000000085600000|100%| O|  |TAMS 0x0000000085600000, 0x0000000085500000| Untracked 
|  86|0x0000000085600000, 0x0000000085700000, 0x0000000085700000|100%| O|  |TAMS 0x0000000085700000, 0x0000000085600000| Untracked 
|  87|0x0000000085700000, 0x0000000085800000, 0x0000000085800000|100%| O|  |TAMS 0x0000000085800000, 0x0000000085700000| Untracked 
|  88|0x0000000085800000, 0x0000000085900000, 0x0000000085900000|100%| O|  |TAMS 0x0000000085900000, 0x0000000085800000| Untracked 
|  89|0x0000000085900000, 0x0000000085a00000, 0x0000000085a00000|100%| O|  |TAMS 0x0000000085a00000, 0x0000000085900000| Untracked 
|  90|0x0000000085a00000, 0x0000000085b00000, 0x0000000085b00000|100%| O|  |TAMS 0x0000000085b00000, 0x0000000085a00000| Untracked 
|  91|0x0000000085b00000, 0x0000000085c00000, 0x0000000085c00000|100%| O|  |TAMS 0x0000000085c00000, 0x0000000085b00000| Complete 
|  92|0x0000000085c00000, 0x0000000085d00000, 0x0000000085d00000|100%| O|  |TAMS 0x0000000085d00000, 0x0000000085c00000| Untracked 
|  93|0x0000000085d00000, 0x0000000085e00000, 0x0000000085e00000|100%|HS|  |TAMS 0x0000000085e00000, 0x0000000085d00000| Complete 
|  94|0x0000000085e00000, 0x0000000085f00000, 0x0000000085f00000|100%|HC|  |TAMS 0x0000000085f00000, 0x0000000085e00000| Complete 
|  95|0x0000000085f00000, 0x0000000086000000, 0x0000000086000000|100%|HC|  |TAMS 0x0000000086000000, 0x0000000085f00000| Complete 
|  96|0x0000000086000000, 0x0000000086100000, 0x0000000086100000|100%|HC|  |TAMS 0x0000000086100000, 0x0000000086000000| Complete 
|  97|0x0000000086100000, 0x0000000086200000, 0x0000000086200000|100%|HC|  |TAMS 0x0000000086200000, 0x0000000086100000| Complete 
|  98|0x0000000086200000, 0x0000000086300000, 0x0000000086300000|100%| O|  |TAMS 0x0000000086300000, 0x0000000086200000| Untracked 
|  99|0x0000000086300000, 0x0000000086400000, 0x0000000086400000|100%| O|  |TAMS 0x0000000086400000, 0x0000000086300000| Complete 
| 100|0x0000000086400000, 0x0000000086500000, 0x0000000086500000|100%| O|  |TAMS 0x0000000086500000, 0x0000000086400000| Untracked 
| 101|0x0000000086500000, 0x0000000086600000, 0x0000000086600000|100%| O|  |TAMS 0x0000000086600000, 0x0000000086500000| Untracked 
| 102|0x0000000086600000, 0x0000000086700000, 0x0000000086700000|100%|HS|  |TAMS 0x0000000086700000, 0x0000000086600000| Complete 
| 103|0x0000000086700000, 0x0000000086800000, 0x0000000086800000|100%|HC|  |TAMS 0x0000000086800000, 0x0000000086700000| Complete 
| 104|0x0000000086800000, 0x0000000086900000, 0x0000000086900000|100%| O|  |TAMS 0x0000000086900000, 0x0000000086800000| Complete 
| 105|0x0000000086900000, 0x0000000086a00000, 0x0000000086a00000|100%| O|  |TAMS 0x0000000086a00000, 0x0000000086900000| Complete 
| 106|0x0000000086a00000, 0x0000000086b00000, 0x0000000086b00000|100%| O|  |TAMS 0x0000000086b00000, 0x0000000086a00000| Untracked 
| 107|0x0000000086b00000, 0x0000000086c00000, 0x0000000086c00000|100%| O|  |TAMS 0x0000000086c00000, 0x0000000086b00000| Untracked 
| 108|0x0000000086c00000, 0x0000000086d00000, 0x0000000086d00000|100%| O|  |TAMS 0x0000000086d00000, 0x0000000086c00000| Untracked 
| 109|0x0000000086d00000, 0x0000000086e00000, 0x0000000086e00000|100%| O|  |TAMS 0x0000000086e00000, 0x0000000086d00000| Untracked 
| 110|0x0000000086e00000, 0x0000000086f00000, 0x0000000086f00000|100%| O|  |TAMS 0x0000000086f00000, 0x0000000086e00000| Untracked 
| 111|0x0000000086f00000, 0x0000000087000000, 0x0000000087000000|100%| O|  |TAMS 0x0000000087000000, 0x0000000086f00000| Complete 
| 112|0x0000000087000000, 0x0000000087100000, 0x0000000087100000|100%| O|  |TAMS 0x0000000087100000, 0x0000000087000000| Untracked 
| 113|0x0000000087100000, 0x0000000087200000, 0x0000000087200000|100%| O|  |TAMS 0x0000000087200000, 0x0000000087100000| Complete 
| 114|0x0000000087200000, 0x0000000087300000, 0x0000000087300000|100%| O|  |TAMS 0x0000000087300000, 0x0000000087200000| Complete 
| 115|0x0000000087300000, 0x0000000087400000, 0x0000000087400000|100%| O|  |TAMS 0x0000000087400000, 0x0000000087300000| Untracked 
| 116|0x0000000087400000, 0x0000000087500000, 0x0000000087500000|100%| O|  |TAMS 0x0000000087500000, 0x0000000087400000| Complete 
| 117|0x0000000087500000, 0x0000000087600000, 0x0000000087600000|100%| O|  |TAMS 0x0000000087600000, 0x0000000087500000| Untracked 
| 118|0x0000000087600000, 0x0000000087700000, 0x0000000087700000|100%| O|  |TAMS 0x0000000087700000, 0x0000000087600000| Untracked 
| 119|0x0000000087700000, 0x0000000087800000, 0x0000000087800000|100%| O|  |TAMS 0x0000000087800000, 0x0000000087700000| Complete 
| 120|0x0000000087800000, 0x0000000087900000, 0x0000000087900000|100%| O|  |TAMS 0x0000000087900000, 0x0000000087800000| Complete 
| 121|0x0000000087900000, 0x0000000087a00000, 0x0000000087a00000|100%| O|  |TAMS 0x0000000087a00000, 0x0000000087900000| Untracked 
| 122|0x0000000087a00000, 0x0000000087b00000, 0x0000000087b00000|100%| O|  |TAMS 0x0000000087b00000, 0x0000000087a00000| Untracked 
| 123|0x0000000087b00000, 0x0000000087c00000, 0x0000000087c00000|100%| O|  |TAMS 0x0000000087c00000, 0x0000000087b00000| Untracked 
| 124|0x0000000087c00000, 0x0000000087d00000, 0x0000000087d00000|100%| O|  |TAMS 0x0000000087d00000, 0x0000000087c00000| Untracked 
| 125|0x0000000087d00000, 0x0000000087e00000, 0x0000000087e00000|100%| O|  |TAMS 0x0000000087e00000, 0x0000000087d00000| Untracked 
| 126|0x0000000087e00000, 0x0000000087f00000, 0x0000000087f00000|100%| O|  |TAMS 0x0000000087f00000, 0x0000000087e00000| Untracked 
| 127|0x0000000087f00000, 0x0000000088000000, 0x0000000088000000|100%| O|  |TAMS 0x0000000088000000, 0x0000000087f00000| Untracked 
| 128|0x0000000088000000, 0x0000000088100000, 0x0000000088100000|100%| O|  |TAMS 0x0000000088100000, 0x0000000088000000| Untracked 
| 129|0x0000000088100000, 0x0000000088200000, 0x0000000088200000|100%| O|  |TAMS 0x0000000088200000, 0x0000000088100000| Untracked 
| 130|0x0000000088200000, 0x0000000088300000, 0x0000000088300000|100%| O|  |TAMS 0x0000000088300000, 0x0000000088200000| Untracked 
| 131|0x0000000088300000, 0x0000000088400000, 0x0000000088400000|100%| O|  |TAMS 0x0000000088400000, 0x0000000088300000| Untracked 
| 132|0x0000000088400000, 0x0000000088500000, 0x0000000088500000|100%| O|  |TAMS 0x0000000088500000, 0x0000000088400000| Untracked 
| 133|0x0000000088500000, 0x0000000088600000, 0x0000000088600000|100%| O|  |TAMS 0x0000000088600000, 0x0000000088500000| Complete 
| 134|0x0000000088600000, 0x0000000088700000, 0x0000000088700000|100%| O|  |TAMS 0x0000000088700000, 0x0000000088600000| Untracked 
| 135|0x0000000088700000, 0x0000000088800000, 0x0000000088800000|100%| O|  |TAMS 0x0000000088800000, 0x0000000088700000| Untracked 
| 136|0x0000000088800000, 0x0000000088900000, 0x0000000088900000|100%| O|  |TAMS 0x0000000088900000, 0x0000000088800000| Untracked 
| 137|0x0000000088900000, 0x0000000088a00000, 0x0000000088a00000|100%| O|  |TAMS 0x0000000088a00000, 0x0000000088900000| Untracked 
| 138|0x0000000088a00000, 0x0000000088b00000, 0x0000000088b00000|100%| O|  |TAMS 0x0000000088b00000, 0x0000000088a00000| Untracked 
| 139|0x0000000088b00000, 0x0000000088c00000, 0x0000000088c00000|100%| O|  |TAMS 0x0000000088c00000, 0x0000000088b00000| Untracked 
| 140|0x0000000088c00000, 0x0000000088d00000, 0x0000000088d00000|100%| O|  |TAMS 0x0000000088d00000, 0x0000000088c00000| Complete 
| 141|0x0000000088d00000, 0x0000000088e00000, 0x0000000088e00000|100%| O|  |TAMS 0x0000000088e00000, 0x0000000088d00000| Complete 
| 142|0x0000000088e00000, 0x0000000088f00000, 0x0000000088f00000|100%| O|  |TAMS 0x0000000088f00000, 0x0000000088e00000| Untracked 
| 143|0x0000000088f00000, 0x0000000089000000, 0x0000000089000000|100%| O|  |TAMS 0x0000000089000000, 0x0000000088f00000| Complete 
| 144|0x0000000089000000, 0x0000000089100000, 0x0000000089100000|100%| O|  |TAMS 0x0000000089100000, 0x0000000089000000| Untracked 
| 145|0x0000000089100000, 0x0000000089200000, 0x0000000089200000|100%| O|  |TAMS 0x0000000089200000, 0x0000000089100000| Complete 
| 146|0x0000000089200000, 0x0000000089300000, 0x0000000089300000|100%| O|  |TAMS 0x0000000089300000, 0x0000000089200000| Complete 
| 147|0x0000000089300000, 0x0000000089400000, 0x0000000089400000|100%| O|  |TAMS 0x0000000089400000, 0x0000000089300000| Untracked 
| 148|0x0000000089400000, 0x0000000089500000, 0x0000000089500000|100%| O|  |TAMS 0x0000000089500000, 0x0000000089400000| Complete 
| 149|0x0000000089500000, 0x0000000089600000, 0x0000000089600000|100%| O|  |TAMS 0x0000000089600000, 0x0000000089500000| Untracked 
| 150|0x0000000089600000, 0x0000000089700000, 0x0000000089700000|100%| O|  |TAMS 0x0000000089700000, 0x0000000089600000| Untracked 
| 151|0x0000000089700000, 0x0000000089800000, 0x0000000089800000|100%| O|  |TAMS 0x0000000089800000, 0x0000000089700000| Untracked 
| 152|0x0000000089800000, 0x0000000089900000, 0x0000000089900000|100%| O|  |TAMS 0x0000000089900000, 0x0000000089800000| Untracked 
| 153|0x0000000089900000, 0x0000000089a00000, 0x0000000089a00000|100%| O|  |TAMS 0x0000000089a00000, 0x0000000089900000| Untracked 
| 154|0x0000000089a00000, 0x0000000089b00000, 0x0000000089b00000|100%| O|  |TAMS 0x0000000089b00000, 0x0000000089a00000| Untracked 
| 155|0x0000000089b00000, 0x0000000089c00000, 0x0000000089c00000|100%| O|  |TAMS 0x0000000089c00000, 0x0000000089b00000| Untracked 
| 156|0x0000000089c00000, 0x0000000089d00000, 0x0000000089d00000|100%| O|  |TAMS 0x0000000089d00000, 0x0000000089c00000| Untracked 
| 157|0x0000000089d00000, 0x0000000089e00000, 0x0000000089e00000|100%| O|  |TAMS 0x0000000089e00000, 0x0000000089d00000| Untracked 
| 158|0x0000000089e00000, 0x0000000089f00000, 0x0000000089f00000|100%| O|  |TAMS 0x0000000089f00000, 0x0000000089e00000| Untracked 
| 159|0x0000000089f00000, 0x000000008a000000, 0x000000008a000000|100%| O|  |TAMS 0x000000008a000000, 0x0000000089f00000| Untracked 
| 160|0x000000008a000000, 0x000000008a100000, 0x000000008a100000|100%| O|  |TAMS 0x000000008a100000, 0x000000008a000000| Untracked 
| 161|0x000000008a100000, 0x000000008a200000, 0x000000008a200000|100%| O|  |TAMS 0x000000008a200000, 0x000000008a100000| Untracked 
| 162|0x000000008a200000, 0x000000008a300000, 0x000000008a300000|100%| O|  |TAMS 0x000000008a300000, 0x000000008a200000| Untracked 
| 163|0x000000008a300000, 0x000000008a400000, 0x000000008a400000|100%| O|  |TAMS 0x000000008a400000, 0x000000008a300000| Untracked 
| 164|0x000000008a400000, 0x000000008a500000, 0x000000008a500000|100%| O|  |TAMS 0x000000008a500000, 0x000000008a400000| Untracked 
| 165|0x000000008a500000, 0x000000008a600000, 0x000000008a600000|100%| O|  |TAMS 0x000000008a600000, 0x000000008a500000| Complete 
| 166|0x000000008a600000, 0x000000008a700000, 0x000000008a700000|100%| O|  |TAMS 0x000000008a700000, 0x000000008a600000| Untracked 
| 167|0x000000008a700000, 0x000000008a800000, 0x000000008a800000|100%| O|  |TAMS 0x000000008a800000, 0x000000008a700000| Untracked 
| 168|0x000000008a800000, 0x000000008a900000, 0x000000008a900000|100%| O|  |TAMS 0x000000008a900000, 0x000000008a800000| Complete 
| 169|0x000000008a900000, 0x000000008aa00000, 0x000000008aa00000|100%| O|  |TAMS 0x000000008aa00000, 0x000000008a900000| Untracked 
| 170|0x000000008aa00000, 0x000000008ab00000, 0x000000008ab00000|100%| O|  |TAMS 0x000000008ab00000, 0x000000008aa00000| Complete 
| 171|0x000000008ab00000, 0x000000008ac00000, 0x000000008ac00000|100%| O|  |TAMS 0x000000008ac00000, 0x000000008ab00000| Complete 
| 172|0x000000008ac00000, 0x000000008ad00000, 0x000000008ad00000|100%| O|  |TAMS 0x000000008ad00000, 0x000000008ac00000| Untracked 
| 173|0x000000008ad00000, 0x000000008ae00000, 0x000000008ae00000|100%|HS|  |TAMS 0x000000008ae00000, 0x000000008ad00000| Complete 
| 174|0x000000008ae00000, 0x000000008af00000, 0x000000008af00000|100%|HC|  |TAMS 0x000000008af00000, 0x000000008ae00000| Complete 
| 175|0x000000008af00000, 0x000000008b000000, 0x000000008b000000|100%| O|  |TAMS 0x000000008b000000, 0x000000008af00000| Untracked 
| 176|0x000000008b000000, 0x000000008b100000, 0x000000008b100000|100%| O|  |TAMS 0x000000008b100000, 0x000000008b000000| Complete 
| 177|0x000000008b100000, 0x000000008b200000, 0x000000008b200000|100%| O|  |TAMS 0x000000008b200000, 0x000000008b100000| Complete 
| 178|0x000000008b200000, 0x000000008b300000, 0x000000008b300000|100%| O|  |TAMS 0x000000008b300000, 0x000000008b200000| Untracked 
| 179|0x000000008b300000, 0x000000008b400000, 0x000000008b400000|100%| O|  |TAMS 0x000000008b400000, 0x000000008b300000| Untracked 
| 180|0x000000008b400000, 0x000000008b500000, 0x000000008b500000|100%| O|  |TAMS 0x000000008b500000, 0x000000008b400000| Untracked 
| 181|0x000000008b500000, 0x000000008b600000, 0x000000008b600000|100%| O|  |TAMS 0x000000008b600000, 0x000000008b500000| Complete 
| 182|0x000000008b600000, 0x000000008b700000, 0x000000008b700000|100%| O|  |TAMS 0x000000008b700000, 0x000000008b600000| Complete 
| 183|0x000000008b700000, 0x000000008b800000, 0x000000008b800000|100%| O|  |TAMS 0x000000008b800000, 0x000000008b700000| Untracked 
| 184|0x000000008b800000, 0x000000008b900000, 0x000000008b900000|100%| O|  |TAMS 0x000000008b900000, 0x000000008b800000| Untracked 
| 185|0x000000008b900000, 0x000000008ba00000, 0x000000008ba00000|100%| O|  |TAMS 0x000000008ba00000, 0x000000008b900000| Untracked 
| 186|0x000000008ba00000, 0x000000008bb00000, 0x000000008bb00000|100%| O|  |TAMS 0x000000008bb00000, 0x000000008ba00000| Untracked 
| 187|0x000000008bb00000, 0x000000008bc00000, 0x000000008bc00000|100%| O|  |TAMS 0x000000008bc00000, 0x000000008bb00000| Untracked 
| 188|0x000000008bc00000, 0x000000008bd00000, 0x000000008bd00000|100%| O|  |TAMS 0x000000008bd00000, 0x000000008bc00000| Untracked 
| 189|0x000000008bd00000, 0x000000008be00000, 0x000000008be00000|100%| O|  |TAMS 0x000000008be00000, 0x000000008bd00000| Untracked 
| 190|0x000000008be00000, 0x000000008bf00000, 0x000000008bf00000|100%| O|  |TAMS 0x000000008bf00000, 0x000000008be00000| Untracked 
| 191|0x000000008bf00000, 0x000000008c000000, 0x000000008c000000|100%| O|  |TAMS 0x000000008c000000, 0x000000008bf00000| Untracked 
| 192|0x000000008c000000, 0x000000008c100000, 0x000000008c100000|100%| O|  |TAMS 0x000000008c100000, 0x000000008c000000| Untracked 
| 193|0x000000008c100000, 0x000000008c200000, 0x000000008c200000|100%| O|  |TAMS 0x000000008c200000, 0x000000008c100000| Untracked 
| 194|0x000000008c200000, 0x000000008c300000, 0x000000008c300000|100%| O|  |TAMS 0x000000008c300000, 0x000000008c200000| Untracked 
| 195|0x000000008c300000, 0x000000008c400000, 0x000000008c400000|100%| O|  |TAMS 0x000000008c400000, 0x000000008c300000| Untracked 
| 196|0x000000008c400000, 0x000000008c500000, 0x000000008c500000|100%| O|  |TAMS 0x000000008c500000, 0x000000008c400000| Untracked 
| 197|0x000000008c500000, 0x000000008c600000, 0x000000008c600000|100%| O|  |TAMS 0x000000008c600000, 0x000000008c500000| Untracked 
| 198|0x000000008c600000, 0x000000008c700000, 0x000000008c700000|100%| O|  |TAMS 0x000000008c700000, 0x000000008c600000| Untracked 
| 199|0x000000008c700000, 0x000000008c800000, 0x000000008c800000|100%| O|  |TAMS 0x000000008c800000, 0x000000008c700000| Untracked 
| 200|0x000000008c800000, 0x000000008c900000, 0x000000008c900000|100%| O|  |TAMS 0x000000008c900000, 0x000000008c800000| Untracked 
| 201|0x000000008c900000, 0x000000008ca00000, 0x000000008ca00000|100%| O|  |TAMS 0x000000008ca00000, 0x000000008c900000| Untracked 
| 202|0x000000008ca00000, 0x000000008cb00000, 0x000000008cb00000|100%| O|  |TAMS 0x000000008cb00000, 0x000000008ca00000| Untracked 
| 203|0x000000008cb00000, 0x000000008cc00000, 0x000000008cc00000|100%| O|  |TAMS 0x000000008cc00000, 0x000000008cb00000| Untracked 
| 204|0x000000008cc00000, 0x000000008cd00000, 0x000000008cd00000|100%| O|  |TAMS 0x000000008cd00000, 0x000000008cc00000| Complete 
| 205|0x000000008cd00000, 0x000000008cd00000, 0x000000008ce00000|  0%| F|  |TAMS 0x000000008cd00000, 0x000000008cd00000| Untracked 
| 206|0x000000008ce00000, 0x000000008cf00000, 0x000000008cf00000|100%| O|  |TAMS 0x000000008ce00000, 0x000000008ce00000| Untracked 
| 207|0x000000008cf00000, 0x000000008d000000, 0x000000008d000000|100%| O|  |TAMS 0x000000008cf00000, 0x000000008cf00000| Untracked 
| 208|0x000000008d000000, 0x000000008d100000, 0x000000008d100000|100%| O|  |TAMS 0x000000008d000000, 0x000000008d000000| Untracked 
| 209|0x000000008d100000, 0x000000008d200000, 0x000000008d200000|100%| O|  |TAMS 0x000000008d100000, 0x000000008d100000| Untracked 
| 210|0x000000008d200000, 0x000000008d300000, 0x000000008d300000|100%| O|  |TAMS 0x000000008d200000, 0x000000008d200000| Untracked 
| 211|0x000000008d300000, 0x000000008d400000, 0x000000008d400000|100%| O|  |TAMS 0x000000008d300000, 0x000000008d300000| Untracked 
| 212|0x000000008d400000, 0x000000008d500000, 0x000000008d500000|100%| O|  |TAMS 0x000000008d400000, 0x000000008d400000| Untracked 
| 213|0x000000008d500000, 0x000000008d600000, 0x000000008d600000|100%| O|  |TAMS 0x000000008d500000, 0x000000008d500000| Untracked 
| 214|0x000000008d600000, 0x000000008d700000, 0x000000008d700000|100%| O|  |TAMS 0x000000008d600000, 0x000000008d600000| Untracked 
| 215|0x000000008d700000, 0x000000008d800000, 0x000000008d800000|100%| O|  |TAMS 0x000000008d700000, 0x000000008d700000| Untracked 
| 216|0x000000008d800000, 0x000000008d900000, 0x000000008d900000|100%| O|  |TAMS 0x000000008d800000, 0x000000008d800000| Untracked 
| 217|0x000000008d900000, 0x000000008da00000, 0x000000008da00000|100%| O|  |TAMS 0x000000008d900000, 0x000000008d900000| Untracked 
| 218|0x000000008da00000, 0x000000008db00000, 0x000000008db00000|100%| O|  |TAMS 0x000000008da00000, 0x000000008da00000| Untracked 
| 219|0x000000008db00000, 0x000000008dc00000, 0x000000008dc00000|100%| O|  |TAMS 0x000000008db00000, 0x000000008db00000| Untracked 
| 220|0x000000008dc00000, 0x000000008dd00000, 0x000000008dd00000|100%| O|  |TAMS 0x000000008dc00000, 0x000000008dc00000| Untracked 
| 221|0x000000008dd00000, 0x000000008de00000, 0x000000008de00000|100%| O|  |TAMS 0x000000008dd00000, 0x000000008dd00000| Untracked 
| 222|0x000000008de00000, 0x000000008df00000, 0x000000008df00000|100%| O|  |TAMS 0x000000008de00000, 0x000000008de00000| Untracked 
| 223|0x000000008df00000, 0x000000008df5a400, 0x000000008e000000| 35%| O|  |TAMS 0x000000008df00000, 0x000000008df00000| Untracked 
| 224|0x000000008e000000, 0x000000008e000000, 0x000000008e100000|  0%| F|  |TAMS 0x000000008e000000, 0x000000008e000000| Untracked 
| 225|0x000000008e100000, 0x000000008e100000, 0x000000008e200000|  0%| F|  |TAMS 0x000000008e100000, 0x000000008e100000| Untracked 
| 226|0x000000008e200000, 0x000000008e200000, 0x000000008e300000|  0%| F|  |TAMS 0x000000008e200000, 0x000000008e200000| Untracked 
| 227|0x000000008e300000, 0x000000008e300000, 0x000000008e400000|  0%| F|  |TAMS 0x000000008e300000, 0x000000008e300000| Untracked 
| 228|0x000000008e400000, 0x000000008e400000, 0x000000008e500000|  0%| F|  |TAMS 0x000000008e400000, 0x000000008e400000| Untracked 
| 229|0x000000008e500000, 0x000000008e500000, 0x000000008e600000|  0%| F|  |TAMS 0x000000008e500000, 0x000000008e500000| Untracked 
| 230|0x000000008e600000, 0x000000008e600000, 0x000000008e700000|  0%| F|  |TAMS 0x000000008e600000, 0x000000008e600000| Untracked 
| 231|0x000000008e700000, 0x000000008e700000, 0x000000008e800000|  0%| F|  |TAMS 0x000000008e700000, 0x000000008e700000| Untracked 
| 232|0x000000008e800000, 0x000000008e800000, 0x000000008e900000|  0%| F|  |TAMS 0x000000008e800000, 0x000000008e800000| Untracked 
| 233|0x000000008e900000, 0x000000008e900000, 0x000000008ea00000|  0%| F|  |TAMS 0x000000008e900000, 0x000000008e900000| Untracked 
| 234|0x000000008ea00000, 0x000000008ea00000, 0x000000008eb00000|  0%| F|  |TAMS 0x000000008ea00000, 0x000000008ea00000| Untracked 
| 235|0x000000008eb00000, 0x000000008eb00000, 0x000000008ec00000|  0%| F|  |TAMS 0x000000008eb00000, 0x000000008eb00000| Untracked 
| 236|0x000000008ec00000, 0x000000008ec00000, 0x000000008ed00000|  0%| F|  |TAMS 0x000000008ec00000, 0x000000008ec00000| Untracked 
| 237|0x000000008ed00000, 0x000000008ed00000, 0x000000008ee00000|  0%| F|  |TAMS 0x000000008ed00000, 0x000000008ed00000| Untracked 
| 238|0x000000008ee00000, 0x000000008ee00000, 0x000000008ef00000|  0%| F|  |TAMS 0x000000008ee00000, 0x000000008ee00000| Untracked 
| 239|0x000000008ef00000, 0x000000008ef00000, 0x000000008f000000|  0%| F|  |TAMS 0x000000008ef00000, 0x000000008ef00000| Untracked 
| 240|0x000000008f000000, 0x000000008f000000, 0x000000008f100000|  0%| F|  |TAMS 0x000000008f000000, 0x000000008f000000| Untracked 
| 241|0x000000008f100000, 0x000000008f100000, 0x000000008f200000|  0%| F|  |TAMS 0x000000008f100000, 0x000000008f100000| Untracked 
| 242|0x000000008f200000, 0x000000008f200000, 0x000000008f300000|  0%| F|  |TAMS 0x000000008f200000, 0x000000008f200000| Untracked 
| 243|0x000000008f300000, 0x000000008f300000, 0x000000008f400000|  0%| F|  |TAMS 0x000000008f300000, 0x000000008f300000| Untracked 
| 244|0x000000008f400000, 0x000000008f400000, 0x000000008f500000|  0%| F|  |TAMS 0x000000008f400000, 0x000000008f400000| Untracked 
| 245|0x000000008f500000, 0x000000008f500000, 0x000000008f600000|  0%| F|  |TAMS 0x000000008f500000, 0x000000008f500000| Untracked 
| 246|0x000000008f600000, 0x000000008f600000, 0x000000008f700000|  0%| F|  |TAMS 0x000000008f600000, 0x000000008f600000| Untracked 
| 247|0x000000008f700000, 0x000000008f700000, 0x000000008f800000|  0%| F|  |TAMS 0x000000008f700000, 0x000000008f700000| Untracked 
| 248|0x000000008f800000, 0x000000008f800000, 0x000000008f900000|  0%| F|  |TAMS 0x000000008f800000, 0x000000008f800000| Untracked 
| 249|0x000000008f900000, 0x000000008f900000, 0x000000008fa00000|  0%| F|  |TAMS 0x000000008f900000, 0x000000008f900000| Untracked 
| 250|0x000000008fa00000, 0x000000008fa00000, 0x000000008fb00000|  0%| F|  |TAMS 0x000000008fa00000, 0x000000008fa00000| Untracked 
| 251|0x000000008fb00000, 0x000000008fb00000, 0x000000008fc00000|  0%| F|  |TAMS 0x000000008fb00000, 0x000000008fb00000| Untracked 
| 252|0x000000008fc00000, 0x000000008fc00000, 0x000000008fd00000|  0%| F|  |TAMS 0x000000008fc00000, 0x000000008fc00000| Untracked 
| 253|0x000000008fd00000, 0x000000008fe00000, 0x000000008fe00000|100%| S|CS|TAMS 0x000000008fd00000, 0x000000008fd00000| Complete 
| 254|0x000000008fe00000, 0x000000008ff00000, 0x000000008ff00000|100%| S|CS|TAMS 0x000000008fe00000, 0x000000008fe00000| Complete 
| 255|0x000000008ff00000, 0x000000008ff00000, 0x0000000090000000|  0%| F|  |TAMS 0x000000008ff00000, 0x000000008ff00000| Untracked 
| 256|0x0000000090000000, 0x0000000090000000, 0x0000000090100000|  0%| F|  |TAMS 0x0000000090000000, 0x0000000090000000| Untracked 
| 257|0x0000000090100000, 0x0000000090100000, 0x0000000090200000|  0%| F|  |TAMS 0x0000000090100000, 0x0000000090100000| Untracked 
| 258|0x0000000090200000, 0x0000000090200000, 0x0000000090300000|  0%| F|  |TAMS 0x0000000090200000, 0x0000000090200000| Untracked 
| 259|0x0000000090300000, 0x0000000090300000, 0x0000000090400000|  0%| F|  |TAMS 0x0000000090300000, 0x0000000090300000| Untracked 
| 260|0x0000000090400000, 0x0000000090400000, 0x0000000090500000|  0%| F|  |TAMS 0x0000000090400000, 0x0000000090400000| Untracked 
| 261|0x0000000090500000, 0x0000000090500000, 0x0000000090600000|  0%| F|  |TAMS 0x0000000090500000, 0x0000000090500000| Untracked 
| 262|0x0000000090600000, 0x0000000090600000, 0x0000000090700000|  0%| F|  |TAMS 0x0000000090600000, 0x0000000090600000| Untracked 
| 263|0x0000000090700000, 0x0000000090700000, 0x0000000090800000|  0%| F|  |TAMS 0x0000000090700000, 0x0000000090700000| Untracked 
| 264|0x0000000090800000, 0x0000000090800000, 0x0000000090900000|  0%| F|  |TAMS 0x0000000090800000, 0x0000000090800000| Untracked 
| 265|0x0000000090900000, 0x0000000090900000, 0x0000000090a00000|  0%| F|  |TAMS 0x0000000090900000, 0x0000000090900000| Untracked 
| 266|0x0000000090a00000, 0x0000000090a00000, 0x0000000090b00000|  0%| F|  |TAMS 0x0000000090a00000, 0x0000000090a00000| Untracked 

Card table byte_map: [0x000001bbe4030000,0x000001bbe4430000] _byte_map_base: 0x000001bbe3c30000

Marking Bits (Prev, Next): (CMBitMap*) 0x000001bbd117bb30, (CMBitMap*) 0x000001bbd117baf8
 Prev Bits: [0x000001bbe6830000, 0x000001bbe8830000)
 Next Bits: [0x000001bbe4830000, 0x000001bbe6830000)

Polling page: 0x000001bbcf000000

Metaspace:

Usage:
  Non-class:    138.86 MB capacity,   135.96 MB ( 98%) used,     2.46 MB (  2%) free+waste,   456.69 KB ( <1%) overhead. 
      Class:     20.20 MB capacity,    18.66 MB ( 92%) used,     1.34 MB (  7%) free+waste,   205.38 KB ( <1%) overhead. 
       Both:    159.06 MB capacity,   154.62 MB ( 97%) used,     3.80 MB (  2%) free+waste,   662.06 KB ( <1%) overhead. 

Virtual space:
  Non-class space:      140.00 MB reserved,     138.95 MB (>99%) committed 
      Class space:        1.00 GB reserved,      20.25 MB (  2%) committed 
             Both:        1.14 GB reserved,     159.20 MB ( 14%) committed 

Chunk freelists:
   Non-Class:  23.00 KB
       Class:  0 bytes
        Both:  23.00 KB

MaxMetaspaceSize: 17179869184.00 GB
CompressedClassSpaceSize: 1.00 GB

CodeHeap 'non-profiled nmethods': size=120064Kb used=18024Kb max_used=18024Kb free=102039Kb
 bounds [0x000001bbdc6f0000, 0x000001bbdd890000, 0x000001bbe3c30000]
CodeHeap 'profiled nmethods': size=120000Kb used=46129Kb max_used=46129Kb free=73870Kb
 bounds [0x000001bbd51c0000, 0x000001bbd7ef0000, 0x000001bbdc6f0000]
CodeHeap 'non-nmethods': size=5696Kb used=2389Kb max_used=2460Kb free=3306Kb
 bounds [0x000001bbd4c30000, 0x000001bbd4ea0000, 0x000001bbd51c0000]
 total_blobs=21660 nmethods=20639 adapters=930
 compilation: enabled
              stopped_count=0, restarted_count=0
 full_count=0

Compilation events (20 events):
Event: 580.477 Thread 0x000001bbf574a000 23096       4       com.google.gson.internal.bind.TypeAdapters$16::read (6 bytes)
Event: 580.481 Thread 0x000001bbf574a000 nmethod 23096 0x000001bbdd889b90 code [0x000001bbdd889d60, 0x000001bbdd889fe8]
Event: 580.481 Thread 0x000001bbf574a000 23098       4       jdk.internal.reflect.UnsafeQualifiedObjectFieldAccessorImpl::set (56 bytes)
Event: 580.486 Thread 0x000001bbf574a000 nmethod 23098 0x000001bbdd88a310 code [0x000001bbdd88a4c0, 0x000001bbdd88a798]
Event: 580.486 Thread 0x000001bbead35800 23100       3       android.databinding.tool.store.SetterStore::access$700 (5 bytes)
Event: 580.487 Thread 0x000001bbead35800 nmethod 23100 0x000001bbd7eee390 code [0x000001bbd7eee540, 0x000001bbd7eee6a8]
Event: 580.487 Thread 0x000001bbead35800 23101       3       android.databinding.tool.store.SetterStore::mergedHashCode (5 bytes)
Event: 580.487 Thread 0x000001bbead35800 nmethod 23101 0x000001bbd7eee790 code [0x000001bbd7eee940, 0x000001bbd7eeea48]
Event: 580.501 Thread 0x000001bbf574a000 23102       4       com.sun.org.apache.xerces.internal.impl.XMLDocumentFragmentScannerImpl::scanDocument (346 bytes)
Event: 580.519 Thread 0x000001bbf574a000 nmethod 23102 0x000001bbdd88a990 code [0x000001bbdd88abe0, 0x000001bbdd88b488]
Event: 580.519 Thread 0x000001bbf574a000 23103       4       com.sun.org.apache.xerces.internal.xni.XMLString::setValues (17 bytes)
Event: 580.521 Thread 0x000001bbf574a000 nmethod 23103 0x000001bbdd88bd10 code [0x000001bbdd88bea0, 0x000001bbdd88bfd8]
Event: 580.521 Thread 0x000001bbf574a000 23104       4       com.sun.org.apache.xerces.internal.impl.XMLScanner::getStringBuffer (76 bytes)
Event: 580.523 Thread 0x000001bbf574a000 nmethod 23104 0x000001bbdd88c090 code [0x000001bbdd88c240, 0x000001bbdd88c398]
Event: 580.528 Thread 0x000001bbf574a000 23105       4       com.sun.org.apache.xerces.internal.util.XMLStringBuffer::append (87 bytes)
Event: 580.529 Thread 0x000001bbf574a000 nmethod 23105 0x000001bbdd88c510 code [0x000001bbdd88c6a0, 0x000001bbdd88c758]
Event: 580.529 Thread 0x000001bbf574a000 23106       4       com.sun.org.apache.xerces.internal.impl.XMLScanner::resolveCharacter (109 bytes)
Event: 580.531 Thread 0x000001bbf574a000 nmethod 23106 0x000001bbdd88c890 code [0x000001bbdd88ca40, 0x000001bbdd88cbc8]
Event: 580.532 Thread 0x000001bbf574a000 23107       4       com.sun.org.apache.xerces.internal.impl.XMLScanner::checkEntityLimit (317 bytes)
Event: 580.537 Thread 0x000001bbf574a000 nmethod 23107 0x000001bbdd88cd90 code [0x000001bbdd88cf60, 0x000001bbdd88d308]

GC Heap History (20 events):
Event: 576.332 GC heap after
{Heap after GC invocations=79 (full 0):
 garbage-first heap   total 227328K, used 175616K [0x0000000080000000, 0x0000000100000000)
  region size 1024K, 2 young (2048K), 2 survivors (2048K)
 Metaspace       used 150963K, capacity 155287K, committed 155592K, reserved 1185792K
  class space    used 18098K, capacity 19621K, committed 19712K, reserved 1048576K
}
Event: 576.810 GC heap before
{Heap before GC invocations=79 (full 0):
 garbage-first heap   total 227328K, used 186880K [0x0000000080000000, 0x0000000100000000)
  region size 1024K, 14 young (14336K), 2 survivors (2048K)
 Metaspace       used 152069K, capacity 156397K, committed 156488K, reserved 1185792K
  class space    used 18242K, capacity 19754K, committed 19840K, reserved 1048576K
}
Event: 576.830 GC heap after
{Heap after GC invocations=80 (full 0):
 garbage-first heap   total 227328K, used 181137K [0x0000000080000000, 0x0000000100000000)
  region size 1024K, 2 young (2048K), 2 survivors (2048K)
 Metaspace       used 152069K, capacity 156397K, committed 156488K, reserved 1185792K
  class space    used 18242K, capacity 19754K, committed 19840K, reserved 1048576K
}
Event: 577.197 GC heap before
{Heap before GC invocations=80 (full 0):
 garbage-first heap   total 227328K, used 191377K [0x0000000080000000, 0x0000000100000000)
  region size 1024K, 12 young (12288K), 2 survivors (2048K)
 Metaspace       used 153995K, capacity 158352K, committed 158536K, reserved 1187840K
  class space    used 18542K, capacity 20083K, committed 20096K, reserved 1048576K
}
Event: 577.202 GC heap after
{Heap after GC invocations=81 (full 0):
 garbage-first heap   total 227328K, used 182402K [0x0000000080000000, 0x0000000100000000)
  region size 1024K, 1 young (1024K), 1 survivors (1024K)
 Metaspace       used 153995K, capacity 158352K, committed 158536K, reserved 1187840K
  class space    used 18542K, capacity 20083K, committed 20096K, reserved 1048576K
}
Event: 577.797 GC heap before
{Heap before GC invocations=82 (full 0):
 garbage-first heap   total 227328K, used 192642K [0x0000000080000000, 0x0000000100000000)
  region size 1024K, 11 young (11264K), 1 survivors (1024K)
 Metaspace       used 155167K, capacity 159546K, committed 159688K, reserved 1189888K
  class space    used 18676K, capacity 20223K, committed 20224K, reserved 1048576K
}
Event: 577.802 GC heap after
{Heap after GC invocations=83 (full 0):
 garbage-first heap   total 227328K, used 183497K [0x0000000080000000, 0x0000000100000000)
  region size 1024K, 2 young (2048K), 2 survivors (2048K)
 Metaspace       used 155167K, capacity 159546K, committed 159688K, reserved 1189888K
  class space    used 18676K, capacity 20223K, committed 20224K, reserved 1048576K
}
Event: 578.041 GC heap before
{Heap before GC invocations=83 (full 0):
 garbage-first heap   total 227328K, used 192713K [0x0000000080000000, 0x0000000100000000)
  region size 1024K, 11 young (11264K), 2 survivors (2048K)
 Metaspace       used 156843K, capacity 161331K, committed 161480K, reserved 1189888K
  class space    used 18914K, capacity 20478K, committed 20480K, reserved 1048576K
}
Event: 578.056 GC heap after
{Heap after GC invocations=84 (full 0):
 garbage-first heap   total 227328K, used 181441K [0x0000000080000000, 0x0000000100000000)
  region size 1024K, 1 young (1024K), 1 survivors (1024K)
 Metaspace       used 156843K, capacity 161331K, committed 161480K, reserved 1189888K
  class space    used 18914K, capacity 20478K, committed 20480K, reserved 1048576K
}
Event: 578.302 GC heap before
{Heap before GC invocations=84 (full 0):
 garbage-first heap   total 227328K, used 192705K [0x0000000080000000, 0x0000000100000000)
  region size 1024K, 12 young (12288K), 1 survivors (1024K)
 Metaspace       used 157425K, capacity 161916K, committed 162120K, reserved 1191936K
  class space    used 19013K, capacity 20567K, committed 20608K, reserved 1048576K
}
Event: 578.311 GC heap after
{Heap after GC invocations=85 (full 0):
 garbage-first heap   total 273408K, used 182641K [0x0000000080000000, 0x0000000100000000)
  region size 1024K, 2 young (2048K), 2 survivors (2048K)
 Metaspace       used 157425K, capacity 161916K, committed 162120K, reserved 1191936K
  class space    used 19013K, capacity 20567K, committed 20608K, reserved 1048576K
}
Event: 579.161 GC heap before
{Heap before GC invocations=86 (full 0):
 garbage-first heap   total 273408K, used 215409K [0x0000000080000000, 0x0000000100000000)
  region size 1024K, 32 young (32768K), 2 survivors (2048K)
 Metaspace       used 157643K, capacity 162122K, committed 162376K, reserved 1191936K
  class space    used 19015K, capacity 20567K, committed 20608K, reserved 1048576K
}
Event: 579.181 GC heap after
{Heap after GC invocations=87 (full 0):
 garbage-first heap   total 273408K, used 198656K [0x0000000080000000, 0x0000000100000000)
  region size 1024K, 4 young (4096K), 4 survivors (4096K)
 Metaspace       used 157643K, capacity 162122K, committed 162376K, reserved 1191936K
  class space    used 19015K, capacity 20567K, committed 20608K, reserved 1048576K
}
Event: 579.278 GC heap before
{Heap before GC invocations=87 (full 0):
 garbage-first heap   total 273408K, used 219136K [0x0000000080000000, 0x0000000100000000)
  region size 1024K, 24 young (24576K), 4 survivors (4096K)
 Metaspace       used 157643K, capacity 162122K, committed 162376K, reserved 1191936K
  class space    used 19015K, capacity 20567K, committed 20608K, reserved 1048576K
}
Event: 579.304 GC heap after
{Heap after GC invocations=88 (full 0):
 garbage-first heap   total 273408K, used 213635K [0x0000000080000000, 0x0000000100000000)
  region size 1024K, 3 young (3072K), 3 survivors (3072K)
 Metaspace       used 157643K, capacity 162122K, committed 162376K, reserved 1191936K
  class space    used 19015K, capacity 20567K, committed 20608K, reserved 1048576K
}
Event: 579.984 GC heap before
{Heap before GC invocations=88 (full 0):
 garbage-first heap   total 273408K, used 225923K [0x0000000080000000, 0x0000000100000000)
  region size 1024K, 15 young (15360K), 3 survivors (3072K)
 Metaspace       used 157808K, capacity 162355K, committed 162376K, reserved 1191936K
  class space    used 19022K, capacity 20601K, committed 20608K, reserved 1048576K
}
Event: 580.000 GC heap after
{Heap after GC invocations=89 (full 0):
 garbage-first heap   total 273408K, used 216893K [0x0000000080000000, 0x0000000100000000)
  region size 1024K, 2 young (2048K), 2 survivors (2048K)
 Metaspace       used 157808K, capacity 162355K, committed 162376K, reserved 1191936K
  class space    used 19022K, capacity 20601K, committed 20608K, reserved 1048576K
}
Event: 580.488 GC heap before
{Heap before GC invocations=90 (full 0):
 garbage-first heap   total 273408K, used 229181K [0x0000000080000000, 0x0000000100000000)
  region size 1024K, 14 young (14336K), 2 survivors (2048K)
 Metaspace       used 158327K, capacity 162882K, committed 163016K, reserved 1191936K
  class space    used 19106K, capacity 20689K, committed 20736K, reserved 1048576K
}
Event: 580.498 GC heap after
{Heap after GC invocations=91 (full 0):
 garbage-first heap   total 273408K, used 217660K [0x0000000080000000, 0x0000000100000000)
  region size 1024K, 1 young (1024K), 1 survivors (1024K)
 Metaspace       used 158327K, capacity 162882K, committed 163016K, reserved 1191936K
  class space    used 19106K, capacity 20689K, committed 20736K, reserved 1048576K
}
Event: 580.566 GC heap before
{Heap before GC invocations=91 (full 0):
 garbage-first heap   total 273408K, used 228924K [0x0000000080000000, 0x0000000100000000)
  region size 1024K, 13 young (13312K), 1 survivors (1024K)
 Metaspace       used 158327K, capacity 162882K, committed 163016K, reserved 1191936K
  class space    used 19106K, capacity 20689K, committed 20736K, reserved 1048576K
}

Deoptimization events (20 events):
Event: 580.459 Thread 0x000001bbf5748000 DEOPT PACKING pc=0x000001bbdcaac38c sp=0x000000833fefc490
Event: 580.459 Thread 0x000001bbf5748000 DEOPT UNPACKING pc=0x000001bbd4c578af sp=0x000000833fefc488 mode 2
Event: 580.459 Thread 0x000001bbf5748000 DEOPT PACKING pc=0x000001bbd7a950d5 sp=0x000000833fefc3d0
Event: 580.459 Thread 0x000001bbf5748000 DEOPT UNPACKING pc=0x000001bbd4c576ce sp=0x000000833fefb890 mode 0
Event: 580.460 Thread 0x000001bbf5748000 Uncommon trap: trap_request=0xffffffde fr.pc=0x000001bbdcaac38c relative=0x0000000000000aec
Event: 580.460 Thread 0x000001bbf5748000 Uncommon trap: reason=class_check action=maybe_recompile pc=0x000001bbdcaac38c method=java.lang.AbstractStringBuilder.append(Ljava/lang/CharSequence;)Ljava/lang/AbstractStringBuilder; @ 37 c2
Event: 580.460 Thread 0x000001bbf5748000 DEOPT PACKING pc=0x000001bbdcaac38c sp=0x000000833fefc490
Event: 580.460 Thread 0x000001bbf5748000 DEOPT UNPACKING pc=0x000001bbd4c578af sp=0x000000833fefc488 mode 2
Event: 580.460 Thread 0x000001bbf5748000 DEOPT PACKING pc=0x000001bbd7a950d5 sp=0x000000833fefc3d0
Event: 580.460 Thread 0x000001bbf5748000 DEOPT UNPACKING pc=0x000001bbd4c576ce sp=0x000000833fefb890 mode 0
Event: 580.460 Thread 0x000001bbf5748000 Uncommon trap: trap_request=0xffffffde fr.pc=0x000001bbdcaac38c relative=0x0000000000000aec
Event: 580.460 Thread 0x000001bbf5748000 Uncommon trap: reason=class_check action=maybe_recompile pc=0x000001bbdcaac38c method=java.lang.AbstractStringBuilder.append(Ljava/lang/CharSequence;)Ljava/lang/AbstractStringBuilder; @ 37 c2
Event: 580.460 Thread 0x000001bbf5748000 DEOPT PACKING pc=0x000001bbdcaac38c sp=0x000000833fefc490
Event: 580.460 Thread 0x000001bbf5748000 DEOPT UNPACKING pc=0x000001bbd4c578af sp=0x000000833fefc488 mode 2
Event: 580.461 Thread 0x000001bbf5748000 DEOPT PACKING pc=0x000001bbd7a950d5 sp=0x000000833fefc3d0
Event: 580.461 Thread 0x000001bbf5748000 DEOPT UNPACKING pc=0x000001bbd4c576ce sp=0x000000833fefb890 mode 0
Event: 580.461 Thread 0x000001bbf5748000 DEOPT PACKING pc=0x000001bbd7a950d5 sp=0x000000833fefc3d0
Event: 580.461 Thread 0x000001bbf5748000 DEOPT UNPACKING pc=0x000001bbd4c576ce sp=0x000000833fefb890 mode 0
Event: 580.510 Thread 0x000001bbf5748000 DEOPT PACKING pc=0x000001bbd66006b0 sp=0x000000833fefc3d0
Event: 580.510 Thread 0x000001bbf5748000 DEOPT UNPACKING pc=0x000001bbd4c576ce sp=0x000000833fefb898 mode 0

Classes redefined (0 events):
No events

Internal exceptions (20 events):
Event: 578.957 Thread 0x000001bbf5748000 Exception <a 'sun/nio/fs/WindowsException'{0x000000008fd02b40}> (0x000000008fd02b40) thrown at [./src/hotspot/share/prims/jni.cpp, line 615]
Event: 578.957 Thread 0x000001bbf5748000 Exception <a 'sun/nio/fs/WindowsException'{0x000000008fd03680}> (0x000000008fd03680) thrown at [./src/hotspot/share/prims/jni.cpp, line 615]
Event: 578.963 Thread 0x000001bbf5748000 Exception <a 'sun/nio/fs/WindowsException'{0x000000008fd76938}> (0x000000008fd76938) thrown at [./src/hotspot/share/prims/jni.cpp, line 615]
Event: 578.963 Thread 0x000001bbf5748000 Exception <a 'sun/nio/fs/WindowsException'{0x000000008fd77428}> (0x000000008fd77428) thrown at [./src/hotspot/share/prims/jni.cpp, line 615]
Event: 578.968 Thread 0x000001bbf5748000 Exception <a 'sun/nio/fs/WindowsException'{0x000000008fdf7b00}> (0x000000008fdf7b00) thrown at [./src/hotspot/share/prims/jni.cpp, line 615]
Event: 578.969 Thread 0x000001bbf5748000 Exception <a 'sun/nio/fs/WindowsException'{0x000000008fdf8600}> (0x000000008fdf8600) thrown at [./src/hotspot/share/prims/jni.cpp, line 615]
Event: 578.974 Thread 0x000001bbf5748000 Exception <a 'sun/nio/fs/WindowsException'{0x000000008fc5e4b0}> (0x000000008fc5e4b0) thrown at [./src/hotspot/share/prims/jni.cpp, line 615]
Event: 578.974 Thread 0x000001bbf5748000 Exception <a 'sun/nio/fs/WindowsException'{0x000000008fc5efc0}> (0x000000008fc5efc0) thrown at [./src/hotspot/share/prims/jni.cpp, line 615]
Event: 578.987 Thread 0x000001bbf5748000 Exception <a 'sun/nio/fs/WindowsException'{0x000000008fcc4fe0}> (0x000000008fcc4fe0) thrown at [./src/hotspot/share/prims/jni.cpp, line 615]
Event: 578.988 Thread 0x000001bbf5748000 Exception <a 'sun/nio/fs/WindowsException'{0x000000008fcc5b08}> (0x000000008fcc5b08) thrown at [./src/hotspot/share/prims/jni.cpp, line 615]
Event: 578.996 Thread 0x000001bbf5748000 Exception <a 'sun/nio/fs/WindowsException'{0x000000008fb2bfb8}> (0x000000008fb2bfb8) thrown at [./src/hotspot/share/prims/jni.cpp, line 615]
Event: 578.997 Thread 0x000001bbf5748000 Exception <a 'sun/nio/fs/WindowsException'{0x000000008fb2cab0}> (0x000000008fb2cab0) thrown at [./src/hotspot/share/prims/jni.cpp, line 615]
Event: 579.582 Thread 0x000001bbf5748000 Exception <a 'sun/nio/fs/WindowsException'{0x0000000090868678}> (0x0000000090868678) thrown at [./src/hotspot/share/prims/jni.cpp, line 615]
Event: 579.585 Thread 0x000001bbf5748000 Exception <a 'sun/nio/fs/WindowsException'{0x0000000090869160}> (0x0000000090869160) thrown at [./src/hotspot/share/prims/jni.cpp, line 615]
Event: 579.609 Thread 0x000001bbf5748000 Exception <a 'sun/nio/fs/WindowsException'{0x00000000908f32a8}> (0x00000000908f32a8) thrown at [./src/hotspot/share/prims/jni.cpp, line 615]
Event: 579.609 Thread 0x000001bbf5748000 Exception <a 'sun/nio/fs/WindowsException'{0x00000000908f3db0}> (0x00000000908f3db0) thrown at [./src/hotspot/share/prims/jni.cpp, line 615]
Event: 579.615 Thread 0x000001bbf5748000 Exception <a 'sun/nio/fs/WindowsException'{0x0000000090791fe0}> (0x0000000090791fe0) thrown at [./src/hotspot/share/prims/jni.cpp, line 615]
Event: 579.615 Thread 0x000001bbf5748000 Exception <a 'sun/nio/fs/WindowsException'{0x0000000090792ab0}> (0x0000000090792ab0) thrown at [./src/hotspot/share/prims/jni.cpp, line 615]
Event: 580.462 Thread 0x000001bbf5748000 Exception <a 'sun/nio/fs/WindowsException'{0x000000008ff76928}> (0x000000008ff76928) thrown at [./src/hotspot/share/prims/jni.cpp, line 615]
Event: 580.463 Thread 0x000001bbf5748000 Exception <a 'sun/nio/fs/WindowsException'{0x000000008ff773d8}> (0x000000008ff773d8) thrown at [./src/hotspot/share/prims/jni.cpp, line 615]

Events (20 events):
Event: 580.418 loading class com/squareup/javapoet/TypeSpec done
Event: 580.418 loading class com/squareup/javapoet/TypeSpec$Builder
Event: 580.418 loading class com/squareup/javapoet/TypeSpec$Builder done
Event: 580.418 loading class com/squareup/javapoet/ClassName
Event: 580.418 loading class com/squareup/javapoet/ClassName done
Event: 580.418 loading class com/squareup/javapoet/TypeSpec$Builder
Event: 580.418 loading class com/squareup/javapoet/TypeSpec$Builder done
Event: 580.419 loading class com/google/common/base/Utf8
Event: 580.419 loading class com/google/common/base/Utf8 done
Event: 580.419 loading class com/squareup/javapoet/TypeName
Event: 580.419 loading class com/squareup/javapoet/TypeName done
Event: 580.419 loading class com/squareup/javapoet/TypeSpec$Builder
Event: 580.419 loading class com/squareup/javapoet/TypeSpec$Builder done
Event: 580.437 loading class dagger/hilt/processor/internal/root/RootFileFormatter
Event: 580.437 loading class dagger/hilt/processor/internal/root/RootFileFormatter done
Event: 580.457 loading class java/util/regex/Matcher$ImmutableMatchResult
Event: 580.457 loading class java/util/regex/Matcher$ImmutableMatchResult done
Event: 580.488 Executing VM operation: G1CollectForAllocation
Event: 580.498 Executing VM operation: G1CollectForAllocation done
Event: 580.566 Executing VM operation: G1CollectForAllocation


Dynamic libraries:
0x00007ff641f50000 - 0x00007ff641f5a000 	C:\Program Files\Android\Android Studio\jre\bin\java.exe
0x00007ffb26310000 - 0x00007ffb26507000 	C:\WINDOWS\SYSTEM32\ntdll.dll
0x00007ffb24370000 - 0x00007ffb2442d000 	C:\WINDOWS\System32\KERNEL32.DLL
0x00007ffb23b30000 - 0x00007ffb23dfd000 	C:\WINDOWS\System32\KERNELBASE.dll
0x00007ffb23a30000 - 0x00007ffb23b30000 	C:\WINDOWS\System32\ucrtbase.dll
0x00007ffb0bb80000 - 0x00007ffb0bb99000 	C:\Program Files\Android\Android Studio\jre\bin\jli.dll
0x00007ffb26130000 - 0x00007ffb262d0000 	C:\WINDOWS\System32\USER32.dll
0x00007ffb23f10000 - 0x00007ffb23f32000 	C:\WINDOWS\System32\win32u.dll
0x00007ffb244b0000 - 0x00007ffb244da000 	C:\WINDOWS\System32\GDI32.dll
0x00007ffb23e00000 - 0x00007ffb23f0b000 	C:\WINDOWS\System32\gdi32full.dll
0x00007ffb24000000 - 0x00007ffb2409d000 	C:\WINDOWS\System32\msvcp_win.dll
0x00007ffb05b90000 - 0x00007ffb05ba7000 	C:\Program Files\Android\Android Studio\jre\bin\VCRUNTIME140.dll
0x00007ffb165f0000 - 0x00007ffb1688a000 	C:\WINDOWS\WinSxS\amd64_microsoft.windows.common-controls_6595b64144ccf1df_6.0.19041.1110_none_60b5254171f9507e\COMCTL32.dll
0x00007ffb25af0000 - 0x00007ffb25b8e000 	C:\WINDOWS\System32\msvcrt.dll
0x00007ffb24a60000 - 0x00007ffb24a90000 	C:\WINDOWS\System32\IMM32.DLL
0x00007ffaba5e0000 - 0x00007ffaba67d000 	C:\Program Files\Android\Android Studio\jre\bin\msvcp140.dll
0x00007ffad7e50000 - 0x00007ffad891f000 	C:\Program Files\Android\Android Studio\jre\bin\server\jvm.dll
0x00007ffb25530000 - 0x00007ffb255de000 	C:\WINDOWS\System32\ADVAPI32.dll
0x00007ffb255e0000 - 0x00007ffb2567c000 	C:\WINDOWS\System32\sechost.dll
0x00007ffb24930000 - 0x00007ffb24a55000 	C:\WINDOWS\System32\RPCRT4.dll
0x00007ffb25350000 - 0x00007ffb25358000 	C:\WINDOWS\System32\PSAPI.DLL
0x00007ffb1f650000 - 0x00007ffb1f659000 	C:\WINDOWS\SYSTEM32\WSOCK32.dll
0x00007ffb25360000 - 0x00007ffb253cb000 	C:\WINDOWS\System32\WS2_32.dll
0x00007ffb12320000 - 0x00007ffb12347000 	C:\WINDOWS\SYSTEM32\WINMM.dll
0x00007ffb171f0000 - 0x00007ffb171fa000 	C:\WINDOWS\SYSTEM32\VERSION.dll
0x00007ffb22310000 - 0x00007ffb22322000 	C:\WINDOWS\SYSTEM32\kernel.appcore.dll
0x00007ffb1f5a0000 - 0x00007ffb1f5b1000 	C:\Program Files\Android\Android Studio\jre\bin\verify.dll
0x00007ffb220a0000 - 0x00007ffb22284000 	C:\WINDOWS\SYSTEM32\DBGHELP.DLL
0x00007ffb174b0000 - 0x00007ffb174dc000 	C:\WINDOWS\SYSTEM32\dbgcore.DLL
0x00007ffb24180000 - 0x00007ffb24202000 	C:\WINDOWS\System32\bcryptPrimitives.dll
0x00007ffb1e5c0000 - 0x00007ffb1e5e9000 	C:\Program Files\Android\Android Studio\jre\bin\java.dll
0x00007ffb1f5f0000 - 0x00007ffb1f5fb000 	C:\Program Files\Android\Android Studio\jre\bin\jimage.dll
0x00007ffb1e5a0000 - 0x00007ffb1e5b8000 	C:\Program Files\Android\Android Studio\jre\bin\zip.dll
0x00007ffb24c00000 - 0x00007ffb25344000 	C:\WINDOWS\System32\SHELL32.dll
0x00007ffb21840000 - 0x00007ffb21fd4000 	C:\WINDOWS\SYSTEM32\windows.storage.dll
0x00007ffb25c40000 - 0x00007ffb25f94000 	C:\WINDOWS\System32\combase.dll
0x00007ffb23490000 - 0x00007ffb234bc000 	C:\WINDOWS\SYSTEM32\Wldp.dll
0x00007ffb25b90000 - 0x00007ffb25c3d000 	C:\WINDOWS\System32\SHCORE.dll
0x00007ffb245b0000 - 0x00007ffb24605000 	C:\WINDOWS\System32\shlwapi.dll
0x00007ffb23970000 - 0x00007ffb2398f000 	C:\WINDOWS\SYSTEM32\profapi.dll
0x00007ffb1e4e0000 - 0x00007ffb1e4fa000 	C:\Program Files\Android\Android Studio\jre\bin\net.dll
0x00007ffb15380000 - 0x00007ffb1548a000 	C:\WINDOWS\SYSTEM32\WINHTTP.dll
0x00007ffb231f0000 - 0x00007ffb2325a000 	C:\WINDOWS\system32\mswsock.dll
0x00007ffb1d1a0000 - 0x00007ffb1d1b4000 	C:\Program Files\Android\Android Studio\jre\bin\nio.dll
0x00007ffb11c60000 - 0x00007ffb11c87000 	C:\Users\as\.gradle\native\f6784746aeab05261644944871eae4fe03e0ef1612fff0a4a95f87b438bc6780\windows-amd64\native-platform.dll
0x00007ffb1f4f0000 - 0x00007ffb1f4fa000 	C:\Program Files\Android\Android Studio\jre\bin\management.dll
0x00007ffb1c760000 - 0x00007ffb1c76c000 	C:\Program Files\Android\Android Studio\jre\bin\management_ext.dll
0x00007ffb233e0000 - 0x00007ffb233f8000 	C:\WINDOWS\SYSTEM32\CRYPTSP.dll
0x00007ffb22b00000 - 0x00007ffb22b34000 	C:\WINDOWS\system32\rsaenh.dll
0x00007ffb240a0000 - 0x00007ffb240c7000 	C:\WINDOWS\System32\bcrypt.dll
0x00007ffb23930000 - 0x00007ffb2395e000 	C:\WINDOWS\SYSTEM32\USERENV.dll
0x00007ffb23400000 - 0x00007ffb2340c000 	C:\WINDOWS\SYSTEM32\CRYPTBASE.dll
0x00007ffb22e90000 - 0x00007ffb22ecb000 	C:\WINDOWS\SYSTEM32\IPHLPAPI.DLL
0x00007ffb253e0000 - 0x00007ffb253e8000 	C:\WINDOWS\System32\NSI.dll
0x00007ffb1add0000 - 0x00007ffb1ade7000 	C:\WINDOWS\SYSTEM32\dhcpcsvc6.DLL
0x00007ffb1af60000 - 0x00007ffb1af7d000 	C:\WINDOWS\SYSTEM32\dhcpcsvc.DLL
0x00007ffb22ed0000 - 0x00007ffb22f9b000 	C:\WINDOWS\SYSTEM32\DNSAPI.dll
0x00007ffb1b720000 - 0x00007ffb1b72b000 	C:\WINDOWS\SYSTEM32\WINNSI.DLL
0x00007ffb22730000 - 0x00007ffb22763000 	C:\WINDOWS\SYSTEM32\ntmarta.dll
0x00007ffb11c40000 - 0x00007ffb11c5e000 	C:\Users\as\AppData\Local\Temp\native-platform9979144298879348546dir\native-platform.dll
0x00007ffb1ce30000 - 0x00007ffb1ce38000 	C:\Program Files\Android\Android Studio\jre\bin\rmi.dll
0x0000000066e00000 - 0x0000000066f03000 	C:\Users\as\AppData\Local\Temp\sqlite-3.25.2-88eb782a-dce9-42bf-9e07-5056e7bd91cd-sqlitejdbc.dll

dbghelp: loaded successfully - version: 4.0.5 - missing functions: none
symbol engine: initialized successfully - sym options: 0x614 - pdb path: .;C:\Program Files\Android\Android Studio\jre\bin;C:\WINDOWS\SYSTEM32;C:\WINDOWS\WinSxS\amd64_microsoft.windows.common-controls_6595b64144ccf1df_6.0.19041.1110_none_60b5254171f9507e;C:\Program Files\Android\Android Studio\jre\bin\server;C:\Users\as\.gradle\native\f6784746aeab05261644944871eae4fe03e0ef1612fff0a4a95f87b438bc6780\windows-amd64;C:\Users\as\AppData\Local\Temp\native-platform9979144298879348546dir;C:\Users\as\AppData\Local\Temp

VM Arguments:
jvm_args: --add-opens=java.base/java.util=ALL-UNNAMED --add-opens=java.base/java.lang=ALL-UNNAMED --add-opens=java.base/java.lang.invoke=ALL-UNNAMED --add-opens=java.prefs/java.util.prefs=ALL-UNNAMED -Xmx2048m -Dfile.encoding=UTF-8 -Duser.country=US -Duser.language=en -Duser.variant 
java_command: org.gradle.launcher.daemon.bootstrap.GradleDaemon 6.5
java_class_path (initial): C:\Users\as\.gradle\wrapper\dists\gradle-6.5-all\2oz4ud9k3tuxjg84bbf55q0tn\gradle-6.5\lib\gradle-launcher-6.5.jar
Launcher Type: SUN_STANDARD

[Global flags]
     intx CICompilerCount                          = 3                                         {product} {ergonomic}
     uint ConcGCThreads                            = 1                                         {product} {ergonomic}
     uint G1ConcRefinementThreads                  = 4                                         {product} {ergonomic}
   size_t G1HeapRegionSize                         = 1048576                                   {product} {ergonomic}
    uintx GCDrainStackTargetSize                   = 64                                        {product} {ergonomic}
   size_t InitialHeapSize                          = 134217728                                 {product} {ergonomic}
   size_t MarkStackSize                            = 4194304                                   {product} {ergonomic}
   size_t MaxHeapSize                              = 2147483648                                {product} {command line}
   size_t MaxNewSize                               = 1287651328                                {product} {ergonomic}
   size_t MinHeapDeltaBytes                        = 1048576                                   {product} {ergonomic}
    uintx NonNMethodCodeHeapSize                   = 5830732                                {pd product} {ergonomic}
    uintx NonProfiledCodeHeapSize                  = 122913754                              {pd product} {ergonomic}
    uintx ProfiledCodeHeapSize                     = 122913754                              {pd product} {ergonomic}
    uintx ReservedCodeCacheSize                    = 251658240                              {pd product} {ergonomic}
     bool SegmentedCodeCache                       = true                                      {product} {ergonomic}
     bool UseCompressedClassPointers               = true                                 {lp64_product} {ergonomic}
     bool UseCompressedOops                        = true                                 {lp64_product} {ergonomic}
     bool UseG1GC                                  = true                                      {product} {ergonomic}
     bool UseLargePagesIndividualAllocation        = false                                  {pd product} {ergonomic}

Logging:
Log output configuration:
 #0: stdout all=warning uptime,level,tags
 #1: stderr all=off uptime,level,tags

Environment Variables:
JAVA_HOME=C:\Program Files\Java\jdk-15.0.2
PATH=C:\Program Files\Common Files\Oracle\Java\javapath;C:\WINDOWS\system32;C:\WINDOWS;C:\WINDOWS\System32\Wbem;C:\WINDOWS\System32\WindowsPowerShell\v1.0\;C:\WINDOWS\System32\OpenSSH\;C:\Program Files\Git\cmd;C:\Program Files\Java\jdk-15.0.2\bin;C:\Program Files\nodejs\;C:\Program Files (x86)\Microsoft SQL Server\100\Tools\Binn\;C:\Program Files\Microsoft SQL Server\100\Tools\Binn\;C:\Program Files\Microsoft SQL Server\100\DTS\Binn\;C:\Program Files\dotnet\;C:\Users\as\AppData\Local\Microsoft\WindowsApps;C:\Users\as\AppData\Local\Android\Sdk\platform-tools;C:\src\flutter\bin;C:\Users\as\AppData\Local\Programs\Microsoft VS Code\bin;C:\Users\as\AppData\Roaming\npm;;E:\IntelliJ IDEA Community Edition 2022.1.3\bin;;C:\Users\as\.dotnet\tools
USERNAME=as
OS=Windows_NT
PROCESSOR_IDENTIFIER=Intel64 Family 6 Model 60 Stepping 3, GenuineIntel



---------------  S Y S T E M  ---------------

OS: Windows 10 , 64 bit Build 19041 (10.0.19041.1741)
OS uptime: 13 days 7:16 hours

CPU:total 4 (initial active 4) (2 cores per cpu, 2 threads per core) family 6 model 60 stepping 3 microcode 0x27, cmov, cx8, fxsr, mmx, sse, sse2, sse3, ssse3, sse4.1, sse4.2, popcnt, avx, avx2, aes, clmul, erms, lzcnt, ht, tsc, tscinvbit, bmi1, bmi2, fma

Memory: 4k page, system-wide physical 8105M (406M free)
TotalPageFile size 11004M (AvailPageFile size 61M)
current process WorkingSet (physical memory assigned to process): 674M, peak: 675M
current process commit charge ("private bytes"): 712M, peak: 769M

vm_info: OpenJDK 64-Bit Server VM (11.0.10+0-b96-7249189) for windows-amd64 JRE (11.0.10+0-b96-7249189), built on Mar 31 2021 21:44:00 by "builder" with MS VC++ 14.0 (VS2015)

END.
