#
# There is insufficient memory for the Java Runtime Environment to continue.
# Native memory allocation (malloc) failed to allocate 331696 bytes for Chunk::new
# Possible reasons:
#   The system is out of physical RAM or swap space
#   The process is running with CompressedOops enabled, and the Java Heap may be blocking the growth of the native heap
# Possible solutions:
#   Reduce memory load on the system
#   Increase physical memory or swap space
#   Check if swap backing store is full
#   Decrease Java heap size (-Xmx/-Xms)
#   Decrease number of Java threads
#   Decrease Java thread stack sizes (-Xss)
#   Set larger code cache with -XX:ReservedCodeCacheSize=
#   JVM is running with Unscaled Compressed Oops mode in which the Java heap is
#     placed in the first 4GB address space. The Java Heap base address is the
#     maximum limit for the native heap growth. Please use -XX:HeapBaseMinAddress
#     to set the Java Heap base and to place the Java Heap above 4GB virtual address.
# This output file may be truncated or incomplete.
#
#  Out of Memory Error (./src/hotspot/share/memory/arena.cpp:197), pid=1316, tid=8732
#
# JRE version: OpenJDK Runtime Environment (11.0.10) (build 11.0.10+0-b96-7249189)
# Java VM: OpenJDK 64-Bit Server VM (11.0.10+0-b96-7249189, mixed mode, tiered, compressed oops, g1 gc, windows-amd64)
# No core dump will be written. Minidumps are not enabled by default on client versions of Windows
#

---------------  S U M M A R Y ------------

Command Line: --add-opens=java.base/java.util=ALL-UNNAMED --add-opens=java.base/java.lang=ALL-UNNAMED --add-opens=java.base/java.lang.invoke=ALL-UNNAMED --add-opens=java.prefs/java.util.prefs=ALL-UNNAMED -Xmx2048m -Dfile.encoding=UTF-8 -Duser.country=US -Duser.language=en -Duser.variant org.gradle.launcher.daemon.bootstrap.GradleDaemon 6.5

Host: Intel(R) Core(TM) i5-4200M CPU @ 2.50GHz, 4 cores, 7G,  Windows 10 , 64 bit Build 19041 (10.0.19041.1741)
Time: Mon Jul 18 21:42:08 2022 Pakistan Standard Time elapsed time: 16.704677 seconds (0d 0h 0m 16s)

---------------  T H R E A D  ---------------

Current thread (0x0000018d1b8ac800):  JavaThread "C2 CompilerThread0" daemon [_thread_in_native, id=8732, stack(0x0000000101100000,0x0000000101200000)]


Current CompileTask:
C2:  16704 2229       4       sun.nio.fs.WindowsPathParser::normalize (233 bytes)

Stack: [0x0000000101100000,0x0000000101200000]
Native frames: (J=compiled Java code, j=interpreted, Vv=VM code, C=native code)
V  [jvm.dll+0x5ecfaa]
V  [jvm.dll+0x722bd5]
V  [jvm.dll+0x72412d]
V  [jvm.dll+0x7247e3]
V  [jvm.dll+0x242928]
V  [jvm.dll+0xbc4fc]
V  [jvm.dll+0xbca0c]
V  [jvm.dll+0x352d3b]
V  [jvm.dll+0x197e0c]
V  [jvm.dll+0x1fb70e]
V  [jvm.dll+0x1fa7f4]
V  [jvm.dll+0x18354c]
V  [jvm.dll+0x208ee7]
V  [jvm.dll+0x207731]
V  [jvm.dll+0x6eb1cf]
V  [jvm.dll+0x6e3d45]
V  [jvm.dll+0x5ebe96]
C  [ucrtbase.dll+0x21bb2]
C  [KERNEL32.DLL+0x17034]
C  [ntdll.dll+0x52651]


---------------  P R O C E S S  ---------------

Threads class SMR info:
_java_thread_list=0x0000018d1f126c30, length=33, elements={
0x0000018cc158a000, 0x0000018d1b88e000, 0x0000018d1b88f800, 0x0000018d1c222800,
0x0000018d1b8a5000, 0x0000018d1b8a5800, 0x0000018d1b8ac800, 0x0000018d1b8b2800,
0x0000018d1b8de800, 0x0000018d1c359800, 0x0000018d1cf94000, 0x0000018d1d90b800,
0x0000018d1d267000, 0x0000018d1c3bc000, 0x0000018d1c799800, 0x0000018d1c787800,
0x0000018d1c834000, 0x0000018d1c324800, 0x0000018d1c875800, 0x0000018d1c6d8000,
0x0000018d1c6d7000, 0x0000018d1c6d5800, 0x0000018d1c6d6000, 0x0000018d1c6d8800,
0x0000018d1c6d3000, 0x0000018d1c6d9800, 0x0000018d1c6d4800, 0x0000018d1c6d4000,
0x0000018d1eeaa800, 0x0000018d1eeb1000, 0x0000018d1eead000, 0x0000018d1eeac000,
0x0000018d1c536000
}

Java Threads: ( => current thread )
  0x0000018cc158a000 JavaThread "main" [_thread_blocked, id=12588, stack(0x0000000100400000,0x0000000100500000)]
  0x0000018d1b88e000 JavaThread "Reference Handler" daemon [_thread_blocked, id=9848, stack(0x0000000100c00000,0x0000000100d00000)]
  0x0000018d1b88f800 JavaThread "Finalizer" daemon [_thread_blocked, id=15912, stack(0x0000000100d00000,0x0000000100e00000)]
  0x0000018d1c222800 JavaThread "Signal Dispatcher" daemon [_thread_blocked, id=9620, stack(0x0000000100e00000,0x0000000100f00000)]
  0x0000018d1b8a5000 JavaThread "Attach Listener" daemon [_thread_blocked, id=15744, stack(0x0000000100f00000,0x0000000101000000)]
  0x0000018d1b8a5800 JavaThread "Service Thread" daemon [_thread_blocked, id=13480, stack(0x0000000101000000,0x0000000101100000)]
=>0x0000018d1b8ac800 JavaThread "C2 CompilerThread0" daemon [_thread_in_native, id=8732, stack(0x0000000101100000,0x0000000101200000)]
  0x0000018d1b8b2800 JavaThread "C1 CompilerThread0" daemon [_thread_blocked, id=16164, stack(0x0000000101200000,0x0000000101300000)]
  0x0000018d1b8de800 JavaThread "Sweeper thread" daemon [_thread_blocked, id=10224, stack(0x0000000101300000,0x0000000101400000)]
  0x0000018d1c359800 JavaThread "Common-Cleaner" daemon [_thread_blocked, id=10764, stack(0x0000000101400000,0x0000000101500000)]
  0x0000018d1cf94000 JavaThread "Daemon health stats" [_thread_blocked, id=14060, stack(0x0000000101800000,0x0000000101900000)]
  0x0000018d1d90b800 JavaThread "Incoming local TCP Connector on port 61801" [_thread_in_native, id=6768, stack(0x0000000101b00000,0x0000000101c00000)]
  0x0000018d1d267000 JavaThread "Daemon periodic checks" [_thread_blocked, id=6580, stack(0x0000000101c00000,0x0000000101d00000)]
  0x0000018d1c3bc000 JavaThread "Daemon" [_thread_blocked, id=5960, stack(0x0000000101d00000,0x0000000101e00000)]
  0x0000018d1c799800 JavaThread "Handler for socket connection from /127.0.0.1:61801 to /127.0.0.1:61802" [_thread_in_native, id=12768, stack(0x0000000101e00000,0x0000000101f00000)]
  0x0000018d1c787800 JavaThread "Cancel handler" [_thread_blocked, id=5600, stack(0x0000000101f00000,0x0000000102000000)]
  0x0000018d1c834000 JavaThread "Daemon worker" [_thread_blocked, id=2996, stack(0x0000000102000000,0x0000000102100000)]
  0x0000018d1c324800 JavaThread "Asynchronous log dispatcher for DefaultDaemonConnection: socket connection from /127.0.0.1:61801 to /127.0.0.1:61802" [_thread_blocked, id=2344, stack(0x0000000102100000,0x0000000102200000)]
  0x0000018d1c875800 JavaThread "Stdin handler" [_thread_blocked, id=17136, stack(0x0000000102200000,0x0000000102300000)]
  0x0000018d1c6d8000 JavaThread "Thread-8" [_thread_blocked, id=11356, stack(0x0000000102300000,0x0000000102400000)]
  0x0000018d1c6d7000 JavaThread "Cache worker for journal cache (C:\Users\as\.gradle\caches\journal-1)" [_thread_blocked, id=15060, stack(0x0000000102400000,0x0000000102500000)]
  0x0000018d1c6d5800 JavaThread "File lock request listener" [_thread_in_native, id=11144, stack(0x0000000102500000,0x0000000102600000)]
  0x0000018d1c6d6000 JavaThread "Cache worker for file hash cache (C:\Users\as\.gradle\caches\6.5\fileHashes)" [_thread_blocked, id=14796, stack(0x0000000102700000,0x0000000102800000)]
  0x0000018d1c6d8800 JavaThread "Cache worker for file hash cache (F:\MVVMTodo-Part-14_Restoring-the-Fragment-SearchView\.gradle\6.5\fileHashes)" [_thread_blocked, id=14116, stack(0x0000000102800000,0x0000000102900000)]
  0x0000018d1c6d3000 JavaThread "jar transforms" [_thread_blocked, id=11212, stack(0x0000000102900000,0x0000000102a00000)]
  0x0000018d1c6d9800 JavaThread "jar transforms Thread 2" [_thread_blocked, id=10780, stack(0x0000000102a00000,0x0000000102b00000)]
  0x0000018d1c6d4800 JavaThread "jar transforms Thread 3" [_thread_in_native, id=1920, stack(0x0000000102b00000,0x0000000102c00000)]
  0x0000018d1c6d4000 JavaThread "jar transforms Thread 4" [_thread_blocked, id=10460, stack(0x0000000102c00000,0x0000000102d00000)]
  0x0000018d1eeaa800 JavaThread "jar transforms Thread 5" [_thread_blocked, id=3320, stack(0x0000000102d00000,0x0000000102e00000)]
  0x0000018d1eeb1000 JavaThread "jar transforms Thread 6" [_thread_blocked, id=11416, stack(0x0000000102e00000,0x0000000102f00000)]
  0x0000018d1eead000 JavaThread "jar transforms Thread 7" [_thread_blocked, id=824, stack(0x0000000102f00000,0x0000000103000000)]
  0x0000018d1eeac000 JavaThread "jar transforms Thread 8" [_thread_blocked, id=8448, stack(0x0000000103000000,0x0000000103100000)]
  0x0000018d1c536000 JavaThread "C2 CompilerThread1" daemon [_thread_in_native, id=4756, stack(0x0000000103100000,0x0000000103200000)]

Other Threads:
  0x0000018d1b886800 VMThread "VM Thread" [stack: 0x0000000100b00000,0x0000000100c00000] [id=16840]
  0x0000018d1c3c0000 WatcherThread [stack: 0x0000000101500000,0x0000000101600000] [id=15024]
  0x0000018cc15a3800 GCTaskThread "GC Thread#0" [stack: 0x0000000100600000,0x0000000100700000] [id=2300]
  0x0000018d1c658000 GCTaskThread "GC Thread#1" [stack: 0x0000000101600000,0x0000000101700000] [id=12076]
  0x0000018d1cbcb800 GCTaskThread "GC Thread#2" [stack: 0x0000000101700000,0x0000000101800000] [id=8052]
  0x0000018d1cd24800 GCTaskThread "GC Thread#3" [stack: 0x0000000102600000,0x0000000102700000] [id=2852]
  0x0000018cc15d3000 ConcurrentGCThread "G1 Main Marker" [stack: 0x0000000100700000,0x0000000100800000] [id=16100]
  0x0000018cc15d6000 ConcurrentGCThread "G1 Conc#0" [stack: 0x0000000100800000,0x0000000100900000] [id=16552]
  0x0000018cc1661800 ConcurrentGCThread "G1 Refine#0" [stack: 0x0000000100900000,0x0000000100a00000] [id=16928]
  0x0000018cc1662800 ConcurrentGCThread "G1 Young RemSet Sampling" [stack: 0x0000000100a00000,0x0000000100b00000] [id=7380]

Threads with active compile tasks:
C2 CompilerThread0  16745 2229       4       sun.nio.fs.WindowsPathParser::normalize (233 bytes)
C2 CompilerThread1  16745 2248   !   4       sun.nio.fs.WindowsPath::initOffsets (153 bytes)

VM state:not at safepoint (normal execution)

VM Mutex/Monitor currently owned by a thread: None

Heap address: 0x0000000080000000, size: 2048 MB, Compressed Oops mode: 32-bit
Narrow klass base: 0x0000018cdb6e0000, Narrow klass shift: 0
Compressed class space size: 1073741824 Address: 0x0000018cdb6e0000

Heap:
 garbage-first heap   total 131072K, used 58087K [0x0000000080000000, 0x0000000100000000)
  region size 1024K, 45 young (46080K), 3 survivors (3072K)
 Metaspace       used 25855K, capacity 26505K, committed 26624K, reserved 1073152K
  class space    used 3279K, capacity 3482K, committed 3584K, reserved 1048576K
Heap Regions: E=young(eden), S=young(survivor), O=old, HS=humongous(starts), HC=humongous(continues), CS=collection set, F=free, A=archive, TAMS=top-at-mark-start (previous, next)
|   0|0x0000000080000000, 0x0000000080100000, 0x0000000080100000|100%| O|  |TAMS 0x0000000080100000, 0x0000000080000000| Untracked 
|   1|0x0000000080100000, 0x0000000080200000, 0x0000000080200000|100%| O|  |TAMS 0x0000000080200000, 0x0000000080100000| Untracked 
|   2|0x0000000080200000, 0x0000000080300000, 0x0000000080300000|100%| O|  |TAMS 0x0000000080300000, 0x0000000080200000| Untracked 
|   3|0x0000000080300000, 0x0000000080400000, 0x0000000080400000|100%|HS|  |TAMS 0x0000000080400000, 0x0000000080300000| Complete 
|   4|0x0000000080400000, 0x0000000080500000, 0x0000000080500000|100%|HC|  |TAMS 0x0000000080500000, 0x0000000080400000| Complete 
|   5|0x0000000080500000, 0x0000000080600000, 0x0000000080600000|100%|HC|  |TAMS 0x0000000080600000, 0x0000000080500000| Complete 
|   6|0x0000000080600000, 0x0000000080700000, 0x0000000080700000|100%| O|  |TAMS 0x0000000080700000, 0x0000000080600000| Untracked 
|   7|0x0000000080700000, 0x0000000080800000, 0x0000000080800000|100%| O|  |TAMS 0x0000000080800000, 0x0000000080700000| Untracked 
|   8|0x0000000080800000, 0x0000000080900000, 0x0000000080900000|100%| O|  |TAMS 0x0000000080900000, 0x0000000080800000| Untracked 
|   9|0x0000000080900000, 0x0000000080a00000, 0x0000000080a00000|100%| O|  |TAMS 0x0000000080a00000, 0x0000000080900000| Untracked 
|  10|0x0000000080a00000, 0x0000000080b00000, 0x0000000080b00000|100%| O|  |TAMS 0x0000000080b00000, 0x0000000080a00000| Untracked 
|  11|0x0000000080b00000, 0x0000000080c00000, 0x0000000080c00000|100%| O|  |TAMS 0x0000000080c00000, 0x0000000080b00000| Untracked 
|  12|0x0000000080c00000, 0x0000000080cc4200, 0x0000000080d00000| 76%| O|  |TAMS 0x0000000080cc4200, 0x0000000080c00000| Untracked 
|  13|0x0000000080d00000, 0x0000000080d00000, 0x0000000080e00000|  0%| F|  |TAMS 0x0000000080d00000, 0x0000000080d00000| Untracked 
|  14|0x0000000080e00000, 0x0000000080e00000, 0x0000000080f00000|  0%| F|  |TAMS 0x0000000080e00000, 0x0000000080e00000| Untracked 
|  15|0x0000000080f00000, 0x0000000080f00000, 0x0000000081000000|  0%| F|  |TAMS 0x0000000080f00000, 0x0000000080f00000| Untracked 
|  16|0x0000000081000000, 0x0000000081000000, 0x0000000081100000|  0%| F|  |TAMS 0x0000000081000000, 0x0000000081000000| Untracked 
|  17|0x0000000081100000, 0x0000000081100000, 0x0000000081200000|  0%| F|  |TAMS 0x0000000081100000, 0x0000000081100000| Untracked 
|  18|0x0000000081200000, 0x0000000081200000, 0x0000000081300000|  0%| F|  |TAMS 0x0000000081200000, 0x0000000081200000| Untracked 
|  19|0x0000000081300000, 0x0000000081300000, 0x0000000081400000|  0%| F|  |TAMS 0x0000000081300000, 0x0000000081300000| Untracked 
|  20|0x0000000081400000, 0x0000000081400000, 0x0000000081500000|  0%| F|  |TAMS 0x0000000081400000, 0x0000000081400000| Untracked 
|  21|0x0000000081500000, 0x0000000081500000, 0x0000000081600000|  0%| F|  |TAMS 0x0000000081500000, 0x0000000081500000| Untracked 
|  22|0x0000000081600000, 0x0000000081600000, 0x0000000081700000|  0%| F|  |TAMS 0x0000000081600000, 0x0000000081600000| Untracked 
|  23|0x0000000081700000, 0x0000000081700000, 0x0000000081800000|  0%| F|  |TAMS 0x0000000081700000, 0x0000000081700000| Untracked 
|  24|0x0000000081800000, 0x0000000081800000, 0x0000000081900000|  0%| F|  |TAMS 0x0000000081800000, 0x0000000081800000| Untracked 
|  25|0x0000000081900000, 0x0000000081900000, 0x0000000081a00000|  0%| F|  |TAMS 0x0000000081900000, 0x0000000081900000| Untracked 
|  26|0x0000000081a00000, 0x0000000081a00000, 0x0000000081b00000|  0%| F|  |TAMS 0x0000000081a00000, 0x0000000081a00000| Untracked 
|  27|0x0000000081b00000, 0x0000000081b00000, 0x0000000081c00000|  0%| F|  |TAMS 0x0000000081b00000, 0x0000000081b00000| Untracked 
|  28|0x0000000081c00000, 0x0000000081c00000, 0x0000000081d00000|  0%| F|  |TAMS 0x0000000081c00000, 0x0000000081c00000| Untracked 
|  29|0x0000000081d00000, 0x0000000081d00000, 0x0000000081e00000|  0%| F|  |TAMS 0x0000000081d00000, 0x0000000081d00000| Untracked 
|  30|0x0000000081e00000, 0x0000000081e00000, 0x0000000081f00000|  0%| F|  |TAMS 0x0000000081e00000, 0x0000000081e00000| Untracked 
|  31|0x0000000081f00000, 0x0000000081f00000, 0x0000000082000000|  0%| F|  |TAMS 0x0000000081f00000, 0x0000000081f00000| Untracked 
|  32|0x0000000082000000, 0x0000000082000000, 0x0000000082100000|  0%| F|  |TAMS 0x0000000082000000, 0x0000000082000000| Untracked 
|  33|0x0000000082100000, 0x0000000082100000, 0x0000000082200000|  0%| F|  |TAMS 0x0000000082100000, 0x0000000082100000| Untracked 
|  34|0x0000000082200000, 0x0000000082200000, 0x0000000082300000|  0%| F|  |TAMS 0x0000000082200000, 0x0000000082200000| Untracked 
|  35|0x0000000082300000, 0x0000000082300000, 0x0000000082400000|  0%| F|  |TAMS 0x0000000082300000, 0x0000000082300000| Untracked 
|  36|0x0000000082400000, 0x0000000082400000, 0x0000000082500000|  0%| F|  |TAMS 0x0000000082400000, 0x0000000082400000| Untracked 
|  37|0x0000000082500000, 0x0000000082500000, 0x0000000082600000|  0%| F|  |TAMS 0x0000000082500000, 0x0000000082500000| Untracked 
|  38|0x0000000082600000, 0x0000000082600000, 0x0000000082700000|  0%| F|  |TAMS 0x0000000082600000, 0x0000000082600000| Untracked 
|  39|0x0000000082700000, 0x0000000082700000, 0x0000000082800000|  0%| F|  |TAMS 0x0000000082700000, 0x0000000082700000| Untracked 
|  40|0x0000000082800000, 0x0000000082800000, 0x0000000082900000|  0%| F|  |TAMS 0x0000000082800000, 0x0000000082800000| Untracked 
|  41|0x0000000082900000, 0x0000000082900000, 0x0000000082a00000|  0%| F|  |TAMS 0x0000000082900000, 0x0000000082900000| Untracked 
|  42|0x0000000082a00000, 0x0000000082a00000, 0x0000000082b00000|  0%| F|  |TAMS 0x0000000082a00000, 0x0000000082a00000| Untracked 
|  43|0x0000000082b00000, 0x0000000082b00000, 0x0000000082c00000|  0%| F|  |TAMS 0x0000000082b00000, 0x0000000082b00000| Untracked 
|  44|0x0000000082c00000, 0x0000000082c00000, 0x0000000082d00000|  0%| F|  |TAMS 0x0000000082c00000, 0x0000000082c00000| Untracked 
|  45|0x0000000082d00000, 0x0000000082d00000, 0x0000000082e00000|  0%| F|  |TAMS 0x0000000082d00000, 0x0000000082d00000| Untracked 
|  46|0x0000000082e00000, 0x0000000082e00000, 0x0000000082f00000|  0%| F|  |TAMS 0x0000000082e00000, 0x0000000082e00000| Untracked 
|  47|0x0000000082f00000, 0x0000000082f00000, 0x0000000083000000|  0%| F|  |TAMS 0x0000000082f00000, 0x0000000082f00000| Untracked 
|  48|0x0000000083000000, 0x0000000083000000, 0x0000000083100000|  0%| F|  |TAMS 0x0000000083000000, 0x0000000083000000| Untracked 
|  49|0x0000000083100000, 0x0000000083100000, 0x0000000083200000|  0%| F|  |TAMS 0x0000000083100000, 0x0000000083100000| Untracked 
|  50|0x0000000083200000, 0x0000000083200000, 0x0000000083300000|  0%| F|  |TAMS 0x0000000083200000, 0x0000000083200000| Untracked 
|  51|0x0000000083300000, 0x0000000083300000, 0x0000000083400000|  0%| F|  |TAMS 0x0000000083300000, 0x0000000083300000| Untracked 
|  52|0x0000000083400000, 0x0000000083400000, 0x0000000083500000|  0%| F|  |TAMS 0x0000000083400000, 0x0000000083400000| Untracked 
|  53|0x0000000083500000, 0x0000000083500000, 0x0000000083600000|  0%| F|  |TAMS 0x0000000083500000, 0x0000000083500000| Untracked 
|  54|0x0000000083600000, 0x0000000083600000, 0x0000000083700000|  0%| F|  |TAMS 0x0000000083600000, 0x0000000083600000| Untracked 
|  55|0x0000000083700000, 0x0000000083700000, 0x0000000083800000|  0%| F|  |TAMS 0x0000000083700000, 0x0000000083700000| Untracked 
|  56|0x0000000083800000, 0x0000000083800000, 0x0000000083900000|  0%| F|  |TAMS 0x0000000083800000, 0x0000000083800000| Untracked 
|  57|0x0000000083900000, 0x0000000083900000, 0x0000000083a00000|  0%| F|  |TAMS 0x0000000083900000, 0x0000000083900000| Untracked 
|  58|0x0000000083a00000, 0x0000000083a00000, 0x0000000083b00000|  0%| F|  |TAMS 0x0000000083a00000, 0x0000000083a00000| Untracked 
|  59|0x0000000083b00000, 0x0000000083b00000, 0x0000000083c00000|  0%| F|  |TAMS 0x0000000083b00000, 0x0000000083b00000| Untracked 
|  60|0x0000000083c00000, 0x0000000083c00000, 0x0000000083d00000|  0%| F|  |TAMS 0x0000000083c00000, 0x0000000083c00000| Untracked 
|  61|0x0000000083d00000, 0x0000000083d00000, 0x0000000083e00000|  0%| F|  |TAMS 0x0000000083d00000, 0x0000000083d00000| Untracked 
|  62|0x0000000083e00000, 0x0000000083e00000, 0x0000000083f00000|  0%| F|  |TAMS 0x0000000083e00000, 0x0000000083e00000| Untracked 
|  63|0x0000000083f00000, 0x0000000083f00000, 0x0000000084000000|  0%| F|  |TAMS 0x0000000083f00000, 0x0000000083f00000| Untracked 
|  64|0x0000000084000000, 0x0000000084000000, 0x0000000084100000|  0%| F|  |TAMS 0x0000000084000000, 0x0000000084000000| Untracked 
|  65|0x0000000084100000, 0x0000000084100000, 0x0000000084200000|  0%| F|  |TAMS 0x0000000084100000, 0x0000000084100000| Untracked 
|  66|0x0000000084200000, 0x0000000084200000, 0x0000000084300000|  0%| F|  |TAMS 0x0000000084200000, 0x0000000084200000| Untracked 
|  67|0x0000000084300000, 0x0000000084300000, 0x0000000084400000|  0%| F|  |TAMS 0x0000000084300000, 0x0000000084300000| Untracked 
|  68|0x0000000084400000, 0x0000000084400000, 0x0000000084500000|  0%| F|  |TAMS 0x0000000084400000, 0x0000000084400000| Untracked 
|  69|0x0000000084500000, 0x0000000084500000, 0x0000000084600000|  0%| F|  |TAMS 0x0000000084500000, 0x0000000084500000| Untracked 
|  70|0x0000000084600000, 0x0000000084600000, 0x0000000084700000|  0%| F|  |TAMS 0x0000000084600000, 0x0000000084600000| Untracked 
|  71|0x0000000084700000, 0x0000000084700000, 0x0000000084800000|  0%| F|  |TAMS 0x0000000084700000, 0x0000000084700000| Untracked 
|  72|0x0000000084800000, 0x0000000084800000, 0x0000000084900000|  0%| F|  |TAMS 0x0000000084800000, 0x0000000084800000| Untracked 
|  73|0x0000000084900000, 0x0000000084900000, 0x0000000084a00000|  0%| F|  |TAMS 0x0000000084900000, 0x0000000084900000| Untracked 
|  74|0x0000000084a00000, 0x0000000084a00000, 0x0000000084b00000|  0%| F|  |TAMS 0x0000000084a00000, 0x0000000084a00000| Untracked 
|  75|0x0000000084b00000, 0x0000000084b00000, 0x0000000084c00000|  0%| F|  |TAMS 0x0000000084b00000, 0x0000000084b00000| Untracked 
|  76|0x0000000084c00000, 0x0000000084c00000, 0x0000000084d00000|  0%| F|  |TAMS 0x0000000084c00000, 0x0000000084c00000| Untracked 
|  77|0x0000000084d00000, 0x0000000084d00000, 0x0000000084e00000|  0%| F|  |TAMS 0x0000000084d00000, 0x0000000084d00000| Untracked 
|  78|0x0000000084e00000, 0x0000000084e00000, 0x0000000084f00000|  0%| F|  |TAMS 0x0000000084e00000, 0x0000000084e00000| Untracked 
|  79|0x0000000084f00000, 0x0000000084f00000, 0x0000000085000000|  0%| F|  |TAMS 0x0000000084f00000, 0x0000000084f00000| Untracked 
|  80|0x0000000085000000, 0x0000000085000000, 0x0000000085100000|  0%| F|  |TAMS 0x0000000085000000, 0x0000000085000000| Untracked 
|  81|0x0000000085100000, 0x0000000085100000, 0x0000000085200000|  0%| F|  |TAMS 0x0000000085100000, 0x0000000085100000| Untracked 
|  82|0x0000000085200000, 0x0000000085200000, 0x0000000085300000|  0%| F|  |TAMS 0x0000000085200000, 0x0000000085200000| Untracked 
|  83|0x0000000085300000, 0x0000000085336c78, 0x0000000085400000| 21%| E|  |TAMS 0x0000000085300000, 0x0000000085300000| Complete 
|  84|0x0000000085400000, 0x0000000085500000, 0x0000000085500000|100%| E|CS|TAMS 0x0000000085400000, 0x0000000085400000| Complete 
|  85|0x0000000085500000, 0x0000000085600000, 0x0000000085600000|100%| E|CS|TAMS 0x0000000085500000, 0x0000000085500000| Complete 
|  86|0x0000000085600000, 0x0000000085700000, 0x0000000085700000|100%| E|CS|TAMS 0x0000000085600000, 0x0000000085600000| Complete 
|  87|0x0000000085700000, 0x0000000085800000, 0x0000000085800000|100%| E|CS|TAMS 0x0000000085700000, 0x0000000085700000| Complete 
|  88|0x0000000085800000, 0x0000000085900000, 0x0000000085900000|100%| E|CS|TAMS 0x0000000085800000, 0x0000000085800000| Complete 
|  89|0x0000000085900000, 0x0000000085a00000, 0x0000000085a00000|100%| E|CS|TAMS 0x0000000085900000, 0x0000000085900000| Complete 
|  90|0x0000000085a00000, 0x0000000085b00000, 0x0000000085b00000|100%| E|CS|TAMS 0x0000000085a00000, 0x0000000085a00000| Complete 
|  91|0x0000000085b00000, 0x0000000085c00000, 0x0000000085c00000|100%| E|CS|TAMS 0x0000000085b00000, 0x0000000085b00000| Complete 
|  92|0x0000000085c00000, 0x0000000085d00000, 0x0000000085d00000|100%| E|CS|TAMS 0x0000000085c00000, 0x0000000085c00000| Complete 
|  93|0x0000000085d00000, 0x0000000085e00000, 0x0000000085e00000|100%| E|CS|TAMS 0x0000000085d00000, 0x0000000085d00000| Complete 
|  94|0x0000000085e00000, 0x0000000085f00000, 0x0000000085f00000|100%| E|CS|TAMS 0x0000000085e00000, 0x0000000085e00000| Complete 
|  95|0x0000000085f00000, 0x0000000086000000, 0x0000000086000000|100%| E|CS|TAMS 0x0000000085f00000, 0x0000000085f00000| Complete 
|  96|0x0000000086000000, 0x0000000086100000, 0x0000000086100000|100%| E|CS|TAMS 0x0000000086000000, 0x0000000086000000| Complete 
|  97|0x0000000086100000, 0x0000000086200000, 0x0000000086200000|100%| E|CS|TAMS 0x0000000086100000, 0x0000000086100000| Complete 
|  98|0x0000000086200000, 0x0000000086300000, 0x0000000086300000|100%| E|CS|TAMS 0x0000000086200000, 0x0000000086200000| Complete 
|  99|0x0000000086300000, 0x0000000086400000, 0x0000000086400000|100%| E|CS|TAMS 0x0000000086300000, 0x0000000086300000| Complete 
| 100|0x0000000086400000, 0x0000000086500000, 0x0000000086500000|100%| E|CS|TAMS 0x0000000086400000, 0x0000000086400000| Complete 
| 101|0x0000000086500000, 0x0000000086600000, 0x0000000086600000|100%| E|CS|TAMS 0x0000000086500000, 0x0000000086500000| Complete 
| 102|0x0000000086600000, 0x0000000086700000, 0x0000000086700000|100%| E|CS|TAMS 0x0000000086600000, 0x0000000086600000| Complete 
| 103|0x0000000086700000, 0x0000000086800000, 0x0000000086800000|100%| E|CS|TAMS 0x0000000086700000, 0x0000000086700000| Complete 
| 104|0x0000000086800000, 0x0000000086900000, 0x0000000086900000|100%| E|CS|TAMS 0x0000000086800000, 0x0000000086800000| Complete 
| 105|0x0000000086900000, 0x0000000086a00000, 0x0000000086a00000|100%| E|CS|TAMS 0x0000000086900000, 0x0000000086900000| Complete 
| 106|0x0000000086a00000, 0x0000000086b00000, 0x0000000086b00000|100%| E|CS|TAMS 0x0000000086a00000, 0x0000000086a00000| Complete 
| 107|0x0000000086b00000, 0x0000000086c00000, 0x0000000086c00000|100%| E|CS|TAMS 0x0000000086b00000, 0x0000000086b00000| Complete 
| 108|0x0000000086c00000, 0x0000000086d00000, 0x0000000086d00000|100%| E|CS|TAMS 0x0000000086c00000, 0x0000000086c00000| Complete 
| 109|0x0000000086d00000, 0x0000000086e00000, 0x0000000086e00000|100%| E|CS|TAMS 0x0000000086d00000, 0x0000000086d00000| Complete 
| 110|0x0000000086e00000, 0x0000000086f00000, 0x0000000086f00000|100%| E|CS|TAMS 0x0000000086e00000, 0x0000000086e00000| Complete 
| 111|0x0000000086f00000, 0x0000000087000000, 0x0000000087000000|100%| E|CS|TAMS 0x0000000086f00000, 0x0000000086f00000| Complete 
| 112|0x0000000087000000, 0x0000000087100000, 0x0000000087100000|100%| E|CS|TAMS 0x0000000087000000, 0x0000000087000000| Complete 
| 113|0x0000000087100000, 0x0000000087200000, 0x0000000087200000|100%| E|CS|TAMS 0x0000000087100000, 0x0000000087100000| Complete 
| 114|0x0000000087200000, 0x0000000087300000, 0x0000000087300000|100%| E|CS|TAMS 0x0000000087200000, 0x0000000087200000| Complete 
| 115|0x0000000087300000, 0x0000000087400000, 0x0000000087400000|100%| E|CS|TAMS 0x0000000087300000, 0x0000000087300000| Complete 
| 116|0x0000000087400000, 0x0000000087500000, 0x0000000087500000|100%| E|CS|TAMS 0x0000000087400000, 0x0000000087400000| Complete 
| 117|0x0000000087500000, 0x0000000087600000, 0x0000000087600000|100%| E|CS|TAMS 0x0000000087500000, 0x0000000087500000| Complete 
| 118|0x0000000087600000, 0x0000000087700000, 0x0000000087700000|100%| E|CS|TAMS 0x0000000087600000, 0x0000000087600000| Complete 
| 119|0x0000000087700000, 0x0000000087800000, 0x0000000087800000|100%| E|CS|TAMS 0x0000000087700000, 0x0000000087700000| Complete 
| 120|0x0000000087800000, 0x0000000087900000, 0x0000000087900000|100%| E|CS|TAMS 0x0000000087800000, 0x0000000087800000| Complete 
| 121|0x0000000087900000, 0x00000000879f5dc0, 0x0000000087a00000| 96%| S|CS|TAMS 0x0000000087900000, 0x0000000087900000| Complete 
| 122|0x0000000087a00000, 0x0000000087b00000, 0x0000000087b00000|100%| S|CS|TAMS 0x0000000087a00000, 0x0000000087a00000| Complete 
| 123|0x0000000087b00000, 0x0000000087c00000, 0x0000000087c00000|100%| S|CS|TAMS 0x0000000087b00000, 0x0000000087b00000| Complete 
| 124|0x0000000087c00000, 0x0000000087d00000, 0x0000000087d00000|100%| E|CS|TAMS 0x0000000087c00000, 0x0000000087c00000| Complete 
| 125|0x0000000087d00000, 0x0000000087e00000, 0x0000000087e00000|100%| E|CS|TAMS 0x0000000087d00000, 0x0000000087d00000| Complete 
| 126|0x0000000087e00000, 0x0000000087f00000, 0x0000000087f00000|100%| E|CS|TAMS 0x0000000087e00000, 0x0000000087e00000| Complete 
| 127|0x0000000087f00000, 0x0000000088000000, 0x0000000088000000|100%| E|CS|TAMS 0x0000000087f00000, 0x0000000087f00000| Complete 

Card table byte_map: [0x0000018cd4aa0000,0x0000018cd4ea0000] _byte_map_base: 0x0000018cd46a0000

Marking Bits (Prev, Next): (CMBitMap*) 0x0000018cc15ca120, (CMBitMap*) 0x0000018cc15ca0e8
 Prev Bits: [0x0000018cd72a0000, 0x0000018cd92a0000)
 Next Bits: [0x0000018cd52a0000, 0x0000018cd72a0000)

Polling page: 0x0000018cbfcf0000

Metaspace:

Usage:
  Non-class:     22.48 MB capacity,    22.05 MB ( 98%) used,   398.71 KB (  2%) free+waste,    48.25 KB ( <1%) overhead. 
      Class:      3.40 MB capacity,     3.20 MB ( 94%) used,   178.72 KB (  5%) free+waste,    23.75 KB ( <1%) overhead. 
       Both:     25.88 MB capacity,    25.25 MB ( 98%) used,   577.43 KB (  2%) free+waste,    72.00 KB ( <1%) overhead. 

Virtual space:
  Non-class space:       24.00 MB reserved,      22.50 MB ( 94%) committed 
      Class space:        1.00 GB reserved,       3.50 MB ( <1%) committed 
             Both:        1.02 GB reserved,      26.00 MB (  2%) committed 

Chunk freelists:
   Non-Class:  17.00 KB
       Class:  6.00 KB
        Both:  23.00 KB

MaxMetaspaceSize: 17179869184.00 GB
CompressedClassSpaceSize: 1.00 GB

CodeHeap 'non-profiled nmethods': size=120064Kb used=1093Kb max_used=1093Kb free=118970Kb
 bounds [0x0000018cccb40000, 0x0000018cccdb0000, 0x0000018cd4080000]
CodeHeap 'profiled nmethods': size=120000Kb used=4735Kb max_used=4735Kb free=115264Kb
 bounds [0x0000018cc5610000, 0x0000018cc5ab0000, 0x0000018cccb40000]
CodeHeap 'non-nmethods': size=5696Kb used=1154Kb max_used=1186Kb free=4541Kb
 bounds [0x0000018cc5080000, 0x0000018cc52f0000, 0x0000018cc5610000]
 total_blobs=2731 nmethods=2247 adapters=395
 compilation: enabled
              stopped_count=0, restarted_count=0
 full_count=0

Compilation events (20 events):
Event: 16.646 Thread 0x0000018d1c536000 2228       4       java.lang.AbstractStringBuilder::append (43 bytes)
Event: 16.651 Thread 0x0000018d1b8ac800 2229       4       sun.nio.fs.WindowsPathParser::normalize (233 bytes)
Event: 16.663 Thread 0x0000018d1c536000 nmethod 2228 0x0000018cccc4dd10 code [0x0000018cccc4dee0, 0x0000018cccc4e5d8]
Event: 16.680 Thread 0x0000018d1c536000 2230       4       java.util.Arrays::copyOf (40 bytes)
Event: 16.684 Thread 0x0000018d1b8b2800 2231       3       sun.nio.fs.WindowsPath::isEmpty (8 bytes)
Event: 16.684 Thread 0x0000018d1b8b2800 nmethod 2231 0x0000018cc5aa8890 code [0x0000018cc5aa8a40, 0x0000018cc5aa8c18]
Event: 16.686 Thread 0x0000018d1c536000 nmethod 2230 0x0000018cccc4ea10 code [0x0000018cccc4ebc0, 0x0000018cccc4ef98]
Event: 16.686 Thread 0x0000018d1c536000 2232   !   4       sun.nio.fs.WindowsPath::initOffsets (153 bytes)
Event: 16.687 Thread 0x0000018d1b8b2800 2233       3       sun.nio.fs.WindowsPath::getNameCount (10 bytes)
Event: 16.687 Thread 0x0000018d1b8b2800 nmethod 2233 0x0000018cc5aa8d10 code [0x0000018cc5aa8ec0, 0x0000018cc5aa9008]
Event: 16.687 Thread 0x0000018d1b8b2800 2234       3       com.google.common.base.Preconditions::checkElementIndex (8 bytes)
Event: 16.688 Thread 0x0000018d1b8b2800 nmethod 2234 0x0000018cc5aa9110 code [0x0000018cc5aa92e0, 0x0000018cc5aa95b8]
Event: 16.689 Thread 0x0000018d1b8b2800 2235       3       com.google.common.collect.ImmutableCollection$ArrayBasedBuilder::getReadyToExpandTo (64 bytes)
Event: 16.690 Thread 0x0000018d1b8b2800 nmethod 2235 0x0000018cc5aa9710 code [0x0000018cc5aa9900, 0x0000018cc5aa9e28]
Event: 16.690 Thread 0x0000018d1b8b2800 2236       3       java.lang.Thread::isInterrupted (6 bytes)
Event: 16.691 Thread 0x0000018d1b8b2800 nmethod 2236 0x0000018cc5aa9f90 code [0x0000018cc5aaa140, 0x0000018cc5aaa288]
Event: 16.691 Thread 0x0000018d1b8b2800 2237       3       java.util.concurrent.SynchronousQueue$TransferStack::shouldSpin (30 bytes)
Event: 16.691 Thread 0x0000018d1b8b2800 nmethod 2237 0x0000018cc5aaa310 code [0x0000018cc5aaa4e0, 0x0000018cc5aaa778]
Event: 16.701 Thread 0x0000018d1b8b2800 2238       3       java.lang.Thread::onSpinWait (1 bytes)
Event: 16.701 Thread 0x0000018d1b8b2800 nmethod 2238 0x0000018cc5aaa890 code [0x0000018cc5aaaa40, 0x0000018cc5aaab18]

GC Heap History (10 events):
Event: 3.315 GC heap before
{Heap before GC invocations=0 (full 0):
 garbage-first heap   total 131072K, used 19456K [0x0000000080000000, 0x0000000100000000)
  region size 1024K, 14 young (14336K), 0 survivors (0K)
 Metaspace       used 7585K, capacity 7733K, committed 7936K, reserved 1056768K
  class space    used 706K, capacity 749K, committed 768K, reserved 1048576K
}
Event: 3.427 GC heap after
{Heap after GC invocations=1 (full 0):
 garbage-first heap   total 131072K, used 8207K [0x0000000080000000, 0x0000000100000000)
  region size 1024K, 2 young (2048K), 2 survivors (2048K)
 Metaspace       used 7585K, capacity 7733K, committed 7936K, reserved 1056768K
  class space    used 706K, capacity 749K, committed 768K, reserved 1048576K
}
Event: 4.412 GC heap before
{Heap before GC invocations=1 (full 0):
 garbage-first heap   total 131072K, used 20495K [0x0000000080000000, 0x0000000100000000)
  region size 1024K, 14 young (14336K), 2 survivors (2048K)
 Metaspace       used 10523K, capacity 10761K, committed 11008K, reserved 1058816K
  class space    used 1101K, capacity 1164K, committed 1280K, reserved 1048576K
}
Event: 4.417 GC heap after
{Heap after GC invocations=2 (full 0):
 garbage-first heap   total 131072K, used 8968K [0x0000000080000000, 0x0000000100000000)
  region size 1024K, 1 young (1024K), 1 survivors (1024K)
 Metaspace       used 10523K, capacity 10761K, committed 11008K, reserved 1058816K
  class space    used 1101K, capacity 1164K, committed 1280K, reserved 1048576K
}
Event: 5.591 GC heap before
{Heap before GC invocations=2 (full 0):
 garbage-first heap   total 131072K, used 37640K [0x0000000080000000, 0x0000000100000000)
  region size 1024K, 30 young (30720K), 1 survivors (1024K)
 Metaspace       used 10794K, capacity 11105K, committed 11264K, reserved 1058816K
  class space    used 1133K, capacity 1236K, committed 1280K, reserved 1048576K
}
Event: 5.596 GC heap after
{Heap after GC invocations=3 (full 0):
 garbage-first heap   total 131072K, used 13220K [0x0000000080000000, 0x0000000100000000)
  region size 1024K, 4 young (4096K), 4 survivors (4096K)
 Metaspace       used 10794K, capacity 11105K, committed 11264K, reserved 1058816K
  class space    used 1133K, capacity 1236K, committed 1280K, reserved 1048576K
}
Event: 12.401 GC heap before
{Heap before GC invocations=3 (full 0):
 garbage-first heap   total 131072K, used 55204K [0x0000000080000000, 0x0000000100000000)
  region size 1024K, 45 young (46080K), 4 survivors (4096K)
 Metaspace       used 19740K, capacity 20162K, committed 20224K, reserved 1067008K
  class space    used 2372K, capacity 2511K, committed 2560K, reserved 1048576K
}
Event: 12.460 GC heap after
{Heap after GC invocations=4 (full 0):
 garbage-first heap   total 131072K, used 16282K [0x0000000080000000, 0x0000000100000000)
  region size 1024K, 4 young (4096K), 4 survivors (4096K)
 Metaspace       used 19740K, capacity 20162K, committed 20224K, reserved 1067008K
  class space    used 2372K, capacity 2511K, committed 2560K, reserved 1048576K
}
Event: 12.554 GC heap before
{Heap before GC invocations=4 (full 0):
 garbage-first heap   total 131072K, used 19354K [0x0000000080000000, 0x0000000100000000)
  region size 1024K, 8 young (8192K), 4 survivors (4096K)
 Metaspace       used 20664K, capacity 21099K, committed 21248K, reserved 1069056K
  class space    used 2425K, capacity 2545K, committed 2560K, reserved 1048576K
}
Event: 12.562 GC heap after
{Heap after GC invocations=5 (full 0):
 garbage-first heap   total 131072K, used 16103K [0x0000000080000000, 0x0000000100000000)
  region size 1024K, 3 young (3072K), 3 survivors (3072K)
 Metaspace       used 20664K, capacity 21099K, committed 21248K, reserved 1069056K
  class space    used 2425K, capacity 2545K, committed 2560K, reserved 1048576K
}

Deoptimization events (20 events):
Event: 13.320 Thread 0x0000018d1c834000 DEOPT PACKING pc=0x0000018cccbff2bc sp=0x00000001020fbcc0
Event: 13.320 Thread 0x0000018d1c834000 DEOPT UNPACKING pc=0x0000018cc50a7aaf sp=0x00000001020fbc60 mode 2
Event: 14.608 Thread 0x0000018d1c834000 Uncommon trap: trap_request=0xffffff4d fr.pc=0x0000018cccbc617c relative=0x000000000000023c
Event: 14.608 Thread 0x0000018d1c834000 Uncommon trap: reason=unstable_if action=reinterpret pc=0x0000018cccbc617c method=java.util.concurrent.ConcurrentHashMap.get(Ljava/lang/Object;)Ljava/lang/Object; @ 76 c2
Event: 14.608 Thread 0x0000018d1c834000 DEOPT PACKING pc=0x0000018cccbc617c sp=0x00000001020f8d30
Event: 14.608 Thread 0x0000018d1c834000 DEOPT UNPACKING pc=0x0000018cc50a7aaf sp=0x00000001020f8c98 mode 2
Event: 15.616 Thread 0x0000018d1c834000 Uncommon trap: trap_request=0xffffff4d fr.pc=0x0000018cccc0ffac relative=0x000000000000016c
Event: 15.616 Thread 0x0000018d1c834000 Uncommon trap: reason=unstable_if action=reinterpret pc=0x0000018cccc0ffac method=java.util.HashMap.getNode(ILjava/lang/Object;)Ljava/util/HashMap$Node; @ 129 c2
Event: 15.616 Thread 0x0000018d1c834000 DEOPT PACKING pc=0x0000018cccc0ffac sp=0x00000001020fd050
Event: 15.616 Thread 0x0000018d1c834000 DEOPT UNPACKING pc=0x0000018cc50a7aaf sp=0x00000001020fcf60 mode 2
Event: 16.464 Thread 0x0000018d1c834000 Uncommon trap: trap_request=0xffffff4d fr.pc=0x0000018cccb87428 relative=0x00000000000001e8
Event: 16.464 Thread 0x0000018d1c834000 Uncommon trap: reason=unstable_if action=reinterpret pc=0x0000018cccb87428 method=java.net.URI.match(CJJ)Z @ 19 c2
Event: 16.464 Thread 0x0000018d1c834000 DEOPT PACKING pc=0x0000018cccb87428 sp=0x00000001020fc000
Event: 16.464 Thread 0x0000018d1c834000 DEOPT UNPACKING pc=0x0000018cc50a7aaf sp=0x00000001020fbf00 mode 2
Event: 16.465 Thread 0x0000018d1c834000 Uncommon trap: trap_request=0xffffff4d fr.pc=0x0000018cccb5c7e8 relative=0x0000000000000048
Event: 16.465 Thread 0x0000018d1c834000 Uncommon trap: reason=unstable_if action=reinterpret pc=0x0000018cccb5c7e8 method=java.net.URI.match(CJJ)Z @ 19 c2
Event: 16.465 Thread 0x0000018d1c834000 DEOPT PACKING pc=0x0000018cccb5c7e8 sp=0x00000001020fbf40
Event: 16.465 Thread 0x0000018d1c834000 DEOPT UNPACKING pc=0x0000018cc50a7aaf sp=0x00000001020fbef0 mode 2
Event: 16.680 Thread 0x0000018d1c6d3000 DEOPT PACKING pc=0x0000018cc56c1234 sp=0x00000001029feba0
Event: 16.680 Thread 0x0000018d1c6d3000 DEOPT UNPACKING pc=0x0000018cc50a78ce sp=0x00000001029fe140 mode 0

Classes redefined (0 events):
No events

Internal exceptions (20 events):
Event: 11.147 Thread 0x0000018d1c799800 Exception <a 'java/lang/NoSuchMethodError'{0x0000000086a3f178}: <clinit>> (0x0000000086a3f178) thrown at [./src/hotspot/share/prims/jni.cpp, line 1362]
Event: 11.403 Thread 0x0000018d1c834000 Exception <a 'java/lang/NoSuchMethodError'{0x0000000086874960}: 'void java.lang.invoke.DelegatingMethodHandle$Holder.reinvoke_L(java.lang.Object, java.lang.Object, java.lang.Object, java.lang.Object)'> (0x0000000086874960) thrown at [./src/hotspot/share/interpreter/linkResolver.cpp, line 773]
Event: 11.414 Thread 0x0000018d1c834000 Exception <a 'java/lang/NoSuchMethodError'{0x00000000868acf60}: 'long java.lang.invoke.DirectMethodHandle$Holder.invokeInterface(java.lang.Object, java.lang.Object)'> (0x00000000868acf60) thrown at [./src/hotspot/share/interpreter/linkResolver.cpp, line 773]
Event: 11.420 Thread 0x0000018d1c834000 Exception <a 'java/lang/NoSuchMethodError'{0x00000000868cbd90}: 'void java.lang.invoke.DelegatingMethodHandle$Holder.reinvoke_L(java.lang.Object, java.lang.Object, java.lang.Object, java.lang.Object, java.lang.Object, java.lang.Object, java.lang.Object)'> (0x00000000868cbd90) thrown at [./src/hotspot/share/interpreter/linkResolver.cpp, line 773]
Event: 11.664 Thread 0x0000018d1c834000 Exception <a 'java/lang/NoSuchMethodError'{0x0000000085c12628}: 'java.lang.Object java.lang.invoke.DirectMethodHandle$Holder.invokeVirtual(java.lang.Object, java.lang.Object, java.lang.Object)'> (0x0000000085c12628) thrown at [./src/hotspot/share/interpreter/linkResolver.cpp, line 773]
Event: 12.221 Thread 0x0000018d1c834000 Exception <a 'java/lang/NoSuchMethodError'{0x00000000856993d8}: 'void java.lang.invoke.DirectMethodHandle$Holder.invokeStaticInit(java.lang.Object)'> (0x00000000856993d8) thrown at [./src/hotspot/share/interpreter/linkResolver.cpp, line 773]
Event: 12.641 Thread 0x0000018d1c834000 Exception <a 'java/lang/NoSuchMethodError'{0x0000000087e1a210}: 'int java.lang.invoke.DirectMethodHandle$Holder.invokeSpecialIFC(java.lang.Object, java.lang.Object, java.lang.Object, java.lang.Object)'> (0x0000000087e1a210) thrown at [./src/hotspot/share/interpreter/linkResolver.cpp, line 773]
Event: 12.643 Thread 0x0000018d1c834000 Exception <a 'java/lang/NoSuchMethodError'{0x0000000087e27d28}: 'java.lang.Object java.lang.invoke.DirectMethodHandle$Holder.invokeInterface(java.lang.Object, java.lang.Object, java.lang.Object)'> (0x0000000087e27d28) thrown at [./src/hotspot/share/interpreter/linkResolver.cpp, line 773]
Event: 12.643 Thread 0x0000018d1c834000 Exception <a 'java/lang/IncompatibleClassChangeError'{0x0000000087e2af58}: Found class java.lang.Object, but interface was expected> (0x0000000087e2af58) thrown at [./src/hotspot/share/interpreter/linkResolver.cpp, line 839]
Event: 12.657 Thread 0x0000018d1c834000 Exception <a 'java/lang/NoSuchMethodError'{0x0000000087ea8e90}: 'void java.lang.invoke.DirectMethodHandle$Holder.invokeSpecial(java.lang.Object, java.lang.Object, java.lang.Object, java.lang.Object)'> (0x0000000087ea8e90) thrown at [./src/hotspot/share/interpreter/linkResolver.cpp, line 773]
Event: 13.164 Thread 0x0000018d1c834000 Exception <a 'java/lang/NoSuchMethodError'{0x00000000872d45e0}: 'java.lang.Object java.lang.invoke.DirectMethodHandle$Holder.invokeVirtual(java.lang.Object, java.lang.Object, java.lang.Object, java.lang.Object)'> (0x00000000872d45e0) thrown at [./src/hotspot/share/interpreter/linkResolver.cpp, line 773]
Event: 14.726 Thread 0x0000018d1c834000 Exception <a 'java/lang/NoSuchMethodError'{0x0000000086543930}: 'void java.lang.invoke.DirectMethodHandle$Holder.invokeSpecial(java.lang.Object, java.lang.Object, java.lang.Object, java.lang.Object, java.lang.Object, java.lang.Object)'> (0x0000000086543930) thrown at [./src/hotspot/share/interpreter/linkResolver.cpp, line 773]
Event: 15.570 Thread 0x0000018d1c834000 Exception <a 'java/lang/NoSuchMethodError'{0x00000000864f73a0}: 'java.lang.Object java.lang.invoke.Invokers$Holder.invoker(java.lang.Object, java.lang.Object, java.lang.Object)'> (0x00000000864f73a0) thrown at [./src/hotspot/share/interpreter/linkResolver.cpp, line 773]
Event: 15.652 Thread 0x0000018d1c834000 Exception <a 'java/lang/NoSuchMethodError'{0x00000000863ef040}: 'void java.lang.invoke.DirectMethodHandle$Holder.invokeSpecial(java.lang.Object, java.lang.Object, java.lang.Object, java.lang.Object, java.lang.Object, java.lang.Object, java.lang.Object)'> (0x00000000863ef040) thrown at [./src/hotspot/share/interpreter/linkResolver.cpp, line 773]
Event: 15.653 Thread 0x0000018d1c834000 Exception <a 'java/lang/NoSuchMethodError'{0x00000000863f7288}: 'java.lang.Object java.lang.invoke.Invokers$Holder.linkToTargetMethod(java.lang.Object, java.lang.Object, java.lang.Object, java.lang.Object, java.lang.Object, java.lang.Object)'> (0x00000000863f7288) thrown at [./src/hotspot/share/interpreter/linkResolver.cpp, line 773]
Event: 15.714 Thread 0x0000018d1c834000 Exception <a 'java/lang/NoSuchMethodError'{0x0000000086117890}: 'java.lang.Object java.lang.invoke.DirectMethodHandle$Holder.invokeVirtual(java.lang.Object, java.lang.Object, java.lang.Object, java.lang.Object, java.lang.Object, java.lang.Object, java.lang.Object, java.lang.Object, java.lang.Object, java.lang.Object, java.lang.Object, java.lang.Object, java.lang.Object, java.lang.Object, java.lang.Object, java.lang.Object, java.lang.Object)'> (0x0000000086117890) thrown at [./src/hotspot/share/interpreter/
Event: 16.045 Thread 0x0000018d1c834000 Exception <a 'java/lang/NoSuchMethodError'{0x0000000085d935e8}: 'int java.lang.invoke.DirectMethodHandle$Holder.invokeVirtual(java.lang.Object, java.lang.Object)'> (0x0000000085d935e8) thrown at [./src/hotspot/share/interpreter/linkResolver.cpp, line 773]
Event: 16.388 Thread 0x0000018d1c834000 Exception <a 'java/lang/NoSuchMethodError'{0x0000000085af2458}: 'java.lang.Object java.lang.invoke.Invokers$Holder.linkToTargetMethod(java.lang.Object, int, java.lang.Object)'> (0x0000000085af2458) thrown at [./src/hotspot/share/interpreter/linkResolver.cpp, line 773]
Event: 16.553 Thread 0x0000018d1c834000 Exception <a 'java/lang/NoSuchMethodError'{0x00000000856994e8}: 'int java.lang.invoke.DirectMethodHandle$Holder.invokeStaticInit(java.lang.Object, java.lang.Object, java.lang.Object)'> (0x00000000856994e8) thrown at [./src/hotspot/share/interpreter/linkResolver.cpp, line 773]
Event: 16.556 Thread 0x0000018d1c834000 Exception <a 'java/lang/NoSuchMethodError'{0x00000000856b7588}: 'void java.lang.invoke.DirectMethodHandle$Holder.invokeSpecial(java.lang.Object, java.lang.Object)'> (0x00000000856b7588) thrown at [./src/hotspot/share/interpreter/linkResolver.cpp, line 773]

Events (20 events):
Event: 16.570 Thread 0x0000018d1c6d9800 Thread added: 0x0000018d1c6d9800
Event: 16.579 loading class org/gradle/internal/snapshot/AbstractIncompleteSnapshotWithChildren$2
Event: 16.579 loading class org/gradle/internal/snapshot/AbstractIncompleteSnapshotWithChildren$2 done
Event: 16.581 loading class org/gradle/internal/snapshot/VfsRelativePath
Event: 16.581 loading class org/gradle/internal/snapshot/VfsRelativePath done
Event: 16.581 loading class org/gradle/internal/snapshot/FileSystemNode
Event: 16.581 loading class org/gradle/internal/snapshot/FileSystemNode done
Event: 16.581 loading class org/gradle/internal/snapshot/VfsRelativePath
Event: 16.581 loading class org/gradle/internal/snapshot/VfsRelativePath done
Event: 16.582 loading class org/gradle/internal/snapshot/SearchUtil
Event: 16.582 loading class org/gradle/internal/snapshot/SearchUtil done
Event: 16.583 Thread 0x0000018d1c6d4800 Thread added: 0x0000018d1c6d4800
Event: 16.588 loading class org/gradle/internal/snapshot/MetadataSnapshot$1
Event: 16.588 loading class org/gradle/internal/snapshot/MetadataSnapshot$1 done
Event: 16.589 Thread 0x0000018d1c6d4000 Thread added: 0x0000018d1c6d4000
Event: 16.593 Thread 0x0000018d1eeaa800 Thread added: 0x0000018d1eeaa800
Event: 16.598 Thread 0x0000018d1eeb1000 Thread added: 0x0000018d1eeb1000
Event: 16.607 Thread 0x0000018d1eead000 Thread added: 0x0000018d1eead000
Event: 16.614 Thread 0x0000018d1eeac000 Thread added: 0x0000018d1eeac000
Event: 16.626 Thread 0x0000018d1c536000 Thread added: 0x0000018d1c536000


Dynamic libraries:
0x00007ff641f50000 - 0x00007ff641f5a000 	C:\Program Files\Android\Android Studio\jre\bin\java.exe
0x00007ffb26310000 - 0x00007ffb26507000 	C:\WINDOWS\SYSTEM32\ntdll.dll
0x00007ffb24370000 - 0x00007ffb2442d000 	C:\WINDOWS\System32\KERNEL32.DLL
0x00007ffb23b30000 - 0x00007ffb23dfd000 	C:\WINDOWS\System32\KERNELBASE.dll
0x00007ffb23a30000 - 0x00007ffb23b30000 	C:\WINDOWS\System32\ucrtbase.dll
0x00007ffb0bb80000 - 0x00007ffb0bb99000 	C:\Program Files\Android\Android Studio\jre\bin\jli.dll
0x00007ffb26130000 - 0x00007ffb262d0000 	C:\WINDOWS\System32\USER32.dll
0x00007ffb23f10000 - 0x00007ffb23f32000 	C:\WINDOWS\System32\win32u.dll
0x00007ffb244b0000 - 0x00007ffb244da000 	C:\WINDOWS\System32\GDI32.dll
0x00007ffb23e00000 - 0x00007ffb23f0b000 	C:\WINDOWS\System32\gdi32full.dll
0x00007ffb24000000 - 0x00007ffb2409d000 	C:\WINDOWS\System32\msvcp_win.dll
0x00007ffb05b90000 - 0x00007ffb05ba7000 	C:\Program Files\Android\Android Studio\jre\bin\VCRUNTIME140.dll
0x00007ffb165f0000 - 0x00007ffb1688a000 	C:\WINDOWS\WinSxS\amd64_microsoft.windows.common-controls_6595b64144ccf1df_6.0.19041.1110_none_60b5254171f9507e\COMCTL32.dll
0x00007ffb25af0000 - 0x00007ffb25b8e000 	C:\WINDOWS\System32\msvcrt.dll
0x00007ffb24a60000 - 0x00007ffb24a90000 	C:\WINDOWS\System32\IMM32.DLL
0x00007ffaf52c0000 - 0x00007ffaf535d000 	C:\Program Files\Android\Android Studio\jre\bin\msvcp140.dll
0x00007ffad7e50000 - 0x00007ffad891f000 	C:\Program Files\Android\Android Studio\jre\bin\server\jvm.dll
0x00007ffb25530000 - 0x00007ffb255de000 	C:\WINDOWS\System32\ADVAPI32.dll
0x00007ffb255e0000 - 0x00007ffb2567c000 	C:\WINDOWS\System32\sechost.dll
0x00007ffb24930000 - 0x00007ffb24a55000 	C:\WINDOWS\System32\RPCRT4.dll
0x00007ffb25350000 - 0x00007ffb25358000 	C:\WINDOWS\System32\PSAPI.DLL
0x00007ffb1f650000 - 0x00007ffb1f659000 	C:\WINDOWS\SYSTEM32\WSOCK32.dll
0x00007ffb25360000 - 0x00007ffb253cb000 	C:\WINDOWS\System32\WS2_32.dll
0x00007ffb12320000 - 0x00007ffb12347000 	C:\WINDOWS\SYSTEM32\WINMM.dll
0x00007ffb171f0000 - 0x00007ffb171fa000 	C:\WINDOWS\SYSTEM32\VERSION.dll
0x00007ffb22310000 - 0x00007ffb22322000 	C:\WINDOWS\SYSTEM32\kernel.appcore.dll
0x00007ffb1f5a0000 - 0x00007ffb1f5b1000 	C:\Program Files\Android\Android Studio\jre\bin\verify.dll
0x00007ffb220a0000 - 0x00007ffb22284000 	C:\WINDOWS\SYSTEM32\DBGHELP.DLL
0x00007ffb174b0000 - 0x00007ffb174dc000 	C:\WINDOWS\SYSTEM32\dbgcore.DLL
0x00007ffb24180000 - 0x00007ffb24202000 	C:\WINDOWS\System32\bcryptPrimitives.dll
0x00007ffb1e5c0000 - 0x00007ffb1e5e9000 	C:\Program Files\Android\Android Studio\jre\bin\java.dll
0x00007ffb1f5f0000 - 0x00007ffb1f5fb000 	C:\Program Files\Android\Android Studio\jre\bin\jimage.dll
0x00007ffb1e5a0000 - 0x00007ffb1e5b8000 	C:\Program Files\Android\Android Studio\jre\bin\zip.dll
0x00007ffb24c00000 - 0x00007ffb25344000 	C:\WINDOWS\System32\SHELL32.dll
0x00007ffb21840000 - 0x00007ffb21fd4000 	C:\WINDOWS\SYSTEM32\windows.storage.dll
0x00007ffb25c40000 - 0x00007ffb25f94000 	C:\WINDOWS\System32\combase.dll
0x00007ffb23490000 - 0x00007ffb234bc000 	C:\WINDOWS\SYSTEM32\Wldp.dll
0x00007ffb25b90000 - 0x00007ffb25c3d000 	C:\WINDOWS\System32\SHCORE.dll
0x00007ffb245b0000 - 0x00007ffb24605000 	C:\WINDOWS\System32\shlwapi.dll
0x00007ffb23970000 - 0x00007ffb2398f000 	C:\WINDOWS\SYSTEM32\profapi.dll
0x00007ffb1e4e0000 - 0x00007ffb1e4fa000 	C:\Program Files\Android\Android Studio\jre\bin\net.dll
0x00007ffb15380000 - 0x00007ffb1548a000 	C:\WINDOWS\SYSTEM32\WINHTTP.dll
0x00007ffb231f0000 - 0x00007ffb2325a000 	C:\WINDOWS\system32\mswsock.dll
0x00007ffb1d1a0000 - 0x00007ffb1d1b4000 	C:\Program Files\Android\Android Studio\jre\bin\nio.dll
0x00007ffb11c60000 - 0x00007ffb11c87000 	C:\Users\as\.gradle\native\f6784746aeab05261644944871eae4fe03e0ef1612fff0a4a95f87b438bc6780\windows-amd64\native-platform.dll
0x00007ffb1f4f0000 - 0x00007ffb1f4fa000 	C:\Program Files\Android\Android Studio\jre\bin\management.dll
0x00007ffb1c760000 - 0x00007ffb1c76c000 	C:\Program Files\Android\Android Studio\jre\bin\management_ext.dll
0x00007ffb233e0000 - 0x00007ffb233f8000 	C:\WINDOWS\SYSTEM32\CRYPTSP.dll
0x00007ffb22b00000 - 0x00007ffb22b34000 	C:\WINDOWS\system32\rsaenh.dll
0x00007ffb240a0000 - 0x00007ffb240c7000 	C:\WINDOWS\System32\bcrypt.dll
0x00007ffb23930000 - 0x00007ffb2395e000 	C:\WINDOWS\SYSTEM32\USERENV.dll
0x00007ffb23400000 - 0x00007ffb2340c000 	C:\WINDOWS\SYSTEM32\CRYPTBASE.dll
0x00007ffb22e90000 - 0x00007ffb22ecb000 	C:\WINDOWS\SYSTEM32\IPHLPAPI.DLL
0x00007ffb253e0000 - 0x00007ffb253e8000 	C:\WINDOWS\System32\NSI.dll
0x00007ffb1add0000 - 0x00007ffb1ade7000 	C:\WINDOWS\SYSTEM32\dhcpcsvc6.DLL
0x00007ffb1af60000 - 0x00007ffb1af7d000 	C:\WINDOWS\SYSTEM32\dhcpcsvc.DLL
0x00007ffb22ed0000 - 0x00007ffb22f9b000 	C:\WINDOWS\SYSTEM32\DNSAPI.dll
0x00007ffb1b720000 - 0x00007ffb1b72b000 	C:\WINDOWS\SYSTEM32\WINNSI.DLL

dbghelp: loaded successfully - version: 4.0.5 - missing functions: none
symbol engine: initialized successfully - sym options: 0x614 - pdb path: .;C:\Program Files\Android\Android Studio\jre\bin;C:\WINDOWS\SYSTEM32;C:\WINDOWS\WinSxS\amd64_microsoft.windows.common-controls_6595b64144ccf1df_6.0.19041.1110_none_60b5254171f9507e;C:\Program Files\Android\Android Studio\jre\bin\server;C:\Users\as\.gradle\native\f6784746aeab05261644944871eae4fe03e0ef1612fff0a4a95f87b438bc6780\windows-amd64

VM Arguments:
jvm_args: --add-opens=java.base/java.util=ALL-UNNAMED --add-opens=java.base/java.lang=ALL-UNNAMED --add-opens=java.base/java.lang.invoke=ALL-UNNAMED --add-opens=java.prefs/java.util.prefs=ALL-UNNAMED -Xmx2048m -Dfile.encoding=UTF-8 -Duser.country=US -Duser.language=en -Duser.variant 
java_command: org.gradle.launcher.daemon.bootstrap.GradleDaemon 6.5
java_class_path (initial): C:\Users\as\.gradle\wrapper\dists\gradle-6.5-all\2oz4ud9k3tuxjg84bbf55q0tn\gradle-6.5\lib\gradle-launcher-6.5.jar
Launcher Type: SUN_STANDARD

[Global flags]
     intx CICompilerCount                          = 3                                         {product} {ergonomic}
     uint ConcGCThreads                            = 1                                         {product} {ergonomic}
     uint G1ConcRefinementThreads                  = 4                                         {product} {ergonomic}
   size_t G1HeapRegionSize                         = 1048576                                   {product} {ergonomic}
    uintx GCDrainStackTargetSize                   = 64                                        {product} {ergonomic}
   size_t InitialHeapSize                          = 134217728                                 {product} {ergonomic}
   size_t MarkStackSize                            = 4194304                                   {product} {ergonomic}
   size_t MaxHeapSize                              = 2147483648                                {product} {command line}
   size_t MaxNewSize                               = 1287651328                                {product} {ergonomic}
   size_t MinHeapDeltaBytes                        = 1048576                                   {product} {ergonomic}
    uintx NonNMethodCodeHeapSize                   = 5830732                                {pd product} {ergonomic}
    uintx NonProfiledCodeHeapSize                  = 122913754                              {pd product} {ergonomic}
    uintx ProfiledCodeHeapSize                     = 122913754                              {pd product} {ergonomic}
    uintx ReservedCodeCacheSize                    = 251658240                              {pd product} {ergonomic}
     bool SegmentedCodeCache                       = true                                      {product} {ergonomic}
     bool UseCompressedClassPointers               = true                                 {lp64_product} {ergonomic}
     bool UseCompressedOops                        = true                                 {lp64_product} {ergonomic}
     bool UseG1GC                                  = true                                      {product} {ergonomic}
     bool UseLargePagesIndividualAllocation        = false                                  {pd product} {ergonomic}

Logging:
Log output configuration:
 #0: stdout all=warning uptime,level,tags
 #1: stderr all=off uptime,level,tags

Environment Variables:
JAVA_HOME=C:\Program Files\Java\jdk-15.0.2
PATH=C:\Program Files\Common Files\Oracle\Java\javapath;C:\WINDOWS\system32;C:\WINDOWS;C:\WINDOWS\System32\Wbem;C:\WINDOWS\System32\WindowsPowerShell\v1.0\;C:\WINDOWS\System32\OpenSSH\;C:\Program Files\Git\cmd;C:\Program Files\Java\jdk-15.0.2\bin;C:\Program Files\nodejs\;C:\Program Files (x86)\Microsoft SQL Server\100\Tools\Binn\;C:\Program Files\Microsoft SQL Server\100\Tools\Binn\;C:\Program Files\Microsoft SQL Server\100\DTS\Binn\;C:\Program Files\dotnet\;C:\Users\as\AppData\Local\Microsoft\WindowsApps;C:\Users\as\AppData\Local\Android\Sdk\platform-tools;C:\src\flutter\bin;C:\Users\as\AppData\Local\Programs\Microsoft VS Code\bin;C:\Users\as\AppData\Roaming\npm;;E:\IntelliJ IDEA Community Edition 2022.1.3\bin;;C:\Users\as\.dotnet\tools
USERNAME=as
OS=Windows_NT
PROCESSOR_IDENTIFIER=Intel64 Family 6 Model 60 Stepping 3, GenuineIntel



---------------  S Y S T E M  ---------------

OS: Windows 10 , 64 bit Build 19041 (10.0.19041.1741)
OS uptime: 13 days 7:05 hours

CPU:total 4 (initial active 4) (2 cores per cpu, 2 threads per core) family 6 model 60 stepping 3 microcode 0x27, cmov, cx8, fxsr, mmx, sse, sse2, sse3, ssse3, sse4.1, sse4.2, popcnt, avx, avx2, aes, clmul, erms, lzcnt, ht, tsc, tscinvbit, bmi1, bmi2, fma

Memory: 4k page, system-wide physical 8105M (806M free)
TotalPageFile size 11004M (AvailPageFile size 5M)
current process WorkingSet (physical memory assigned to process): 154M, peak: 167M
current process commit charge ("private bytes"): 252M, peak: 266M

vm_info: OpenJDK 64-Bit Server VM (11.0.10+0-b96-7249189) for windows-amd64 JRE (11.0.10+0-b96-7249189), built on Mar 31 2021 21:44:00 by "builder" with MS VC++ 14.0 (VS2015)

END.
