#
# There is insufficient memory for the Java Runtime Environment to continue.
# Native memory allocation (mmap) failed to map 27262976 bytes for Failed to commit area from 0x0000000088000000 to 0x0000000089a00000 of length 27262976.
# Possible reasons:
#   The system is out of physical RAM or swap space
#   The process is running with CompressedOops enabled, and the Java Heap may be blocking the growth of the native heap
# Possible solutions:
#   Reduce memory load on the system
#   Increase physical memory or swap space
#   Check if swap backing store is full
#   Decrease Java heap size (-Xmx/-Xms)
#   Decrease number of Java threads
#   Decrease Java thread stack sizes (-Xss)
#   Set larger code cache with -XX:ReservedCodeCacheSize=
#   JVM is running with Unscaled Compressed Oops mode in which the Java heap is
#     placed in the first 4GB address space. The Java Heap base address is the
#     maximum limit for the native heap growth. Please use -XX:HeapBaseMinAddress
#     to set the Java Heap base and to place the Java Heap above 4GB virtual address.
# This output file may be truncated or incomplete.
#
#  Out of Memory Error (./src/hotspot/os/windows/os_windows.cpp:3301), pid=12216, tid=6192
#
# JRE version: OpenJDK Runtime Environment (11.0.10) (build 11.0.10+0-b96-7249189)
# Java VM: OpenJDK 64-Bit Server VM (11.0.10+0-b96-7249189, mixed mode, tiered, compressed oops, g1 gc, windows-amd64)
# No core dump will be written. Minidumps are not enabled by default on client versions of Windows
#

---------------  S U M M A R Y ------------

Command Line: --add-opens=java.base/java.util=ALL-UNNAMED --add-opens=java.base/java.lang=ALL-UNNAMED --add-opens=java.base/java.lang.invoke=ALL-UNNAMED --add-opens=java.prefs/java.util.prefs=ALL-UNNAMED -Xmx2048m -Dfile.encoding=UTF-8 -Duser.country=US -Duser.language=en -Duser.variant org.gradle.launcher.daemon.bootstrap.GradleDaemon 6.5

Host: Intel(R) Core(TM) i5-4200M CPU @ 2.50GHz, 4 cores, 7G,  Windows 10 , 64 bit Build 19041 (10.0.19041.1741)
Time: Mon Jul 18 21:42:30 2022 Pakistan Standard Time elapsed time: 9.775660 seconds (0d 0h 0m 9s)

---------------  T H R E A D  ---------------

Current thread (0x00000227e64e7800):  VMThread "VM Thread" [stack: 0x000000a38db00000,0x000000a38dc00000] [id=6192]

Stack: [0x000000a38db00000,0x000000a38dc00000]
[error occurred during error reporting (printing stack bounds), id 0xc0000005, EXCEPTION_ACCESS_VIOLATION (0xc0000005) at pc=0x00000227d0410f2d]

Native frames: (J=compiled Java code, j=interpreted, Vv=VM code, C=native code)
V  [jvm.dll+0x5ecfaa]
V  [jvm.dll+0x722bd5]
V  [jvm.dll+0x72412d]
V  [jvm.dll+0x724745]
V  [jvm.dll+0x7246fb]
V  [jvm.dll+0x5ec348]
V  [jvm.dll+0x5ecad8]
C  [ntdll.dll+0xa209f]
C  [ntdll.dll+0x51454]
C  [ntdll.dll+0xa0bce]
C  0x00000227d0410f2d

VM_Operation (0x000000a38f0f7cc0): G1CollectForAllocation, mode: safepoint, requested by thread 0x00000227e85b6800


---------------  P R O C E S S  ---------------

Threads class SMR info:
_java_thread_list=0x00000227ebeaedb0, length=31, elements={
0x00000227cc91e000, 0x00000227e64ed000, 0x00000227e64f0000, 0x00000227e6e82800,
0x00000227e6506800, 0x00000227e6507800, 0x00000227e650d800, 0x00000227e6513800,
0x00000227e653d000, 0x00000227e6fc0000, 0x00000227e7880800, 0x00000227e7a02000,
0x00000227e8cdc000, 0x00000227e80b7000, 0x00000227e7b99000, 0x00000227e7ee7800,
0x00000227e85b6800, 0x00000227e85f9000, 0x00000227e8991800, 0x00000227e89da800,
0x00000227e89dd000, 0x00000227e89dd800, 0x00000227e89de800, 0x00000227e860c000,
0x00000227e89d9800, 0x00000227e89df800, 0x00000227e89dc000, 0x00000227e89e0000,
0x00000227e89db000, 0x00000227eb7cd000, 0x00000227eb7ce800
}

Java Threads: ( => current thread )
  0x00000227cc91e000 JavaThread "main" [_thread_blocked, id=10664, stack(0x000000a38d500000,0x000000a38d600000)]
  0x00000227e64ed000 JavaThread "Reference Handler" daemon [_thread_blocked, id=7312, stack(0x000000a38dc00000,0x000000a38dd00000)]
  0x00000227e64f0000 JavaThread "Finalizer" daemon [_thread_blocked, id=4016, stack(0x000000a38dd00000,0x000000a38de00000)]
  0x00000227e6e82800 JavaThread "Signal Dispatcher" daemon [_thread_blocked, id=7468, stack(0x000000a38de00000,0x000000a38df00000)]
  0x00000227e6506800 JavaThread "Attach Listener" daemon [_thread_blocked, id=16748, stack(0x000000a38df00000,0x000000a38e000000)]
  0x00000227e6507800 JavaThread "Service Thread" daemon [_thread_blocked, id=14924, stack(0x000000a38e000000,0x000000a38e100000)]
  0x00000227e650d800 JavaThread "C2 CompilerThread0" daemon [_thread_blocked, id=13460, stack(0x000000a38e100000,0x000000a38e200000)]
  0x00000227e6513800 JavaThread "C1 CompilerThread0" daemon [_thread_blocked, id=13700, stack(0x000000a38e200000,0x000000a38e300000)]
  0x00000227e653d000 JavaThread "Sweeper thread" daemon [_thread_blocked, id=1724, stack(0x000000a38e300000,0x000000a38e400000)]
  0x00000227e6fc0000 JavaThread "Common-Cleaner" daemon [_thread_blocked, id=8492, stack(0x000000a38e400000,0x000000a38e500000)]
  0x00000227e7880800 JavaThread "Daemon health stats" [_thread_blocked, id=10932, stack(0x000000a38e900000,0x000000a38ea00000)]
  0x00000227e7a02000 JavaThread "Incoming local TCP Connector on port 61813" [_thread_in_native, id=11568, stack(0x000000a38eb00000,0x000000a38ec00000)]
  0x00000227e8cdc000 JavaThread "Daemon periodic checks" [_thread_blocked, id=11788, stack(0x000000a38ec00000,0x000000a38ed00000)]
  0x00000227e80b7000 JavaThread "Daemon" [_thread_blocked, id=11120, stack(0x000000a38ed00000,0x000000a38ee00000)]
  0x00000227e7b99000 JavaThread "Handler for socket connection from /127.0.0.1:61813 to /127.0.0.1:61814" [_thread_in_native, id=2044, stack(0x000000a38ee00000,0x000000a38ef00000)]
  0x00000227e7ee7800 JavaThread "Cancel handler" [_thread_blocked, id=6512, stack(0x000000a38ef00000,0x000000a38f000000)]
  0x00000227e85b6800 JavaThread "Daemon worker" [_thread_blocked, id=14928, stack(0x000000a38f000000,0x000000a38f100000)]
  0x00000227e85f9000 JavaThread "Asynchronous log dispatcher for DefaultDaemonConnection: socket connection from /127.0.0.1:61813 to /127.0.0.1:61814" [_thread_blocked, id=8772, stack(0x000000a38f100000,0x000000a38f200000)]
  0x00000227e8991800 JavaThread "Stdin handler" [_thread_blocked, id=3380, stack(0x000000a38f200000,0x000000a38f300000)]
  0x00000227e89da800 JavaThread "Thread-8" [_thread_blocked, id=9180, stack(0x000000a38f300000,0x000000a38f400000)]
  0x00000227e89dd000 JavaThread "Cache worker for journal cache (C:\Users\as\.gradle\caches\journal-1)" [_thread_blocked, id=16324, stack(0x000000a38f400000,0x000000a38f500000)]
  0x00000227e89dd800 JavaThread "File lock request listener" [_thread_in_native, id=16112, stack(0x000000a38f500000,0x000000a38f600000)]
  0x00000227e89de800 JavaThread "Cache worker for file hash cache (C:\Users\as\.gradle\caches\6.5\fileHashes)" [_thread_blocked, id=1236, stack(0x000000a38f700000,0x000000a38f800000)]
  0x00000227e860c000 JavaThread "C2 CompilerThread1" daemon [_thread_blocked, id=14288, stack(0x000000a38f800000,0x000000a38f900000)]
  0x00000227e89d9800 JavaThread "Cache worker for file hash cache (F:\MVVMTodo-Part-14_Restoring-the-Fragment-SearchView\.gradle\6.5\fileHashes)" [_thread_blocked, id=4512, stack(0x000000a38f900000,0x000000a38fa00000)]
  0x00000227e89df800 JavaThread "Cache worker for checksums cache (F:\MVVMTodo-Part-14_Restoring-the-Fragment-SearchView\.gradle\checksums)" [_thread_blocked, id=5596, stack(0x000000a38fa00000,0x000000a38fb00000)]
  0x00000227e89dc000 JavaThread "Cache worker for cache directory md-supplier (C:\Users\as\.gradle\caches\6.5\md-supplier)" [_thread_blocked, id=16632, stack(0x000000a38fb00000,0x000000a38fc00000)]
  0x00000227e89e0000 JavaThread "Cache worker for cache directory md-rule (C:\Users\as\.gradle\caches\6.5\md-rule)" [_thread_blocked, id=13392, stack(0x000000a38fc00000,0x000000a38fd00000)]
  0x00000227e89db000 JavaThread "Cache worker for execution history cache (C:\Users\as\.gradle\caches\6.5\executionHistory)" [_thread_blocked, id=15996, stack(0x000000a38fd00000,0x000000a38fe00000)]
  0x00000227eb7cd000 JavaThread "jar transforms" [_thread_blocked, id=17380, stack(0x000000a38fe00000,0x000000a38ff00000)]
  0x00000227eb7ce800 JavaThread "Cache worker for file content cache (C:\Users\as\.gradle\caches\6.5\fileContent)" [_thread_blocked, id=10008, stack(0x000000a38ff00000,0x000000a390000000)]

Other Threads:
=>0x00000227e64e7800 VMThread "VM Thread" [stack: 0x000000a38db00000,0x000000a38dc00000] [id=6192]
  0x00000227e6fda000 WatcherThread [stack: 0x000000a38e500000,0x000000a38e600000] [id=2544]
  0x00000227cc933800 GCTaskThread "GC Thread#0" [stack: 0x000000a38d600000,0x000000a38d700000] [id=13212]
  0x00000227e77cd800 GCTaskThread "GC Thread#1" [stack: 0x000000a38e600000,0x000000a38e700000] [id=15956]
  0x00000227e741f800 GCTaskThread "GC Thread#2" [stack: 0x000000a38e700000,0x000000a38e800000] [id=15904]
  0x00000227e89ed800 GCTaskThread "GC Thread#3" [stack: 0x000000a38f600000,0x000000a38f700000] [id=12740]
  0x00000227cc962800 ConcurrentGCThread "G1 Main Marker" [stack: 0x000000a38d700000,0x000000a38d800000] [id=12320]
  0x00000227cc966000 ConcurrentGCThread "G1 Conc#0" [stack: 0x000000a38d800000,0x000000a38d900000] [id=14760]
  0x00000227cc9f3800 ConcurrentGCThread "G1 Refine#0" [stack: 0x000000a38d900000,0x000000a38da00000] [id=12788]
  0x00000227cc9f4800 ConcurrentGCThread "G1 Young RemSet Sampling" [stack: 0x000000a38da00000,0x000000a38db00000] [id=10548]

Threads with active compile tasks:
C2 CompilerThread0   9792 3021       4       org.codehaus.groovy.reflection.CachedMethod::compareToCachedMethod (160 bytes)
C2 CompilerThread1   9792 3147       4       org.objectweb.asm.Frame::execute (2318 bytes)

VM state:at safepoint (normal execution)

VM Mutex/Monitor currently owned by a thread:  ([mutex/lock_event])
[0x00000227cc91b5a0] Threads_lock - owner thread: 0x00000227e64e7800
[0x00000227cc91b870] Heap_lock - owner thread: 0x00000227e85b6800

Heap address: 0x0000000080000000, size: 2048 MB, Compressed Oops mode: 32-bit
Narrow klass base: 0x0000000000000000, Narrow klass shift: 3
Compressed class space size: 1073741824 Address: 0x0000000100000000

Heap:
 garbage-first heap   total 157696K, used 25511K [0x0000000080000000, 0x0000000100000000)
  region size 1024K, 7 young (7168K), 7 survivors (7168K)
 Metaspace       used 41007K, capacity 41902K, committed 42192K, reserved 1085440K
  class space    used 5264K, capacity 5594K, committed 5632K, reserved 1048576K
Heap Regions: E=young(eden), S=young(survivor), O=old, HS=humongous(starts), HC=humongous(continues), CS=collection set, F=free, A=archive, TAMS=top-at-mark-start (previous, next)
|   0|0x0000000080000000, 0x0000000080100000, 0x0000000080100000|100%| O|  |TAMS 0x0000000080100000, 0x0000000080000000| Untracked 
|   1|0x0000000080100000, 0x0000000080200000, 0x0000000080200000|100%| O|  |TAMS 0x0000000080200000, 0x0000000080100000| Untracked 
|   2|0x0000000080200000, 0x0000000080300000, 0x0000000080300000|100%| O|  |TAMS 0x0000000080300000, 0x0000000080200000| Untracked 
|   3|0x0000000080300000, 0x0000000080400000, 0x0000000080400000|100%|HS|  |TAMS 0x0000000080400000, 0x0000000080300000| Complete 
|   4|0x0000000080400000, 0x0000000080500000, 0x0000000080500000|100%|HC|  |TAMS 0x0000000080500000, 0x0000000080400000| Complete 
|   5|0x0000000080500000, 0x0000000080600000, 0x0000000080600000|100%|HC|  |TAMS 0x0000000080600000, 0x0000000080500000| Complete 
|   6|0x0000000080600000, 0x0000000080700000, 0x0000000080700000|100%| O|  |TAMS 0x0000000080700000, 0x0000000080600000| Untracked 
|   7|0x0000000080700000, 0x0000000080800000, 0x0000000080800000|100%| O|  |TAMS 0x0000000080800000, 0x0000000080700000| Untracked 
|   8|0x0000000080800000, 0x0000000080900000, 0x0000000080900000|100%| O|  |TAMS 0x0000000080900000, 0x0000000080800000| Untracked 
|   9|0x0000000080900000, 0x0000000080a00000, 0x0000000080a00000|100%| O|  |TAMS 0x0000000080a00000, 0x0000000080900000| Untracked 
|  10|0x0000000080a00000, 0x0000000080b00000, 0x0000000080b00000|100%| O|  |TAMS 0x0000000080b00000, 0x0000000080a00000| Untracked 
|  11|0x0000000080b00000, 0x0000000080c00000, 0x0000000080c00000|100%| O|  |TAMS 0x0000000080c00000, 0x0000000080b00000| Untracked 
|  12|0x0000000080c00000, 0x0000000080d00000, 0x0000000080d00000|100%| O|  |TAMS 0x0000000080d00000, 0x0000000080c00000| Untracked 
|  13|0x0000000080d00000, 0x0000000080e00000, 0x0000000080e00000|100%| O|  |TAMS 0x0000000080e00000, 0x0000000080d00000| Untracked 
|  14|0x0000000080e00000, 0x0000000080f00000, 0x0000000080f00000|100%| O|  |TAMS 0x0000000080f00000, 0x0000000080e00000| Untracked 
|  15|0x0000000080f00000, 0x0000000081000000, 0x0000000081000000|100%| O|  |TAMS 0x0000000080f5ee00, 0x0000000080f00000| Untracked 
|  16|0x0000000081000000, 0x0000000081000000, 0x0000000081100000|  0%| F|  |TAMS 0x0000000081000000, 0x0000000081000000| Untracked 
|  17|0x0000000081100000, 0x0000000081100000, 0x0000000081200000|  0%| F|  |TAMS 0x0000000081100000, 0x0000000081100000| Untracked 
|  18|0x0000000081200000, 0x0000000081200000, 0x0000000081300000|  0%| F|  |TAMS 0x0000000081200000, 0x0000000081200000| Untracked 
|  19|0x0000000081300000, 0x0000000081400000, 0x0000000081400000|100%| O|  |TAMS 0x0000000081300000, 0x0000000081300000| Untracked 
|  20|0x0000000081400000, 0x00000000814e9c00, 0x0000000081500000| 91%| O|  |TAMS 0x0000000081400000, 0x0000000081400000| Untracked 
|  21|0x0000000081500000, 0x0000000081500000, 0x0000000081600000|  0%| F|  |TAMS 0x0000000081500000, 0x0000000081500000| Untracked 
|  22|0x0000000081600000, 0x0000000081600000, 0x0000000081700000|  0%| F|  |TAMS 0x0000000081600000, 0x0000000081600000| Untracked 
|  23|0x0000000081700000, 0x0000000081700000, 0x0000000081800000|  0%| F|  |TAMS 0x0000000081700000, 0x0000000081700000| Untracked 
|  24|0x0000000081800000, 0x0000000081800000, 0x0000000081900000|  0%| F|  |TAMS 0x0000000081800000, 0x0000000081800000| Untracked 
|  25|0x0000000081900000, 0x0000000081900000, 0x0000000081a00000|  0%| F|  |TAMS 0x0000000081900000, 0x0000000081900000| Untracked 
|  26|0x0000000081a00000, 0x0000000081a00000, 0x0000000081b00000|  0%| F|  |TAMS 0x0000000081a00000, 0x0000000081a00000| Untracked 
|  27|0x0000000081b00000, 0x0000000081b00000, 0x0000000081c00000|  0%| F|  |TAMS 0x0000000081b00000, 0x0000000081b00000| Untracked 
|  28|0x0000000081c00000, 0x0000000081c00000, 0x0000000081d00000|  0%| F|  |TAMS 0x0000000081c00000, 0x0000000081c00000| Untracked 
|  29|0x0000000081d00000, 0x0000000081d00000, 0x0000000081e00000|  0%| F|  |TAMS 0x0000000081d00000, 0x0000000081d00000| Untracked 
|  30|0x0000000081e00000, 0x0000000081e00000, 0x0000000081f00000|  0%| F|  |TAMS 0x0000000081e00000, 0x0000000081e00000| Untracked 
|  31|0x0000000081f00000, 0x0000000081f00000, 0x0000000082000000|  0%| F|  |TAMS 0x0000000081f00000, 0x0000000081f00000| Untracked 
|  32|0x0000000082000000, 0x0000000082000000, 0x0000000082100000|  0%| F|  |TAMS 0x0000000082000000, 0x0000000082000000| Untracked 
|  33|0x0000000082100000, 0x0000000082100000, 0x0000000082200000|  0%| F|  |TAMS 0x0000000082100000, 0x0000000082100000| Untracked 
|  34|0x0000000082200000, 0x0000000082200000, 0x0000000082300000|  0%| F|  |TAMS 0x0000000082200000, 0x0000000082200000| Untracked 
|  35|0x0000000082300000, 0x0000000082300000, 0x0000000082400000|  0%| F|  |TAMS 0x0000000082300000, 0x0000000082300000| Untracked 
|  36|0x0000000082400000, 0x0000000082400000, 0x0000000082500000|  0%| F|  |TAMS 0x0000000082400000, 0x0000000082400000| Untracked 
|  37|0x0000000082500000, 0x0000000082500000, 0x0000000082600000|  0%| F|  |TAMS 0x0000000082500000, 0x0000000082500000| Untracked 
|  38|0x0000000082600000, 0x0000000082600000, 0x0000000082700000|  0%| F|  |TAMS 0x0000000082600000, 0x0000000082600000| Untracked 
|  39|0x0000000082700000, 0x0000000082700000, 0x0000000082800000|  0%| F|  |TAMS 0x0000000082700000, 0x0000000082700000| Untracked 
|  40|0x0000000082800000, 0x0000000082800000, 0x0000000082900000|  0%| F|  |TAMS 0x0000000082800000, 0x0000000082800000| Untracked 
|  41|0x0000000082900000, 0x0000000082900000, 0x0000000082a00000|  0%| F|  |TAMS 0x0000000082900000, 0x0000000082900000| Untracked 
|  42|0x0000000082a00000, 0x0000000082a00000, 0x0000000082b00000|  0%| F|  |TAMS 0x0000000082a00000, 0x0000000082a00000| Untracked 
|  43|0x0000000082b00000, 0x0000000082b00000, 0x0000000082c00000|  0%| F|  |TAMS 0x0000000082b00000, 0x0000000082b00000| Untracked 
|  44|0x0000000082c00000, 0x0000000082c00000, 0x0000000082d00000|  0%| F|  |TAMS 0x0000000082c00000, 0x0000000082c00000| Untracked 
|  45|0x0000000082d00000, 0x0000000082d00000, 0x0000000082e00000|  0%| F|  |TAMS 0x0000000082d00000, 0x0000000082d00000| Untracked 
|  46|0x0000000082e00000, 0x0000000082e00000, 0x0000000082f00000|  0%| F|  |TAMS 0x0000000082e00000, 0x0000000082e00000| Untracked 
|  47|0x0000000082f00000, 0x0000000082f00000, 0x0000000083000000|  0%| F|  |TAMS 0x0000000082f00000, 0x0000000082f00000| Untracked 
|  48|0x0000000083000000, 0x0000000083000000, 0x0000000083100000|  0%| F|  |TAMS 0x0000000083000000, 0x0000000083000000| Untracked 
|  49|0x0000000083100000, 0x0000000083100000, 0x0000000083200000|  0%| F|  |TAMS 0x0000000083100000, 0x0000000083100000| Untracked 
|  50|0x0000000083200000, 0x0000000083200000, 0x0000000083300000|  0%| F|  |TAMS 0x0000000083200000, 0x0000000083200000| Untracked 
|  51|0x0000000083300000, 0x0000000083300000, 0x0000000083400000|  0%| F|  |TAMS 0x0000000083300000, 0x0000000083300000| Untracked 
|  52|0x0000000083400000, 0x0000000083400000, 0x0000000083500000|  0%| F|  |TAMS 0x0000000083400000, 0x0000000083400000| Untracked 
|  53|0x0000000083500000, 0x0000000083600000, 0x0000000083600000|100%| S|CS|TAMS 0x0000000083500000, 0x0000000083500000| Complete 
|  54|0x0000000083600000, 0x0000000083700000, 0x0000000083700000|100%| S|CS|TAMS 0x0000000083600000, 0x0000000083600000| Complete 
|  55|0x0000000083700000, 0x0000000083800000, 0x0000000083800000|100%| S|CS|TAMS 0x0000000083700000, 0x0000000083700000| Complete 
|  56|0x0000000083800000, 0x0000000083900000, 0x0000000083900000|100%| S|CS|TAMS 0x0000000083800000, 0x0000000083800000| Complete 
|  57|0x0000000083900000, 0x0000000083a00000, 0x0000000083a00000|100%| S|CS|TAMS 0x0000000083900000, 0x0000000083900000| Complete 
|  58|0x0000000083a00000, 0x0000000083b00000, 0x0000000083b00000|100%| S|CS|TAMS 0x0000000083a00000, 0x0000000083a00000| Complete 
|  59|0x0000000083b00000, 0x0000000083c00000, 0x0000000083c00000|100%| S|CS|TAMS 0x0000000083b00000, 0x0000000083b00000| Complete 
|  60|0x0000000083c00000, 0x0000000083c00000, 0x0000000083d00000|  0%| F|  |TAMS 0x0000000083c00000, 0x0000000083c00000| Untracked 
|  61|0x0000000083d00000, 0x0000000083d00000, 0x0000000083e00000|  0%| F|  |TAMS 0x0000000083d00000, 0x0000000083d00000| Untracked 
|  62|0x0000000083e00000, 0x0000000083e00000, 0x0000000083f00000|  0%| F|  |TAMS 0x0000000083e00000, 0x0000000083e00000| Untracked 
|  63|0x0000000083f00000, 0x0000000083f00000, 0x0000000084000000|  0%| F|  |TAMS 0x0000000083f00000, 0x0000000083f00000| Untracked 
|  64|0x0000000084000000, 0x0000000084000000, 0x0000000084100000|  0%| F|  |TAMS 0x0000000084000000, 0x0000000084000000| Untracked 
|  65|0x0000000084100000, 0x0000000084100000, 0x0000000084200000|  0%| F|  |TAMS 0x0000000084100000, 0x0000000084100000| Untracked 
|  66|0x0000000084200000, 0x0000000084200000, 0x0000000084300000|  0%| F|  |TAMS 0x0000000084200000, 0x0000000084200000| Untracked 
|  67|0x0000000084300000, 0x0000000084300000, 0x0000000084400000|  0%| F|  |TAMS 0x0000000084300000, 0x0000000084300000| Untracked 
|  68|0x0000000084400000, 0x0000000084400000, 0x0000000084500000|  0%| F|  |TAMS 0x0000000084400000, 0x0000000084400000| Untracked 
|  69|0x0000000084500000, 0x0000000084500000, 0x0000000084600000|  0%| F|  |TAMS 0x0000000084500000, 0x0000000084500000| Untracked 
|  70|0x0000000084600000, 0x0000000084600000, 0x0000000084700000|  0%| F|  |TAMS 0x0000000084600000, 0x0000000084600000| Untracked 
|  71|0x0000000084700000, 0x0000000084700000, 0x0000000084800000|  0%| F|  |TAMS 0x0000000084700000, 0x0000000084700000| Untracked 
|  72|0x0000000084800000, 0x0000000084800000, 0x0000000084900000|  0%| F|  |TAMS 0x0000000084800000, 0x0000000084800000| Untracked 
|  73|0x0000000084900000, 0x0000000084900000, 0x0000000084a00000|  0%| F|  |TAMS 0x0000000084900000, 0x0000000084900000| Untracked 
|  74|0x0000000084a00000, 0x0000000084a00000, 0x0000000084b00000|  0%| F|  |TAMS 0x0000000084a00000, 0x0000000084a00000| Untracked 
|  75|0x0000000084b00000, 0x0000000084b00000, 0x0000000084c00000|  0%| F|  |TAMS 0x0000000084b00000, 0x0000000084b00000| Untracked 
|  76|0x0000000084c00000, 0x0000000084c00000, 0x0000000084d00000|  0%| F|  |TAMS 0x0000000084c00000, 0x0000000084c00000| Untracked 
|  77|0x0000000084d00000, 0x0000000084d00000, 0x0000000084e00000|  0%| F|  |TAMS 0x0000000084d00000, 0x0000000084d00000| Untracked 
|  78|0x0000000084e00000, 0x0000000084e00000, 0x0000000084f00000|  0%| F|  |TAMS 0x0000000084e00000, 0x0000000084e00000| Untracked 
|  79|0x0000000084f00000, 0x0000000084f00000, 0x0000000085000000|  0%| F|  |TAMS 0x0000000084f00000, 0x0000000084f00000| Untracked 
|  80|0x0000000085000000, 0x0000000085000000, 0x0000000085100000|  0%| F|  |TAMS 0x0000000085000000, 0x0000000085000000| Untracked 
|  81|0x0000000085100000, 0x0000000085100000, 0x0000000085200000|  0%| F|  |TAMS 0x0000000085100000, 0x0000000085100000| Untracked 
|  82|0x0000000085200000, 0x0000000085200000, 0x0000000085300000|  0%| F|  |TAMS 0x0000000085200000, 0x0000000085200000| Untracked 
|  83|0x0000000085300000, 0x0000000085300000, 0x0000000085400000|  0%| F|  |TAMS 0x0000000085300000, 0x0000000085300000| Untracked 
|  84|0x0000000085400000, 0x0000000085400000, 0x0000000085500000|  0%| F|  |TAMS 0x0000000085400000, 0x0000000085400000| Untracked 
|  85|0x0000000085500000, 0x0000000085500000, 0x0000000085600000|  0%| F|  |TAMS 0x0000000085500000, 0x0000000085500000| Untracked 
|  86|0x0000000085600000, 0x0000000085600000, 0x0000000085700000|  0%| F|  |TAMS 0x0000000085600000, 0x0000000085600000| Untracked 
|  87|0x0000000085700000, 0x0000000085700000, 0x0000000085800000|  0%| F|  |TAMS 0x0000000085700000, 0x0000000085700000| Untracked 
|  88|0x0000000085800000, 0x0000000085800000, 0x0000000085900000|  0%| F|  |TAMS 0x0000000085800000, 0x0000000085800000| Untracked 
|  89|0x0000000085900000, 0x0000000085900000, 0x0000000085a00000|  0%| F|  |TAMS 0x0000000085900000, 0x0000000085900000| Untracked 
|  90|0x0000000085a00000, 0x0000000085a00000, 0x0000000085b00000|  0%| F|  |TAMS 0x0000000085a00000, 0x0000000085a00000| Untracked 
|  91|0x0000000085b00000, 0x0000000085b00000, 0x0000000085c00000|  0%| F|  |TAMS 0x0000000085b00000, 0x0000000085b00000| Untracked 
|  92|0x0000000085c00000, 0x0000000085c00000, 0x0000000085d00000|  0%| F|  |TAMS 0x0000000085c00000, 0x0000000085c00000| Untracked 
|  93|0x0000000085d00000, 0x0000000085d00000, 0x0000000085e00000|  0%| F|  |TAMS 0x0000000085d00000, 0x0000000085d00000| Untracked 
|  94|0x0000000085e00000, 0x0000000085e00000, 0x0000000085f00000|  0%| F|  |TAMS 0x0000000085e00000, 0x0000000085e00000| Untracked 
|  95|0x0000000085f00000, 0x0000000085f00000, 0x0000000086000000|  0%| F|  |TAMS 0x0000000085f00000, 0x0000000085f00000| Untracked 
|  96|0x0000000086000000, 0x0000000086000000, 0x0000000086100000|  0%| F|  |TAMS 0x0000000086000000, 0x0000000086000000| Untracked 
|  97|0x0000000086100000, 0x0000000086100000, 0x0000000086200000|  0%| F|  |TAMS 0x0000000086100000, 0x0000000086100000| Untracked 
|  98|0x0000000086200000, 0x0000000086200000, 0x0000000086300000|  0%| F|  |TAMS 0x0000000086200000, 0x0000000086200000| Untracked 
|  99|0x0000000086300000, 0x0000000086300000, 0x0000000086400000|  0%| F|  |TAMS 0x0000000086300000, 0x0000000086300000| Untracked 
| 100|0x0000000086400000, 0x0000000086400000, 0x0000000086500000|  0%| F|  |TAMS 0x0000000086400000, 0x0000000086400000| Untracked 
| 101|0x0000000086500000, 0x0000000086500000, 0x0000000086600000|  0%| F|  |TAMS 0x0000000086500000, 0x0000000086500000| Untracked 
| 102|0x0000000086600000, 0x0000000086600000, 0x0000000086700000|  0%| F|  |TAMS 0x0000000086600000, 0x0000000086600000| Untracked 
| 103|0x0000000086700000, 0x0000000086700000, 0x0000000086800000|  0%| F|  |TAMS 0x0000000086700000, 0x0000000086700000| Untracked 
| 104|0x0000000086800000, 0x0000000086800000, 0x0000000086900000|  0%| F|  |TAMS 0x0000000086800000, 0x0000000086800000| Untracked 
| 105|0x0000000086900000, 0x0000000086900000, 0x0000000086a00000|  0%| F|  |TAMS 0x0000000086900000, 0x0000000086900000| Untracked 
| 106|0x0000000086a00000, 0x0000000086a00000, 0x0000000086b00000|  0%| F|  |TAMS 0x0000000086a00000, 0x0000000086a00000| Untracked 
| 107|0x0000000086b00000, 0x0000000086b00000, 0x0000000086c00000|  0%| F|  |TAMS 0x0000000086b00000, 0x0000000086b00000| Untracked 
| 108|0x0000000086c00000, 0x0000000086c00000, 0x0000000086d00000|  0%| F|  |TAMS 0x0000000086c00000, 0x0000000086c00000| Untracked 
| 109|0x0000000086d00000, 0x0000000086d00000, 0x0000000086e00000|  0%| F|  |TAMS 0x0000000086d00000, 0x0000000086d00000| Untracked 
| 110|0x0000000086e00000, 0x0000000086e00000, 0x0000000086f00000|  0%| F|  |TAMS 0x0000000086e00000, 0x0000000086e00000| Untracked 
| 111|0x0000000086f00000, 0x0000000086f00000, 0x0000000087000000|  0%| F|  |TAMS 0x0000000086f00000, 0x0000000086f00000| Untracked 
| 112|0x0000000087000000, 0x0000000087000000, 0x0000000087100000|  0%| F|  |TAMS 0x0000000087000000, 0x0000000087000000| Untracked 
| 113|0x0000000087100000, 0x0000000087100000, 0x0000000087200000|  0%| F|  |TAMS 0x0000000087100000, 0x0000000087100000| Untracked 
| 114|0x0000000087200000, 0x0000000087200000, 0x0000000087300000|  0%| F|  |TAMS 0x0000000087200000, 0x0000000087200000| Untracked 
| 115|0x0000000087300000, 0x0000000087300000, 0x0000000087400000|  0%| F|  |TAMS 0x0000000087300000, 0x0000000087300000| Untracked 
| 116|0x0000000087400000, 0x0000000087400000, 0x0000000087500000|  0%| F|  |TAMS 0x0000000087400000, 0x0000000087400000| Untracked 
| 117|0x0000000087500000, 0x0000000087500000, 0x0000000087600000|  0%| F|  |TAMS 0x0000000087500000, 0x0000000087500000| Untracked 
| 118|0x0000000087600000, 0x0000000087600000, 0x0000000087700000|  0%| F|  |TAMS 0x0000000087600000, 0x0000000087600000| Untracked 
| 119|0x0000000087700000, 0x0000000087700000, 0x0000000087800000|  0%| F|  |TAMS 0x0000000087700000, 0x0000000087700000| Untracked 
| 120|0x0000000087800000, 0x0000000087800000, 0x0000000087900000|  0%| F|  |TAMS 0x0000000087800000, 0x0000000087800000| Untracked 
| 121|0x0000000087900000, 0x0000000087900000, 0x0000000087a00000|  0%| F|  |TAMS 0x0000000087900000, 0x0000000087900000| Untracked 
| 122|0x0000000087a00000, 0x0000000087a00000, 0x0000000087b00000|  0%| F|  |TAMS 0x0000000087a00000, 0x0000000087a00000| Untracked 
| 123|0x0000000087b00000, 0x0000000087b00000, 0x0000000087c00000|  0%| F|  |TAMS 0x0000000087b00000, 0x0000000087b00000| Untracked 
| 124|0x0000000087c00000, 0x0000000087c00000, 0x0000000087d00000|  0%| F|  |TAMS 0x0000000087c00000, 0x0000000087c00000| Untracked 
| 125|0x0000000087d00000, 0x0000000087d00000, 0x0000000087e00000|  0%| F|  |TAMS 0x0000000087d00000, 0x0000000087d00000| Untracked 
| 126|0x0000000087e00000, 0x0000000087e00000, 0x0000000087f00000|  0%| F|  |TAMS 0x0000000087e00000, 0x0000000087e00000| Untracked 
| 127|0x0000000087f00000, 0x0000000087f00000, 0x0000000088000000|  0%| F|  |TAMS 0x0000000087f00000, 0x0000000087f00000| Untracked 

Card table byte_map: [0x00000227df810000,0x00000227dfc10000] _byte_map_base: 0x00000227df410000

Marking Bits (Prev, Next): (CMBitMap*) 0x00000227cc959ea8, (CMBitMap*) 0x00000227cc959ee0
 Prev Bits: [0x00000227e0010000, 0x00000227e2010000)
 Next Bits: [0x00000227e2010000, 0x00000227e4010000)

Polling page: 0x00000227caab0000

Metaspace:

Usage:
  Non-class:     35.46 MB capacity,    34.91 MB ( 98%) used,   487.52 KB (  1%) free+waste,    77.19 KB ( <1%) overhead. 
      Class:      5.46 MB capacity,     5.14 MB ( 94%) used,   292.34 KB (  5%) free+waste,    37.06 KB ( <1%) overhead. 
       Both:     40.92 MB capacity,    40.05 MB ( 98%) used,   779.86 KB (  2%) free+waste,   114.25 KB ( <1%) overhead. 

Virtual space:
  Non-class space:       36.00 MB reserved,      35.70 MB (>99%) committed 
      Class space:        1.00 GB reserved,       5.50 MB ( <1%) committed 
             Both:        1.04 GB reserved,      41.20 MB (  4%) committed 

Chunk freelists:
   Non-Class:  60.00 KB
       Class:  6.00 KB
        Both:  66.00 KB

MaxMetaspaceSize: 17179869184.00 GB
CompressedClassSpaceSize: 1.00 GB

CodeHeap 'non-profiled nmethods': size=120064Kb used=1621Kb max_used=1621Kb free=118442Kb
 bounds [0x00000227d7ed0000, 0x00000227d8140000, 0x00000227df410000]
CodeHeap 'profiled nmethods': size=120000Kb used=6923Kb max_used=6923Kb free=113077Kb
 bounds [0x00000227d09a0000, 0x00000227d1070000, 0x00000227d7ed0000]
CodeHeap 'non-nmethods': size=5696Kb used=2182Kb max_used=2227Kb free=3513Kb
 bounds [0x00000227d0410000, 0x00000227d0680000, 0x00000227d09a0000]
 total_blobs=3933 nmethods=3190 adapters=654
 compilation: enabled
              stopped_count=0, restarted_count=0
 full_count=0

Compilation events (20 events):
Event: 9.591 Thread 0x00000227e6513800 3191       3       jdk.internal.org.objectweb.asm.MethodVisitor::visitFieldInsn (20 bytes)
Event: 9.591 Thread 0x00000227e6513800 nmethod 3191 0x00000227d1060190 code [0x00000227d1060340, 0x00000227d1060528]
Event: 9.594 Thread 0x00000227e860c000 nmethod 3163 0x00000227d8063e90 code [0x00000227d8064080, 0x00000227d8064808]
Event: 9.594 Thread 0x00000227e860c000 3182       4       org.objectweb.asm.ByteVector::putShort (52 bytes)
Event: 9.596 Thread 0x00000227e860c000 nmethod 3182 0x00000227d8064d10 code [0x00000227d8064ec0, 0x00000227d8065048]
Event: 9.596 Thread 0x00000227e860c000 3147       4       org.objectweb.asm.Frame::execute (2318 bytes)
Event: 9.620 Thread 0x00000227e6513800 3192       3       java.lang.invoke.Invokers::checkExactType (17 bytes)
Event: 9.620 Thread 0x00000227e6513800 nmethod 3192 0x00000227d1060610 code [0x00000227d10607c0, 0x00000227d10609a8]
Event: 9.632 Thread 0x00000227e6513800 3193       3       java.net.URI$Parser::scan (41 bytes)
Event: 9.633 Thread 0x00000227e6513800 nmethod 3193 0x00000227d1060a90 code [0x00000227d1060d00, 0x00000227d1061658]
Event: 9.633 Thread 0x00000227e6513800 3194       3       jdk.internal.org.objectweb.asm.ClassVisitor::<init> (35 bytes)
Event: 9.634 Thread 0x00000227e6513800 nmethod 3194 0x00000227d1061a90 code [0x00000227d1061c60, 0x00000227d1061f48]
Event: 9.635 Thread 0x00000227e6513800 3195       3       java.lang.invoke.MethodHandles$Lookup::getDirectMethodNoSecurityManager (18 bytes)
Event: 9.635 Thread 0x00000227e6513800 nmethod 3195 0x00000227d1062090 code [0x00000227d1062240, 0x00000227d1062388]
Event: 9.703 Thread 0x00000227e6513800 3197       1       org.slf4j.impl.StaticLoggerBinder::getLoggerFactory (5 bytes)
Event: 9.703 Thread 0x00000227e6513800 nmethod 3197 0x00000227d8065190 code [0x00000227d8065340, 0x00000227d80653f8]
Event: 9.706 Thread 0x00000227e6513800 3198       3       java.util.stream.AbstractPipeline::isParallel (8 bytes)
Event: 9.706 Thread 0x00000227e6513800 nmethod 3198 0x00000227d1062490 code [0x00000227d1062640, 0x00000227d1062758]
Event: 9.707 Thread 0x00000227e6513800 3199       3       java.util.stream.PipelineHelper::<init> (5 bytes)
Event: 9.707 Thread 0x00000227e6513800 nmethod 3199 0x00000227d1062810 code [0x00000227d10629c0, 0x00000227d1062b18]

GC Heap History (15 events):
Event: 1.470 GC heap before
{Heap before GC invocations=0 (full 0):
 garbage-first heap   total 131072K, used 19456K [0x0000000080000000, 0x0000000100000000)
  region size 1024K, 14 young (14336K), 0 survivors (0K)
 Metaspace       used 7593K, capacity 7733K, committed 7936K, reserved 1056768K
  class space    used 706K, capacity 749K, committed 768K, reserved 1048576K
}
Event: 1.484 GC heap after
{Heap after GC invocations=1 (full 0):
 garbage-first heap   total 131072K, used 8207K [0x0000000080000000, 0x0000000100000000)
  region size 1024K, 2 young (2048K), 2 survivors (2048K)
 Metaspace       used 7593K, capacity 7733K, committed 7936K, reserved 1056768K
  class space    used 706K, capacity 749K, committed 768K, reserved 1048576K
}
Event: 2.126 GC heap before
{Heap before GC invocations=1 (full 0):
 garbage-first heap   total 131072K, used 20495K [0x0000000080000000, 0x0000000100000000)
  region size 1024K, 14 young (14336K), 2 survivors (2048K)
 Metaspace       used 10511K, capacity 10761K, committed 11008K, reserved 1058816K
  class space    used 1101K, capacity 1164K, committed 1280K, reserved 1048576K
}
Event: 2.130 GC heap after
{Heap after GC invocations=2 (full 0):
 garbage-first heap   total 131072K, used 8884K [0x0000000080000000, 0x0000000100000000)
  region size 1024K, 1 young (1024K), 1 survivors (1024K)
 Metaspace       used 10511K, capacity 10761K, committed 11008K, reserved 1058816K
  class space    used 1101K, capacity 1164K, committed 1280K, reserved 1048576K
}
Event: 3.130 GC heap before
{Heap before GC invocations=2 (full 0):
 garbage-first heap   total 131072K, used 37556K [0x0000000080000000, 0x0000000100000000)
  region size 1024K, 30 young (30720K), 1 survivors (1024K)
 Metaspace       used 10792K, capacity 11105K, committed 11264K, reserved 1058816K
  class space    used 1133K, capacity 1236K, committed 1280K, reserved 1048576K
}
Event: 3.135 GC heap after
{Heap after GC invocations=3 (full 0):
 garbage-first heap   total 131072K, used 13159K [0x0000000080000000, 0x0000000100000000)
  region size 1024K, 4 young (4096K), 4 survivors (4096K)
 Metaspace       used 10792K, capacity 11105K, committed 11264K, reserved 1058816K
  class space    used 1133K, capacity 1236K, committed 1280K, reserved 1048576K
}
Event: 5.332 GC heap before
{Heap before GC invocations=3 (full 0):
 garbage-first heap   total 131072K, used 56167K [0x0000000080000000, 0x0000000100000000)
  region size 1024K, 46 young (47104K), 4 survivors (4096K)
 Metaspace       used 19671K, capacity 20099K, committed 20224K, reserved 1067008K
  class space    used 2370K, capacity 2500K, committed 2560K, reserved 1048576K
}
Event: 5.361 GC heap after
{Heap after GC invocations=4 (full 0):
 garbage-first heap   total 131072K, used 16283K [0x0000000080000000, 0x0000000100000000)
  region size 1024K, 4 young (4096K), 4 survivors (4096K)
 Metaspace       used 19671K, capacity 20099K, committed 20224K, reserved 1067008K
  class space    used 2370K, capacity 2500K, committed 2560K, reserved 1048576K
}
Event: 5.459 GC heap before
{Heap before GC invocations=4 (full 0):
 garbage-first heap   total 131072K, used 19355K [0x0000000080000000, 0x0000000100000000)
  region size 1024K, 7 young (7168K), 4 survivors (4096K)
 Metaspace       used 20649K, capacity 21042K, committed 21248K, reserved 1069056K
  class space    used 2425K, capacity 2541K, committed 2560K, reserved 1048576K
}
Event: 5.469 GC heap after
{Heap after GC invocations=5 (full 0):
 garbage-first heap   total 131072K, used 16114K [0x0000000080000000, 0x0000000100000000)
  region size 1024K, 3 young (3072K), 3 survivors (3072K)
 Metaspace       used 20649K, capacity 21042K, committed 21248K, reserved 1069056K
  class space    used 2425K, capacity 2541K, committed 2560K, reserved 1048576K
}
Event: 7.108 GC heap before
{Heap before GC invocations=6 (full 0):
 garbage-first heap   total 131072K, used 72434K [0x0000000080000000, 0x0000000100000000)
  region size 1024K, 58 young (59392K), 3 survivors (3072K)
 Metaspace       used 27417K, capacity 28052K, committed 28412K, reserved 1073152K
  class space    used 3522K, capacity 3713K, committed 3840K, reserved 1048576K
}
Event: 7.121 GC heap after
{Heap after GC invocations=7 (full 0):
 garbage-first heap   total 131072K, used 18330K [0x0000000080000000, 0x0000000100000000)
  region size 1024K, 6 young (6144K), 6 survivors (6144K)
 Metaspace       used 27417K, capacity 28052K, committed 28412K, reserved 1073152K
  class space    used 3522K, capacity 3713K, committed 3840K, reserved 1048576K
}
Event: 8.238 GC heap before
{Heap before GC invocations=7 (full 0):
 garbage-first heap   total 131072K, used 56218K [0x0000000080000000, 0x0000000100000000)
  region size 1024K, 44 young (45056K), 6 survivors (6144K)
 Metaspace       used 35197K, capacity 35882K, committed 36048K, reserved 1081344K
  class space    used 4486K, capacity 4748K, committed 4864K, reserved 1048576K
}
Event: 8.255 GC heap after
{Heap after GC invocations=8 (full 0):
 garbage-first heap   total 131072K, used 21750K [0x0000000080000000, 0x0000000100000000)
  region size 1024K, 6 young (6144K), 6 survivors (6144K)
 Metaspace       used 35197K, capacity 35882K, committed 36048K, reserved 1081344K
  class space    used 4486K, capacity 4748K, committed 4864K, reserved 1048576K
}
Event: 9.746 GC heap before
{Heap before GC invocations=9 (full 0):
 garbage-first heap   total 131072K, used 87286K [0x0000000080000000, 0x0000000100000000)
  region size 1024K, 68 young (69632K), 6 survivors (6144K)
 Metaspace       used 41007K, capacity 41902K, committed 42192K, reserved 1085440K
  class space    used 5264K, capacity 5594K, committed 5632K, reserved 1048576K
}

Deoptimization events (20 events):
Event: 9.004 Thread 0x00000227e85b6800 Uncommon trap: trap_request=0xffffff4d fr.pc=0x00000227d7fe373c relative=0x0000000000005b3c
Event: 9.004 Thread 0x00000227e85b6800 Uncommon trap: reason=unstable_if action=reinterpret pc=0x00000227d7fe373c method=java.net.URLClassLoader.defineClass(Ljava/lang/String;Ljdk/internal/loader/Resource;)Ljava/lang/Class; @ 21 c2
Event: 9.004 Thread 0x00000227e85b6800 DEOPT PACKING pc=0x00000227d7fe373c sp=0x000000a38f0f9c50
Event: 9.004 Thread 0x00000227e85b6800 DEOPT UNPACKING pc=0x00000227d04378af sp=0x000000a38f0f9bf8 mode 2
Event: 9.222 Thread 0x00000227e85b6800 Uncommon trap: trap_request=0xffffff4d fr.pc=0x00000227d800bdc4 relative=0x0000000000000964
Event: 9.223 Thread 0x00000227e85b6800 Uncommon trap: reason=unstable_if action=reinterpret pc=0x00000227d800bdc4 method=java.util.WeakHashMap.eq(Ljava/lang/Object;Ljava/lang/Object;)Z @ 2 c2
Event: 9.223 Thread 0x00000227e85b6800 DEOPT PACKING pc=0x00000227d800bdc4 sp=0x000000a38f0f5550
Event: 9.223 Thread 0x00000227e85b6800 DEOPT UNPACKING pc=0x00000227d04378af sp=0x000000a38f0f54c0 mode 2
Event: 9.512 Thread 0x00000227e85b6800 Uncommon trap: trap_request=0xffffff4d fr.pc=0x00000227d7f3e780 relative=0x00000000000001c0
Event: 9.512 Thread 0x00000227e85b6800 Uncommon trap: reason=unstable_if action=reinterpret pc=0x00000227d7f3e780 method=java.net.URI$Parser.scan(IILjava/lang/String;)I @ 26 c2
Event: 9.512 Thread 0x00000227e85b6800 DEOPT PACKING pc=0x00000227d7f3e780 sp=0x000000a38f0fa3a0
Event: 9.512 Thread 0x00000227e85b6800 DEOPT UNPACKING pc=0x00000227d04378af sp=0x000000a38f0fa330 mode 2
Event: 9.512 Thread 0x00000227e85b6800 Uncommon trap: trap_request=0xffffff4d fr.pc=0x00000227d7f1655c relative=0x000000000000011c
Event: 9.512 Thread 0x00000227e85b6800 Uncommon trap: reason=unstable_if action=reinterpret pc=0x00000227d7f1655c method=java.net.URI.match(CJJ)Z @ 45 c2
Event: 9.512 Thread 0x00000227e85b6800 DEOPT PACKING pc=0x00000227d7f1655c sp=0x000000a38f0fa110
Event: 9.512 Thread 0x00000227e85b6800 DEOPT UNPACKING pc=0x00000227d04378af sp=0x000000a38f0fa048 mode 2
Event: 9.512 Thread 0x00000227e85b6800 Uncommon trap: trap_request=0xffffff4d fr.pc=0x00000227d7eec668 relative=0x0000000000000048
Event: 9.512 Thread 0x00000227e85b6800 Uncommon trap: reason=unstable_if action=reinterpret pc=0x00000227d7eec668 method=java.net.URI.match(CJJ)Z @ 19 c2
Event: 9.512 Thread 0x00000227e85b6800 DEOPT PACKING pc=0x00000227d7eec668 sp=0x000000a38f0fa120
Event: 9.512 Thread 0x00000227e85b6800 DEOPT UNPACKING pc=0x00000227d04378af sp=0x000000a38f0fa0d0 mode 2

Classes redefined (0 events):
No events

Internal exceptions (20 events):
Event: 9.214 Thread 0x00000227e85b6800 Exception <a 'java/lang/ClassNotFoundException'{0x0000000085320b90}: org/gradle/api/internal/DefaultDomainObjectCollectionBeanInfo> (0x0000000085320b90) thrown at [./src/hotspot/share/classfile/systemDictionary.cpp, line 231]
Event: 9.214 Thread 0x00000227e85b6800 Exception <a 'java/lang/ClassNotFoundException'{0x0000000085326638}: java/util/AbstractCollectionBeanInfo> (0x0000000085326638) thrown at [./src/hotspot/share/classfile/systemDictionary.cpp, line 231]
Event: 9.214 Thread 0x00000227e85b6800 Exception <a 'java/lang/ClassNotFoundException'{0x000000008532c1e8}: java/util/AbstractCollectionCustomizer> (0x000000008532c1e8) thrown at [./src/hotspot/share/classfile/systemDictionary.cpp, line 231]
Event: 9.218 Thread 0x00000227e85b6800 Exception <a 'java/lang/ClassNotFoundException'{0x0000000085355490}: org/gradle/api/internal/DefaultDomainObjectCollectionCustomizer> (0x0000000085355490) thrown at [./src/hotspot/share/classfile/systemDictionary.cpp, line 231]
Event: 9.222 Thread 0x00000227e85b6800 Exception <a 'java/lang/ClassNotFoundException'{0x0000000085393bc0}: org/gradle/api/internal/DefaultNamedDomainObjectCollectionCustomizer> (0x0000000085393bc0) thrown at [./src/hotspot/share/classfile/systemDictionary.cpp, line 231]
Event: 9.234 Thread 0x00000227e85b6800 Exception <a 'java/lang/ClassNotFoundException'{0x00000000853e4ae0}: org/gradle/api/internal/DefaultNamedDomainObjectListCustomizer> (0x00000000853e4ae0) thrown at [./src/hotspot/share/classfile/systemDictionary.cpp, line 231]
Event: 9.238 Thread 0x00000227e85b6800 Exception <a 'java/lang/ClassNotFoundException'{0x000000008522bc90}: org/gradle/api/internal/artifacts/DefaultArtifactRepositoryContainerCustomizer> (0x000000008522bc90) thrown at [./src/hotspot/share/classfile/systemDictionary.cpp, line 231]
Event: 9.242 Thread 0x00000227e85b6800 Exception <a 'java/lang/ClassNotFoundException'{0x0000000085267898}: org/gradle/api/internal/artifacts/dsl/DefaultRepositoryHandlerCustomizer> (0x0000000085267898) thrown at [./src/hotspot/share/classfile/systemDictionary.cpp, line 231]
Event: 9.246 Thread 0x00000227e85b6800 Exception <a 'java/lang/ClassNotFoundException'{0x00000000852b4a00}: org/gradle/api/internal/artifacts/dsl/DefaultRepositoryHandler_DecoratedCustomizer> (0x00000000852b4a00) thrown at [./src/hotspot/share/classfile/systemDictionary.cpp, line 231]
Event: 9.307 Thread 0x00000227e85b6800 Exception <a 'java/lang/NoSuchMethodError'{0x0000000084fd12c0}: 'int java.lang.invoke.DirectMethodHandle$Holder.invokeStaticInit(java.lang.Object, java.lang.Object, java.lang.Object, java.lang.Object)'> (0x0000000084fd12c0) thrown at [./src/hotspot/share/interpreter/linkResolver.cpp, line 773]
Event: 9.453 Thread 0x00000227e85b6800 Exception <a 'java/lang/ClassNotFoundException'{0x00000000849e2720}: groovy/lang/GString$1BeanInfo> (0x00000000849e2720) thrown at [./src/hotspot/share/classfile/systemDictionary.cpp, line 231]
Event: 9.455 Thread 0x00000227e85b6800 Exception <a 'java/lang/ClassNotFoundException'{0x00000000849faea8}: groovy/lang/GStringBeanInfo> (0x00000000849faea8) thrown at [./src/hotspot/share/classfile/systemDictionary.cpp, line 231]
Event: 9.456 Thread 0x00000227e85b6800 Exception <a 'java/lang/ClassNotFoundException'{0x0000000084813db0}: groovy/lang/GStringCustomizer> (0x0000000084813db0) thrown at [./src/hotspot/share/classfile/systemDictionary.cpp, line 231]
Event: 9.459 Thread 0x00000227e85b6800 Exception <a 'java/lang/ClassNotFoundException'{0x00000000848364a0}: groovy/lang/GString$1Customizer> (0x00000000848364a0) thrown at [./src/hotspot/share/classfile/systemDictionary.cpp, line 231]
Event: 9.467 Thread 0x00000227e85b6800 Exception <a 'java/lang/ClassNotFoundException'{0x000000008489dec8}: org/gradle/api/internal/artifacts/dsl/dependencies/DefaultDependencyHandler_DecoratedBeanInfo> (0x000000008489dec8) thrown at [./src/hotspot/share/classfile/systemDictionary.cpp, line 231]
Event: 9.468 Thread 0x00000227e85b6800 Exception <a 'java/lang/ClassNotFoundException'{0x00000000848ccd10}: org/gradle/api/internal/artifacts/dsl/dependencies/DefaultDependencyHandlerBeanInfo> (0x00000000848ccd10) thrown at [./src/hotspot/share/classfile/systemDictionary.cpp, line 231]
Event: 9.469 Thread 0x00000227e85b6800 Exception <a 'java/lang/ClassNotFoundException'{0x00000000848fbb78}: org/gradle/api/internal/artifacts/dsl/dependencies/DefaultDependencyHandlerCustomizer> (0x00000000848fbb78) thrown at [./src/hotspot/share/classfile/systemDictionary.cpp, line 231]
Event: 9.472 Thread 0x00000227e85b6800 Exception <a 'java/lang/ClassNotFoundException'{0x0000000084749998}: org/gradle/api/internal/artifacts/dsl/dependencies/DefaultDependencyHandler_DecoratedCustomizer> (0x0000000084749998) thrown at [./src/hotspot/share/classfile/systemDictionary.cpp, line 231]
Event: 9.479 Thread 0x00000227e85b6800 Exception <a 'java/lang/ClassNotFoundException'{0x00000000847f8a10}: org/codehaus/groovy/runtime/GStringImplBeanInfo> (0x00000000847f8a10) thrown at [./src/hotspot/share/classfile/systemDictionary.cpp, line 231]
Event: 9.481 Thread 0x00000227e85b6800 Exception <a 'java/lang/ClassNotFoundException'{0x00000000846147a0}: org/codehaus/groovy/runtime/GStringImplCustomizer> (0x00000000846147a0) thrown at [./src/hotspot/share/classfile/systemDictionary.cpp, line 231]

Events (20 events):
Event: 9.737 loading class org/gradle/api/internal/artifacts/ivyservice/resolveengine/VirtualComponentMetadataResolver done
Event: 9.738 loading class org/gradle/api/internal/artifacts/ivyservice/resolveengine/ComponentResolversChain$DependencyToComponentIdResolverChain
Event: 9.738 loading class org/gradle/api/internal/artifacts/ivyservice/resolveengine/ComponentResolversChain$DependencyToComponentIdResolverChain done
Event: 9.738 loading class org/gradle/api/internal/artifacts/ivyservice/resolveengine/ComponentResolversChain$ComponentMetaDataResolverChain
Event: 9.738 loading class org/gradle/api/internal/artifacts/ivyservice/resolveengine/ComponentResolversChain$ComponentMetaDataResolverChain done
Event: 9.739 loading class org/gradle/api/internal/artifacts/ivyservice/resolveengine/ComponentResolversChain$ArtifactResolverChain
Event: 9.739 loading class org/gradle/api/internal/artifacts/ivyservice/resolveengine/ComponentResolversChain$ArtifactResolverChain done
Event: 9.739 loading class org/gradle/internal/resolve/resolver/DefaultArtifactSelector
Event: 9.739 loading class org/gradle/internal/resolve/resolver/DefaultArtifactSelector done
Event: 9.740 loading class org/gradle/api/internal/artifacts/ivyservice/clientmodule/ClientModuleResolver
Event: 9.740 loading class org/gradle/api/internal/artifacts/ivyservice/clientmodule/ClientModuleResolver done
Event: 9.741 loading class org/gradle/api/internal/artifacts/ivyservice/resolveengine/DefaultArtifactDependencyResolver$DefaultResolveContextToComponentResolver
Event: 9.741 loading class org/gradle/api/internal/artifacts/ivyservice/resolveengine/DefaultArtifactDependencyResolver$DefaultResolveContextToComponentResolver done
Event: 9.742 loading class org/gradle/api/internal/artifacts/ivyservice/resolveengine/ConflictResolverFactory
Event: 9.742 loading class org/gradle/api/internal/artifacts/ivyservice/resolveengine/ConflictResolverFactory done
Event: 9.742 loading class org/gradle/api/internal/artifacts/ivyservice/resolveengine/ModuleConflictResolver
Event: 9.742 loading class org/gradle/api/internal/artifacts/ivyservice/resolveengine/ModuleConflictResolver done
Event: 9.743 loading class org/gradle/api/internal/artifacts/ivyservice/resolveengine/LatestModuleConflictResolver
Event: 9.743 loading class org/gradle/api/internal/artifacts/ivyservice/resolveengine/LatestModuleConflictResolver done
Event: 9.746 Executing VM operation: G1CollectForAllocation


Dynamic libraries:
0x00007ff641f50000 - 0x00007ff641f5a000 	C:\Program Files\Android\Android Studio\jre\bin\java.exe
0x00007ffb26310000 - 0x00007ffb26507000 	C:\WINDOWS\SYSTEM32\ntdll.dll
0x00007ffb24370000 - 0x00007ffb2442d000 	C:\WINDOWS\System32\KERNEL32.DLL
0x00007ffb23b30000 - 0x00007ffb23dfd000 	C:\WINDOWS\System32\KERNELBASE.dll
0x00007ffb23a30000 - 0x00007ffb23b30000 	C:\WINDOWS\System32\ucrtbase.dll
0x00007ffb05b90000 - 0x00007ffb05ba9000 	C:\Program Files\Android\Android Studio\jre\bin\jli.dll
0x00007ffb26130000 - 0x00007ffb262d0000 	C:\WINDOWS\System32\USER32.dll
0x00007ffb23f10000 - 0x00007ffb23f32000 	C:\WINDOWS\System32\win32u.dll
0x00007ffb244b0000 - 0x00007ffb244da000 	C:\WINDOWS\System32\GDI32.dll
0x00007ffb23e00000 - 0x00007ffb23f0b000 	C:\WINDOWS\System32\gdi32full.dll
0x00007ffb24000000 - 0x00007ffb2409d000 	C:\WINDOWS\System32\msvcp_win.dll
0x00007ffaf5270000 - 0x00007ffaf5287000 	C:\Program Files\Android\Android Studio\jre\bin\VCRUNTIME140.dll
0x00007ffb165f0000 - 0x00007ffb1688a000 	C:\WINDOWS\WinSxS\amd64_microsoft.windows.common-controls_6595b64144ccf1df_6.0.19041.1110_none_60b5254171f9507e\COMCTL32.dll
0x00007ffb25af0000 - 0x00007ffb25b8e000 	C:\WINDOWS\System32\msvcrt.dll
0x00007ffb24a60000 - 0x00007ffb24a90000 	C:\WINDOWS\System32\IMM32.DLL
0x00007ffaaa580000 - 0x00007ffaaa61d000 	C:\Program Files\Android\Android Studio\jre\bin\msvcp140.dll
0x00007ffad7e50000 - 0x00007ffad891f000 	C:\Program Files\Android\Android Studio\jre\bin\server\jvm.dll
0x00007ffb25530000 - 0x00007ffb255de000 	C:\WINDOWS\System32\ADVAPI32.dll
0x00007ffb255e0000 - 0x00007ffb2567c000 	C:\WINDOWS\System32\sechost.dll
0x00007ffb24930000 - 0x00007ffb24a55000 	C:\WINDOWS\System32\RPCRT4.dll
0x00007ffb25350000 - 0x00007ffb25358000 	C:\WINDOWS\System32\PSAPI.DLL
0x00007ffb1f650000 - 0x00007ffb1f659000 	C:\WINDOWS\SYSTEM32\WSOCK32.dll
0x00007ffb25360000 - 0x00007ffb253cb000 	C:\WINDOWS\System32\WS2_32.dll
0x00007ffb12320000 - 0x00007ffb12347000 	C:\WINDOWS\SYSTEM32\WINMM.dll
0x00007ffb171f0000 - 0x00007ffb171fa000 	C:\WINDOWS\SYSTEM32\VERSION.dll
0x00007ffb22310000 - 0x00007ffb22322000 	C:\WINDOWS\SYSTEM32\kernel.appcore.dll
0x00007ffb1f5a0000 - 0x00007ffb1f5b1000 	C:\Program Files\Android\Android Studio\jre\bin\verify.dll
0x00007ffb220a0000 - 0x00007ffb22284000 	C:\WINDOWS\SYSTEM32\DBGHELP.DLL
0x00007ffb174b0000 - 0x00007ffb174dc000 	C:\WINDOWS\SYSTEM32\dbgcore.DLL
0x00007ffb24180000 - 0x00007ffb24202000 	C:\WINDOWS\System32\bcryptPrimitives.dll
0x00007ffb1e5c0000 - 0x00007ffb1e5e9000 	C:\Program Files\Android\Android Studio\jre\bin\java.dll
0x00007ffb1f5f0000 - 0x00007ffb1f5fb000 	C:\Program Files\Android\Android Studio\jre\bin\jimage.dll
0x00007ffb1e5a0000 - 0x00007ffb1e5b8000 	C:\Program Files\Android\Android Studio\jre\bin\zip.dll
0x00007ffb24c00000 - 0x00007ffb25344000 	C:\WINDOWS\System32\SHELL32.dll
0x00007ffb21840000 - 0x00007ffb21fd4000 	C:\WINDOWS\SYSTEM32\windows.storage.dll
0x00007ffb25c40000 - 0x00007ffb25f94000 	C:\WINDOWS\System32\combase.dll
0x00007ffb23490000 - 0x00007ffb234bc000 	C:\WINDOWS\SYSTEM32\Wldp.dll
0x00007ffb25b90000 - 0x00007ffb25c3d000 	C:\WINDOWS\System32\SHCORE.dll
0x00007ffb245b0000 - 0x00007ffb24605000 	C:\WINDOWS\System32\shlwapi.dll
0x00007ffb23970000 - 0x00007ffb2398f000 	C:\WINDOWS\SYSTEM32\profapi.dll
0x00007ffb1e4e0000 - 0x00007ffb1e4fa000 	C:\Program Files\Android\Android Studio\jre\bin\net.dll
0x00007ffb15380000 - 0x00007ffb1548a000 	C:\WINDOWS\SYSTEM32\WINHTTP.dll
0x00007ffb231f0000 - 0x00007ffb2325a000 	C:\WINDOWS\system32\mswsock.dll
0x00007ffb1d1a0000 - 0x00007ffb1d1b4000 	C:\Program Files\Android\Android Studio\jre\bin\nio.dll
0x00007ffb11c60000 - 0x00007ffb11c87000 	C:\Users\as\.gradle\native\f6784746aeab05261644944871eae4fe03e0ef1612fff0a4a95f87b438bc6780\windows-amd64\native-platform.dll
0x00007ffb1f4f0000 - 0x00007ffb1f4fa000 	C:\Program Files\Android\Android Studio\jre\bin\management.dll
0x00007ffb1c760000 - 0x00007ffb1c76c000 	C:\Program Files\Android\Android Studio\jre\bin\management_ext.dll
0x00007ffb233e0000 - 0x00007ffb233f8000 	C:\WINDOWS\SYSTEM32\CRYPTSP.dll
0x00007ffb22b00000 - 0x00007ffb22b34000 	C:\WINDOWS\system32\rsaenh.dll
0x00007ffb240a0000 - 0x00007ffb240c7000 	C:\WINDOWS\System32\bcrypt.dll
0x00007ffb23930000 - 0x00007ffb2395e000 	C:\WINDOWS\SYSTEM32\USERENV.dll
0x00007ffb23400000 - 0x00007ffb2340c000 	C:\WINDOWS\SYSTEM32\CRYPTBASE.dll
0x00007ffb22e90000 - 0x00007ffb22ecb000 	C:\WINDOWS\SYSTEM32\IPHLPAPI.DLL
0x00007ffb253e0000 - 0x00007ffb253e8000 	C:\WINDOWS\System32\NSI.dll
0x00007ffb1add0000 - 0x00007ffb1ade7000 	C:\WINDOWS\SYSTEM32\dhcpcsvc6.DLL
0x00007ffb1af60000 - 0x00007ffb1af7d000 	C:\WINDOWS\SYSTEM32\dhcpcsvc.DLL
0x00007ffb22ed0000 - 0x00007ffb22f9b000 	C:\WINDOWS\SYSTEM32\DNSAPI.dll
0x00007ffb1b720000 - 0x00007ffb1b72b000 	C:\WINDOWS\SYSTEM32\WINNSI.DLL

dbghelp: loaded successfully - version: 4.0.5 - missing functions: none
symbol engine: initialized successfully - sym options: 0x614 - pdb path: .;C:\Program Files\Android\Android Studio\jre\bin;C:\WINDOWS\SYSTEM32;C:\WINDOWS\WinSxS\amd64_microsoft.windows.common-controls_6595b64144ccf1df_6.0.19041.1110_none_60b5254171f9507e;C:\Program Files\Android\Android Studio\jre\bin\server;C:\Users\as\.gradle\native\f6784746aeab05261644944871eae4fe03e0ef1612fff0a4a95f87b438bc6780\windows-amd64

VM Arguments:
jvm_args: --add-opens=java.base/java.util=ALL-UNNAMED --add-opens=java.base/java.lang=ALL-UNNAMED --add-opens=java.base/java.lang.invoke=ALL-UNNAMED --add-opens=java.prefs/java.util.prefs=ALL-UNNAMED -Xmx2048m -Dfile.encoding=UTF-8 -Duser.country=US -Duser.language=en -Duser.variant 
java_command: org.gradle.launcher.daemon.bootstrap.GradleDaemon 6.5
java_class_path (initial): C:\Users\as\.gradle\wrapper\dists\gradle-6.5-all\2oz4ud9k3tuxjg84bbf55q0tn\gradle-6.5\lib\gradle-launcher-6.5.jar
Launcher Type: SUN_STANDARD

[Global flags]
     intx CICompilerCount                          = 3                                         {product} {ergonomic}
     uint ConcGCThreads                            = 1                                         {product} {ergonomic}
     uint G1ConcRefinementThreads                  = 4                                         {product} {ergonomic}
   size_t G1HeapRegionSize                         = 1048576                                   {product} {ergonomic}
    uintx GCDrainStackTargetSize                   = 64                                        {product} {ergonomic}
   size_t InitialHeapSize                          = 134217728                                 {product} {ergonomic}
   size_t MarkStackSize                            = 4194304                                   {product} {ergonomic}
   size_t MaxHeapSize                              = 2147483648                                {product} {command line}
   size_t MaxNewSize                               = 1287651328                                {product} {ergonomic}
   size_t MinHeapDeltaBytes                        = 1048576                                   {product} {ergonomic}
    uintx NonNMethodCodeHeapSize                   = 5830732                                {pd product} {ergonomic}
    uintx NonProfiledCodeHeapSize                  = 122913754                              {pd product} {ergonomic}
    uintx ProfiledCodeHeapSize                     = 122913754                              {pd product} {ergonomic}
    uintx ReservedCodeCacheSize                    = 251658240                              {pd product} {ergonomic}
     bool SegmentedCodeCache                       = true                                      {product} {ergonomic}
     bool UseCompressedClassPointers               = true                                 {lp64_product} {ergonomic}
     bool UseCompressedOops                        = true                                 {lp64_product} {ergonomic}
     bool UseG1GC                                  = true                                      {product} {ergonomic}
     bool UseLargePagesIndividualAllocation        = false                                  {pd product} {ergonomic}

Logging:
Log output configuration:
 #0: stdout all=warning uptime,level,tags
 #1: stderr all=off uptime,level,tags

Environment Variables:
JAVA_HOME=C:\Program Files\Java\jdk-15.0.2
PATH=C:\Program Files\Common Files\Oracle\Java\javapath;C:\WINDOWS\system32;C:\WINDOWS;C:\WINDOWS\System32\Wbem;C:\WINDOWS\System32\WindowsPowerShell\v1.0\;C:\WINDOWS\System32\OpenSSH\;C:\Program Files\Git\cmd;C:\Program Files\Java\jdk-15.0.2\bin;C:\Program Files\nodejs\;C:\Program Files (x86)\Microsoft SQL Server\100\Tools\Binn\;C:\Program Files\Microsoft SQL Server\100\Tools\Binn\;C:\Program Files\Microsoft SQL Server\100\DTS\Binn\;C:\Program Files\dotnet\;C:\Users\as\AppData\Local\Microsoft\WindowsApps;C:\Users\as\AppData\Local\Android\Sdk\platform-tools;C:\src\flutter\bin;C:\Users\as\AppData\Local\Programs\Microsoft VS Code\bin;C:\Users\as\AppData\Roaming\npm;;E:\IntelliJ IDEA Community Edition 2022.1.3\bin;;C:\Users\as\.dotnet\tools
USERNAME=as
OS=Windows_NT
PROCESSOR_IDENTIFIER=Intel64 Family 6 Model 60 Stepping 3, GenuineIntel



---------------  S Y S T E M  ---------------

OS: Windows 10 , 64 bit Build 19041 (10.0.19041.1741)
OS uptime: 13 days 7:06 hours

CPU:total 4 (initial active 4) (2 cores per cpu, 2 threads per core) family 6 model 60 stepping 3 microcode 0x27, cmov, cx8, fxsr, mmx, sse, sse2, sse3, ssse3, sse4.1, sse4.2, popcnt, avx, avx2, aes, clmul, erms, lzcnt, ht, tsc, tscinvbit, bmi1, bmi2, fma

Memory: 4k page, system-wide physical 8105M (722M free)
TotalPageFile size 11004M (AvailPageFile size 10M)
current process WorkingSet (physical memory assigned to process): 244M, peak: 244M
current process commit charge ("private bytes"): 307M, peak: 333M

vm_info: OpenJDK 64-Bit Server VM (11.0.10+0-b96-7249189) for windows-amd64 JRE (11.0.10+0-b96-7249189), built on Mar 31 2021 21:44:00 by "builder" with MS VC++ 14.0 (VS2015)

END.
